[1.057s] Invoking command in '/home/james/drone_ws/build/sjtu_drone_bringup': PYTHONPATH=/home/james/drone_ws/build/sjtu_drone_bringup/prefix_override:/usr/lib/python3/dist-packages/colcon_core/task/python/colcon_distutils_commands:/home/james/drone_ws/install/sjtu_drone_bringup/lib/python3.10/site-packages:${PYTHONPATH} /usr/bin/python3 -W ignore:setup.py install is deprecated setup.py develop --editable --build-directory /home/james/drone_ws/build/sjtu_drone_bringup/build --no-deps symlink_data
[1.253s] /home/james/.local/lib/python3.10/site-packages/setuptools/_distutils/dist.py:261: UserWarning: Unknown distribution option: 'tests_require'
[1.253s]   warnings.warn(msg)
[1.397s] running develop
[1.398s] /home/james/.local/lib/python3.10/site-packages/setuptools/command/develop.py:41: EasyInstallDeprecationWarning: easy_install command is deprecated.
[1.398s] !!
[1.398s] 
[1.398s]         ********************************************************************************
[1.398s]         Please avoid running ``setup.py`` and ``easy_install``.
[1.398s]         Instead, use pypa/build, pypa/installer or other
[1.398s]         standards-based tools.
[1.398s] 
[1.398s]         See https://github.com/pypa/setuptools/issues/917 for details.
[1.398s]         ********************************************************************************
[1.398s] 
[1.398s] !!
[1.398s]   easy_install.initialize_options(self)
[1.628s] running egg_info
[1.637s] writing sjtu_drone_bringup.egg-info/PKG-INFO
[1.638s] writing dependency_links to sjtu_drone_bringup.egg-info/dependency_links.txt
[1.638s] writing entry points to sjtu_drone_bringup.egg-info/entry_points.txt
[1.638s] writing requirements to sjtu_drone_bringup.egg-info/requires.txt
[1.638s] writing top-level names to sjtu_drone_bringup.egg-info/top_level.txt
[1.672s] reading manifest file 'sjtu_drone_bringup.egg-info/SOURCES.txt'
[1.673s] writing manifest file 'sjtu_drone_bringup.egg-info/SOURCES.txt'
[1.691s] running build_ext
[1.691s] Creating /home/james/drone_ws/install/sjtu_drone_bringup/lib/python3.10/site-packages/sjtu-drone-bringup.egg-link (link to .)
[1.693s] Installing spawn_drone script to /home/james/drone_ws/install/sjtu_drone_bringup/lib/sjtu_drone_bringup
[1.693s] 
[1.694s] Installed /home/james/drone_ws/build/sjtu_drone_bringup
[1.694s] running symlink_data
[1.734s] Invoked command in '/home/james/drone_ws/build/sjtu_drone_bringup' returned '0': PYTHONPATH=/home/james/drone_ws/build/sjtu_drone_bringup/prefix_override:/usr/lib/python3/dist-packages/colcon_core/task/python/colcon_distutils_commands:/home/james/drone_ws/install/sjtu_drone_bringup/lib/python3.10/site-packages:${PYTHONPATH} /usr/bin/python3 -W ignore:setup.py install is deprecated setup.py develop --editable --build-directory /home/james/drone_ws/build/sjtu_drone_bringup/build --no-deps symlink_data
