[0.646s] Invoking command in '/home/james/drone_ws/src/drone_ros2/sjtu_drone_bringup': PYTHONPATH=/home/james/drone_ws/build/sjtu_drone_bringup/prefix_override:/usr/lib/python3/dist-packages/colcon_core/task/python/colcon_distutils_commands:/home/james/drone_ws/install/sjtu_drone_bringup/lib/python3.10/site-packages:${PYTHONPATH} /usr/bin/python3 -W ignore:setup.py install is deprecated setup.py egg_info --egg-base ../../../build/sjtu_drone_bringup build --build-base /home/james/drone_ws/build/sjtu_drone_bringup/build install --record /home/james/drone_ws/build/sjtu_drone_bringup/install.log --single-version-externally-managed install_data
[0.751s] /home/james/.local/lib/python3.10/site-packages/setuptools/_distutils/dist.py:261: UserWarning: Unknown distribution option: 'tests_require'
[0.751s]   warnings.warn(msg)
[0.810s] running egg_info
[0.810s] creating ../../../build/sjtu_drone_bringup/sjtu_drone_bringup.egg-info
[0.820s] writing ../../../build/sjtu_drone_bringup/sjtu_drone_bringup.egg-info/PKG-INFO
[0.820s] writing dependency_links to ../../../build/sjtu_drone_bringup/sjtu_drone_bringup.egg-info/dependency_links.txt
[0.820s] writing entry points to ../../../build/sjtu_drone_bringup/sjtu_drone_bringup.egg-info/entry_points.txt
[0.820s] writing requirements to ../../../build/sjtu_drone_bringup/sjtu_drone_bringup.egg-info/requires.txt
[0.820s] writing top-level names to ../../../build/sjtu_drone_bringup/sjtu_drone_bringup.egg-info/top_level.txt
[0.820s] writing manifest file '../../../build/sjtu_drone_bringup/sjtu_drone_bringup.egg-info/SOURCES.txt'
[0.841s] reading manifest file '../../../build/sjtu_drone_bringup/sjtu_drone_bringup.egg-info/SOURCES.txt'
[0.842s] writing manifest file '../../../build/sjtu_drone_bringup/sjtu_drone_bringup.egg-info/SOURCES.txt'
[0.842s] running build
[0.842s] running build_py
[0.842s] creating /home/james/drone_ws/build/sjtu_drone_bringup/build/lib/sjtu_drone_bringup
[0.842s] copying sjtu_drone_bringup/spawn_drone.py -> /home/james/drone_ws/build/sjtu_drone_bringup/build/lib/sjtu_drone_bringup
[0.842s] copying sjtu_drone_bringup/__init__.py -> /home/james/drone_ws/build/sjtu_drone_bringup/build/lib/sjtu_drone_bringup
[0.842s] running install
[0.845s] running install_lib
[0.855s] creating /home/james/drone_ws/install/sjtu_drone_bringup/lib/python3.10/site-packages/sjtu_drone_bringup
[0.855s] copying /home/james/drone_ws/build/sjtu_drone_bringup/build/lib/sjtu_drone_bringup/spawn_drone.py -> /home/james/drone_ws/install/sjtu_drone_bringup/lib/python3.10/site-packages/sjtu_drone_bringup
[0.855s] copying /home/james/drone_ws/build/sjtu_drone_bringup/build/lib/sjtu_drone_bringup/__init__.py -> /home/james/drone_ws/install/sjtu_drone_bringup/lib/python3.10/site-packages/sjtu_drone_bringup
[0.856s] byte-compiling /home/james/drone_ws/install/sjtu_drone_bringup/lib/python3.10/site-packages/sjtu_drone_bringup/spawn_drone.py to spawn_drone.cpython-310.pyc
[0.856s] byte-compiling /home/james/drone_ws/install/sjtu_drone_bringup/lib/python3.10/site-packages/sjtu_drone_bringup/__init__.py to __init__.cpython-310.pyc
[0.856s] running install_data
[0.856s] creating /home/james/drone_ws/install/sjtu_drone_bringup/share/ament_index/resource_index/packages
[0.856s] copying resource/sjtu_drone_bringup -> /home/james/drone_ws/install/sjtu_drone_bringup/share/ament_index/resource_index/packages
[0.856s] copying package.xml -> /home/james/drone_ws/install/sjtu_drone_bringup/share/sjtu_drone_bringup
[0.857s] creating /home/james/drone_ws/install/sjtu_drone_bringup/share/sjtu_drone_bringup/launch
[0.857s] copying launch/sjtu_drone_bringup.launch.py -> /home/james/drone_ws/install/sjtu_drone_bringup/share/sjtu_drone_bringup/launch
[0.857s] copying launch/sjtu_drone_gazebo.launch.py -> /home/james/drone_ws/install/sjtu_drone_bringup/share/sjtu_drone_bringup/launch
[0.857s] creating /home/james/drone_ws/install/sjtu_drone_bringup/share/sjtu_drone_bringup/rviz
[0.857s] copying rviz/rviz.rviz -> /home/james/drone_ws/install/sjtu_drone_bringup/share/sjtu_drone_bringup/rviz
[0.857s] creating /home/james/drone_ws/install/sjtu_drone_bringup/share/sjtu_drone_bringup/config
[0.857s] copying config/drone.yaml -> /home/james/drone_ws/install/sjtu_drone_bringup/share/sjtu_drone_bringup/config
[0.857s] running install_egg_info
[0.868s] Copying ../../../build/sjtu_drone_bringup/sjtu_drone_bringup.egg-info to /home/james/drone_ws/install/sjtu_drone_bringup/lib/python3.10/site-packages/sjtu_drone_bringup-0.0.0-py3.10.egg-info
[0.868s] running install_scripts
[0.954s] Installing spawn_drone script to /home/james/drone_ws/install/sjtu_drone_bringup/lib/sjtu_drone_bringup
[0.954s] writing list of installed files to '/home/james/drone_ws/build/sjtu_drone_bringup/install.log'
[0.971s] Invoked command in '/home/james/drone_ws/src/drone_ros2/sjtu_drone_bringup' returned '0': PYTHONPATH=/home/james/drone_ws/build/sjtu_drone_bringup/prefix_override:/usr/lib/python3/dist-packages/colcon_core/task/python/colcon_distutils_commands:/home/james/drone_ws/install/sjtu_drone_bringup/lib/python3.10/site-packages:${PYTHONPATH} /usr/bin/python3 -W ignore:setup.py install is deprecated setup.py egg_info --egg-base ../../../build/sjtu_drone_bringup build --build-base /home/james/drone_ws/build/sjtu_drone_bringup/build install --record /home/james/drone_ws/build/sjtu_drone_bringup/install.log --single-version-externally-managed install_data
