[0.297s] Invoking command in '/home/james/drone_ws/build/yolobot_recognition': CMAKE_PREFIX_PATH=${CMAKE_PREFIX_PATH}:/home/james/drone_ws/install/sjtu_drone_control:/home/james/drone_ws/install/sjtu_drone_bringup:/home/james/turtlebot3_ws/install/turtlebot3_teleop:/home/james/turtlebot3_ws/install/turtlebot3_example:/home/james/turtlebot3_ws/install/follow_waypoints:/opt/ros/humble /usr/bin/cmake --build /home/james/drone_ws/build/yolobot_recognition -- -j20 -l20
[0.318s] -- Found ament_cmake: 1.3.10 (/opt/ros/humble/share/ament_cmake/cmake)
[0.418s] -- Override CMake install command with custom implementation using symlinks instead of copying resources
[0.423s] -- Found ament_lint_auto: 0.12.11 (/opt/ros/humble/share/ament_lint_auto/cmake)
[0.487s] -- Added test 'copyright' to check source files copyright and LICENSE
[0.488s] -- Added test 'flake8' to check Python code syntax and style conventions
[0.488s] -- Added test 'lint_cmake' to check CMake code style
[0.489s] -- Added test 'pep257' to check Python code against some of the docstring style conventions in PEP 257
[0.489s] -- Added test 'xmllint' to check XML markup files
[0.490s] -- Configuring done
[0.492s] -- Generating done
[0.492s] -- Build files have been written to: /home/james/drone_ws/build/yolobot_recognition
[0.513s] Invoked command in '/home/james/drone_ws/build/yolobot_recognition' returned '0': CMAKE_PREFIX_PATH=${CMAKE_PREFIX_PATH}:/home/james/drone_ws/install/sjtu_drone_control:/home/james/drone_ws/install/sjtu_drone_bringup:/home/james/turtlebot3_ws/install/turtlebot3_teleop:/home/james/turtlebot3_ws/install/turtlebot3_example:/home/james/turtlebot3_ws/install/follow_waypoints:/opt/ros/humble /usr/bin/cmake --build /home/james/drone_ws/build/yolobot_recognition -- -j20 -l20
[0.534s] Invoking command in '/home/james/drone_ws/build/yolobot_recognition': CMAKE_PREFIX_PATH=${CMAKE_PREFIX_PATH}:/home/james/drone_ws/install/sjtu_drone_control:/home/james/drone_ws/install/sjtu_drone_bringup:/home/james/turtlebot3_ws/install/turtlebot3_teleop:/home/james/turtlebot3_ws/install/turtlebot3_example:/home/james/turtlebot3_ws/install/follow_waypoints:/opt/ros/humble /usr/bin/cmake --install /home/james/drone_ws/build/yolobot_recognition
[0.542s] -- Install configuration: ""
[0.542s] -- Execute custom install script
[0.543s] -- Up-to-date symlink: /home/james/drone_ws/install/yolobot_recognition/share/yolobot_recognition//scripts/.dockerignore
[0.543s] -- Up-to-date symlink: /home/james/drone_ws/install/yolobot_recognition/share/yolobot_recognition//scripts/.gitattributes
[0.543s] -- Up-to-date symlink: /home/james/drone_ws/install/yolobot_recognition/share/yolobot_recognition//scripts/.gitignore
[0.543s] -- Up-to-date symlink: /home/james/drone_ws/install/yolobot_recognition/share/yolobot_recognition//scripts/yolov8_ros2_pt.py
[0.543s] -- Up-to-date symlink: /home/james/drone_ws/install/yolobot_recognition/share/yolobot_recognition//scripts/yolov8_ros2_subscriber.py
[0.543s] -- Up-to-date symlink: /home/james/drone_ws/install/yolobot_recognition/share/yolobot_recognition//scripts/yolov8n.pt
[0.543s] -- Up-to-date symlink: /home/james/drone_ws/install/yolobot_recognition/share/yolobot_recognition//launch/launch_yolov8.launch.py
[0.544s] -- Up-to-date symlink: /home/james/drone_ws/install/yolobot_recognition/lib/yolobot_recognition/yolov8_ros2_pt.py
[0.544s] -- Up-to-date symlink: /home/james/drone_ws/install/yolobot_recognition/lib/yolobot_recognition/yolov8_ros2_subscriber.py
[0.544s] -- Up-to-date symlink: /home/james/drone_ws/install/yolobot_recognition/lib/yolobot_recognition/launch_yolov8.launch.py
[0.544s] -- Up-to-date symlink: /home/james/drone_ws/install/yolobot_recognition/share/ament_index/resource_index/package_run_dependencies/yolobot_recognition
[0.544s] -- Up-to-date symlink: /home/james/drone_ws/install/yolobot_recognition/share/ament_index/resource_index/parent_prefix_path/yolobot_recognition
[0.544s] -- Up-to-date symlink: /home/james/drone_ws/install/yolobot_recognition/share/yolobot_recognition/environment/ament_prefix_path.sh
[0.544s] -- Up-to-date symlink: /home/james/drone_ws/install/yolobot_recognition/share/yolobot_recognition/environment/ament_prefix_path.dsv
[0.545s] -- Up-to-date symlink: /home/james/drone_ws/install/yolobot_recognition/share/yolobot_recognition/environment/path.sh
[0.545s] -- Up-to-date symlink: /home/james/drone_ws/install/yolobot_recognition/share/yolobot_recognition/environment/path.dsv
[0.545s] -- Up-to-date symlink: /home/james/drone_ws/install/yolobot_recognition/share/yolobot_recognition/local_setup.bash
[0.545s] -- Up-to-date symlink: /home/james/drone_ws/install/yolobot_recognition/share/yolobot_recognition/local_setup.sh
[0.545s] -- Up-to-date symlink: /home/james/drone_ws/install/yolobot_recognition/share/yolobot_recognition/local_setup.zsh
[0.545s] -- Up-to-date symlink: /home/james/drone_ws/install/yolobot_recognition/share/yolobot_recognition/local_setup.dsv
[0.545s] -- Symlinking: /home/james/drone_ws/install/yolobot_recognition/share/yolobot_recognition/package.dsv
[0.551s] -- Up-to-date symlink: /home/james/drone_ws/install/yolobot_recognition/share/ament_index/resource_index/packages/yolobot_recognition
[0.551s] -- Up-to-date symlink: /home/james/drone_ws/install/yolobot_recognition/share/yolobot_recognition/cmake/yolobot_recognitionConfig.cmake
[0.551s] -- Up-to-date symlink: /home/james/drone_ws/install/yolobot_recognition/share/yolobot_recognition/cmake/yolobot_recognitionConfig-version.cmake
[0.551s] -- Up-to-date symlink: /home/james/drone_ws/install/yolobot_recognition/share/yolobot_recognition/package.xml
[0.552s] Invoked command in '/home/james/drone_ws/build/yolobot_recognition' returned '0': CMAKE_PREFIX_PATH=${CMAKE_PREFIX_PATH}:/home/james/drone_ws/install/sjtu_drone_control:/home/james/drone_ws/install/sjtu_drone_bringup:/home/james/turtlebot3_ws/install/turtlebot3_teleop:/home/james/turtlebot3_ws/install/turtlebot3_example:/home/james/turtlebot3_ws/install/follow_waypoints:/opt/ros/humble /usr/bin/cmake --install /home/james/drone_ws/build/yolobot_recognition
