[0.413s] Invoking command in '/home/james/drone_ws/build/sjtu_drone_description': CMAKE_PREFIX_PATH=${CMAKE_PREFIX_PATH}:/home/james/turtlebot3_ws/install/turtlebot3_teleop:/home/james/turtlebot3_ws/install/turtlebot3_example:/home/james/turtlebot3_ws/install/follow_waypoints:/opt/ros/humble /usr/bin/cmake /home/james/drone_ws/src/drone_ros2/sjtu_drone_description -DAMENT_CMAKE_SYMLINK_INSTALL=1 -DCMAKE_INSTALL_PREFIX=/home/james/drone_ws/install/sjtu_drone_description
[0.495s] -- The C compiler identification is GNU 11.4.0
[0.575s] -- The CXX compiler identification is GNU 11.4.0
[0.588s] -- Detecting C compiler ABI info
[0.675s] -- Detecting C compiler ABI info - done
[0.685s] -- Check for working C compiler: /usr/lib/ccache/cc - skipped
[0.685s] -- Detecting C compile features
[0.686s] -- Detecting C compile features - done
[0.689s] -- Detecting CXX compiler ABI info
[0.793s] -- Detecting CXX compiler ABI info - done
[0.803s] -- Check for working CXX compiler: /usr/lib/ccache/c++ - skipped
[0.803s] -- Detecting CXX compile features
[0.804s] -- Detecting CXX compile features - done
[0.812s] -- Found PkgConfig: /usr/bin/pkg-config (found version "0.29.2") 
[0.813s] -- Checking for module 'OGRE'
[0.834s] --   Found OGRE, version 1.9.0
[0.883s] -- Checking for module 'OGRE-Terrain'
[0.902s] --   Found OGRE-Terrain, version 1.9.0
[0.950s] -- Found ament_cmake: 1.3.10 (/opt/ros/humble/share/ament_cmake/cmake)
[1.441s] -- Found Python3: /usr/bin/python3 (found version "3.10.12") found components: Interpreter 
[1.511s] -- Override CMake install command with custom implementation using symlinks instead of copying resources
[1.565s] -- Found ament_cmake_ros: 0.10.0 (/opt/ros/humble/share/ament_cmake_ros/cmake)
[1.586s] -- Found rclcpp: 16.0.10 (/opt/ros/humble/share/rclcpp/cmake)
[1.644s] -- Found rosidl_generator_c: 3.1.5 (/opt/ros/humble/share/rosidl_generator_c/cmake)
[1.652s] -- Found rosidl_adapter: 3.1.5 (/opt/ros/humble/share/rosidl_adapter/cmake)
[1.662s] -- Found rosidl_generator_cpp: 3.1.5 (/opt/ros/humble/share/rosidl_generator_cpp/cmake)
[1.677s] -- Using all available rosidl_typesupport_c: rosidl_typesupport_fastrtps_c;rosidl_typesupport_introspection_c
[1.699s] -- Using all available rosidl_typesupport_cpp: rosidl_typesupport_fastrtps_cpp;rosidl_typesupport_introspection_cpp
[1.760s] -- Found rmw_implementation_cmake: 6.1.2 (/opt/ros/humble/share/rmw_implementation_cmake/cmake)
[1.764s] -- Found rmw_fastrtps_cpp: 6.2.7 (/opt/ros/humble/share/rmw_fastrtps_cpp/cmake)
[1.872s] -- Found OpenSSL: /usr/lib/x86_64-linux-gnu/libcrypto.so (found version "3.0.2")  
[1.908s] -- Found FastRTPS: /opt/ros/humble/include  
[1.965s] -- Using RMW implementation 'rmw_fastrtps_cpp' as default
[1.980s] -- Looking for pthread.h
[2.058s] -- Looking for pthread.h - found
[2.058s] -- Performing Test CMAKE_HAVE_LIBC_PTHREAD
[2.132s] -- Performing Test CMAKE_HAVE_LIBC_PTHREAD - Success
[2.133s] -- Found Threads: TRUE  
[2.202s] -- Found gazebo_ros: 3.7.0 (/opt/ros/humble/share/gazebo_ros/cmake)
[2.221s] -- Checking for module 'bullet>=2.82'
[2.239s] --   Found bullet, version 3.05
[2.374s] -- Found fcl: /usr/include (found suitable version "0.7.0", minimum required is "0.5.0") 
[2.430s] -- Found assimp: /usr/include (found version "5.2.0") 
[2.459s] -- Found DART: /usr/include (Required is at least version "6.6") found components: dart 
[2.496s] -- Found Boost: /usr/lib/x86_64-linux-gnu/cmake/Boost-1.74.0/BoostConfig.cmake (found suitable version "1.74.0", minimum required is "1.40.0") found components: thread system filesystem program_options regex iostreams date_time 
[2.516s] -- Found Protobuf: /usr/lib/x86_64-linux-gnu/libprotobuf.so (found version "3.12.4") 
[2.524s] -- Looking for ignition-math6 -- found version 6.15.1
[2.533s] -- Searching for dependencies of ignition-math6
[2.535s] -- Looking for OGRE...
[2.535s] -- OGRE_PREFIX_WATCH changed.
[2.540s] -- Checking for module 'OGRE'
[2.556s] --   Found OGRE, version 1.9.0
[2.596s] -- Found Ogre Ghadamon (1.9.0)
[2.613s] -- Looking for OGRE_Paging...
[2.621s] -- Found OGRE_Paging: optimized;/usr/lib/x86_64-linux-gnu/libOgrePaging.so;debug;/usr/lib/x86_64-linux-gnu/libOgrePaging.so
[2.622s] -- Looking for OGRE_Terrain...
[2.629s] -- Found OGRE_Terrain: optimized;/usr/lib/x86_64-linux-gnu/libOgreTerrain.so;debug;/usr/lib/x86_64-linux-gnu/libOgreTerrain.so
[2.629s] -- Looking for OGRE_Property...
[2.637s] -- Found OGRE_Property: optimized;/usr/lib/x86_64-linux-gnu/libOgreProperty.so;debug;/usr/lib/x86_64-linux-gnu/libOgreProperty.so
[2.637s] -- Looking for OGRE_RTShaderSystem...
[2.644s] -- Found OGRE_RTShaderSystem: optimized;/usr/lib/x86_64-linux-gnu/libOgreRTShaderSystem.so;debug;/usr/lib/x86_64-linux-gnu/libOgreRTShaderSystem.so
[2.644s] -- Looking for OGRE_Volume...
[2.651s] -- Found OGRE_Volume: optimized;/usr/lib/x86_64-linux-gnu/libOgreVolume.so;debug;/usr/lib/x86_64-linux-gnu/libOgreVolume.so
[2.651s] -- Looking for OGRE_Overlay...
[2.658s] -- Found OGRE_Overlay: optimized;/usr/lib/x86_64-linux-gnu/libOgreOverlay.so;debug;/usr/lib/x86_64-linux-gnu/libOgreOverlay.so
[2.810s] -- Looking for ignition-math6 -- found version 6.15.1
[2.815s] -- Looking for ignition-transport8 -- found version 8.2.1
[2.815s] -- Searching for dependencies of ignition-transport8
[2.840s] -- Found Protobuf: /usr/lib/x86_64-linux-gnu/libprotobuf.so (found suitable version "3.12.4", minimum required is "3") 
[2.865s] -- Config-file not installed for ZeroMQ -- checking for pkg-config
[2.873s] -- Checking for module 'libzmq >= 4'
[2.895s] --   Found libzmq , version 4.3.4
[2.949s] -- Found ZeroMQ: TRUE (Required is at least version "4") 
[2.959s] -- Checking for module 'uuid'
[2.979s] --   Found uuid, version 2.37.2
[3.026s] -- Found UUID: TRUE  
[3.031s] -- Looking for ignition-msgs5 -- found version 5.8.1
[3.031s] -- Searching for dependencies of ignition-msgs5
[3.056s] -- Looking for ignition-math6 -- found version 6.15.1
[3.064s] -- Checking for module 'tinyxml2'
[3.086s] --   Found tinyxml2, version 9.0.0
[3.140s] -- Looking for ignition-msgs5 -- found version 5.8.1
[3.148s] -- Looking for ignition-common3 -- found version 3.14.0
[3.149s] -- Searching for dependencies of ignition-common3
[3.150s] -- Looking for dlfcn.h - found
[3.152s] -- Looking for libdl - found
[3.160s] -- Found DL: TRUE  
[3.184s] -- Found tinyobjloader: /usr/lib/x86_64-linux-gnu/cmake/tinyobjloader/tinyobjloader-config.cmake (found version "2.0.0") 
[3.185s] -- Searching for <ignition-common3> component [graphics]
[3.191s] -- Looking for ignition-common3-graphics -- found version 3.14.0
[3.191s] -- Searching for dependencies of ignition-common3-graphics
[3.192s] -- Looking for ignition-math6 -- found version 6.15.1
[3.204s] -- Looking for ignition-fuel_tools4 -- found version 4.4.0
[3.204s] -- Searching for dependencies of ignition-fuel_tools4
[3.327s] -- Found CURL: /usr/lib/x86_64-linux-gnu/libcurl.so (found version "7.81.0")  
[3.342s] -- Checking for module 'jsoncpp'
[3.359s] --   Found jsoncpp, version 1.9.5
[3.405s] -- Found JSONCPP: TRUE  
[3.413s] -- Checking for module 'libzip'
[3.431s] --   Found libzip, version 1.7.3
[3.481s] -- Found ZIP: TRUE  
[3.481s] -- Looking for ignition-common3 -- found version 3.14.0
[3.482s] -- Looking for ignition-math6 -- found version 6.15.1
[3.482s] -- Looking for ignition-msgs5 -- found version 5.8.1
[3.491s] -- Gazebo version: 11.10
[3.491s] -- Checking for module 'tbb'
[3.516s] --   Found tbb, version 2021.5.0
[3.567s] -- Found gazebo_plugins: 3.7.0 (/opt/ros/humble/share/gazebo_plugins/cmake)
[3.700s] -- Found sensor_msgs: 4.2.4 (/opt/ros/humble/share/sensor_msgs/cmake)
[3.739s] -- Found nav_msgs: 4.2.4 (/opt/ros/humble/share/nav_msgs/cmake)
[3.788s] -- Found tf2: 0.25.8 (/opt/ros/humble/share/tf2/cmake)
[3.818s] -- Found tf2_ros: 0.25.8 (/opt/ros/humble/share/tf2_ros/cmake)
[3.981s] -- Found tf2_geometry_msgs: 0.25.8 (/opt/ros/humble/share/tf2_geometry_msgs/cmake)
[3.995s] -- Found eigen3_cmake_module: 0.1.1 (/opt/ros/humble/share/eigen3_cmake_module/cmake)
[3.997s] -- Found Eigen3: TRUE (found version "3.4.0") 
[3.998s] -- Ensuring Eigen3 include directory is part of orocos-kdl CMake target
[4.020s] -- Found ament_lint_auto: 0.12.11 (/opt/ros/humble/share/ament_lint_auto/cmake)
[4.139s] -- Added test 'cppcheck' to perform static code analysis on C / C++ code
[4.140s] -- Configured cppcheck include dirs: /home/james/drone_ws/src/drone_ros2/sjtu_drone_description/include;$<BUILD_INTERFACE:/home/james/drone_ws/src/drone_ros2/sjtu_drone_description/include>
[4.140s] -- Configured cppcheck exclude dirs and/or files: 
[4.141s] -- Added test 'lint_cmake' to check CMake code style
[4.143s] -- Added test 'uncrustify' to check C / C++ code style
[4.143s] -- Configured uncrustify additional arguments: 
[4.143s] -- Added test 'xmllint' to check XML markup files
[4.147s] -- Configuring done
[4.204s] -- Generating done
[4.206s] -- Build files have been written to: /home/james/drone_ws/build/sjtu_drone_description
[4.220s] Invoked command in '/home/james/drone_ws/build/sjtu_drone_description' returned '0': CMAKE_PREFIX_PATH=${CMAKE_PREFIX_PATH}:/home/james/turtlebot3_ws/install/turtlebot3_teleop:/home/james/turtlebot3_ws/install/turtlebot3_example:/home/james/turtlebot3_ws/install/follow_waypoints:/opt/ros/humble /usr/bin/cmake /home/james/drone_ws/src/drone_ros2/sjtu_drone_description -DAMENT_CMAKE_SYMLINK_INSTALL=1 -DCMAKE_INSTALL_PREFIX=/home/james/drone_ws/install/sjtu_drone_description
[4.223s] Invoking command in '/home/james/drone_ws/build/sjtu_drone_description': CMAKE_PREFIX_PATH=${CMAKE_PREFIX_PATH}:/home/james/turtlebot3_ws/install/turtlebot3_teleop:/home/james/turtlebot3_ws/install/turtlebot3_example:/home/james/turtlebot3_ws/install/follow_waypoints:/opt/ros/humble /usr/bin/cmake --build /home/james/drone_ws/build/sjtu_drone_description -- -j20 -l20
[4.281s] [ 50%] [32mBuilding CXX object CMakeFiles/plugin_drone.dir/src/plugin_drone_private.cpp.o[0m
[4.281s] [ 50%] [32mBuilding CXX object CMakeFiles/plugin_drone.dir/src/pid_controller.cpp.o[0m
[4.284s] [ 75%] [32mBuilding CXX object CMakeFiles/plugin_drone.dir/src/plugin_drone.cpp.o[0m
[7.241s] [100%] [32m[1mLinking CXX shared library /home/james/drone_ws/src/drone_ros2/sjtu_drone_description/plugins/libplugin_drone.so[0m
[8.757s] [100%] Built target plugin_drone
[8.767s] Invoked command in '/home/james/drone_ws/build/sjtu_drone_description' returned '0': CMAKE_PREFIX_PATH=${CMAKE_PREFIX_PATH}:/home/james/turtlebot3_ws/install/turtlebot3_teleop:/home/james/turtlebot3_ws/install/turtlebot3_example:/home/james/turtlebot3_ws/install/follow_waypoints:/opt/ros/humble /usr/bin/cmake --build /home/james/drone_ws/build/sjtu_drone_description -- -j20 -l20
[8.810s] Invoking command in '/home/james/drone_ws/build/sjtu_drone_description': CMAKE_PREFIX_PATH=${CMAKE_PREFIX_PATH}:/home/james/turtlebot3_ws/install/turtlebot3_teleop:/home/james/turtlebot3_ws/install/turtlebot3_example:/home/james/turtlebot3_ws/install/follow_waypoints:/opt/ros/humble /usr/bin/cmake --install /home/james/drone_ws/build/sjtu_drone_description
[8.816s] -- Install configuration: ""
[8.817s] -- Execute custom install script
[8.817s] -- Symlinking: /home/james/drone_ws/install/sjtu_drone_description/include/sjtu_drone_description/pid_controller.h
[8.827s] -- Symlinking: /home/james/drone_ws/install/sjtu_drone_description/include/sjtu_drone_description/plugin_drone.h
[8.835s] -- Symlinking: /home/james/drone_ws/install/sjtu_drone_description/include/sjtu_drone_description/plugin_drone_private.h
[8.842s] -- Symlinking: /home/james/drone_ws/install/sjtu_drone_description/share/sjtu_drone_description/environment/library_path.sh
[8.850s] -- Symlinking: /home/james/drone_ws/install/sjtu_drone_description/share/sjtu_drone_description/environment/library_path.dsv
[8.858s] -- Symlinking: /home/james/drone_ws/install/sjtu_drone_description/share/sjtu_drone_description/models/database.config
[8.866s] -- Symlinking: /home/james/drone_ws/install/sjtu_drone_description/share/sjtu_drone_description/models/sjtu_drone/model.config
[8.873s] -- Symlinking: /home/james/drone_ws/install/sjtu_drone_description/share/sjtu_drone_description/models/sjtu_drone/quadrotor_4.dae
[8.880s] -- Symlinking: /home/james/drone_ws/install/sjtu_drone_description/share/sjtu_drone_description/models/sjtu_drone/quadrotor_4.stl
[8.887s] -- Symlinking: /home/james/drone_ws/install/sjtu_drone_description/share/sjtu_drone_description/models/sjtu_drone/sjtu_drone.sdf
[8.894s] -- Symlinking: /home/james/drone_ws/install/sjtu_drone_description/share/sjtu_drone_description/urdf/sjtu_drone.urdf
[8.900s] -- Symlinking: /home/james/drone_ws/install/sjtu_drone_description/share/sjtu_drone_description/urdf/sjtu_drone.urdf.xacro
[8.906s] -- Symlinking: /home/james/drone_ws/install/sjtu_drone_description/share/sjtu_drone_description/urdf/sjtu_drone.urdf_copy.xacro
[8.915s] -- Symlinking: /home/james/drone_ws/install/sjtu_drone_description/share/sjtu_drone_description/worlds/building_with_solar_panel.world
[8.923s] -- Symlinking: /home/james/drone_ws/install/sjtu_drone_description/share/sjtu_drone_description/worlds/playground.world
[8.930s] -- Symlinking: /home/james/drone_ws/install/sjtu_drone_description/share/sjtu_drone_description/worlds/solar_panel_building (copy).world
[8.939s] -- Symlinking: /home/james/drone_ws/install/sjtu_drone_description/share/sjtu_drone_description/worlds/solar_panel_building.world
[8.946s] -- Symlinking: /home/james/drone_ws/install/sjtu_drone_description/share/ament_index/resource_index/package_run_dependencies/sjtu_drone_description
[8.953s] -- Symlinking: /home/james/drone_ws/install/sjtu_drone_description/share/ament_index/resource_index/parent_prefix_path/sjtu_drone_description
[8.961s] -- Symlinking: /home/james/drone_ws/install/sjtu_drone_description/share/sjtu_drone_description/environment/ament_prefix_path.sh
[8.968s] -- Symlinking: /home/james/drone_ws/install/sjtu_drone_description/share/sjtu_drone_description/environment/ament_prefix_path.dsv
[8.975s] -- Symlinking: /home/james/drone_ws/install/sjtu_drone_description/share/sjtu_drone_description/environment/path.sh
[8.982s] -- Symlinking: /home/james/drone_ws/install/sjtu_drone_description/share/sjtu_drone_description/environment/path.dsv
[8.989s] -- Symlinking: /home/james/drone_ws/install/sjtu_drone_description/share/sjtu_drone_description/local_setup.bash
[8.998s] -- Symlinking: /home/james/drone_ws/install/sjtu_drone_description/share/sjtu_drone_description/local_setup.sh
[9.007s] -- Symlinking: /home/james/drone_ws/install/sjtu_drone_description/share/sjtu_drone_description/local_setup.zsh
[9.015s] -- Symlinking: /home/james/drone_ws/install/sjtu_drone_description/share/sjtu_drone_description/local_setup.dsv
[9.021s] -- Symlinking: /home/james/drone_ws/install/sjtu_drone_description/share/sjtu_drone_description/package.dsv
[9.029s] -- Symlinking: /home/james/drone_ws/install/sjtu_drone_description/share/ament_index/resource_index/packages/sjtu_drone_description
[9.037s] -- Symlinking: /home/james/drone_ws/install/sjtu_drone_description/share/sjtu_drone_description/cmake/ament_cmake_export_include_directories-extras.cmake
[9.045s] -- Symlinking: /home/james/drone_ws/install/sjtu_drone_description/share/sjtu_drone_description/cmake/ament_cmake_export_libraries-extras.cmake
[9.052s] -- Symlinking: /home/james/drone_ws/install/sjtu_drone_description/share/sjtu_drone_description/cmake/ament_cmake_export_targets-extras.cmake
[9.059s] -- Symlinking: /home/james/drone_ws/install/sjtu_drone_description/share/sjtu_drone_description/cmake/sjtu_drone_descriptionConfig.cmake
[9.067s] -- Symlinking: /home/james/drone_ws/install/sjtu_drone_description/share/sjtu_drone_description/cmake/sjtu_drone_descriptionConfig-version.cmake
[9.074s] -- Symlinking: /home/james/drone_ws/install/sjtu_drone_description/share/sjtu_drone_description/package.xml
[9.083s] -- Installing: /home/james/drone_ws/install/sjtu_drone_description/lib/libplugin_drone.so
[9.093s] -- Set runtime path of "/home/james/drone_ws/install/sjtu_drone_description/lib/libplugin_drone.so" to ""
[9.093s] -- Installing: /home/james/drone_ws/install/sjtu_drone_description/share/sjtu_drone_description/cmake/export_sjtu_drone_descriptionExport.cmake
[9.093s] -- Installing: /home/james/drone_ws/install/sjtu_drone_description/share/sjtu_drone_description/cmake/export_sjtu_drone_descriptionExport-noconfig.cmake
[9.094s] Invoked command in '/home/james/drone_ws/build/sjtu_drone_description' returned '0': CMAKE_PREFIX_PATH=${CMAKE_PREFIX_PATH}:/home/james/turtlebot3_ws/install/turtlebot3_teleop:/home/james/turtlebot3_ws/install/turtlebot3_example:/home/james/turtlebot3_ws/install/follow_waypoints:/opt/ros/humble /usr/bin/cmake --install /home/james/drone_ws/build/sjtu_drone_description
