/home/james/.local/lib/python3.10/site-packages/setuptools/_distutils/dist.py:261: UserWarning: Unknown distribution option: 'tests_require'
  warnings.warn(msg)
running develop
/home/james/.local/lib/python3.10/site-packages/setuptools/command/develop.py:41: EasyInstallDeprecationWarning: easy_install command is deprecated.
!!

        ********************************************************************************
        Please avoid running ``setup.py`` and ``easy_install``.
        Instead, use pypa/build, pypa/installer or other
        standards-based tools.

        See https://github.com/pypa/setuptools/issues/917 for details.
        ********************************************************************************

!!
  easy_install.initialize_options(self)
running egg_info
writing sjtu_drone_control.egg-info/PKG-INFO
writing dependency_links to sjtu_drone_control.egg-info/dependency_links.txt
writing entry points to sjtu_drone_control.egg-info/entry_points.txt
writing requirements to sjtu_drone_control.egg-info/requires.txt
writing top-level names to sjtu_drone_control.egg-info/top_level.txt
reading manifest file 'sjtu_drone_control.egg-info/SOURCES.txt'
writing manifest file 'sjtu_drone_control.egg-info/SOURCES.txt'
running build_ext
Creating /home/james/drone_ws/install/sjtu_drone_control/lib/python3.10/site-packages/sjtu-drone-control.egg-link (link to .)
Installing drone_position_control script to /home/james/drone_ws/install/sjtu_drone_control/lib/sjtu_drone_control
Installing open_loop_control script to /home/james/drone_ws/install/sjtu_drone_control/lib/sjtu_drone_control
Installing teleop script to /home/james/drone_ws/install/sjtu_drone_control/lib/sjtu_drone_control
Installing teleop_joystick script to /home/james/drone_ws/install/sjtu_drone_control/lib/sjtu_drone_control

Installed /home/james/drone_ws/build/sjtu_drone_control
running symlink_data
