[0.352s] Invoking command in '/home/james/drone_ws/build/yolov8_msgs': CMAKE_PREFIX_PATH=${CMAKE_PREFIX_PATH}:/home/james/turtlebot3_ws/install/turtlebot3_teleop:/home/james/turtlebot3_ws/install/turtlebot3_example:/home/james/turtlebot3_ws/install/follow_waypoints:/opt/ros/humble /usr/bin/cmake --build /home/james/drone_ws/build/yolov8_msgs -- -j20 -l20
[0.402s] [35m[1mConsolidate compiler generated dependencies of target yolov8_msgs__rosidl_generator_c[0m
[0.417s] [ 10%] Built target yolov8_msgs__rosidl_generator_c
[0.418s] [ 10%] Built target ament_cmake_python_symlink_yolov8_msgs
[0.420s] [ 12%] Built target yolov8_msgs__cpp
[0.435s] [35m[1mConsolidate compiler generated dependencies of target yolov8_msgs__rosidl_typesupport_introspection_cpp[0m
[0.436s] [35m[1mConsolidate compiler generated dependencies of target yolov8_msgs__rosidl_typesupport_introspection_c[0m
[0.437s] [35m[1mConsolidate compiler generated dependencies of target yolov8_msgs__rosidl_typesupport_fastrtps_c[0m
[0.437s] [35m[1mConsolidate compiler generated dependencies of target yolov8_msgs__rosidl_typesupport_c[0m
[0.439s] [35m[1mConsolidate compiler generated dependencies of target yolov8_msgs__rosidl_typesupport_cpp[0m
[0.442s] [35m[1mConsolidate compiler generated dependencies of target yolov8_msgs__rosidl_typesupport_fastrtps_cpp[0m
[0.450s] [ 23%] Built target yolov8_msgs__rosidl_typesupport_introspection_cpp
[0.453s] [ 33%] Built target yolov8_msgs__rosidl_typesupport_cpp
[0.457s] [ 43%] Built target yolov8_msgs__rosidl_typesupport_introspection_c
[0.458s] [ 53%] Built target yolov8_msgs__rosidl_typesupport_c
[0.458s] [ 64%] Built target yolov8_msgs__rosidl_typesupport_fastrtps_cpp
[0.459s] [ 74%] Built target yolov8_msgs__rosidl_typesupport_fastrtps_c
[0.493s] [ 74%] Built target yolov8_msgs
[0.522s] [ 76%] Built target yolov8_msgs__py
[0.536s] [35m[1mConsolidate compiler generated dependencies of target yolov8_msgs__rosidl_generator_py[0m
[0.555s] [ 84%] Built target yolov8_msgs__rosidl_generator_py
[0.565s] [35m[1mConsolidate compiler generated dependencies of target yolov8_msgs__rosidl_typesupport_fastrtps_c__pyext[0m
[0.565s] [35m[1mConsolidate compiler generated dependencies of target yolov8_msgs__rosidl_typesupport_introspection_c__pyext[0m
[0.571s] [35m[1mConsolidate compiler generated dependencies of target yolov8_msgs__rosidl_typesupport_c__pyext[0m
[0.580s] [ 89%] Built target yolov8_msgs__rosidl_typesupport_fastrtps_c__pyext
[0.586s] [ 94%] Built target yolov8_msgs__rosidl_typesupport_introspection_c__pyext
[0.587s] [100%] Built target yolov8_msgs__rosidl_typesupport_c__pyext
[0.677s] running egg_info
[0.686s] writing yolov8_msgs.egg-info/PKG-INFO
[0.688s] writing dependency_links to yolov8_msgs.egg-info/dependency_links.txt
[0.688s] writing top-level names to yolov8_msgs.egg-info/top_level.txt
[0.773s] reading manifest file 'yolov8_msgs.egg-info/SOURCES.txt'
[0.775s] writing manifest file 'yolov8_msgs.egg-info/SOURCES.txt'
[0.823s] [100%] Built target ament_cmake_python_build_yolov8_msgs_egg
[0.837s] Invoked command in '/home/james/drone_ws/build/yolov8_msgs' returned '0': CMAKE_PREFIX_PATH=${CMAKE_PREFIX_PATH}:/home/james/turtlebot3_ws/install/turtlebot3_teleop:/home/james/turtlebot3_ws/install/turtlebot3_example:/home/james/turtlebot3_ws/install/follow_waypoints:/opt/ros/humble /usr/bin/cmake --build /home/james/drone_ws/build/yolov8_msgs -- -j20 -l20
[0.995s] Invoking command in '/home/james/drone_ws/build/yolov8_msgs': CMAKE_PREFIX_PATH=${CMAKE_PREFIX_PATH}:/home/james/turtlebot3_ws/install/turtlebot3_teleop:/home/james/turtlebot3_ws/install/turtlebot3_example:/home/james/turtlebot3_ws/install/follow_waypoints:/opt/ros/humble /usr/bin/cmake --install /home/james/drone_ws/build/yolov8_msgs
[1.081s] -- Install configuration: ""
[1.082s] -- Execute custom install script
[1.082s] -- Up-to-date symlink: /home/james/drone_ws/install/yolov8_msgs/share/ament_index/resource_index/rosidl_interfaces/yolov8_msgs
[1.082s] -- Up-to-date symlink: /home/james/drone_ws/install/yolov8_msgs/include/yolov8_msgs/yolov8_msgs/msg/detail/inference_result__functions.h
[1.082s] -- Up-to-date symlink: /home/james/drone_ws/install/yolov8_msgs/include/yolov8_msgs/yolov8_msgs/msg/detail/inference_result__struct.h
[1.083s] -- Up-to-date symlink: /home/james/drone_ws/install/yolov8_msgs/include/yolov8_msgs/yolov8_msgs/msg/detail/inference_result__type_support.h
[1.083s] -- Up-to-date symlink: /home/james/drone_ws/install/yolov8_msgs/include/yolov8_msgs/yolov8_msgs/msg/detail/yolov8_inference__functions.h
[1.083s] -- Up-to-date symlink: /home/james/drone_ws/install/yolov8_msgs/include/yolov8_msgs/yolov8_msgs/msg/detail/yolov8_inference__struct.h
[1.083s] -- Up-to-date symlink: /home/james/drone_ws/install/yolov8_msgs/include/yolov8_msgs/yolov8_msgs/msg/detail/yolov8_inference__type_support.h
[1.083s] -- Up-to-date symlink: /home/james/drone_ws/install/yolov8_msgs/include/yolov8_msgs/yolov8_msgs/msg/inference_result.h
[1.083s] -- Up-to-date symlink: /home/james/drone_ws/install/yolov8_msgs/include/yolov8_msgs/yolov8_msgs/msg/rosidl_generator_c__visibility_control.h
[1.084s] -- Up-to-date symlink: /home/james/drone_ws/install/yolov8_msgs/include/yolov8_msgs/yolov8_msgs/msg/yolov8_inference.h
[1.084s] -- Up-to-date symlink: /home/james/drone_ws/install/yolov8_msgs/share/yolov8_msgs/environment/library_path.sh
[1.084s] -- Up-to-date symlink: /home/james/drone_ws/install/yolov8_msgs/share/yolov8_msgs/environment/library_path.dsv
[1.084s] -- Up-to-date symlink: /home/james/drone_ws/install/yolov8_msgs/include/yolov8_msgs/yolov8_msgs/msg/detail/inference_result__rosidl_typesupport_fastrtps_c.h
[1.084s] -- Up-to-date symlink: /home/james/drone_ws/install/yolov8_msgs/include/yolov8_msgs/yolov8_msgs/msg/detail/yolov8_inference__rosidl_typesupport_fastrtps_c.h
[1.084s] -- Up-to-date symlink: /home/james/drone_ws/install/yolov8_msgs/include/yolov8_msgs/yolov8_msgs/msg/rosidl_typesupport_fastrtps_c__visibility_control.h
[1.085s] -- Up-to-date symlink: /home/james/drone_ws/install/yolov8_msgs/include/yolov8_msgs/yolov8_msgs/msg/detail/inference_result__builder.hpp
[1.085s] -- Up-to-date symlink: /home/james/drone_ws/install/yolov8_msgs/include/yolov8_msgs/yolov8_msgs/msg/detail/inference_result__struct.hpp
[1.085s] -- Up-to-date symlink: /home/james/drone_ws/install/yolov8_msgs/include/yolov8_msgs/yolov8_msgs/msg/detail/inference_result__traits.hpp
[1.085s] -- Up-to-date symlink: /home/james/drone_ws/install/yolov8_msgs/include/yolov8_msgs/yolov8_msgs/msg/detail/yolov8_inference__builder.hpp
[1.085s] -- Up-to-date symlink: /home/james/drone_ws/install/yolov8_msgs/include/yolov8_msgs/yolov8_msgs/msg/detail/yolov8_inference__struct.hpp
[1.085s] -- Up-to-date symlink: /home/james/drone_ws/install/yolov8_msgs/include/yolov8_msgs/yolov8_msgs/msg/detail/yolov8_inference__traits.hpp
[1.085s] -- Up-to-date symlink: /home/james/drone_ws/install/yolov8_msgs/include/yolov8_msgs/yolov8_msgs/msg/inference_result.hpp
[1.085s] -- Up-to-date symlink: /home/james/drone_ws/install/yolov8_msgs/include/yolov8_msgs/yolov8_msgs/msg/yolov8_inference.hpp
[1.086s] -- Up-to-date symlink: /home/james/drone_ws/install/yolov8_msgs/include/yolov8_msgs/yolov8_msgs/msg/detail/inference_result__rosidl_typesupport_fastrtps_cpp.hpp
[1.086s] -- Up-to-date symlink: /home/james/drone_ws/install/yolov8_msgs/include/yolov8_msgs/yolov8_msgs/msg/detail/yolov8_inference__rosidl_typesupport_fastrtps_cpp.hpp
[1.086s] -- Up-to-date symlink: /home/james/drone_ws/install/yolov8_msgs/include/yolov8_msgs/yolov8_msgs/msg/rosidl_typesupport_fastrtps_cpp__visibility_control.h
[1.086s] -- Up-to-date symlink: /home/james/drone_ws/install/yolov8_msgs/include/yolov8_msgs/yolov8_msgs/msg/detail/inference_result__rosidl_typesupport_introspection_c.h
[1.086s] -- Up-to-date symlink: /home/james/drone_ws/install/yolov8_msgs/include/yolov8_msgs/yolov8_msgs/msg/detail/yolov8_inference__rosidl_typesupport_introspection_c.h
[1.087s] -- Up-to-date symlink: /home/james/drone_ws/install/yolov8_msgs/include/yolov8_msgs/yolov8_msgs/msg/rosidl_typesupport_introspection_c__visibility_control.h
[1.087s] -- Up-to-date symlink: /home/james/drone_ws/install/yolov8_msgs/include/yolov8_msgs/yolov8_msgs/msg/detail/inference_result__rosidl_typesupport_introspection_cpp.hpp
[1.087s] -- Up-to-date symlink: /home/james/drone_ws/install/yolov8_msgs/include/yolov8_msgs/yolov8_msgs/msg/detail/yolov8_inference__rosidl_typesupport_introspection_cpp.hpp
[1.088s] -- Up-to-date symlink: /home/james/drone_ws/install/yolov8_msgs/share/yolov8_msgs/environment/pythonpath.sh
[1.088s] -- Up-to-date symlink: /home/james/drone_ws/install/yolov8_msgs/share/yolov8_msgs/environment/pythonpath.dsv
[1.088s] -- Up-to-date symlink: /home/james/drone_ws/install/yolov8_msgs/local/lib/python3.10/dist-packages/yolov8_msgs-0.0.0-py3.10.egg-info/PKG-INFO
[1.088s] -- Up-to-date symlink: /home/james/drone_ws/install/yolov8_msgs/local/lib/python3.10/dist-packages/yolov8_msgs-0.0.0-py3.10.egg-info/SOURCES.txt
[1.088s] -- Up-to-date symlink: /home/james/drone_ws/install/yolov8_msgs/local/lib/python3.10/dist-packages/yolov8_msgs-0.0.0-py3.10.egg-info/dependency_links.txt
[1.089s] -- Up-to-date symlink: /home/james/drone_ws/install/yolov8_msgs/local/lib/python3.10/dist-packages/yolov8_msgs-0.0.0-py3.10.egg-info/top_level.txt
[1.089s] -- Up-to-date symlink: /home/james/drone_ws/install/yolov8_msgs/local/lib/python3.10/dist-packages/yolov8_msgs/__init__.py
[1.090s] -- Up-to-date symlink: /home/james/drone_ws/install/yolov8_msgs/local/lib/python3.10/dist-packages/yolov8_msgs/_yolov8_msgs_s.ep.rosidl_typesupport_c.c
[1.090s] -- Up-to-date symlink: /home/james/drone_ws/install/yolov8_msgs/local/lib/python3.10/dist-packages/yolov8_msgs/_yolov8_msgs_s.ep.rosidl_typesupport_fastrtps_c.c
[1.090s] -- Up-to-date symlink: /home/james/drone_ws/install/yolov8_msgs/local/lib/python3.10/dist-packages/yolov8_msgs/_yolov8_msgs_s.ep.rosidl_typesupport_introspection_c.c
[1.090s] -- Up-to-date symlink: /home/james/drone_ws/install/yolov8_msgs/local/lib/python3.10/dist-packages/yolov8_msgs/libyolov8_msgs__rosidl_generator_py.so
[1.090s] -- Up-to-date symlink: /home/james/drone_ws/install/yolov8_msgs/local/lib/python3.10/dist-packages/yolov8_msgs/msg/__init__.py
[1.090s] -- Up-to-date symlink: /home/james/drone_ws/install/yolov8_msgs/local/lib/python3.10/dist-packages/yolov8_msgs/msg/_inference_result.py
[1.091s] -- Up-to-date symlink: /home/james/drone_ws/install/yolov8_msgs/local/lib/python3.10/dist-packages/yolov8_msgs/msg/_inference_result_s.c
[1.091s] -- Up-to-date symlink: /home/james/drone_ws/install/yolov8_msgs/local/lib/python3.10/dist-packages/yolov8_msgs/msg/_yolov8_inference.py
[1.091s] -- Up-to-date symlink: /home/james/drone_ws/install/yolov8_msgs/local/lib/python3.10/dist-packages/yolov8_msgs/msg/_yolov8_inference_s.c
[1.092s] -- Up-to-date symlink: /home/james/drone_ws/install/yolov8_msgs/local/lib/python3.10/dist-packages/yolov8_msgs/yolov8_msgs_s__rosidl_typesupport_c.cpython-310-x86_64-linux-gnu.so
[1.092s] -- Up-to-date symlink: /home/james/drone_ws/install/yolov8_msgs/local/lib/python3.10/dist-packages/yolov8_msgs/yolov8_msgs_s__rosidl_typesupport_fastrtps_c.cpython-310-x86_64-linux-gnu.so
[1.092s] -- Up-to-date symlink: /home/james/drone_ws/install/yolov8_msgs/local/lib/python3.10/dist-packages/yolov8_msgs/yolov8_msgs_s__rosidl_typesupport_introspection_c.cpython-310-x86_64-linux-gnu.so
[1.092s] -- Up-to-date symlink: /home/james/drone_ws/install/yolov8_msgs/local/lib/python3.10/dist-packages/yolov8_msgs/yolov8_msgs_s__rosidl_typesupport_fastrtps_c.cpython-310-x86_64-linux-gnu.so
[1.092s] -- Up-to-date symlink: /home/james/drone_ws/install/yolov8_msgs/local/lib/python3.10/dist-packages/yolov8_msgs/yolov8_msgs_s__rosidl_typesupport_introspection_c.cpython-310-x86_64-linux-gnu.so
[1.092s] -- Up-to-date symlink: /home/james/drone_ws/install/yolov8_msgs/local/lib/python3.10/dist-packages/yolov8_msgs/yolov8_msgs_s__rosidl_typesupport_c.cpython-310-x86_64-linux-gnu.so
[1.092s] -- Up-to-date symlink: /home/james/drone_ws/install/yolov8_msgs/share/yolov8_msgs/msg/InferenceResult.idl
[1.092s] -- Up-to-date symlink: /home/james/drone_ws/install/yolov8_msgs/share/yolov8_msgs/msg/Yolov8Inference.idl
[1.093s] -- Up-to-date symlink: /home/james/drone_ws/install/yolov8_msgs/share/yolov8_msgs/msg/InferenceResult.msg
[1.093s] -- Up-to-date symlink: /home/james/drone_ws/install/yolov8_msgs/share/yolov8_msgs/msg/Yolov8Inference.msg
[1.093s] -- Up-to-date symlink: /home/james/drone_ws/install/yolov8_msgs/share/ament_index/resource_index/package_run_dependencies/yolov8_msgs
[1.093s] -- Up-to-date symlink: /home/james/drone_ws/install/yolov8_msgs/share/ament_index/resource_index/parent_prefix_path/yolov8_msgs
[1.093s] -- Up-to-date symlink: /home/james/drone_ws/install/yolov8_msgs/share/yolov8_msgs/environment/ament_prefix_path.sh
[1.093s] -- Up-to-date symlink: /home/james/drone_ws/install/yolov8_msgs/share/yolov8_msgs/environment/ament_prefix_path.dsv
[1.093s] -- Up-to-date symlink: /home/james/drone_ws/install/yolov8_msgs/share/yolov8_msgs/environment/path.sh
[1.093s] -- Up-to-date symlink: /home/james/drone_ws/install/yolov8_msgs/share/yolov8_msgs/environment/path.dsv
[1.093s] -- Up-to-date symlink: /home/james/drone_ws/install/yolov8_msgs/share/yolov8_msgs/local_setup.bash
[1.093s] -- Up-to-date symlink: /home/james/drone_ws/install/yolov8_msgs/share/yolov8_msgs/local_setup.sh
[1.093s] -- Up-to-date symlink: /home/james/drone_ws/install/yolov8_msgs/share/yolov8_msgs/local_setup.zsh
[1.093s] -- Up-to-date symlink: /home/james/drone_ws/install/yolov8_msgs/share/yolov8_msgs/local_setup.dsv
[1.093s] -- Symlinking: /home/james/drone_ws/install/yolov8_msgs/share/yolov8_msgs/package.dsv
[1.093s] -- Up-to-date symlink: /home/james/drone_ws/install/yolov8_msgs/share/ament_index/resource_index/packages/yolov8_msgs
[1.093s] -- Up-to-date symlink: /home/james/drone_ws/install/yolov8_msgs/share/yolov8_msgs/cmake/rosidl_cmake-extras.cmake
[1.093s] -- Up-to-date symlink: /home/james/drone_ws/install/yolov8_msgs/share/yolov8_msgs/cmake/ament_cmake_export_dependencies-extras.cmake
[1.094s] -- Up-to-date symlink: /home/james/drone_ws/install/yolov8_msgs/share/yolov8_msgs/cmake/ament_cmake_export_include_directories-extras.cmake
[1.094s] -- Up-to-date symlink: /home/james/drone_ws/install/yolov8_msgs/share/yolov8_msgs/cmake/ament_cmake_export_libraries-extras.cmake
[1.094s] -- Up-to-date symlink: /home/james/drone_ws/install/yolov8_msgs/share/yolov8_msgs/cmake/ament_cmake_export_targets-extras.cmake
[1.094s] -- Up-to-date symlink: /home/james/drone_ws/install/yolov8_msgs/share/yolov8_msgs/cmake/rosidl_cmake_export_typesupport_targets-extras.cmake
[1.094s] -- Up-to-date symlink: /home/james/drone_ws/install/yolov8_msgs/share/yolov8_msgs/cmake/rosidl_cmake_export_typesupport_libraries-extras.cmake
[1.094s] -- Up-to-date symlink: /home/james/drone_ws/install/yolov8_msgs/share/yolov8_msgs/cmake/yolov8_msgsConfig.cmake
[1.094s] -- Up-to-date symlink: /home/james/drone_ws/install/yolov8_msgs/share/yolov8_msgs/cmake/yolov8_msgsConfig-version.cmake
[1.094s] -- Up-to-date symlink: /home/james/drone_ws/install/yolov8_msgs/share/yolov8_msgs/package.xml
[1.094s] -- Up-to-date: /home/james/drone_ws/install/yolov8_msgs/lib/libyolov8_msgs__rosidl_generator_c.so
[1.094s] -- Up-to-date: /home/james/drone_ws/install/yolov8_msgs/lib/libyolov8_msgs__rosidl_typesupport_fastrtps_c.so
[1.094s] -- Up-to-date: /home/james/drone_ws/install/yolov8_msgs/lib/libyolov8_msgs__rosidl_typesupport_fastrtps_cpp.so
[1.094s] -- Up-to-date: /home/james/drone_ws/install/yolov8_msgs/lib/libyolov8_msgs__rosidl_typesupport_introspection_c.so
[1.094s] -- Up-to-date: /home/james/drone_ws/install/yolov8_msgs/lib/libyolov8_msgs__rosidl_typesupport_c.so
[1.094s] -- Up-to-date: /home/james/drone_ws/install/yolov8_msgs/lib/libyolov8_msgs__rosidl_typesupport_introspection_cpp.so
[1.094s] -- Up-to-date: /home/james/drone_ws/install/yolov8_msgs/lib/libyolov8_msgs__rosidl_typesupport_cpp.so
[1.119s] Listing '/home/james/drone_ws/install/yolov8_msgs/local/lib/python3.10/dist-packages/yolov8_msgs'...
[1.119s] Listing '/home/james/drone_ws/install/yolov8_msgs/local/lib/python3.10/dist-packages/yolov8_msgs/msg'...
[1.122s] -- Up-to-date: /home/james/drone_ws/install/yolov8_msgs/lib/libyolov8_msgs__rosidl_generator_py.so
[1.123s] -- Up-to-date: /home/james/drone_ws/install/yolov8_msgs/share/yolov8_msgs/cmake/export_yolov8_msgs__rosidl_generator_cExport.cmake
[1.124s] -- Up-to-date: /home/james/drone_ws/install/yolov8_msgs/share/yolov8_msgs/cmake/export_yolov8_msgs__rosidl_generator_cExport-noconfig.cmake
[1.124s] -- Up-to-date: /home/james/drone_ws/install/yolov8_msgs/share/yolov8_msgs/cmake/export_yolov8_msgs__rosidl_typesupport_fastrtps_cExport.cmake
[1.124s] -- Up-to-date: /home/james/drone_ws/install/yolov8_msgs/share/yolov8_msgs/cmake/export_yolov8_msgs__rosidl_typesupport_fastrtps_cExport-noconfig.cmake
[1.124s] -- Up-to-date: /home/james/drone_ws/install/yolov8_msgs/share/yolov8_msgs/cmake/export_yolov8_msgs__rosidl_generator_cppExport.cmake
[1.124s] -- Up-to-date: /home/james/drone_ws/install/yolov8_msgs/share/yolov8_msgs/cmake/export_yolov8_msgs__rosidl_typesupport_fastrtps_cppExport.cmake
[1.124s] -- Up-to-date: /home/james/drone_ws/install/yolov8_msgs/share/yolov8_msgs/cmake/export_yolov8_msgs__rosidl_typesupport_fastrtps_cppExport-noconfig.cmake
[1.124s] -- Up-to-date: /home/james/drone_ws/install/yolov8_msgs/share/yolov8_msgs/cmake/yolov8_msgs__rosidl_typesupport_introspection_cExport.cmake
[1.124s] -- Up-to-date: /home/james/drone_ws/install/yolov8_msgs/share/yolov8_msgs/cmake/yolov8_msgs__rosidl_typesupport_introspection_cExport-noconfig.cmake
[1.124s] -- Up-to-date: /home/james/drone_ws/install/yolov8_msgs/share/yolov8_msgs/cmake/yolov8_msgs__rosidl_typesupport_cExport.cmake
[1.124s] -- Up-to-date: /home/james/drone_ws/install/yolov8_msgs/share/yolov8_msgs/cmake/yolov8_msgs__rosidl_typesupport_cExport-noconfig.cmake
[1.124s] -- Up-to-date: /home/james/drone_ws/install/yolov8_msgs/share/yolov8_msgs/cmake/yolov8_msgs__rosidl_typesupport_introspection_cppExport.cmake
[1.125s] -- Up-to-date: /home/james/drone_ws/install/yolov8_msgs/share/yolov8_msgs/cmake/yolov8_msgs__rosidl_typesupport_introspection_cppExport-noconfig.cmake
[1.125s] -- Up-to-date: /home/james/drone_ws/install/yolov8_msgs/share/yolov8_msgs/cmake/yolov8_msgs__rosidl_typesupport_cppExport.cmake
[1.125s] -- Up-to-date: /home/james/drone_ws/install/yolov8_msgs/share/yolov8_msgs/cmake/yolov8_msgs__rosidl_typesupport_cppExport-noconfig.cmake
[1.125s] -- Up-to-date: /home/james/drone_ws/install/yolov8_msgs/share/yolov8_msgs/cmake/export_yolov8_msgs__rosidl_generator_pyExport.cmake
[1.125s] -- Up-to-date: /home/james/drone_ws/install/yolov8_msgs/share/yolov8_msgs/cmake/export_yolov8_msgs__rosidl_generator_pyExport-noconfig.cmake
[1.127s] Invoked command in '/home/james/drone_ws/build/yolov8_msgs' returned '0': CMAKE_PREFIX_PATH=${CMAKE_PREFIX_PATH}:/home/james/turtlebot3_ws/install/turtlebot3_teleop:/home/james/turtlebot3_ws/install/turtlebot3_example:/home/james/turtlebot3_ws/install/follow_waypoints:/opt/ros/humble /usr/bin/cmake --install /home/james/drone_ws/build/yolov8_msgs
