[0.647s] Invoking command in '/home/james/drone_ws/src/drone_ros2/sjtu_drone_control': PYTHONPATH=/home/james/drone_ws/build/sjtu_drone_control/prefix_override:/usr/lib/python3/dist-packages/colcon_core/task/python/colcon_distutils_commands:/home/james/drone_ws/install/sjtu_drone_control/lib/python3.10/site-packages:${PYTHONPATH} /usr/bin/python3 -W ignore:setup.py install is deprecated setup.py egg_info --egg-base ../../../build/sjtu_drone_control build --build-base /home/james/drone_ws/build/sjtu_drone_control/build install --record /home/james/drone_ws/build/sjtu_drone_control/install.log --single-version-externally-managed install_data
[0.750s] /home/james/.local/lib/python3.10/site-packages/setuptools/_distutils/dist.py:261: UserWarning: Unknown distribution option: 'tests_require'
[0.750s]   warnings.warn(msg)
[0.810s] running egg_info
[0.811s] creating ../../../build/sjtu_drone_control/sjtu_drone_control.egg-info
[0.820s] writing ../../../build/sjtu_drone_control/sjtu_drone_control.egg-info/PKG-INFO
[0.820s] writing dependency_links to ../../../build/sjtu_drone_control/sjtu_drone_control.egg-info/dependency_links.txt
[0.820s] writing entry points to ../../../build/sjtu_drone_control/sjtu_drone_control.egg-info/entry_points.txt
[0.821s] writing requirements to ../../../build/sjtu_drone_control/sjtu_drone_control.egg-info/requires.txt
[0.821s] writing top-level names to ../../../build/sjtu_drone_control/sjtu_drone_control.egg-info/top_level.txt
[0.821s] writing manifest file '../../../build/sjtu_drone_control/sjtu_drone_control.egg-info/SOURCES.txt'
[0.842s] reading manifest file '../../../build/sjtu_drone_control/sjtu_drone_control.egg-info/SOURCES.txt'
[0.843s] writing manifest file '../../../build/sjtu_drone_control/sjtu_drone_control.egg-info/SOURCES.txt'
[0.843s] running build
[0.843s] running build_py
[0.843s] creating /home/james/drone_ws/build/sjtu_drone_control/build/lib/sjtu_drone_control
[0.843s] copying sjtu_drone_control/teleop.py -> /home/james/drone_ws/build/sjtu_drone_control/build/lib/sjtu_drone_control
[0.843s] copying sjtu_drone_control/open_loop_control.py -> /home/james/drone_ws/build/sjtu_drone_control/build/lib/sjtu_drone_control
[0.843s] copying sjtu_drone_control/teleop_joystick.py -> /home/james/drone_ws/build/sjtu_drone_control/build/lib/sjtu_drone_control
[0.843s] copying sjtu_drone_control/__init__.py -> /home/james/drone_ws/build/sjtu_drone_control/build/lib/sjtu_drone_control
[0.843s] copying sjtu_drone_control/drone_position_control.py -> /home/james/drone_ws/build/sjtu_drone_control/build/lib/sjtu_drone_control
[0.843s] creating /home/james/drone_ws/build/sjtu_drone_control/build/lib/sjtu_drone_control/drone_utils
[0.843s] copying sjtu_drone_control/drone_utils/controllers.py -> /home/james/drone_ws/build/sjtu_drone_control/build/lib/sjtu_drone_control/drone_utils
[0.843s] copying sjtu_drone_control/drone_utils/__init__.py -> /home/james/drone_ws/build/sjtu_drone_control/build/lib/sjtu_drone_control/drone_utils
[0.843s] copying sjtu_drone_control/drone_utils/drone_object.py -> /home/james/drone_ws/build/sjtu_drone_control/build/lib/sjtu_drone_control/drone_utils
[0.844s] running install
[0.847s] running install_lib
[0.857s] creating /home/james/drone_ws/install/sjtu_drone_control/lib/python3.10/site-packages/sjtu_drone_control
[0.857s] copying /home/james/drone_ws/build/sjtu_drone_control/build/lib/sjtu_drone_control/teleop.py -> /home/james/drone_ws/install/sjtu_drone_control/lib/python3.10/site-packages/sjtu_drone_control
[0.857s] copying /home/james/drone_ws/build/sjtu_drone_control/build/lib/sjtu_drone_control/open_loop_control.py -> /home/james/drone_ws/install/sjtu_drone_control/lib/python3.10/site-packages/sjtu_drone_control
[0.857s] copying /home/james/drone_ws/build/sjtu_drone_control/build/lib/sjtu_drone_control/teleop_joystick.py -> /home/james/drone_ws/install/sjtu_drone_control/lib/python3.10/site-packages/sjtu_drone_control
[0.857s] copying /home/james/drone_ws/build/sjtu_drone_control/build/lib/sjtu_drone_control/__init__.py -> /home/james/drone_ws/install/sjtu_drone_control/lib/python3.10/site-packages/sjtu_drone_control
[0.857s] copying /home/james/drone_ws/build/sjtu_drone_control/build/lib/sjtu_drone_control/drone_position_control.py -> /home/james/drone_ws/install/sjtu_drone_control/lib/python3.10/site-packages/sjtu_drone_control
[0.857s] creating /home/james/drone_ws/install/sjtu_drone_control/lib/python3.10/site-packages/sjtu_drone_control/drone_utils
[0.857s] copying /home/james/drone_ws/build/sjtu_drone_control/build/lib/sjtu_drone_control/drone_utils/controllers.py -> /home/james/drone_ws/install/sjtu_drone_control/lib/python3.10/site-packages/sjtu_drone_control/drone_utils
[0.857s] copying /home/james/drone_ws/build/sjtu_drone_control/build/lib/sjtu_drone_control/drone_utils/__init__.py -> /home/james/drone_ws/install/sjtu_drone_control/lib/python3.10/site-packages/sjtu_drone_control/drone_utils
[0.857s] copying /home/james/drone_ws/build/sjtu_drone_control/build/lib/sjtu_drone_control/drone_utils/drone_object.py -> /home/james/drone_ws/install/sjtu_drone_control/lib/python3.10/site-packages/sjtu_drone_control/drone_utils
[0.858s] byte-compiling /home/james/drone_ws/install/sjtu_drone_control/lib/python3.10/site-packages/sjtu_drone_control/teleop.py to teleop.cpython-310.pyc
[0.858s] byte-compiling /home/james/drone_ws/install/sjtu_drone_control/lib/python3.10/site-packages/sjtu_drone_control/open_loop_control.py to open_loop_control.cpython-310.pyc
[0.860s] byte-compiling /home/james/drone_ws/install/sjtu_drone_control/lib/python3.10/site-packages/sjtu_drone_control/teleop_joystick.py to teleop_joystick.cpython-310.pyc
[0.860s] byte-compiling /home/james/drone_ws/install/sjtu_drone_control/lib/python3.10/site-packages/sjtu_drone_control/__init__.py to __init__.cpython-310.pyc
[0.860s] byte-compiling /home/james/drone_ws/install/sjtu_drone_control/lib/python3.10/site-packages/sjtu_drone_control/drone_position_control.py to drone_position_control.cpython-310.pyc
[0.860s] byte-compiling /home/james/drone_ws/install/sjtu_drone_control/lib/python3.10/site-packages/sjtu_drone_control/drone_utils/controllers.py to controllers.cpython-310.pyc
[0.861s] byte-compiling /home/james/drone_ws/install/sjtu_drone_control/lib/python3.10/site-packages/sjtu_drone_control/drone_utils/__init__.py to __init__.cpython-310.pyc
[0.861s] byte-compiling /home/james/drone_ws/install/sjtu_drone_control/lib/python3.10/site-packages/sjtu_drone_control/drone_utils/drone_object.py to drone_object.cpython-310.pyc
[0.862s] running install_data
[0.862s] creating /home/james/drone_ws/install/sjtu_drone_control/share/ament_index/resource_index/packages
[0.862s] copying resource/sjtu_drone_control -> /home/james/drone_ws/install/sjtu_drone_control/share/ament_index/resource_index/packages
[0.862s] copying package.xml -> /home/james/drone_ws/install/sjtu_drone_control/share/sjtu_drone_control
[0.862s] running install_egg_info
[0.873s] Copying ../../../build/sjtu_drone_control/sjtu_drone_control.egg-info to /home/james/drone_ws/install/sjtu_drone_control/lib/python3.10/site-packages/sjtu_drone_control-0.0.0-py3.10.egg-info
[0.874s] running install_scripts
[0.959s] Installing drone_position_control script to /home/james/drone_ws/install/sjtu_drone_control/lib/sjtu_drone_control
[0.960s] Installing open_loop_control script to /home/james/drone_ws/install/sjtu_drone_control/lib/sjtu_drone_control
[0.960s] Installing teleop script to /home/james/drone_ws/install/sjtu_drone_control/lib/sjtu_drone_control
[0.960s] Installing teleop_joystick script to /home/james/drone_ws/install/sjtu_drone_control/lib/sjtu_drone_control
[0.960s] writing list of installed files to '/home/james/drone_ws/build/sjtu_drone_control/install.log'
[0.977s] Invoked command in '/home/james/drone_ws/src/drone_ros2/sjtu_drone_control' returned '0': PYTHONPATH=/home/james/drone_ws/build/sjtu_drone_control/prefix_override:/usr/lib/python3/dist-packages/colcon_core/task/python/colcon_distutils_commands:/home/james/drone_ws/install/sjtu_drone_control/lib/python3.10/site-packages:${PYTHONPATH} /usr/bin/python3 -W ignore:setup.py install is deprecated setup.py egg_info --egg-base ../../../build/sjtu_drone_control build --build-base /home/james/drone_ws/build/sjtu_drone_control/build install --record /home/james/drone_ws/build/sjtu_drone_control/install.log --single-version-externally-managed install_data
