[0.388s] Invoking command in '/home/james/drone_ws/build/yolov8_msgs': CMAKE_PREFIX_PATH=${CMAKE_PREFIX_PATH}:/home/james/turtlebot3_ws/install/turtlebot3_teleop:/home/james/turtlebot3_ws/install/turtlebot3_example:/home/james/turtlebot3_ws/install/follow_waypoints:/opt/ros/humble /usr/bin/cmake --build /home/james/drone_ws/build/yolov8_msgs -- -j20 -l20
[0.459s] [  2%] Built target yolov8_msgs__cpp
[0.471s] [ 12%] Built target yolov8_msgs__rosidl_generator_c
[0.471s] [ 12%] Built target ament_cmake_python_symlink_yolov8_msgs
[0.503s] [ 23%] Built target yolov8_msgs__rosidl_typesupport_c
[0.505s] [ 33%] Built target yolov8_msgs__rosidl_typesupport_introspection_c
[0.505s] [ 43%] Built target yolov8_msgs__rosidl_typesupport_cpp
[0.506s] [ 58%] Built target yolov8_msgs__rosidl_typesupport_fastrtps_cpp
[0.506s] [ 64%] Built target yolov8_msgs__rosidl_typesupport_introspection_cpp
[0.508s] [ 74%] Built target yolov8_msgs__rosidl_typesupport_fastrtps_c
[0.537s] [ 74%] Built target yolov8_msgs
[0.570s] [ 76%] Built target yolov8_msgs__py
[0.604s] [ 84%] Built target yolov8_msgs__rosidl_generator_py
[0.639s] [ 89%] Built target yolov8_msgs__rosidl_typesupport_c__pyext
[0.640s] [ 94%] Built target yolov8_msgs__rosidl_typesupport_fastrtps_c__pyext
[0.645s] [100%] Built target yolov8_msgs__rosidl_typesupport_introspection_c__pyext
[0.758s] running egg_info
[0.793s] writing yolov8_msgs.egg-info/PKG-INFO
[0.793s] writing dependency_links to yolov8_msgs.egg-info/dependency_links.txt
[0.793s] writing top-level names to yolov8_msgs.egg-info/top_level.txt
[0.860s] reading manifest file 'yolov8_msgs.egg-info/SOURCES.txt'
[0.860s] writing manifest file 'yolov8_msgs.egg-info/SOURCES.txt'
[0.891s] [100%] Built target ament_cmake_python_build_yolov8_msgs_egg
[0.953s] Invoked command in '/home/james/drone_ws/build/yolov8_msgs' returned '0': CMAKE_PREFIX_PATH=${CMAKE_PREFIX_PATH}:/home/james/turtlebot3_ws/install/turtlebot3_teleop:/home/james/turtlebot3_ws/install/turtlebot3_example:/home/james/turtlebot3_ws/install/follow_waypoints:/opt/ros/humble /usr/bin/cmake --build /home/james/drone_ws/build/yolov8_msgs -- -j20 -l20
[1.078s] Invoking command in '/home/james/drone_ws/build/yolov8_msgs': CMAKE_PREFIX_PATH=${CMAKE_PREFIX_PATH}:/home/james/turtlebot3_ws/install/turtlebot3_teleop:/home/james/turtlebot3_ws/install/turtlebot3_example:/home/james/turtlebot3_ws/install/follow_waypoints:/opt/ros/humble /usr/bin/cmake --install /home/james/drone_ws/build/yolov8_msgs
[1.089s] -- Install configuration: ""
[1.089s] -- Execute custom install script
[1.090s] -- Up-to-date symlink: /home/james/drone_ws/install/yolov8_msgs/share/ament_index/resource_index/rosidl_interfaces/yolov8_msgs
[1.090s] -- Up-to-date symlink: /home/james/drone_ws/install/yolov8_msgs/include/yolov8_msgs/yolov8_msgs/msg/detail/inference_result__functions.h
[1.091s] -- Up-to-date symlink: /home/james/drone_ws/install/yolov8_msgs/include/yolov8_msgs/yolov8_msgs/msg/detail/inference_result__struct.h
[1.091s] -- Up-to-date symlink: /home/james/drone_ws/install/yolov8_msgs/include/yolov8_msgs/yolov8_msgs/msg/detail/inference_result__type_support.h
[1.091s] -- Up-to-date symlink: /home/james/drone_ws/install/yolov8_msgs/include/yolov8_msgs/yolov8_msgs/msg/detail/yolov8_inference__functions.h
[1.091s] -- Up-to-date symlink: /home/james/drone_ws/install/yolov8_msgs/include/yolov8_msgs/yolov8_msgs/msg/detail/yolov8_inference__struct.h
[1.091s] -- Up-to-date symlink: /home/james/drone_ws/install/yolov8_msgs/include/yolov8_msgs/yolov8_msgs/msg/detail/yolov8_inference__type_support.h
[1.091s] -- Up-to-date symlink: /home/james/drone_ws/install/yolov8_msgs/include/yolov8_msgs/yolov8_msgs/msg/inference_result.h
[1.091s] -- Up-to-date symlink: /home/james/drone_ws/install/yolov8_msgs/include/yolov8_msgs/yolov8_msgs/msg/rosidl_generator_c__visibility_control.h
[1.093s] -- Up-to-date symlink: /home/james/drone_ws/install/yolov8_msgs/include/yolov8_msgs/yolov8_msgs/msg/yolov8_inference.h
[1.093s] -- Up-to-date symlink: /home/james/drone_ws/install/yolov8_msgs/share/yolov8_msgs/environment/library_path.sh
[1.093s] -- Up-to-date symlink: /home/james/drone_ws/install/yolov8_msgs/share/yolov8_msgs/environment/library_path.dsv
[1.093s] -- Up-to-date symlink: /home/james/drone_ws/install/yolov8_msgs/include/yolov8_msgs/yolov8_msgs/msg/detail/inference_result__rosidl_typesupport_fastrtps_c.h
[1.093s] -- Up-to-date symlink: /home/james/drone_ws/install/yolov8_msgs/include/yolov8_msgs/yolov8_msgs/msg/detail/yolov8_inference__rosidl_typesupport_fastrtps_c.h
[1.093s] -- Up-to-date symlink: /home/james/drone_ws/install/yolov8_msgs/include/yolov8_msgs/yolov8_msgs/msg/rosidl_typesupport_fastrtps_c__visibility_control.h
[1.094s] -- Up-to-date symlink: /home/james/drone_ws/install/yolov8_msgs/include/yolov8_msgs/yolov8_msgs/msg/detail/inference_result__builder.hpp
[1.094s] -- Up-to-date symlink: /home/james/drone_ws/install/yolov8_msgs/include/yolov8_msgs/yolov8_msgs/msg/detail/inference_result__struct.hpp
[1.094s] -- Up-to-date symlink: /home/james/drone_ws/install/yolov8_msgs/include/yolov8_msgs/yolov8_msgs/msg/detail/inference_result__traits.hpp
[1.094s] -- Up-to-date symlink: /home/james/drone_ws/install/yolov8_msgs/include/yolov8_msgs/yolov8_msgs/msg/detail/yolov8_inference__builder.hpp
[1.094s] -- Up-to-date symlink: /home/james/drone_ws/install/yolov8_msgs/include/yolov8_msgs/yolov8_msgs/msg/detail/yolov8_inference__struct.hpp
[1.095s] -- Up-to-date symlink: /home/james/drone_ws/install/yolov8_msgs/include/yolov8_msgs/yolov8_msgs/msg/detail/yolov8_inference__traits.hpp
[1.095s] -- Up-to-date symlink: /home/james/drone_ws/install/yolov8_msgs/include/yolov8_msgs/yolov8_msgs/msg/inference_result.hpp
[1.095s] -- Up-to-date symlink: /home/james/drone_ws/install/yolov8_msgs/include/yolov8_msgs/yolov8_msgs/msg/yolov8_inference.hpp
[1.096s] -- Up-to-date symlink: /home/james/drone_ws/install/yolov8_msgs/include/yolov8_msgs/yolov8_msgs/msg/detail/inference_result__rosidl_typesupport_fastrtps_cpp.hpp
[1.097s] -- Up-to-date symlink: /home/james/drone_ws/install/yolov8_msgs/include/yolov8_msgs/yolov8_msgs/msg/detail/yolov8_inference__rosidl_typesupport_fastrtps_cpp.hpp
[1.097s] -- Up-to-date symlink: /home/james/drone_ws/install/yolov8_msgs/include/yolov8_msgs/yolov8_msgs/msg/rosidl_typesupport_fastrtps_cpp__visibility_control.h
[1.097s] -- Up-to-date symlink: /home/james/drone_ws/install/yolov8_msgs/include/yolov8_msgs/yolov8_msgs/msg/detail/inference_result__rosidl_typesupport_introspection_c.h
[1.097s] -- Up-to-date symlink: /home/james/drone_ws/install/yolov8_msgs/include/yolov8_msgs/yolov8_msgs/msg/detail/yolov8_inference__rosidl_typesupport_introspection_c.h
[1.097s] -- Up-to-date symlink: /home/james/drone_ws/install/yolov8_msgs/include/yolov8_msgs/yolov8_msgs/msg/rosidl_typesupport_introspection_c__visibility_control.h
[1.097s] -- Up-to-date symlink: /home/james/drone_ws/install/yolov8_msgs/include/yolov8_msgs/yolov8_msgs/msg/detail/inference_result__rosidl_typesupport_introspection_cpp.hpp
[1.097s] -- Up-to-date symlink: /home/james/drone_ws/install/yolov8_msgs/include/yolov8_msgs/yolov8_msgs/msg/detail/yolov8_inference__rosidl_typesupport_introspection_cpp.hpp
[1.097s] -- Up-to-date symlink: /home/james/drone_ws/install/yolov8_msgs/share/yolov8_msgs/environment/pythonpath.sh
[1.097s] -- Up-to-date symlink: /home/james/drone_ws/install/yolov8_msgs/share/yolov8_msgs/environment/pythonpath.dsv
[1.097s] -- Up-to-date symlink: /home/james/drone_ws/install/yolov8_msgs/local/lib/python3.10/dist-packages/yolov8_msgs-0.0.0-py3.10.egg-info/PKG-INFO
[1.097s] -- Up-to-date symlink: /home/james/drone_ws/install/yolov8_msgs/local/lib/python3.10/dist-packages/yolov8_msgs-0.0.0-py3.10.egg-info/SOURCES.txt
[1.097s] -- Up-to-date symlink: /home/james/drone_ws/install/yolov8_msgs/local/lib/python3.10/dist-packages/yolov8_msgs-0.0.0-py3.10.egg-info/dependency_links.txt
[1.097s] -- Up-to-date symlink: /home/james/drone_ws/install/yolov8_msgs/local/lib/python3.10/dist-packages/yolov8_msgs-0.0.0-py3.10.egg-info/top_level.txt
[1.098s] -- Up-to-date symlink: /home/james/drone_ws/install/yolov8_msgs/local/lib/python3.10/dist-packages/yolov8_msgs/__init__.py
[1.098s] -- Up-to-date symlink: /home/james/drone_ws/install/yolov8_msgs/local/lib/python3.10/dist-packages/yolov8_msgs/_yolov8_msgs_s.ep.rosidl_typesupport_c.c
[1.098s] -- Up-to-date symlink: /home/james/drone_ws/install/yolov8_msgs/local/lib/python3.10/dist-packages/yolov8_msgs/_yolov8_msgs_s.ep.rosidl_typesupport_fastrtps_c.c
[1.099s] -- Up-to-date symlink: /home/james/drone_ws/install/yolov8_msgs/local/lib/python3.10/dist-packages/yolov8_msgs/_yolov8_msgs_s.ep.rosidl_typesupport_introspection_c.c
[1.099s] -- Up-to-date symlink: /home/james/drone_ws/install/yolov8_msgs/local/lib/python3.10/dist-packages/yolov8_msgs/libyolov8_msgs__rosidl_generator_py.so
[1.099s] -- Up-to-date symlink: /home/james/drone_ws/install/yolov8_msgs/local/lib/python3.10/dist-packages/yolov8_msgs/msg/__init__.py
[1.099s] -- Up-to-date symlink: /home/james/drone_ws/install/yolov8_msgs/local/lib/python3.10/dist-packages/yolov8_msgs/msg/_inference_result.py
[1.099s] -- Up-to-date symlink: /home/james/drone_ws/install/yolov8_msgs/local/lib/python3.10/dist-packages/yolov8_msgs/msg/_inference_result_s.c
[1.099s] -- Up-to-date symlink: /home/james/drone_ws/install/yolov8_msgs/local/lib/python3.10/dist-packages/yolov8_msgs/msg/_yolov8_inference.py
[1.099s] -- Up-to-date symlink: /home/james/drone_ws/install/yolov8_msgs/local/lib/python3.10/dist-packages/yolov8_msgs/msg/_yolov8_inference_s.c
[1.099s] -- Up-to-date symlink: /home/james/drone_ws/install/yolov8_msgs/local/lib/python3.10/dist-packages/yolov8_msgs/yolov8_msgs_s__rosidl_typesupport_c.cpython-310-x86_64-linux-gnu.so
[1.099s] -- Up-to-date symlink: /home/james/drone_ws/install/yolov8_msgs/local/lib/python3.10/dist-packages/yolov8_msgs/yolov8_msgs_s__rosidl_typesupport_fastrtps_c.cpython-310-x86_64-linux-gnu.so
[1.099s] -- Up-to-date symlink: /home/james/drone_ws/install/yolov8_msgs/local/lib/python3.10/dist-packages/yolov8_msgs/yolov8_msgs_s__rosidl_typesupport_introspection_c.cpython-310-x86_64-linux-gnu.so
[1.099s] -- Up-to-date symlink: /home/james/drone_ws/install/yolov8_msgs/local/lib/python3.10/dist-packages/yolov8_msgs/yolov8_msgs_s__rosidl_typesupport_fastrtps_c.cpython-310-x86_64-linux-gnu.so
[1.100s] -- Up-to-date symlink: /home/james/drone_ws/install/yolov8_msgs/local/lib/python3.10/dist-packages/yolov8_msgs/yolov8_msgs_s__rosidl_typesupport_introspection_c.cpython-310-x86_64-linux-gnu.so
[1.100s] -- Up-to-date symlink: /home/james/drone_ws/install/yolov8_msgs/local/lib/python3.10/dist-packages/yolov8_msgs/yolov8_msgs_s__rosidl_typesupport_c.cpython-310-x86_64-linux-gnu.so
[1.100s] -- Up-to-date symlink: /home/james/drone_ws/install/yolov8_msgs/share/yolov8_msgs/msg/InferenceResult.idl
[1.100s] -- Up-to-date symlink: /home/james/drone_ws/install/yolov8_msgs/share/yolov8_msgs/msg/Yolov8Inference.idl
[1.100s] -- Up-to-date symlink: /home/james/drone_ws/install/yolov8_msgs/share/yolov8_msgs/msg/InferenceResult.msg
[1.100s] -- Up-to-date symlink: /home/james/drone_ws/install/yolov8_msgs/share/yolov8_msgs/msg/Yolov8Inference.msg
[1.100s] -- Up-to-date symlink: /home/james/drone_ws/install/yolov8_msgs/share/ament_index/resource_index/package_run_dependencies/yolov8_msgs
[1.100s] -- Up-to-date symlink: /home/james/drone_ws/install/yolov8_msgs/share/ament_index/resource_index/parent_prefix_path/yolov8_msgs
[1.101s] -- Up-to-date symlink: /home/james/drone_ws/install/yolov8_msgs/share/yolov8_msgs/environment/ament_prefix_path.sh
[1.101s] -- Up-to-date symlink: /home/james/drone_ws/install/yolov8_msgs/share/yolov8_msgs/environment/ament_prefix_path.dsv
[1.102s] -- Up-to-date symlink: /home/james/drone_ws/install/yolov8_msgs/share/yolov8_msgs/environment/path.sh
[1.102s] -- Up-to-date symlink: /home/james/drone_ws/install/yolov8_msgs/share/yolov8_msgs/environment/path.dsv
[1.102s] -- Up-to-date symlink: /home/james/drone_ws/install/yolov8_msgs/share/yolov8_msgs/local_setup.bash
[1.102s] -- Up-to-date symlink: /home/james/drone_ws/install/yolov8_msgs/share/yolov8_msgs/local_setup.sh
[1.102s] -- Up-to-date symlink: /home/james/drone_ws/install/yolov8_msgs/share/yolov8_msgs/local_setup.zsh
[1.102s] -- Up-to-date symlink: /home/james/drone_ws/install/yolov8_msgs/share/yolov8_msgs/local_setup.dsv
[1.103s] -- Symlinking: /home/james/drone_ws/install/yolov8_msgs/share/yolov8_msgs/package.dsv
[1.115s] -- Up-to-date symlink: /home/james/drone_ws/install/yolov8_msgs/share/ament_index/resource_index/packages/yolov8_msgs
[1.115s] -- Up-to-date symlink: /home/james/drone_ws/install/yolov8_msgs/share/yolov8_msgs/cmake/rosidl_cmake-extras.cmake
[1.117s] -- Up-to-date symlink: /home/james/drone_ws/install/yolov8_msgs/share/yolov8_msgs/cmake/ament_cmake_export_dependencies-extras.cmake
[1.117s] -- Up-to-date symlink: /home/james/drone_ws/install/yolov8_msgs/share/yolov8_msgs/cmake/ament_cmake_export_include_directories-extras.cmake
[1.117s] -- Up-to-date symlink: /home/james/drone_ws/install/yolov8_msgs/share/yolov8_msgs/cmake/ament_cmake_export_libraries-extras.cmake
[1.117s] -- Up-to-date symlink: /home/james/drone_ws/install/yolov8_msgs/share/yolov8_msgs/cmake/ament_cmake_export_targets-extras.cmake
[1.117s] -- Up-to-date symlink: /home/james/drone_ws/install/yolov8_msgs/share/yolov8_msgs/cmake/rosidl_cmake_export_typesupport_targets-extras.cmake
[1.117s] -- Up-to-date symlink: /home/james/drone_ws/install/yolov8_msgs/share/yolov8_msgs/cmake/rosidl_cmake_export_typesupport_libraries-extras.cmake
[1.117s] -- Up-to-date symlink: /home/james/drone_ws/install/yolov8_msgs/share/yolov8_msgs/cmake/yolov8_msgsConfig.cmake
[1.117s] -- Up-to-date symlink: /home/james/drone_ws/install/yolov8_msgs/share/yolov8_msgs/cmake/yolov8_msgsConfig-version.cmake
[1.117s] -- Up-to-date symlink: /home/james/drone_ws/install/yolov8_msgs/share/yolov8_msgs/package.xml
[1.118s] -- Up-to-date: /home/james/drone_ws/install/yolov8_msgs/lib/libyolov8_msgs__rosidl_generator_c.so
[1.119s] -- Up-to-date: /home/james/drone_ws/install/yolov8_msgs/lib/libyolov8_msgs__rosidl_typesupport_fastrtps_c.so
[1.119s] -- Up-to-date: /home/james/drone_ws/install/yolov8_msgs/lib/libyolov8_msgs__rosidl_typesupport_fastrtps_cpp.so
[1.120s] -- Up-to-date: /home/james/drone_ws/install/yolov8_msgs/lib/libyolov8_msgs__rosidl_typesupport_introspection_c.so
[1.120s] -- Up-to-date: /home/james/drone_ws/install/yolov8_msgs/lib/libyolov8_msgs__rosidl_typesupport_c.so
[1.121s] -- Up-to-date: /home/james/drone_ws/install/yolov8_msgs/lib/libyolov8_msgs__rosidl_typesupport_introspection_cpp.so
[1.121s] -- Up-to-date: /home/james/drone_ws/install/yolov8_msgs/lib/libyolov8_msgs__rosidl_typesupport_cpp.so
[1.170s] Listing '/home/james/drone_ws/install/yolov8_msgs/local/lib/python3.10/dist-packages/yolov8_msgs'...
[1.170s] Listing '/home/james/drone_ws/install/yolov8_msgs/local/lib/python3.10/dist-packages/yolov8_msgs/msg'...
[1.177s] -- Up-to-date: /home/james/drone_ws/install/yolov8_msgs/lib/libyolov8_msgs__rosidl_generator_py.so
[1.177s] -- Up-to-date: /home/james/drone_ws/install/yolov8_msgs/share/yolov8_msgs/cmake/export_yolov8_msgs__rosidl_generator_cExport.cmake
[1.178s] -- Up-to-date: /home/james/drone_ws/install/yolov8_msgs/share/yolov8_msgs/cmake/export_yolov8_msgs__rosidl_generator_cExport-noconfig.cmake
[1.178s] -- Up-to-date: /home/james/drone_ws/install/yolov8_msgs/share/yolov8_msgs/cmake/export_yolov8_msgs__rosidl_typesupport_fastrtps_cExport.cmake
[1.178s] -- Up-to-date: /home/james/drone_ws/install/yolov8_msgs/share/yolov8_msgs/cmake/export_yolov8_msgs__rosidl_typesupport_fastrtps_cExport-noconfig.cmake
[1.178s] -- Up-to-date: /home/james/drone_ws/install/yolov8_msgs/share/yolov8_msgs/cmake/export_yolov8_msgs__rosidl_generator_cppExport.cmake
[1.179s] -- Up-to-date: /home/james/drone_ws/install/yolov8_msgs/share/yolov8_msgs/cmake/export_yolov8_msgs__rosidl_typesupport_fastrtps_cppExport.cmake
[1.179s] -- Up-to-date: /home/james/drone_ws/install/yolov8_msgs/share/yolov8_msgs/cmake/export_yolov8_msgs__rosidl_typesupport_fastrtps_cppExport-noconfig.cmake
[1.180s] -- Up-to-date: /home/james/drone_ws/install/yolov8_msgs/share/yolov8_msgs/cmake/yolov8_msgs__rosidl_typesupport_introspection_cExport.cmake
[1.180s] -- Up-to-date: /home/james/drone_ws/install/yolov8_msgs/share/yolov8_msgs/cmake/yolov8_msgs__rosidl_typesupport_introspection_cExport-noconfig.cmake
[1.180s] -- Up-to-date: /home/james/drone_ws/install/yolov8_msgs/share/yolov8_msgs/cmake/yolov8_msgs__rosidl_typesupport_cExport.cmake
[1.180s] -- Up-to-date: /home/james/drone_ws/install/yolov8_msgs/share/yolov8_msgs/cmake/yolov8_msgs__rosidl_typesupport_cExport-noconfig.cmake
[1.180s] -- Up-to-date: /home/james/drone_ws/install/yolov8_msgs/share/yolov8_msgs/cmake/yolov8_msgs__rosidl_typesupport_introspection_cppExport.cmake
[1.180s] -- Up-to-date: /home/james/drone_ws/install/yolov8_msgs/share/yolov8_msgs/cmake/yolov8_msgs__rosidl_typesupport_introspection_cppExport-noconfig.cmake
[1.181s] -- Up-to-date: /home/james/drone_ws/install/yolov8_msgs/share/yolov8_msgs/cmake/yolov8_msgs__rosidl_typesupport_cppExport.cmake
[1.181s] -- Up-to-date: /home/james/drone_ws/install/yolov8_msgs/share/yolov8_msgs/cmake/yolov8_msgs__rosidl_typesupport_cppExport-noconfig.cmake
[1.181s] -- Up-to-date: /home/james/drone_ws/install/yolov8_msgs/share/yolov8_msgs/cmake/export_yolov8_msgs__rosidl_generator_pyExport.cmake
[1.181s] -- Up-to-date: /home/james/drone_ws/install/yolov8_msgs/share/yolov8_msgs/cmake/export_yolov8_msgs__rosidl_generator_pyExport-noconfig.cmake
[1.189s] Invoked command in '/home/james/drone_ws/build/yolov8_msgs' returned '0': CMAKE_PREFIX_PATH=${CMAKE_PREFIX_PATH}:/home/james/turtlebot3_ws/install/turtlebot3_teleop:/home/james/turtlebot3_ws/install/turtlebot3_example:/home/james/turtlebot3_ws/install/follow_waypoints:/opt/ros/humble /usr/bin/cmake --install /home/james/drone_ws/build/yolov8_msgs
