[0.072s] DEBUG:colcon:Command line arguments: ['/usr/bin/colcon', 'build', '--symlink-install']
[0.072s] DEBUG:colcon:Parsed command line arguments: Namespace(log_base=None, log_level=None, verb_name='build', build_base='build', install_base='install', merge_install=False, symlink_install=True, test_result_base=None, continue_on_error=False, executor='parallel', parallel_workers=20, event_handlers=None, ignore_user_meta=False, metas=['./colcon.meta'], base_paths=['.'], packages_ignore=None, packages_ignore_regex=None, paths=None, packages_up_to=None, packages_up_to_regex=None, packages_above=None, packages_above_and_dependencies=None, packages_above_depth=None, packages_select_by_dep=None, packages_skip_by_dep=None, packages_skip_up_to=None, packages_select_build_failed=False, packages_skip_build_finished=False, packages_select_test_failures=False, packages_skip_test_passed=False, packages_select=None, packages_skip=None, packages_select_regex=None, packages_skip_regex=None, packages_start=None, packages_end=None, allow_overriding=[], cmake_args=None, cmake_target=None, cmake_target_skip_unavailable=False, cmake_clean_cache=False, cmake_clean_first=False, cmake_force_configure=False, ament_cmake_args=None, catkin_cmake_args=None, catkin_skip_building_tests=False, mixin_files=None, mixin=None, verb_parser=<colcon_mixin.mixin.mixin_argument.MixinArgumentDecorator object at 0x7a0c4cc751b0>, verb_extension=<colcon_core.verb.build.BuildVerb object at 0x7a0c4cd85f00>, main=<bound method BuildVerb.main of <colcon_core.verb.build.BuildVerb object at 0x7a0c4cd85f00>>, mixin_verb=('build',))
[0.097s] Level 1:colcon.colcon_core.package_discovery:discover_packages(colcon_meta) check parameters
[0.097s] Level 1:colcon.colcon_core.package_discovery:discover_packages(recursive) check parameters
[0.097s] Level 1:colcon.colcon_core.package_discovery:discover_packages(ignore) check parameters
[0.097s] Level 1:colcon.colcon_core.package_discovery:discover_packages(path) check parameters
[0.097s] Level 1:colcon.colcon_core.package_discovery:discover_packages(colcon_meta) discover
[0.097s] Level 1:colcon.colcon_core.package_discovery:discover_packages(recursive) discover
[0.097s] INFO:colcon.colcon_core.package_discovery:Crawling recursively for packages in '/home/james/drone_ws'
[0.098s] Level 1:colcon.colcon_core.package_identification:_identify(.) by extensions ['ignore', 'ignore_ament_install']
[0.098s] Level 1:colcon.colcon_core.package_identification:_identify(.) by extension 'ignore'
[0.098s] Level 1:colcon.colcon_core.package_identification:_identify(.) by extension 'ignore_ament_install'
[0.098s] Level 1:colcon.colcon_core.package_identification:_identify(.) by extensions ['colcon_pkg']
[0.098s] Level 1:colcon.colcon_core.package_identification:_identify(.) by extension 'colcon_pkg'
[0.098s] Level 1:colcon.colcon_core.package_identification:_identify(.) by extensions ['colcon_meta']
[0.098s] Level 1:colcon.colcon_core.package_identification:_identify(.) by extension 'colcon_meta'
[0.098s] Level 1:colcon.colcon_core.package_identification:_identify(.) by extensions ['ros']
[0.098s] Level 1:colcon.colcon_core.package_identification:_identify(.) by extension 'ros'
[0.108s] Level 1:colcon.colcon_core.package_identification:_identify(.) by extensions ['cmake', 'python']
[0.108s] Level 1:colcon.colcon_core.package_identification:_identify(.) by extension 'cmake'
[0.108s] Level 1:colcon.colcon_core.package_identification:_identify(.) by extension 'python'
[0.108s] Level 1:colcon.colcon_core.package_identification:_identify(.) by extensions ['python_setup_py']
[0.108s] Level 1:colcon.colcon_core.package_identification:_identify(.) by extension 'python_setup_py'
[0.108s] Level 1:colcon.colcon_core.package_identification:_identify(build) by extensions ['ignore', 'ignore_ament_install']
[0.108s] Level 1:colcon.colcon_core.package_identification:_identify(build) by extension 'ignore'
[0.108s] Level 1:colcon.colcon_core.package_identification:_identify(build) ignored
[0.108s] Level 1:colcon.colcon_core.package_identification:_identify(install) by extensions ['ignore', 'ignore_ament_install']
[0.109s] Level 1:colcon.colcon_core.package_identification:_identify(install) by extension 'ignore'
[0.109s] Level 1:colcon.colcon_core.package_identification:_identify(install) ignored
[0.109s] Level 1:colcon.colcon_core.package_identification:_identify(log) by extensions ['ignore', 'ignore_ament_install']
[0.109s] Level 1:colcon.colcon_core.package_identification:_identify(log) by extension 'ignore'
[0.109s] Level 1:colcon.colcon_core.package_identification:_identify(log) ignored
[0.109s] Level 1:colcon.colcon_core.package_identification:_identify(src) by extensions ['ignore', 'ignore_ament_install']
[0.109s] Level 1:colcon.colcon_core.package_identification:_identify(src) by extension 'ignore'
[0.109s] Level 1:colcon.colcon_core.package_identification:_identify(src) by extension 'ignore_ament_install'
[0.109s] Level 1:colcon.colcon_core.package_identification:_identify(src) by extensions ['colcon_pkg']
[0.109s] Level 1:colcon.colcon_core.package_identification:_identify(src) by extension 'colcon_pkg'
[0.109s] Level 1:colcon.colcon_core.package_identification:_identify(src) by extensions ['colcon_meta']
[0.109s] Level 1:colcon.colcon_core.package_identification:_identify(src) by extension 'colcon_meta'
[0.109s] Level 1:colcon.colcon_core.package_identification:_identify(src) by extensions ['ros']
[0.109s] Level 1:colcon.colcon_core.package_identification:_identify(src) by extension 'ros'
[0.109s] Level 1:colcon.colcon_core.package_identification:_identify(src) by extensions ['cmake', 'python']
[0.109s] Level 1:colcon.colcon_core.package_identification:_identify(src) by extension 'cmake'
[0.109s] Level 1:colcon.colcon_core.package_identification:_identify(src) by extension 'python'
[0.109s] Level 1:colcon.colcon_core.package_identification:_identify(src) by extensions ['python_setup_py']
[0.109s] Level 1:colcon.colcon_core.package_identification:_identify(src) by extension 'python_setup_py'
[0.109s] Level 1:colcon.colcon_core.package_identification:_identify(src/drone_ros2) by extensions ['ignore', 'ignore_ament_install']
[0.109s] Level 1:colcon.colcon_core.package_identification:_identify(src/drone_ros2) by extension 'ignore'
[0.109s] Level 1:colcon.colcon_core.package_identification:_identify(src/drone_ros2) by extension 'ignore_ament_install'
[0.109s] Level 1:colcon.colcon_core.package_identification:_identify(src/drone_ros2) by extensions ['colcon_pkg']
[0.109s] Level 1:colcon.colcon_core.package_identification:_identify(src/drone_ros2) by extension 'colcon_pkg'
[0.109s] Level 1:colcon.colcon_core.package_identification:_identify(src/drone_ros2) by extensions ['colcon_meta']
[0.109s] Level 1:colcon.colcon_core.package_identification:_identify(src/drone_ros2) by extension 'colcon_meta'
[0.109s] Level 1:colcon.colcon_core.package_identification:_identify(src/drone_ros2) by extensions ['ros']
[0.109s] Level 1:colcon.colcon_core.package_identification:_identify(src/drone_ros2) by extension 'ros'
[0.109s] Level 1:colcon.colcon_core.package_identification:_identify(src/drone_ros2) by extensions ['cmake', 'python']
[0.109s] Level 1:colcon.colcon_core.package_identification:_identify(src/drone_ros2) by extension 'cmake'
[0.110s] Level 1:colcon.colcon_core.package_identification:_identify(src/drone_ros2) by extension 'python'
[0.110s] Level 1:colcon.colcon_core.package_identification:_identify(src/drone_ros2) by extensions ['python_setup_py']
[0.110s] Level 1:colcon.colcon_core.package_identification:_identify(src/drone_ros2) by extension 'python_setup_py'
[0.110s] Level 1:colcon.colcon_core.package_identification:_identify(src/drone_ros2/imgs) by extensions ['ignore', 'ignore_ament_install']
[0.110s] Level 1:colcon.colcon_core.package_identification:_identify(src/drone_ros2/imgs) by extension 'ignore'
[0.110s] Level 1:colcon.colcon_core.package_identification:_identify(src/drone_ros2/imgs) by extension 'ignore_ament_install'
[0.110s] Level 1:colcon.colcon_core.package_identification:_identify(src/drone_ros2/imgs) by extensions ['colcon_pkg']
[0.110s] Level 1:colcon.colcon_core.package_identification:_identify(src/drone_ros2/imgs) by extension 'colcon_pkg'
[0.110s] Level 1:colcon.colcon_core.package_identification:_identify(src/drone_ros2/imgs) by extensions ['colcon_meta']
[0.110s] Level 1:colcon.colcon_core.package_identification:_identify(src/drone_ros2/imgs) by extension 'colcon_meta'
[0.110s] Level 1:colcon.colcon_core.package_identification:_identify(src/drone_ros2/imgs) by extensions ['ros']
[0.110s] Level 1:colcon.colcon_core.package_identification:_identify(src/drone_ros2/imgs) by extension 'ros'
[0.110s] Level 1:colcon.colcon_core.package_identification:_identify(src/drone_ros2/imgs) by extensions ['cmake', 'python']
[0.110s] Level 1:colcon.colcon_core.package_identification:_identify(src/drone_ros2/imgs) by extension 'cmake'
[0.110s] Level 1:colcon.colcon_core.package_identification:_identify(src/drone_ros2/imgs) by extension 'python'
[0.110s] Level 1:colcon.colcon_core.package_identification:_identify(src/drone_ros2/imgs) by extensions ['python_setup_py']
[0.110s] Level 1:colcon.colcon_core.package_identification:_identify(src/drone_ros2/imgs) by extension 'python_setup_py'
[0.110s] Level 1:colcon.colcon_core.package_identification:_identify(src/drone_ros2/sjtu_drone_bringup) by extensions ['ignore', 'ignore_ament_install']
[0.110s] Level 1:colcon.colcon_core.package_identification:_identify(src/drone_ros2/sjtu_drone_bringup) by extension 'ignore'
[0.110s] Level 1:colcon.colcon_core.package_identification:_identify(src/drone_ros2/sjtu_drone_bringup) by extension 'ignore_ament_install'
[0.110s] Level 1:colcon.colcon_core.package_identification:_identify(src/drone_ros2/sjtu_drone_bringup) by extensions ['colcon_pkg']
[0.110s] Level 1:colcon.colcon_core.package_identification:_identify(src/drone_ros2/sjtu_drone_bringup) by extension 'colcon_pkg'
[0.110s] Level 1:colcon.colcon_core.package_identification:_identify(src/drone_ros2/sjtu_drone_bringup) by extensions ['colcon_meta']
[0.110s] Level 1:colcon.colcon_core.package_identification:_identify(src/drone_ros2/sjtu_drone_bringup) by extension 'colcon_meta'
[0.110s] Level 1:colcon.colcon_core.package_identification:_identify(src/drone_ros2/sjtu_drone_bringup) by extensions ['ros']
[0.110s] Level 1:colcon.colcon_core.package_identification:_identify(src/drone_ros2/sjtu_drone_bringup) by extension 'ros'
[0.112s] DEBUG:colcon.colcon_core.package_identification:Package 'src/drone_ros2/sjtu_drone_bringup' with type 'ros.ament_python' and name 'sjtu_drone_bringup'
[0.112s] Level 1:colcon.colcon_core.package_identification:_identify(src/drone_ros2/sjtu_drone_control) by extensions ['ignore', 'ignore_ament_install']
[0.112s] Level 1:colcon.colcon_core.package_identification:_identify(src/drone_ros2/sjtu_drone_control) by extension 'ignore'
[0.112s] Level 1:colcon.colcon_core.package_identification:_identify(src/drone_ros2/sjtu_drone_control) by extension 'ignore_ament_install'
[0.112s] Level 1:colcon.colcon_core.package_identification:_identify(src/drone_ros2/sjtu_drone_control) by extensions ['colcon_pkg']
[0.112s] Level 1:colcon.colcon_core.package_identification:_identify(src/drone_ros2/sjtu_drone_control) by extension 'colcon_pkg'
[0.112s] Level 1:colcon.colcon_core.package_identification:_identify(src/drone_ros2/sjtu_drone_control) by extensions ['colcon_meta']
[0.112s] Level 1:colcon.colcon_core.package_identification:_identify(src/drone_ros2/sjtu_drone_control) by extension 'colcon_meta'
[0.112s] Level 1:colcon.colcon_core.package_identification:_identify(src/drone_ros2/sjtu_drone_control) by extensions ['ros']
[0.113s] Level 1:colcon.colcon_core.package_identification:_identify(src/drone_ros2/sjtu_drone_control) by extension 'ros'
[0.113s] DEBUG:colcon.colcon_core.package_identification:Package 'src/drone_ros2/sjtu_drone_control' with type 'ros.ament_python' and name 'sjtu_drone_control'
[0.113s] Level 1:colcon.colcon_core.package_identification:_identify(src/drone_ros2/sjtu_drone_description) by extensions ['ignore', 'ignore_ament_install']
[0.113s] Level 1:colcon.colcon_core.package_identification:_identify(src/drone_ros2/sjtu_drone_description) by extension 'ignore'
[0.113s] Level 1:colcon.colcon_core.package_identification:_identify(src/drone_ros2/sjtu_drone_description) by extension 'ignore_ament_install'
[0.113s] Level 1:colcon.colcon_core.package_identification:_identify(src/drone_ros2/sjtu_drone_description) by extensions ['colcon_pkg']
[0.113s] Level 1:colcon.colcon_core.package_identification:_identify(src/drone_ros2/sjtu_drone_description) by extension 'colcon_pkg'
[0.113s] Level 1:colcon.colcon_core.package_identification:_identify(src/drone_ros2/sjtu_drone_description) by extensions ['colcon_meta']
[0.113s] Level 1:colcon.colcon_core.package_identification:_identify(src/drone_ros2/sjtu_drone_description) by extension 'colcon_meta'
[0.113s] Level 1:colcon.colcon_core.package_identification:_identify(src/drone_ros2/sjtu_drone_description) by extensions ['ros']
[0.113s] Level 1:colcon.colcon_core.package_identification:_identify(src/drone_ros2/sjtu_drone_description) by extension 'ros'
[0.114s] DEBUG:colcon.colcon_core.package_identification:Package 'src/drone_ros2/sjtu_drone_description' with type 'ros.ament_cmake' and name 'sjtu_drone_description'
[0.114s] Level 1:colcon.colcon_core.package_identification:_identify(src/drone_ros2/yolobot_recognition) by extensions ['ignore', 'ignore_ament_install']
[0.114s] Level 1:colcon.colcon_core.package_identification:_identify(src/drone_ros2/yolobot_recognition) by extension 'ignore'
[0.114s] Level 1:colcon.colcon_core.package_identification:_identify(src/drone_ros2/yolobot_recognition) by extension 'ignore_ament_install'
[0.114s] Level 1:colcon.colcon_core.package_identification:_identify(src/drone_ros2/yolobot_recognition) by extensions ['colcon_pkg']
[0.114s] Level 1:colcon.colcon_core.package_identification:_identify(src/drone_ros2/yolobot_recognition) by extension 'colcon_pkg'
[0.114s] Level 1:colcon.colcon_core.package_identification:_identify(src/drone_ros2/yolobot_recognition) by extensions ['colcon_meta']
[0.114s] Level 1:colcon.colcon_core.package_identification:_identify(src/drone_ros2/yolobot_recognition) by extension 'colcon_meta'
[0.114s] Level 1:colcon.colcon_core.package_identification:_identify(src/drone_ros2/yolobot_recognition) by extensions ['ros']
[0.114s] Level 1:colcon.colcon_core.package_identification:_identify(src/drone_ros2/yolobot_recognition) by extension 'ros'
[0.115s] DEBUG:colcon.colcon_core.package_identification:Package 'src/drone_ros2/yolobot_recognition' with type 'ros.ament_cmake' and name 'yolobot_recognition'
[0.115s] Level 1:colcon.colcon_core.package_identification:_identify(src/drone_ros2/yolov8_msgs) by extensions ['ignore', 'ignore_ament_install']
[0.115s] Level 1:colcon.colcon_core.package_identification:_identify(src/drone_ros2/yolov8_msgs) by extension 'ignore'
[0.115s] Level 1:colcon.colcon_core.package_identification:_identify(src/drone_ros2/yolov8_msgs) by extension 'ignore_ament_install'
[0.115s] Level 1:colcon.colcon_core.package_identification:_identify(src/drone_ros2/yolov8_msgs) by extensions ['colcon_pkg']
[0.115s] Level 1:colcon.colcon_core.package_identification:_identify(src/drone_ros2/yolov8_msgs) by extension 'colcon_pkg'
[0.115s] Level 1:colcon.colcon_core.package_identification:_identify(src/drone_ros2/yolov8_msgs) by extensions ['colcon_meta']
[0.115s] Level 1:colcon.colcon_core.package_identification:_identify(src/drone_ros2/yolov8_msgs) by extension 'colcon_meta'
[0.115s] Level 1:colcon.colcon_core.package_identification:_identify(src/drone_ros2/yolov8_msgs) by extensions ['ros']
[0.115s] Level 1:colcon.colcon_core.package_identification:_identify(src/drone_ros2/yolov8_msgs) by extension 'ros'
[0.115s] DEBUG:colcon.colcon_core.package_identification:Package 'src/drone_ros2/yolov8_msgs' with type 'ros.ament_cmake' and name 'yolov8_msgs'
[0.115s] Level 1:colcon.colcon_core.package_identification:_identify(~) by extensions ['ignore', 'ignore_ament_install']
[0.115s] Level 1:colcon.colcon_core.package_identification:_identify(~) by extension 'ignore'
[0.116s] Level 1:colcon.colcon_core.package_identification:_identify(~) by extension 'ignore_ament_install'
[0.116s] Level 1:colcon.colcon_core.package_identification:_identify(~) by extensions ['colcon_pkg']
[0.116s] Level 1:colcon.colcon_core.package_identification:_identify(~) by extension 'colcon_pkg'
[0.116s] Level 1:colcon.colcon_core.package_identification:_identify(~) by extensions ['colcon_meta']
[0.116s] Level 1:colcon.colcon_core.package_identification:_identify(~) by extension 'colcon_meta'
[0.116s] Level 1:colcon.colcon_core.package_identification:_identify(~) by extensions ['ros']
[0.116s] Level 1:colcon.colcon_core.package_identification:_identify(~) by extension 'ros'
[0.116s] Level 1:colcon.colcon_core.package_identification:_identify(~) by extensions ['cmake', 'python']
[0.116s] Level 1:colcon.colcon_core.package_identification:_identify(~) by extension 'cmake'
[0.116s] Level 1:colcon.colcon_core.package_identification:_identify(~) by extension 'python'
[0.116s] Level 1:colcon.colcon_core.package_identification:_identify(~) by extensions ['python_setup_py']
[0.116s] Level 1:colcon.colcon_core.package_identification:_identify(~) by extension 'python_setup_py'
[0.116s] Level 1:colcon.colcon_core.package_identification:_identify(~/yolobot) by extensions ['ignore', 'ignore_ament_install']
[0.116s] Level 1:colcon.colcon_core.package_identification:_identify(~/yolobot) by extension 'ignore'
[0.116s] Level 1:colcon.colcon_core.package_identification:_identify(~/yolobot) by extension 'ignore_ament_install'
[0.116s] Level 1:colcon.colcon_core.package_identification:_identify(~/yolobot) by extensions ['colcon_pkg']
[0.116s] Level 1:colcon.colcon_core.package_identification:_identify(~/yolobot) by extension 'colcon_pkg'
[0.116s] Level 1:colcon.colcon_core.package_identification:_identify(~/yolobot) by extensions ['colcon_meta']
[0.116s] Level 1:colcon.colcon_core.package_identification:_identify(~/yolobot) by extension 'colcon_meta'
[0.116s] Level 1:colcon.colcon_core.package_identification:_identify(~/yolobot) by extensions ['ros']
[0.116s] Level 1:colcon.colcon_core.package_identification:_identify(~/yolobot) by extension 'ros'
[0.116s] Level 1:colcon.colcon_core.package_identification:_identify(~/yolobot) by extensions ['cmake', 'python']
[0.116s] Level 1:colcon.colcon_core.package_identification:_identify(~/yolobot) by extension 'cmake'
[0.116s] Level 1:colcon.colcon_core.package_identification:_identify(~/yolobot) by extension 'python'
[0.116s] Level 1:colcon.colcon_core.package_identification:_identify(~/yolobot) by extensions ['python_setup_py']
[0.116s] Level 1:colcon.colcon_core.package_identification:_identify(~/yolobot) by extension 'python_setup_py'
[0.116s] Level 1:colcon.colcon_core.package_identification:_identify(~/yolobot/src) by extensions ['ignore', 'ignore_ament_install']
[0.116s] Level 1:colcon.colcon_core.package_identification:_identify(~/yolobot/src) by extension 'ignore'
[0.116s] Level 1:colcon.colcon_core.package_identification:_identify(~/yolobot/src) by extension 'ignore_ament_install'
[0.116s] Level 1:colcon.colcon_core.package_identification:_identify(~/yolobot/src) by extensions ['colcon_pkg']
[0.116s] Level 1:colcon.colcon_core.package_identification:_identify(~/yolobot/src) by extension 'colcon_pkg'
[0.116s] Level 1:colcon.colcon_core.package_identification:_identify(~/yolobot/src) by extensions ['colcon_meta']
[0.116s] Level 1:colcon.colcon_core.package_identification:_identify(~/yolobot/src) by extension 'colcon_meta'
[0.116s] Level 1:colcon.colcon_core.package_identification:_identify(~/yolobot/src) by extensions ['ros']
[0.116s] Level 1:colcon.colcon_core.package_identification:_identify(~/yolobot/src) by extension 'ros'
[0.116s] Level 1:colcon.colcon_core.package_identification:_identify(~/yolobot/src) by extensions ['cmake', 'python']
[0.116s] Level 1:colcon.colcon_core.package_identification:_identify(~/yolobot/src) by extension 'cmake'
[0.116s] Level 1:colcon.colcon_core.package_identification:_identify(~/yolobot/src) by extension 'python'
[0.116s] Level 1:colcon.colcon_core.package_identification:_identify(~/yolobot/src) by extensions ['python_setup_py']
[0.116s] Level 1:colcon.colcon_core.package_identification:_identify(~/yolobot/src) by extension 'python_setup_py'
[0.117s] Level 1:colcon.colcon_core.package_identification:_identify(~/yolobot/src/yolobot_recognition) by extensions ['ignore', 'ignore_ament_install']
[0.117s] Level 1:colcon.colcon_core.package_identification:_identify(~/yolobot/src/yolobot_recognition) by extension 'ignore'
[0.117s] Level 1:colcon.colcon_core.package_identification:_identify(~/yolobot/src/yolobot_recognition) by extension 'ignore_ament_install'
[0.117s] Level 1:colcon.colcon_core.package_identification:_identify(~/yolobot/src/yolobot_recognition) by extensions ['colcon_pkg']
[0.117s] Level 1:colcon.colcon_core.package_identification:_identify(~/yolobot/src/yolobot_recognition) by extension 'colcon_pkg'
[0.117s] Level 1:colcon.colcon_core.package_identification:_identify(~/yolobot/src/yolobot_recognition) by extensions ['colcon_meta']
[0.117s] Level 1:colcon.colcon_core.package_identification:_identify(~/yolobot/src/yolobot_recognition) by extension 'colcon_meta'
[0.117s] Level 1:colcon.colcon_core.package_identification:_identify(~/yolobot/src/yolobot_recognition) by extensions ['ros']
[0.117s] Level 1:colcon.colcon_core.package_identification:_identify(~/yolobot/src/yolobot_recognition) by extension 'ros'
[0.117s] Level 1:colcon.colcon_core.package_identification:_identify(~/yolobot/src/yolobot_recognition) by extensions ['cmake', 'python']
[0.117s] Level 1:colcon.colcon_core.package_identification:_identify(~/yolobot/src/yolobot_recognition) by extension 'cmake'
[0.117s] Level 1:colcon.colcon_core.package_identification:_identify(~/yolobot/src/yolobot_recognition) by extension 'python'
[0.117s] Level 1:colcon.colcon_core.package_identification:_identify(~/yolobot/src/yolobot_recognition) by extensions ['python_setup_py']
[0.117s] Level 1:colcon.colcon_core.package_identification:_identify(~/yolobot/src/yolobot_recognition) by extension 'python_setup_py'
[0.117s] Level 1:colcon.colcon_core.package_identification:_identify(~/yolobot/src/yolobot_recognition/scripts) by extensions ['ignore', 'ignore_ament_install']
[0.117s] Level 1:colcon.colcon_core.package_identification:_identify(~/yolobot/src/yolobot_recognition/scripts) by extension 'ignore'
[0.117s] Level 1:colcon.colcon_core.package_identification:_identify(~/yolobot/src/yolobot_recognition/scripts) by extension 'ignore_ament_install'
[0.117s] Level 1:colcon.colcon_core.package_identification:_identify(~/yolobot/src/yolobot_recognition/scripts) by extensions ['colcon_pkg']
[0.117s] Level 1:colcon.colcon_core.package_identification:_identify(~/yolobot/src/yolobot_recognition/scripts) by extension 'colcon_pkg'
[0.117s] Level 1:colcon.colcon_core.package_identification:_identify(~/yolobot/src/yolobot_recognition/scripts) by extensions ['colcon_meta']
[0.117s] Level 1:colcon.colcon_core.package_identification:_identify(~/yolobot/src/yolobot_recognition/scripts) by extension 'colcon_meta'
[0.117s] Level 1:colcon.colcon_core.package_identification:_identify(~/yolobot/src/yolobot_recognition/scripts) by extensions ['ros']
[0.117s] Level 1:colcon.colcon_core.package_identification:_identify(~/yolobot/src/yolobot_recognition/scripts) by extension 'ros'
[0.117s] Level 1:colcon.colcon_core.package_identification:_identify(~/yolobot/src/yolobot_recognition/scripts) by extensions ['cmake', 'python']
[0.117s] Level 1:colcon.colcon_core.package_identification:_identify(~/yolobot/src/yolobot_recognition/scripts) by extension 'cmake'
[0.117s] Level 1:colcon.colcon_core.package_identification:_identify(~/yolobot/src/yolobot_recognition/scripts) by extension 'python'
[0.117s] Level 1:colcon.colcon_core.package_identification:_identify(~/yolobot/src/yolobot_recognition/scripts) by extensions ['python_setup_py']
[0.117s] Level 1:colcon.colcon_core.package_identification:_identify(~/yolobot/src/yolobot_recognition/scripts) by extension 'python_setup_py'
[0.117s] Level 1:colcon.colcon_core.package_discovery:discover_packages(recursive) using defaults
[0.117s] Level 1:colcon.colcon_core.package_discovery:discover_packages(ignore) discover
[0.117s] Level 1:colcon.colcon_core.package_discovery:discover_packages(ignore) using defaults
[0.117s] Level 1:colcon.colcon_core.package_discovery:discover_packages(path) discover
[0.117s] Level 1:colcon.colcon_core.package_discovery:discover_packages(path) using defaults
[0.132s] Level 1:colcon.colcon_core.package_discovery:discover_packages(prefix_path) check parameters
[0.132s] Level 1:colcon.colcon_core.package_discovery:discover_packages(prefix_path) discover
[0.133s] DEBUG:colcon.colcon_installed_package_information.package_discovery:Found 5 installed packages in /home/james/drone_ws/install
[0.134s] DEBUG:colcon.colcon_installed_package_information.package_discovery:Found 16 installed packages in /home/james/turtlebot3_ws/install
[0.135s] DEBUG:colcon.colcon_installed_package_information.package_discovery:Found 507 installed packages in /opt/ros/humble
[0.137s] Level 1:colcon.colcon_core.package_discovery:discover_packages(prefix_path) using defaults
[0.178s] Level 5:colcon.colcon_core.verb:set package 'sjtu_drone_bringup' build argument 'cmake_args' from command line to 'None'
[0.178s] Level 5:colcon.colcon_core.verb:set package 'sjtu_drone_bringup' build argument 'cmake_target' from command line to 'None'
[0.178s] Level 5:colcon.colcon_core.verb:set package 'sjtu_drone_bringup' build argument 'cmake_target_skip_unavailable' from command line to 'False'
[0.178s] Level 5:colcon.colcon_core.verb:set package 'sjtu_drone_bringup' build argument 'cmake_clean_cache' from command line to 'False'
[0.178s] Level 5:colcon.colcon_core.verb:set package 'sjtu_drone_bringup' build argument 'cmake_clean_first' from command line to 'False'
[0.178s] Level 5:colcon.colcon_core.verb:set package 'sjtu_drone_bringup' build argument 'cmake_force_configure' from command line to 'False'
[0.178s] Level 5:colcon.colcon_core.verb:set package 'sjtu_drone_bringup' build argument 'ament_cmake_args' from command line to 'None'
[0.178s] Level 5:colcon.colcon_core.verb:set package 'sjtu_drone_bringup' build argument 'catkin_cmake_args' from command line to 'None'
[0.178s] Level 5:colcon.colcon_core.verb:set package 'sjtu_drone_bringup' build argument 'catkin_skip_building_tests' from command line to 'False'
[0.178s] DEBUG:colcon.colcon_core.verb:Building package 'sjtu_drone_bringup' with the following arguments: {'ament_cmake_args': None, 'build_base': '/home/james/drone_ws/build/sjtu_drone_bringup', 'catkin_cmake_args': None, 'catkin_skip_building_tests': False, 'cmake_args': None, 'cmake_clean_cache': False, 'cmake_clean_first': False, 'cmake_force_configure': False, 'cmake_target': None, 'cmake_target_skip_unavailable': False, 'install_base': '/home/james/drone_ws/install/sjtu_drone_bringup', 'merge_install': False, 'path': '/home/james/drone_ws/src/drone_ros2/sjtu_drone_bringup', 'symlink_install': True, 'test_result_base': None}
[0.179s] Level 5:colcon.colcon_core.verb:set package 'sjtu_drone_control' build argument 'cmake_args' from command line to 'None'
[0.179s] Level 5:colcon.colcon_core.verb:set package 'sjtu_drone_control' build argument 'cmake_target' from command line to 'None'
[0.179s] Level 5:colcon.colcon_core.verb:set package 'sjtu_drone_control' build argument 'cmake_target_skip_unavailable' from command line to 'False'
[0.179s] Level 5:colcon.colcon_core.verb:set package 'sjtu_drone_control' build argument 'cmake_clean_cache' from command line to 'False'
[0.179s] Level 5:colcon.colcon_core.verb:set package 'sjtu_drone_control' build argument 'cmake_clean_first' from command line to 'False'
[0.179s] Level 5:colcon.colcon_core.verb:set package 'sjtu_drone_control' build argument 'cmake_force_configure' from command line to 'False'
[0.179s] Level 5:colcon.colcon_core.verb:set package 'sjtu_drone_control' build argument 'ament_cmake_args' from command line to 'None'
[0.179s] Level 5:colcon.colcon_core.verb:set package 'sjtu_drone_control' build argument 'catkin_cmake_args' from command line to 'None'
[0.179s] Level 5:colcon.colcon_core.verb:set package 'sjtu_drone_control' build argument 'catkin_skip_building_tests' from command line to 'False'
[0.179s] DEBUG:colcon.colcon_core.verb:Building package 'sjtu_drone_control' with the following arguments: {'ament_cmake_args': None, 'build_base': '/home/james/drone_ws/build/sjtu_drone_control', 'catkin_cmake_args': None, 'catkin_skip_building_tests': False, 'cmake_args': None, 'cmake_clean_cache': False, 'cmake_clean_first': False, 'cmake_force_configure': False, 'cmake_target': None, 'cmake_target_skip_unavailable': False, 'install_base': '/home/james/drone_ws/install/sjtu_drone_control', 'merge_install': False, 'path': '/home/james/drone_ws/src/drone_ros2/sjtu_drone_control', 'symlink_install': True, 'test_result_base': None}
[0.179s] Level 5:colcon.colcon_core.verb:set package 'sjtu_drone_description' build argument 'cmake_args' from command line to 'None'
[0.179s] Level 5:colcon.colcon_core.verb:set package 'sjtu_drone_description' build argument 'cmake_target' from command line to 'None'
[0.179s] Level 5:colcon.colcon_core.verb:set package 'sjtu_drone_description' build argument 'cmake_target_skip_unavailable' from command line to 'False'
[0.179s] Level 5:colcon.colcon_core.verb:set package 'sjtu_drone_description' build argument 'cmake_clean_cache' from command line to 'False'
[0.179s] Level 5:colcon.colcon_core.verb:set package 'sjtu_drone_description' build argument 'cmake_clean_first' from command line to 'False'
[0.179s] Level 5:colcon.colcon_core.verb:set package 'sjtu_drone_description' build argument 'cmake_force_configure' from command line to 'False'
[0.179s] Level 5:colcon.colcon_core.verb:set package 'sjtu_drone_description' build argument 'ament_cmake_args' from command line to 'None'
[0.179s] Level 5:colcon.colcon_core.verb:set package 'sjtu_drone_description' build argument 'catkin_cmake_args' from command line to 'None'
[0.179s] Level 5:colcon.colcon_core.verb:set package 'sjtu_drone_description' build argument 'catkin_skip_building_tests' from command line to 'False'
[0.179s] DEBUG:colcon.colcon_core.verb:Building package 'sjtu_drone_description' with the following arguments: {'ament_cmake_args': None, 'build_base': '/home/james/drone_ws/build/sjtu_drone_description', 'catkin_cmake_args': None, 'catkin_skip_building_tests': False, 'cmake_args': None, 'cmake_clean_cache': False, 'cmake_clean_first': False, 'cmake_force_configure': False, 'cmake_target': None, 'cmake_target_skip_unavailable': False, 'install_base': '/home/james/drone_ws/install/sjtu_drone_description', 'merge_install': False, 'path': '/home/james/drone_ws/src/drone_ros2/sjtu_drone_description', 'symlink_install': True, 'test_result_base': None}
[0.179s] Level 5:colcon.colcon_core.verb:set package 'yolobot_recognition' build argument 'cmake_args' from command line to 'None'
[0.179s] Level 5:colcon.colcon_core.verb:set package 'yolobot_recognition' build argument 'cmake_target' from command line to 'None'
[0.179s] Level 5:colcon.colcon_core.verb:set package 'yolobot_recognition' build argument 'cmake_target_skip_unavailable' from command line to 'False'
[0.179s] Level 5:colcon.colcon_core.verb:set package 'yolobot_recognition' build argument 'cmake_clean_cache' from command line to 'False'
[0.179s] Level 5:colcon.colcon_core.verb:set package 'yolobot_recognition' build argument 'cmake_clean_first' from command line to 'False'
[0.179s] Level 5:colcon.colcon_core.verb:set package 'yolobot_recognition' build argument 'cmake_force_configure' from command line to 'False'
[0.179s] Level 5:colcon.colcon_core.verb:set package 'yolobot_recognition' build argument 'ament_cmake_args' from command line to 'None'
[0.179s] Level 5:colcon.colcon_core.verb:set package 'yolobot_recognition' build argument 'catkin_cmake_args' from command line to 'None'
[0.179s] Level 5:colcon.colcon_core.verb:set package 'yolobot_recognition' build argument 'catkin_skip_building_tests' from command line to 'False'
[0.179s] DEBUG:colcon.colcon_core.verb:Building package 'yolobot_recognition' with the following arguments: {'ament_cmake_args': None, 'build_base': '/home/james/drone_ws/build/yolobot_recognition', 'catkin_cmake_args': None, 'catkin_skip_building_tests': False, 'cmake_args': None, 'cmake_clean_cache': False, 'cmake_clean_first': False, 'cmake_force_configure': False, 'cmake_target': None, 'cmake_target_skip_unavailable': False, 'install_base': '/home/james/drone_ws/install/yolobot_recognition', 'merge_install': False, 'path': '/home/james/drone_ws/src/drone_ros2/yolobot_recognition', 'symlink_install': True, 'test_result_base': None}
[0.179s] Level 5:colcon.colcon_core.verb:set package 'yolov8_msgs' build argument 'cmake_args' from command line to 'None'
[0.180s] Level 5:colcon.colcon_core.verb:set package 'yolov8_msgs' build argument 'cmake_target' from command line to 'None'
[0.180s] Level 5:colcon.colcon_core.verb:set package 'yolov8_msgs' build argument 'cmake_target_skip_unavailable' from command line to 'False'
[0.180s] Level 5:colcon.colcon_core.verb:set package 'yolov8_msgs' build argument 'cmake_clean_cache' from command line to 'False'
[0.180s] Level 5:colcon.colcon_core.verb:set package 'yolov8_msgs' build argument 'cmake_clean_first' from command line to 'False'
[0.180s] Level 5:colcon.colcon_core.verb:set package 'yolov8_msgs' build argument 'cmake_force_configure' from command line to 'False'
[0.180s] Level 5:colcon.colcon_core.verb:set package 'yolov8_msgs' build argument 'ament_cmake_args' from command line to 'None'
[0.180s] Level 5:colcon.colcon_core.verb:set package 'yolov8_msgs' build argument 'catkin_cmake_args' from command line to 'None'
[0.180s] Level 5:colcon.colcon_core.verb:set package 'yolov8_msgs' build argument 'catkin_skip_building_tests' from command line to 'False'
[0.180s] DEBUG:colcon.colcon_core.verb:Building package 'yolov8_msgs' with the following arguments: {'ament_cmake_args': None, 'build_base': '/home/james/drone_ws/build/yolov8_msgs', 'catkin_cmake_args': None, 'catkin_skip_building_tests': False, 'cmake_args': None, 'cmake_clean_cache': False, 'cmake_clean_first': False, 'cmake_force_configure': False, 'cmake_target': None, 'cmake_target_skip_unavailable': False, 'install_base': '/home/james/drone_ws/install/yolov8_msgs', 'merge_install': False, 'path': '/home/james/drone_ws/src/drone_ros2/yolov8_msgs', 'symlink_install': True, 'test_result_base': None}
[0.180s] INFO:colcon.colcon_core.executor:Executing jobs using 'parallel' executor
[0.181s] DEBUG:colcon.colcon_parallel_executor.executor.parallel:run_until_complete
[0.181s] INFO:colcon.colcon_ros.task.ament_python.build:Building ROS package in '/home/james/drone_ws/src/drone_ros2/sjtu_drone_bringup' with build type 'ament_python'
[0.181s] Level 1:colcon.colcon_core.shell:create_environment_hook('sjtu_drone_bringup', 'ament_prefix_path')
[0.182s] INFO:colcon.colcon_core.plugin_system:Skipping extension 'colcon_core.shell.bat': Not used on non-Windows systems
[0.183s] INFO:colcon.colcon_core.shell:Creating environment hook '/home/james/drone_ws/install/sjtu_drone_bringup/share/sjtu_drone_bringup/hook/ament_prefix_path.ps1'
[0.183s] INFO:colcon.colcon_core.shell:Creating environment descriptor '/home/james/drone_ws/install/sjtu_drone_bringup/share/sjtu_drone_bringup/hook/ament_prefix_path.dsv'
[0.183s] INFO:colcon.colcon_core.shell:Creating environment hook '/home/james/drone_ws/install/sjtu_drone_bringup/share/sjtu_drone_bringup/hook/ament_prefix_path.sh'
[0.184s] INFO:colcon.colcon_core.shell:Skip shell extension 'powershell' for command environment: Not usable outside of PowerShell
[0.184s] DEBUG:colcon.colcon_core.shell:Skip shell extension 'dsv' for command environment
[0.187s] INFO:colcon.colcon_ros.task.ament_python.build:Building ROS package in '/home/james/drone_ws/src/drone_ros2/sjtu_drone_control' with build type 'ament_python'
[0.187s] Level 1:colcon.colcon_core.shell:create_environment_hook('sjtu_drone_control', 'ament_prefix_path')
[0.187s] INFO:colcon.colcon_core.shell:Creating environment hook '/home/james/drone_ws/install/sjtu_drone_control/share/sjtu_drone_control/hook/ament_prefix_path.ps1'
[0.188s] INFO:colcon.colcon_core.shell:Creating environment descriptor '/home/james/drone_ws/install/sjtu_drone_control/share/sjtu_drone_control/hook/ament_prefix_path.dsv'
[0.188s] INFO:colcon.colcon_core.shell:Creating environment hook '/home/james/drone_ws/install/sjtu_drone_control/share/sjtu_drone_control/hook/ament_prefix_path.sh'
[0.188s] INFO:colcon.colcon_core.shell:Skip shell extension 'powershell' for command environment: Not usable outside of PowerShell
[0.188s] DEBUG:colcon.colcon_core.shell:Skip shell extension 'dsv' for command environment
[0.191s] INFO:colcon.colcon_ros.task.ament_cmake.build:Building ROS package in '/home/james/drone_ws/src/drone_ros2/sjtu_drone_description' with build type 'ament_cmake'
[0.191s] INFO:colcon.colcon_cmake.task.cmake.build:Building CMake package in '/home/james/drone_ws/src/drone_ros2/sjtu_drone_description'
[0.191s] INFO:colcon.colcon_core.shell:Skip shell extension 'powershell' for command environment: Not usable outside of PowerShell
[0.191s] DEBUG:colcon.colcon_core.shell:Skip shell extension 'dsv' for command environment
[0.195s] INFO:colcon.colcon_ros.task.ament_cmake.build:Building ROS package in '/home/james/drone_ws/src/drone_ros2/yolobot_recognition' with build type 'ament_cmake'
[0.195s] INFO:colcon.colcon_cmake.task.cmake.build:Building CMake package in '/home/james/drone_ws/src/drone_ros2/yolobot_recognition'
[0.196s] INFO:colcon.colcon_core.shell:Skip shell extension 'powershell' for command environment: Not usable outside of PowerShell
[0.196s] DEBUG:colcon.colcon_core.shell:Skip shell extension 'dsv' for command environment
[0.199s] INFO:colcon.colcon_ros.task.ament_cmake.build:Building ROS package in '/home/james/drone_ws/src/drone_ros2/yolov8_msgs' with build type 'ament_cmake'
[0.199s] INFO:colcon.colcon_cmake.task.cmake.build:Building CMake package in '/home/james/drone_ws/src/drone_ros2/yolov8_msgs'
[0.199s] INFO:colcon.colcon_core.shell:Skip shell extension 'powershell' for command environment: Not usable outside of PowerShell
[0.199s] DEBUG:colcon.colcon_core.shell:Skip shell extension 'dsv' for command environment
[0.342s] INFO:colcon.colcon_core.task.python.build:Building Python package in '/home/james/drone_ws/src/drone_ros2/sjtu_drone_bringup'
[0.342s] INFO:colcon.colcon_core.shell:Skip shell extension 'powershell' for command environment: Not usable outside of PowerShell
[0.342s] DEBUG:colcon.colcon_core.shell:Skip shell extension 'dsv' for command environment
[0.487s] INFO:colcon.colcon_core.task.python.build:Building Python package in '/home/james/drone_ws/src/drone_ros2/sjtu_drone_control'
[0.487s] INFO:colcon.colcon_core.shell:Skip shell extension 'powershell' for command environment: Not usable outside of PowerShell
[0.487s] DEBUG:colcon.colcon_core.shell:Skip shell extension 'dsv' for command environment
[0.495s] DEBUG:colcon.colcon_core.event_handler.log_command:Invoking command in '/home/james/drone_ws/build/sjtu_drone_description': CMAKE_PREFIX_PATH=${CMAKE_PREFIX_PATH}:/home/james/drone_ws/install/sjtu_drone_control:/home/james/drone_ws/install/sjtu_drone_bringup:/home/james/turtlebot3_ws/install/turtlebot3_teleop:/home/james/turtlebot3_ws/install/turtlebot3_example:/home/james/turtlebot3_ws/install/follow_waypoints:/opt/ros/humble /usr/bin/cmake --build /home/james/drone_ws/build/sjtu_drone_description -- -j20 -l20
[0.498s] DEBUG:colcon.colcon_core.event_handler.log_command:Invoking command in '/home/james/drone_ws/build/yolobot_recognition': CMAKE_PREFIX_PATH=${CMAKE_PREFIX_PATH}:/home/james/drone_ws/install/sjtu_drone_control:/home/james/drone_ws/install/sjtu_drone_bringup:/home/james/turtlebot3_ws/install/turtlebot3_teleop:/home/james/turtlebot3_ws/install/turtlebot3_example:/home/james/turtlebot3_ws/install/follow_waypoints:/opt/ros/humble /usr/bin/cmake --build /home/james/drone_ws/build/yolobot_recognition -- -j20 -l20
[0.500s] DEBUG:colcon.colcon_core.event_handler.log_command:Invoking command in '/home/james/drone_ws/build/yolov8_msgs': CMAKE_PREFIX_PATH=${CMAKE_PREFIX_PATH}:/home/james/drone_ws/install/sjtu_drone_control:/home/james/drone_ws/install/sjtu_drone_bringup:/home/james/turtlebot3_ws/install/turtlebot3_teleop:/home/james/turtlebot3_ws/install/turtlebot3_example:/home/james/turtlebot3_ws/install/follow_waypoints:/opt/ros/humble /usr/bin/cmake --build /home/james/drone_ws/build/yolov8_msgs -- -j20 -l20
[0.537s] DEBUG:colcon.colcon_core.event_handler.log_command:Invoked command in '/home/james/drone_ws/build/yolobot_recognition' returned '0': CMAKE_PREFIX_PATH=${CMAKE_PREFIX_PATH}:/home/james/drone_ws/install/sjtu_drone_control:/home/james/drone_ws/install/sjtu_drone_bringup:/home/james/turtlebot3_ws/install/turtlebot3_teleop:/home/james/turtlebot3_ws/install/turtlebot3_example:/home/james/turtlebot3_ws/install/follow_waypoints:/opt/ros/humble /usr/bin/cmake --build /home/james/drone_ws/build/yolobot_recognition -- -j20 -l20
[0.571s] DEBUG:colcon.colcon_core.event_handler.log_command:Invoking command in '/home/james/drone_ws/build/yolobot_recognition': CMAKE_PREFIX_PATH=${CMAKE_PREFIX_PATH}:/home/james/drone_ws/install/sjtu_drone_control:/home/james/drone_ws/install/sjtu_drone_bringup:/home/james/turtlebot3_ws/install/turtlebot3_teleop:/home/james/turtlebot3_ws/install/turtlebot3_example:/home/james/turtlebot3_ws/install/follow_waypoints:/opt/ros/humble /usr/bin/cmake --install /home/james/drone_ws/build/yolobot_recognition
[0.604s] DEBUG:colcon.colcon_core.event_handler.log_command:Invoked command in '/home/james/drone_ws/build/sjtu_drone_description' returned '0': CMAKE_PREFIX_PATH=${CMAKE_PREFIX_PATH}:/home/james/drone_ws/install/sjtu_drone_control:/home/james/drone_ws/install/sjtu_drone_bringup:/home/james/turtlebot3_ws/install/turtlebot3_teleop:/home/james/turtlebot3_ws/install/turtlebot3_example:/home/james/turtlebot3_ws/install/follow_waypoints:/opt/ros/humble /usr/bin/cmake --build /home/james/drone_ws/build/sjtu_drone_description -- -j20 -l20
[0.638s] DEBUG:colcon.colcon_core.event_handler.log_command:Invoking command in '/home/james/drone_ws/build/sjtu_drone_description': CMAKE_PREFIX_PATH=${CMAKE_PREFIX_PATH}:/home/james/drone_ws/install/sjtu_drone_control:/home/james/drone_ws/install/sjtu_drone_bringup:/home/james/turtlebot3_ws/install/turtlebot3_teleop:/home/james/turtlebot3_ws/install/turtlebot3_example:/home/james/turtlebot3_ws/install/follow_waypoints:/opt/ros/humble /usr/bin/cmake --install /home/james/drone_ws/build/sjtu_drone_description
[0.659s] Level 1:colcon.colcon_core.environment:create_environment_scripts_only(sjtu_drone_description)
[0.660s] DEBUG:colcon.colcon_core.event_handler.log_command:Invoked command in '/home/james/drone_ws/build/sjtu_drone_description' returned '0': CMAKE_PREFIX_PATH=${CMAKE_PREFIX_PATH}:/home/james/drone_ws/install/sjtu_drone_control:/home/james/drone_ws/install/sjtu_drone_bringup:/home/james/turtlebot3_ws/install/turtlebot3_teleop:/home/james/turtlebot3_ws/install/turtlebot3_example:/home/james/turtlebot3_ws/install/follow_waypoints:/opt/ros/humble /usr/bin/cmake --install /home/james/drone_ws/build/sjtu_drone_description
[0.663s] Level 1:colcon.colcon_core.environment:checking '/home/james/drone_ws/install/sjtu_drone_description' for CMake module files
[0.664s] Level 1:colcon.colcon_core.environment:checking '/home/james/drone_ws/install/sjtu_drone_description' for CMake config files
[0.664s] Level 1:colcon.colcon_core.shell:create_environment_hook('sjtu_drone_description', 'cmake_prefix_path')
[0.665s] INFO:colcon.colcon_core.shell:Creating environment hook '/home/james/drone_ws/install/sjtu_drone_description/share/sjtu_drone_description/hook/cmake_prefix_path.ps1'
[0.665s] INFO:colcon.colcon_core.shell:Creating environment descriptor '/home/james/drone_ws/install/sjtu_drone_description/share/sjtu_drone_description/hook/cmake_prefix_path.dsv'
[0.665s] INFO:colcon.colcon_core.shell:Creating environment hook '/home/james/drone_ws/install/sjtu_drone_description/share/sjtu_drone_description/hook/cmake_prefix_path.sh'
[0.666s] Level 1:colcon.colcon_core.environment:checking '/home/james/drone_ws/install/sjtu_drone_description/lib'
[0.666s] Level 1:colcon.colcon_core.shell:create_environment_hook('sjtu_drone_description', 'ld_library_path_lib')
[0.666s] INFO:colcon.colcon_core.shell:Creating environment hook '/home/james/drone_ws/install/sjtu_drone_description/share/sjtu_drone_description/hook/ld_library_path_lib.ps1'
[0.667s] INFO:colcon.colcon_core.shell:Creating environment descriptor '/home/james/drone_ws/install/sjtu_drone_description/share/sjtu_drone_description/hook/ld_library_path_lib.dsv'
[0.667s] INFO:colcon.colcon_core.shell:Creating environment hook '/home/james/drone_ws/install/sjtu_drone_description/share/sjtu_drone_description/hook/ld_library_path_lib.sh'
[0.667s] Level 1:colcon.colcon_core.environment:checking '/home/james/drone_ws/install/sjtu_drone_description/bin'
[0.667s] Level 1:colcon.colcon_core.environment:checking '/home/james/drone_ws/install/sjtu_drone_description/lib/pkgconfig/sjtu_drone_description.pc'
[0.667s] Level 1:colcon.colcon_core.environment:checking '/home/james/drone_ws/install/sjtu_drone_description/lib/python3.10/site-packages'
[0.667s] Level 1:colcon.colcon_core.environment:checking '/home/james/drone_ws/install/sjtu_drone_description/bin'
[0.668s] INFO:colcon.colcon_core.shell:Creating package script '/home/james/drone_ws/install/sjtu_drone_description/share/sjtu_drone_description/package.ps1'
[0.668s] INFO:colcon.colcon_core.shell:Creating package descriptor '/home/james/drone_ws/install/sjtu_drone_description/share/sjtu_drone_description/package.dsv'
[0.669s] INFO:colcon.colcon_core.shell:Creating package script '/home/james/drone_ws/install/sjtu_drone_description/share/sjtu_drone_description/package.sh'
[0.669s] INFO:colcon.colcon_core.shell:Creating package script '/home/james/drone_ws/install/sjtu_drone_description/share/sjtu_drone_description/package.bash'
[0.670s] INFO:colcon.colcon_core.shell:Creating package script '/home/james/drone_ws/install/sjtu_drone_description/share/sjtu_drone_description/package.zsh'
[0.670s] Level 1:colcon.colcon_core.environment:create_file_with_runtime_dependencies(/home/james/drone_ws/install/sjtu_drone_description/share/colcon-core/packages/sjtu_drone_description)
[0.702s] Level 1:colcon.colcon_core.environment:create_environment_scripts_only(sjtu_drone_description)
[0.702s] Level 1:colcon.colcon_core.environment:checking '/home/james/drone_ws/install/sjtu_drone_description' for CMake module files
[0.703s] Level 1:colcon.colcon_core.environment:checking '/home/james/drone_ws/install/sjtu_drone_description' for CMake config files
[0.704s] Level 1:colcon.colcon_core.shell:create_environment_hook('sjtu_drone_description', 'cmake_prefix_path')
[0.704s] INFO:colcon.colcon_core.shell:Creating environment hook '/home/james/drone_ws/install/sjtu_drone_description/share/sjtu_drone_description/hook/cmake_prefix_path.ps1'
[0.705s] INFO:colcon.colcon_core.shell:Creating environment descriptor '/home/james/drone_ws/install/sjtu_drone_description/share/sjtu_drone_description/hook/cmake_prefix_path.dsv'
[0.706s] INFO:colcon.colcon_core.shell:Creating environment hook '/home/james/drone_ws/install/sjtu_drone_description/share/sjtu_drone_description/hook/cmake_prefix_path.sh'
[0.706s] Level 1:colcon.colcon_core.environment:checking '/home/james/drone_ws/install/sjtu_drone_description/lib'
[0.706s] Level 1:colcon.colcon_core.shell:create_environment_hook('sjtu_drone_description', 'ld_library_path_lib')
[0.707s] INFO:colcon.colcon_core.shell:Creating environment hook '/home/james/drone_ws/install/sjtu_drone_description/share/sjtu_drone_description/hook/ld_library_path_lib.ps1'
[0.707s] INFO:colcon.colcon_core.shell:Creating environment descriptor '/home/james/drone_ws/install/sjtu_drone_description/share/sjtu_drone_description/hook/ld_library_path_lib.dsv'
[0.708s] INFO:colcon.colcon_core.shell:Creating environment hook '/home/james/drone_ws/install/sjtu_drone_description/share/sjtu_drone_description/hook/ld_library_path_lib.sh'
[0.713s] Level 1:colcon.colcon_core.environment:checking '/home/james/drone_ws/install/sjtu_drone_description/bin'
[0.714s] Level 1:colcon.colcon_core.environment:checking '/home/james/drone_ws/install/sjtu_drone_description/lib/pkgconfig/sjtu_drone_description.pc'
[0.714s] Level 1:colcon.colcon_core.environment:checking '/home/james/drone_ws/install/sjtu_drone_description/lib/python3.10/site-packages'
[0.714s] Level 1:colcon.colcon_core.environment:checking '/home/james/drone_ws/install/sjtu_drone_description/bin'
[0.715s] INFO:colcon.colcon_core.shell:Creating package script '/home/james/drone_ws/install/sjtu_drone_description/share/sjtu_drone_description/package.ps1'
[0.717s] INFO:colcon.colcon_core.shell:Creating package descriptor '/home/james/drone_ws/install/sjtu_drone_description/share/sjtu_drone_description/package.dsv'
[0.720s] INFO:colcon.colcon_core.shell:Creating package script '/home/james/drone_ws/install/sjtu_drone_description/share/sjtu_drone_description/package.sh'
[0.722s] INFO:colcon.colcon_core.shell:Creating package script '/home/james/drone_ws/install/sjtu_drone_description/share/sjtu_drone_description/package.bash'
[0.724s] INFO:colcon.colcon_core.shell:Creating package script '/home/james/drone_ws/install/sjtu_drone_description/share/sjtu_drone_description/package.zsh'
[0.726s] Level 1:colcon.colcon_core.environment:create_file_with_runtime_dependencies(/home/james/drone_ws/install/sjtu_drone_description/share/colcon-core/packages/sjtu_drone_description)
[0.831s] DEBUG:colcon.colcon_core.event_handler.log_command:Invoked command in '/home/james/drone_ws/build/yolov8_msgs' returned '0': CMAKE_PREFIX_PATH=${CMAKE_PREFIX_PATH}:/home/james/drone_ws/install/sjtu_drone_control:/home/james/drone_ws/install/sjtu_drone_bringup:/home/james/turtlebot3_ws/install/turtlebot3_teleop:/home/james/turtlebot3_ws/install/turtlebot3_example:/home/james/turtlebot3_ws/install/follow_waypoints:/opt/ros/humble /usr/bin/cmake --build /home/james/drone_ws/build/yolov8_msgs -- -j20 -l20
[0.942s] DEBUG:colcon.colcon_core.event_handler.log_command:Invoking command in '/home/james/drone_ws/build/sjtu_drone_bringup': PYTHONPATH=/home/james/drone_ws/build/sjtu_drone_bringup/prefix_override:/usr/lib/python3/dist-packages/colcon_core/task/python/colcon_distutils_commands:/home/james/drone_ws/install/sjtu_drone_bringup/lib/python3.10/site-packages:${PYTHONPATH} /usr/bin/python3 -W ignore:setup.py install is deprecated setup.py develop --editable --build-directory /home/james/drone_ws/build/sjtu_drone_bringup/build --no-deps symlink_data
[0.945s] DEBUG:colcon.colcon_core.event_handler.log_command:Invoking command in '/home/james/drone_ws/build/yolov8_msgs': CMAKE_PREFIX_PATH=${CMAKE_PREFIX_PATH}:/home/james/drone_ws/install/sjtu_drone_control:/home/james/drone_ws/install/sjtu_drone_bringup:/home/james/turtlebot3_ws/install/turtlebot3_teleop:/home/james/turtlebot3_ws/install/turtlebot3_example:/home/james/turtlebot3_ws/install/follow_waypoints:/opt/ros/humble /usr/bin/cmake --install /home/james/drone_ws/build/yolov8_msgs
[0.983s] DEBUG:colcon.colcon_core.event_handler.log_command:Invoking command in '/home/james/drone_ws/build/sjtu_drone_control': PYTHONPATH=/home/james/drone_ws/build/sjtu_drone_control/prefix_override:/usr/lib/python3/dist-packages/colcon_core/task/python/colcon_distutils_commands:/home/james/drone_ws/install/sjtu_drone_control/lib/python3.10/site-packages:${PYTHONPATH} /usr/bin/python3 -W ignore:setup.py install is deprecated setup.py develop --editable --build-directory /home/james/drone_ws/build/sjtu_drone_control/build --no-deps symlink_data
[0.997s] Level 1:colcon.colcon_core.environment:create_environment_scripts_only(yolov8_msgs)
[0.998s] Level 1:colcon.colcon_core.environment:checking '/home/james/drone_ws/install/yolov8_msgs' for CMake module files
[1.009s] DEBUG:colcon.colcon_core.event_handler.log_command:Invoked command in '/home/james/drone_ws/build/yolov8_msgs' returned '0': CMAKE_PREFIX_PATH=${CMAKE_PREFIX_PATH}:/home/james/drone_ws/install/sjtu_drone_control:/home/james/drone_ws/install/sjtu_drone_bringup:/home/james/turtlebot3_ws/install/turtlebot3_teleop:/home/james/turtlebot3_ws/install/turtlebot3_example:/home/james/turtlebot3_ws/install/follow_waypoints:/opt/ros/humble /usr/bin/cmake --install /home/james/drone_ws/build/yolov8_msgs
[1.012s] Level 1:colcon.colcon_core.environment:checking '/home/james/drone_ws/install/yolov8_msgs' for CMake config files
[1.014s] Level 1:colcon.colcon_core.shell:create_environment_hook('yolov8_msgs', 'cmake_prefix_path')
[1.014s] INFO:colcon.colcon_core.shell:Creating environment hook '/home/james/drone_ws/install/yolov8_msgs/share/yolov8_msgs/hook/cmake_prefix_path.ps1'
[1.014s] INFO:colcon.colcon_core.shell:Creating environment descriptor '/home/james/drone_ws/install/yolov8_msgs/share/yolov8_msgs/hook/cmake_prefix_path.dsv'
[1.015s] INFO:colcon.colcon_core.shell:Creating environment hook '/home/james/drone_ws/install/yolov8_msgs/share/yolov8_msgs/hook/cmake_prefix_path.sh'
[1.016s] Level 1:colcon.colcon_core.environment:checking '/home/james/drone_ws/install/yolov8_msgs/lib'
[1.016s] Level 1:colcon.colcon_core.shell:create_environment_hook('yolov8_msgs', 'ld_library_path_lib')
[1.016s] INFO:colcon.colcon_core.shell:Creating environment hook '/home/james/drone_ws/install/yolov8_msgs/share/yolov8_msgs/hook/ld_library_path_lib.ps1'
[1.017s] INFO:colcon.colcon_core.shell:Creating environment descriptor '/home/james/drone_ws/install/yolov8_msgs/share/yolov8_msgs/hook/ld_library_path_lib.dsv'
[1.017s] INFO:colcon.colcon_core.shell:Creating environment hook '/home/james/drone_ws/install/yolov8_msgs/share/yolov8_msgs/hook/ld_library_path_lib.sh'
[1.017s] Level 1:colcon.colcon_core.environment:checking '/home/james/drone_ws/install/yolov8_msgs/bin'
[1.017s] Level 1:colcon.colcon_core.environment:checking '/home/james/drone_ws/install/yolov8_msgs/lib/pkgconfig/yolov8_msgs.pc'
[1.018s] Level 1:colcon.colcon_core.environment:checking '/home/james/drone_ws/install/yolov8_msgs/lib/python3.10/site-packages'
[1.018s] Level 1:colcon.colcon_core.environment:checking '/home/james/drone_ws/install/yolov8_msgs/bin'
[1.018s] INFO:colcon.colcon_core.shell:Creating package script '/home/james/drone_ws/install/yolov8_msgs/share/yolov8_msgs/package.ps1'
[1.019s] INFO:colcon.colcon_core.shell:Creating package descriptor '/home/james/drone_ws/install/yolov8_msgs/share/yolov8_msgs/package.dsv'
[1.019s] INFO:colcon.colcon_core.shell:Creating package script '/home/james/drone_ws/install/yolov8_msgs/share/yolov8_msgs/package.sh'
[1.020s] INFO:colcon.colcon_core.shell:Creating package script '/home/james/drone_ws/install/yolov8_msgs/share/yolov8_msgs/package.bash'
[1.020s] INFO:colcon.colcon_core.shell:Creating package script '/home/james/drone_ws/install/yolov8_msgs/share/yolov8_msgs/package.zsh'
[1.020s] Level 1:colcon.colcon_core.environment:create_file_with_runtime_dependencies(/home/james/drone_ws/install/yolov8_msgs/share/colcon-core/packages/yolov8_msgs)
[1.105s] Level 1:colcon.colcon_core.environment:create_environment_scripts_only(yolov8_msgs)
[1.106s] Level 1:colcon.colcon_core.environment:checking '/home/james/drone_ws/install/yolov8_msgs' for CMake module files
[1.111s] Level 1:colcon.colcon_core.environment:checking '/home/james/drone_ws/install/yolov8_msgs' for CMake config files
[1.156s] Level 1:colcon.colcon_core.shell:create_environment_hook('yolov8_msgs', 'cmake_prefix_path')
[1.157s] INFO:colcon.colcon_core.shell:Creating environment hook '/home/james/drone_ws/install/yolov8_msgs/share/yolov8_msgs/hook/cmake_prefix_path.ps1'
[1.161s] INFO:colcon.colcon_core.shell:Creating environment descriptor '/home/james/drone_ws/install/yolov8_msgs/share/yolov8_msgs/hook/cmake_prefix_path.dsv'
[1.169s] INFO:colcon.colcon_core.shell:Creating environment hook '/home/james/drone_ws/install/yolov8_msgs/share/yolov8_msgs/hook/cmake_prefix_path.sh'
[1.180s] Level 1:colcon.colcon_core.environment:checking '/home/james/drone_ws/install/yolov8_msgs/lib'
[1.182s] Level 1:colcon.colcon_core.shell:create_environment_hook('yolov8_msgs', 'ld_library_path_lib')
[1.182s] INFO:colcon.colcon_core.shell:Creating environment hook '/home/james/drone_ws/install/yolov8_msgs/share/yolov8_msgs/hook/ld_library_path_lib.ps1'
[1.184s] INFO:colcon.colcon_core.shell:Creating environment descriptor '/home/james/drone_ws/install/yolov8_msgs/share/yolov8_msgs/hook/ld_library_path_lib.dsv'
[1.186s] INFO:colcon.colcon_core.shell:Creating environment hook '/home/james/drone_ws/install/yolov8_msgs/share/yolov8_msgs/hook/ld_library_path_lib.sh'
[1.187s] Level 1:colcon.colcon_core.environment:checking '/home/james/drone_ws/install/yolov8_msgs/bin'
[1.188s] Level 1:colcon.colcon_core.environment:checking '/home/james/drone_ws/install/yolov8_msgs/lib/pkgconfig/yolov8_msgs.pc'
[1.188s] Level 1:colcon.colcon_core.environment:checking '/home/james/drone_ws/install/yolov8_msgs/lib/python3.10/site-packages'
[1.188s] Level 1:colcon.colcon_core.environment:checking '/home/james/drone_ws/install/yolov8_msgs/bin'
[1.189s] INFO:colcon.colcon_core.shell:Creating package script '/home/james/drone_ws/install/yolov8_msgs/share/yolov8_msgs/package.ps1'
[1.191s] INFO:colcon.colcon_core.shell:Creating package descriptor '/home/james/drone_ws/install/yolov8_msgs/share/yolov8_msgs/package.dsv'
[1.193s] INFO:colcon.colcon_core.shell:Creating package script '/home/james/drone_ws/install/yolov8_msgs/share/yolov8_msgs/package.sh'
[1.194s] INFO:colcon.colcon_core.shell:Creating package script '/home/james/drone_ws/install/yolov8_msgs/share/yolov8_msgs/package.bash'
[1.196s] INFO:colcon.colcon_core.shell:Creating package script '/home/james/drone_ws/install/yolov8_msgs/share/yolov8_msgs/package.zsh'
[1.197s] Level 1:colcon.colcon_core.environment:create_file_with_runtime_dependencies(/home/james/drone_ws/install/yolov8_msgs/share/colcon-core/packages/yolov8_msgs)
[1.433s] Level 1:colcon.colcon_core.shell:create_environment_hook('sjtu_drone_bringup', 'pythonpath_develop')
[1.435s] INFO:colcon.colcon_core.shell:Creating environment hook '/home/james/drone_ws/build/sjtu_drone_bringup/share/sjtu_drone_bringup/hook/pythonpath_develop.ps1'
[1.447s] INFO:colcon.colcon_core.shell:Creating environment descriptor '/home/james/drone_ws/build/sjtu_drone_bringup/share/sjtu_drone_bringup/hook/pythonpath_develop.dsv'
[1.454s] INFO:colcon.colcon_core.shell:Creating environment hook '/home/james/drone_ws/build/sjtu_drone_bringup/share/sjtu_drone_bringup/hook/pythonpath_develop.sh'
[1.455s] Level 1:colcon.colcon_core.environment:checking '/home/james/drone_ws/install/sjtu_drone_bringup' for CMake module files
[1.456s] Level 1:colcon.colcon_core.environment:checking '/home/james/drone_ws/install/sjtu_drone_bringup' for CMake config files
[1.457s] Level 1:colcon.colcon_core.environment:checking '/home/james/drone_ws/install/sjtu_drone_bringup/lib'
[1.458s] Level 1:colcon.colcon_core.environment:checking '/home/james/drone_ws/install/sjtu_drone_bringup/bin'
[1.458s] Level 1:colcon.colcon_core.environment:checking '/home/james/drone_ws/install/sjtu_drone_bringup/lib/pkgconfig/sjtu_drone_bringup.pc'
[1.458s] Level 1:colcon.colcon_core.environment:checking '/home/james/drone_ws/install/sjtu_drone_bringup/lib/python3.10/site-packages'
[1.458s] Level 1:colcon.colcon_core.shell:create_environment_hook('sjtu_drone_bringup', 'pythonpath')
[1.458s] INFO:colcon.colcon_core.shell:Creating environment hook '/home/james/drone_ws/install/sjtu_drone_bringup/share/sjtu_drone_bringup/hook/pythonpath.ps1'
[1.460s] INFO:colcon.colcon_core.shell:Creating environment descriptor '/home/james/drone_ws/install/sjtu_drone_bringup/share/sjtu_drone_bringup/hook/pythonpath.dsv'
[1.461s] INFO:colcon.colcon_core.shell:Creating environment hook '/home/james/drone_ws/install/sjtu_drone_bringup/share/sjtu_drone_bringup/hook/pythonpath.sh'
[1.464s] Level 1:colcon.colcon_core.environment:checking '/home/james/drone_ws/install/sjtu_drone_bringup/bin'
[1.464s] Level 1:colcon.colcon_core.environment:create_environment_scripts_only(sjtu_drone_bringup)
[1.465s] INFO:colcon.colcon_core.shell:Creating package script '/home/james/drone_ws/install/sjtu_drone_bringup/share/sjtu_drone_bringup/package.ps1'
[1.467s] INFO:colcon.colcon_core.shell:Creating package descriptor '/home/james/drone_ws/install/sjtu_drone_bringup/share/sjtu_drone_bringup/package.dsv'
[1.469s] INFO:colcon.colcon_core.shell:Creating package script '/home/james/drone_ws/install/sjtu_drone_bringup/share/sjtu_drone_bringup/package.sh'
[1.471s] INFO:colcon.colcon_core.shell:Creating package script '/home/james/drone_ws/install/sjtu_drone_bringup/share/sjtu_drone_bringup/package.bash'
[1.473s] INFO:colcon.colcon_core.shell:Creating package script '/home/james/drone_ws/install/sjtu_drone_bringup/share/sjtu_drone_bringup/package.zsh'
[1.480s] Level 1:colcon.colcon_core.environment:create_file_with_runtime_dependencies(/home/james/drone_ws/install/sjtu_drone_bringup/share/colcon-core/packages/sjtu_drone_bringup)
[1.490s] Level 1:colcon.colcon_core.shell:create_environment_hook('sjtu_drone_control', 'pythonpath_develop')
[1.490s] INFO:colcon.colcon_core.shell:Creating environment hook '/home/james/drone_ws/build/sjtu_drone_control/share/sjtu_drone_control/hook/pythonpath_develop.ps1'
[1.491s] INFO:colcon.colcon_core.shell:Creating environment descriptor '/home/james/drone_ws/build/sjtu_drone_control/share/sjtu_drone_control/hook/pythonpath_develop.dsv'
[1.491s] INFO:colcon.colcon_core.shell:Creating environment hook '/home/james/drone_ws/build/sjtu_drone_control/share/sjtu_drone_control/hook/pythonpath_develop.sh'
[1.492s] Level 1:colcon.colcon_core.environment:checking '/home/james/drone_ws/install/sjtu_drone_control' for CMake module files
[1.492s] Level 1:colcon.colcon_core.environment:checking '/home/james/drone_ws/install/sjtu_drone_control' for CMake config files
[1.494s] Level 1:colcon.colcon_core.environment:checking '/home/james/drone_ws/install/sjtu_drone_control/lib'
[1.494s] Level 1:colcon.colcon_core.environment:checking '/home/james/drone_ws/install/sjtu_drone_control/bin'
[1.494s] Level 1:colcon.colcon_core.environment:checking '/home/james/drone_ws/install/sjtu_drone_control/lib/pkgconfig/sjtu_drone_control.pc'
[1.494s] Level 1:colcon.colcon_core.environment:checking '/home/james/drone_ws/install/sjtu_drone_control/lib/python3.10/site-packages'
[1.494s] Level 1:colcon.colcon_core.shell:create_environment_hook('sjtu_drone_control', 'pythonpath')
[1.494s] INFO:colcon.colcon_core.shell:Creating environment hook '/home/james/drone_ws/install/sjtu_drone_control/share/sjtu_drone_control/hook/pythonpath.ps1'
[1.495s] INFO:colcon.colcon_core.shell:Creating environment descriptor '/home/james/drone_ws/install/sjtu_drone_control/share/sjtu_drone_control/hook/pythonpath.dsv'
[1.495s] INFO:colcon.colcon_core.shell:Creating environment hook '/home/james/drone_ws/install/sjtu_drone_control/share/sjtu_drone_control/hook/pythonpath.sh'
[1.496s] Level 1:colcon.colcon_core.environment:checking '/home/james/drone_ws/install/sjtu_drone_control/bin'
[1.496s] Level 1:colcon.colcon_core.environment:create_environment_scripts_only(sjtu_drone_control)
[1.497s] INFO:colcon.colcon_core.shell:Creating package script '/home/james/drone_ws/install/sjtu_drone_control/share/sjtu_drone_control/package.ps1'
[1.497s] INFO:colcon.colcon_core.shell:Creating package descriptor '/home/james/drone_ws/install/sjtu_drone_control/share/sjtu_drone_control/package.dsv'
[1.498s] INFO:colcon.colcon_core.shell:Creating package script '/home/james/drone_ws/install/sjtu_drone_control/share/sjtu_drone_control/package.sh'
[1.499s] INFO:colcon.colcon_core.shell:Creating package script '/home/james/drone_ws/install/sjtu_drone_control/share/sjtu_drone_control/package.bash'
[1.499s] INFO:colcon.colcon_core.shell:Creating package script '/home/james/drone_ws/install/sjtu_drone_control/share/sjtu_drone_control/package.zsh'
[1.500s] Level 1:colcon.colcon_core.environment:create_file_with_runtime_dependencies(/home/james/drone_ws/install/sjtu_drone_control/share/colcon-core/packages/sjtu_drone_control)
[1.535s] DEBUG:colcon.colcon_core.event_handler.log_command:Invoked command in '/home/james/drone_ws/build/sjtu_drone_bringup' returned '0': PYTHONPATH=/home/james/drone_ws/build/sjtu_drone_bringup/prefix_override:/usr/lib/python3/dist-packages/colcon_core/task/python/colcon_distutils_commands:/home/james/drone_ws/install/sjtu_drone_bringup/lib/python3.10/site-packages:${PYTHONPATH} /usr/bin/python3 -W ignore:setup.py install is deprecated setup.py develop --editable --build-directory /home/james/drone_ws/build/sjtu_drone_bringup/build --no-deps symlink_data
[1.572s] DEBUG:colcon.colcon_core.event_handler.log_command:Invoked command in '/home/james/drone_ws/build/sjtu_drone_control' returned '0': PYTHONPATH=/home/james/drone_ws/build/sjtu_drone_control/prefix_override:/usr/lib/python3/dist-packages/colcon_core/task/python/colcon_distutils_commands:/home/james/drone_ws/install/sjtu_drone_control/lib/python3.10/site-packages:${PYTHONPATH} /usr/bin/python3 -W ignore:setup.py install is deprecated setup.py develop --editable --build-directory /home/james/drone_ws/build/sjtu_drone_control/build --no-deps symlink_data
[1.795s] Level 1:colcon.colcon_core.environment:create_environment_scripts_only(yolobot_recognition)
[1.795s] Level 1:colcon.colcon_core.environment:checking '/home/james/drone_ws/install/yolobot_recognition' for CMake module files
[1.796s] DEBUG:colcon.colcon_core.event_handler.log_command:Invoked command in '/home/james/drone_ws/build/yolobot_recognition' returned '0': CMAKE_PREFIX_PATH=${CMAKE_PREFIX_PATH}:/home/james/drone_ws/install/sjtu_drone_control:/home/james/drone_ws/install/sjtu_drone_bringup:/home/james/turtlebot3_ws/install/turtlebot3_teleop:/home/james/turtlebot3_ws/install/turtlebot3_example:/home/james/turtlebot3_ws/install/follow_waypoints:/opt/ros/humble /usr/bin/cmake --install /home/james/drone_ws/build/yolobot_recognition
[1.796s] Level 1:colcon.colcon_core.environment:checking '/home/james/drone_ws/install/yolobot_recognition' for CMake config files
[1.796s] Level 1:colcon.colcon_core.shell:create_environment_hook('yolobot_recognition', 'cmake_prefix_path')
[1.797s] INFO:colcon.colcon_core.shell:Creating environment hook '/home/james/drone_ws/install/yolobot_recognition/share/yolobot_recognition/hook/cmake_prefix_path.ps1'
[1.797s] INFO:colcon.colcon_core.shell:Creating environment descriptor '/home/james/drone_ws/install/yolobot_recognition/share/yolobot_recognition/hook/cmake_prefix_path.dsv'
[1.797s] INFO:colcon.colcon_core.shell:Creating environment hook '/home/james/drone_ws/install/yolobot_recognition/share/yolobot_recognition/hook/cmake_prefix_path.sh'
[1.798s] Level 1:colcon.colcon_core.environment:checking '/home/james/drone_ws/install/yolobot_recognition/lib'
[1.798s] Level 1:colcon.colcon_core.environment:checking '/home/james/drone_ws/install/yolobot_recognition/bin'
[1.798s] Level 1:colcon.colcon_core.environment:checking '/home/james/drone_ws/install/yolobot_recognition/lib/pkgconfig/yolobot_recognition.pc'
[1.798s] Level 1:colcon.colcon_core.environment:checking '/home/james/drone_ws/install/yolobot_recognition/lib/python3.10/site-packages'
[1.798s] Level 1:colcon.colcon_core.environment:checking '/home/james/drone_ws/install/yolobot_recognition/bin'
[1.799s] INFO:colcon.colcon_core.shell:Creating package script '/home/james/drone_ws/install/yolobot_recognition/share/yolobot_recognition/package.ps1'
[1.799s] INFO:colcon.colcon_core.shell:Creating package descriptor '/home/james/drone_ws/install/yolobot_recognition/share/yolobot_recognition/package.dsv'
[1.799s] INFO:colcon.colcon_core.shell:Creating package script '/home/james/drone_ws/install/yolobot_recognition/share/yolobot_recognition/package.sh'
[1.799s] INFO:colcon.colcon_core.shell:Creating package script '/home/james/drone_ws/install/yolobot_recognition/share/yolobot_recognition/package.bash'
[1.799s] INFO:colcon.colcon_core.shell:Creating package script '/home/james/drone_ws/install/yolobot_recognition/share/yolobot_recognition/package.zsh'
[1.800s] Level 1:colcon.colcon_core.environment:create_file_with_runtime_dependencies(/home/james/drone_ws/install/yolobot_recognition/share/colcon-core/packages/yolobot_recognition)
[1.822s] Level 1:colcon.colcon_core.environment:create_environment_scripts_only(yolobot_recognition)
[1.822s] Level 1:colcon.colcon_core.environment:checking '/home/james/drone_ws/install/yolobot_recognition' for CMake module files
[1.823s] Level 1:colcon.colcon_core.environment:checking '/home/james/drone_ws/install/yolobot_recognition' for CMake config files
[1.823s] Level 1:colcon.colcon_core.shell:create_environment_hook('yolobot_recognition', 'cmake_prefix_path')
[1.823s] INFO:colcon.colcon_core.shell:Creating environment hook '/home/james/drone_ws/install/yolobot_recognition/share/yolobot_recognition/hook/cmake_prefix_path.ps1'
[1.823s] INFO:colcon.colcon_core.shell:Creating environment descriptor '/home/james/drone_ws/install/yolobot_recognition/share/yolobot_recognition/hook/cmake_prefix_path.dsv'
[1.824s] INFO:colcon.colcon_core.shell:Creating environment hook '/home/james/drone_ws/install/yolobot_recognition/share/yolobot_recognition/hook/cmake_prefix_path.sh'
[1.824s] Level 1:colcon.colcon_core.environment:checking '/home/james/drone_ws/install/yolobot_recognition/lib'
[1.824s] Level 1:colcon.colcon_core.environment:checking '/home/james/drone_ws/install/yolobot_recognition/bin'
[1.824s] Level 1:colcon.colcon_core.environment:checking '/home/james/drone_ws/install/yolobot_recognition/lib/pkgconfig/yolobot_recognition.pc'
[1.824s] Level 1:colcon.colcon_core.environment:checking '/home/james/drone_ws/install/yolobot_recognition/lib/python3.10/site-packages'
[1.824s] Level 1:colcon.colcon_core.environment:checking '/home/james/drone_ws/install/yolobot_recognition/bin'
[1.825s] INFO:colcon.colcon_core.shell:Creating package script '/home/james/drone_ws/install/yolobot_recognition/share/yolobot_recognition/package.ps1'
[1.825s] INFO:colcon.colcon_core.shell:Creating package descriptor '/home/james/drone_ws/install/yolobot_recognition/share/yolobot_recognition/package.dsv'
[1.825s] INFO:colcon.colcon_core.shell:Creating package script '/home/james/drone_ws/install/yolobot_recognition/share/yolobot_recognition/package.sh'
[1.825s] INFO:colcon.colcon_core.shell:Creating package script '/home/james/drone_ws/install/yolobot_recognition/share/yolobot_recognition/package.bash'
[1.826s] INFO:colcon.colcon_core.shell:Creating package script '/home/james/drone_ws/install/yolobot_recognition/share/yolobot_recognition/package.zsh'
[1.826s] Level 1:colcon.colcon_core.environment:create_file_with_runtime_dependencies(/home/james/drone_ws/install/yolobot_recognition/share/colcon-core/packages/yolobot_recognition)
[1.826s] DEBUG:colcon.colcon_parallel_executor.executor.parallel:closing loop
[1.826s] DEBUG:colcon.colcon_parallel_executor.executor.parallel:loop closed
[1.826s] DEBUG:colcon.colcon_parallel_executor.executor.parallel:run_until_complete finished with '0'
[1.826s] DEBUG:colcon.colcon_core.event_reactor:joining thread
[1.830s] INFO:colcon.colcon_core.plugin_system:Skipping extension 'colcon_notification.desktop_notification.terminal_notifier': Not used on non-Darwin systems
[1.830s] INFO:colcon.colcon_core.plugin_system:Skipping extension 'colcon_notification.desktop_notification.win32': Not used on non-Windows systems
[1.831s] INFO:colcon.colcon_notification.desktop_notification:Sending desktop notification using 'notify2'
[1.840s] DEBUG:colcon.colcon_core.event_reactor:joined thread
[1.840s] INFO:colcon.colcon_core.shell:Creating prefix script '/home/james/drone_ws/install/local_setup.ps1'
[1.841s] INFO:colcon.colcon_core.shell:Creating prefix util module '/home/james/drone_ws/install/_local_setup_util_ps1.py'
[1.843s] INFO:colcon.colcon_core.shell:Creating prefix chain script '/home/james/drone_ws/install/setup.ps1'
[1.844s] INFO:colcon.colcon_core.shell:Creating prefix script '/home/james/drone_ws/install/local_setup.sh'
[1.844s] INFO:colcon.colcon_core.shell:Creating prefix util module '/home/james/drone_ws/install/_local_setup_util_sh.py'
[1.845s] INFO:colcon.colcon_core.shell:Creating prefix chain script '/home/james/drone_ws/install/setup.sh'
[1.846s] INFO:colcon.colcon_core.shell:Creating prefix script '/home/james/drone_ws/install/local_setup.bash'
[1.846s] INFO:colcon.colcon_core.shell:Creating prefix chain script '/home/james/drone_ws/install/setup.bash'
[1.848s] INFO:colcon.colcon_core.shell:Creating prefix script '/home/james/drone_ws/install/local_setup.zsh'
[1.849s] INFO:colcon.colcon_core.shell:Creating prefix chain script '/home/james/drone_ws/install/setup.zsh'
