running develop
running egg_info
creating sjtu_drone_bringup.egg-info
writing sjtu_drone_bringup.egg-info/PKG-INFO
writing dependency_links to sjtu_drone_bringup.egg-info/dependency_links.txt
writing entry points to sjtu_drone_bringup.egg-info/entry_points.txt
writing requirements to sjtu_drone_bringup.egg-info/requires.txt
writing top-level names to sjtu_drone_bringup.egg-info/top_level.txt
writing manifest file 'sjtu_drone_bringup.egg-info/SOURCES.txt'
reading manifest file 'sjtu_drone_bringup.egg-info/SOURCES.txt'
writing manifest file 'sjtu_drone_bringup.egg-info/SOURCES.txt'
running build_ext
Creating /home/james/drone_ws/install/sjtu_drone_bringup/lib/python3.10/site-packages/sjtu-drone-bringup.egg-link (link to .)
Installing spawn_drone script to /home/james/drone_ws/install/sjtu_drone_bringup/lib/sjtu_drone_bringup

Installed /home/james/drone_ws/build/sjtu_drone_bringup
running symlink_data
creating /home/james/drone_ws/install/sjtu_drone_bringup/share/ament_index/resource_index/packages
symbolically linking /home/james/drone_ws/build/sjtu_drone_bringup/resource/sjtu_drone_bringup -> /home/james/drone_ws/install/sjtu_drone_bringup/share/ament_index/resource_index/packages
symbolically linking /home/james/drone_ws/build/sjtu_drone_bringup/package.xml -> /home/james/drone_ws/install/sjtu_drone_bringup/share/sjtu_drone_bringup
creating /home/james/drone_ws/install/sjtu_drone_bringup/share/sjtu_drone_bringup/launch
symbolically linking /home/james/drone_ws/build/sjtu_drone_bringup/launch/gazebo_launch.py -> /home/james/drone_ws/install/sjtu_drone_bringup/share/sjtu_drone_bringup/launch
symbolically linking /home/james/drone_ws/build/sjtu_drone_bringup/launch/drone_rtab.launch.py -> /home/james/drone_ws/install/sjtu_drone_bringup/share/sjtu_drone_bringup/launch
symbolically linking /home/james/drone_ws/build/sjtu_drone_bringup/launch/sjtu_drone_bringup.launch.py -> /home/james/drone_ws/install/sjtu_drone_bringup/share/sjtu_drone_bringup/launch
symbolically linking /home/james/drone_ws/build/sjtu_drone_bringup/launch/rsp.launch.py -> /home/james/drone_ws/install/sjtu_drone_bringup/share/sjtu_drone_bringup/launch
symbolically linking /home/james/drone_ws/build/sjtu_drone_bringup/launch/sjtu_drone_gazebo.launch.py -> /home/james/drone_ws/install/sjtu_drone_bringup/share/sjtu_drone_bringup/launch
creating /home/james/drone_ws/install/sjtu_drone_bringup/share/sjtu_drone_bringup/rviz
symbolically linking /home/james/drone_ws/build/sjtu_drone_bringup/rviz/rviz.rviz -> /home/james/drone_ws/install/sjtu_drone_bringup/share/sjtu_drone_bringup/rviz
creating /home/james/drone_ws/install/sjtu_drone_bringup/share/sjtu_drone_bringup/config
symbolically linking /home/james/drone_ws/build/sjtu_drone_bringup/config/drone.yaml -> /home/james/drone_ws/install/sjtu_drone_bringup/share/sjtu_drone_bringup/config
