[1.015s] Invoking command in '/home/james/drone_ws/build/sjtu_drone_bringup': PYTHONPATH=/home/james/drone_ws/build/sjtu_drone_bringup/prefix_override:/usr/lib/python3/dist-packages/colcon_core/task/python/colcon_distutils_commands:/home/james/drone_ws/install/sjtu_drone_bringup/lib/python3.10/site-packages:${PYTHONPATH} /usr/bin/python3 -W ignore:setup.py install is deprecated setup.py develop --editable --build-directory /home/james/drone_ws/build/sjtu_drone_bringup/build --no-deps symlink_data
[1.218s] /home/james/.local/lib/python3.10/site-packages/setuptools/_distutils/dist.py:261: UserWarning: Unknown distribution option: 'tests_require'
[1.218s]   warnings.warn(msg)
[1.408s] running develop
[1.409s] /home/james/.local/lib/python3.10/site-packages/setuptools/command/develop.py:41: EasyInstallDeprecationWarning: easy_install command is deprecated.
[1.409s] !!
[1.409s] 
[1.409s]         ********************************************************************************
[1.409s]         Please avoid running ``setup.py`` and ``easy_install``.
[1.409s]         Instead, use pypa/build, pypa/installer or other
[1.409s]         standards-based tools.
[1.409s] 
[1.409s]         See https://github.com/pypa/setuptools/issues/917 for details.
[1.409s]         ********************************************************************************
[1.410s] 
[1.410s] !!
[1.410s]   easy_install.initialize_options(self)
[1.633s] running egg_info
[1.633s] creating sjtu_drone_bringup.egg-info
[1.648s] writing sjtu_drone_bringup.egg-info/PKG-INFO
[1.649s] writing dependency_links to sjtu_drone_bringup.egg-info/dependency_links.txt
[1.649s] writing entry points to sjtu_drone_bringup.egg-info/entry_points.txt
[1.650s] writing requirements to sjtu_drone_bringup.egg-info/requires.txt
[1.650s] writing top-level names to sjtu_drone_bringup.egg-info/top_level.txt
[1.650s] writing manifest file 'sjtu_drone_bringup.egg-info/SOURCES.txt'
[1.679s] reading manifest file 'sjtu_drone_bringup.egg-info/SOURCES.txt'
[1.680s] writing manifest file 'sjtu_drone_bringup.egg-info/SOURCES.txt'
[1.696s] running build_ext
[1.696s] Creating /home/james/drone_ws/install/sjtu_drone_bringup/lib/python3.10/site-packages/sjtu-drone-bringup.egg-link (link to .)
[1.697s] Installing spawn_drone script to /home/james/drone_ws/install/sjtu_drone_bringup/lib/sjtu_drone_bringup
[1.697s] 
[1.698s] Installed /home/james/drone_ws/build/sjtu_drone_bringup
[1.698s] running symlink_data
[1.699s] creating /home/james/drone_ws/install/sjtu_drone_bringup/share/ament_index/resource_index/packages
[1.699s] symbolically linking /home/james/drone_ws/build/sjtu_drone_bringup/resource/sjtu_drone_bringup -> /home/james/drone_ws/install/sjtu_drone_bringup/share/ament_index/resource_index/packages
[1.699s] symbolically linking /home/james/drone_ws/build/sjtu_drone_bringup/package.xml -> /home/james/drone_ws/install/sjtu_drone_bringup/share/sjtu_drone_bringup
[1.700s] creating /home/james/drone_ws/install/sjtu_drone_bringup/share/sjtu_drone_bringup/launch
[1.700s] symbolically linking /home/james/drone_ws/build/sjtu_drone_bringup/launch/gazebo_launch.py -> /home/james/drone_ws/install/sjtu_drone_bringup/share/sjtu_drone_bringup/launch
[1.700s] symbolically linking /home/james/drone_ws/build/sjtu_drone_bringup/launch/drone_rtab.launch.py -> /home/james/drone_ws/install/sjtu_drone_bringup/share/sjtu_drone_bringup/launch
[1.700s] symbolically linking /home/james/drone_ws/build/sjtu_drone_bringup/launch/sjtu_drone_bringup.launch.py -> /home/james/drone_ws/install/sjtu_drone_bringup/share/sjtu_drone_bringup/launch
[1.700s] symbolically linking /home/james/drone_ws/build/sjtu_drone_bringup/launch/rsp.launch.py -> /home/james/drone_ws/install/sjtu_drone_bringup/share/sjtu_drone_bringup/launch
[1.701s] symbolically linking /home/james/drone_ws/build/sjtu_drone_bringup/launch/sjtu_drone_gazebo.launch.py -> /home/james/drone_ws/install/sjtu_drone_bringup/share/sjtu_drone_bringup/launch
[1.701s] creating /home/james/drone_ws/install/sjtu_drone_bringup/share/sjtu_drone_bringup/rviz
[1.701s] symbolically linking /home/james/drone_ws/build/sjtu_drone_bringup/rviz/rviz.rviz -> /home/james/drone_ws/install/sjtu_drone_bringup/share/sjtu_drone_bringup/rviz
[1.701s] creating /home/james/drone_ws/install/sjtu_drone_bringup/share/sjtu_drone_bringup/config
[1.701s] symbolically linking /home/james/drone_ws/build/sjtu_drone_bringup/config/drone.yaml -> /home/james/drone_ws/install/sjtu_drone_bringup/share/sjtu_drone_bringup/config
[1.740s] Invoked command in '/home/james/drone_ws/build/sjtu_drone_bringup' returned '0': PYTHONPATH=/home/james/drone_ws/build/sjtu_drone_bringup/prefix_override:/usr/lib/python3/dist-packages/colcon_core/task/python/colcon_distutils_commands:/home/james/drone_ws/install/sjtu_drone_bringup/lib/python3.10/site-packages:${PYTHONPATH} /usr/bin/python3 -W ignore:setup.py install is deprecated setup.py develop --editable --build-directory /home/james/drone_ws/build/sjtu_drone_bringup/build --no-deps symlink_data
