[0.140s] Invoking command in '/home/james/drone_ws/build/octomap_ros': AMENT_PREFIX_PATH=/home/james/drone_ws/install/octomap_msgs:${AMENT_PREFIX_PATH} CMAKE_PREFIX_PATH=/home/james/drone_ws/install/octomap_msgs:/home/james/turtlebot3_ws/install/turtlebot3:/home/james/turtlebot3_ws/install/turtlebot3_simulations:/home/james/turtlebot3_ws/install/turtlebot3_bringup:/home/james/turtlebot3_ws/install/turtlebot3_node:/home/james/turtlebot3_ws/install/turtlebot3_navigation2:/home/james/turtlebot3_ws/install/turtlebot3_fake_node:/home/james/turtlebot3_ws/install/turtlebot3_msgs:/home/james/turtlebot3_ws/install/turtlebot3_gazebo:/home/james/turtlebot3_ws/install/turtlebot3_description:/home/james/turtlebot3_ws/install/turtlebot3_cartographer:/home/james/turtlebot3_ws/install/dynamixel_sdk_examples:/home/james/turtlebot3_ws/install/dynamixel_sdk_custom_interfaces:/home/james/turtlebot3_ws/install/dynamixel_sdk:/home/james/turtlebot3_ws/install/turtlebot3_teleop:/home/james/turtlebot3_ws/install/turtlebot3_example:/home/james/turtlebot3_ws/install/follow_waypoints:/opt/ros/humble LD_LIBRARY_PATH=/home/james/drone_ws/install/octomap_msgs/lib:/home/james/turtlebot3_ws/install/turtlebot3_msgs/lib:/home/james/turtlebot3_ws/install/dynamixel_sdk_custom_interfaces/lib:/home/james/turtlebot3_ws/install/dynamixel_sdk/lib:/usr/lib/x86_64-linux-gnu/gazebo-11/plugins:/opt/ros/humble/opt/rviz_ogre_vendor/lib:/opt/ros/humble/lib/x86_64-linux-gnu:/opt/ros/humble/lib:/usr/lib/x86_64-linux-gnu/gazebo-11/plugins PYTHONPATH=/home/james/drone_ws/install/octomap_msgs/local/lib/python3.10/dist-packages:${PYTHONPATH} /usr/bin/cmake --build /home/james/drone_ws/build/octomap_ros -- -j20 -l20
[0.213s] [35m[1mConsolidate compiler generated dependencies of target gtest[0m
[0.214s] [35m[1mConsolidate compiler generated dependencies of target octomap_ros[0m
[0.215s] [35m[1mConsolidate compiler generated dependencies of target gtest_main[0m
[0.226s] [ 25%] Built target gtest
[0.227s] [ 50%] Built target octomap_ros
[0.228s] [ 75%] Built target gtest_main
[0.240s] [35m[1mConsolidate compiler generated dependencies of target test_octomap_ros[0m
[0.256s] [100%] Built target test_octomap_ros
[0.273s] Invoked command in '/home/james/drone_ws/build/octomap_ros' returned '0': AMENT_PREFIX_PATH=/home/james/drone_ws/install/octomap_msgs:${AMENT_PREFIX_PATH} CMAKE_PREFIX_PATH=/home/james/drone_ws/install/octomap_msgs:/home/james/turtlebot3_ws/install/turtlebot3:/home/james/turtlebot3_ws/install/turtlebot3_simulations:/home/james/turtlebot3_ws/install/turtlebot3_bringup:/home/james/turtlebot3_ws/install/turtlebot3_node:/home/james/turtlebot3_ws/install/turtlebot3_navigation2:/home/james/turtlebot3_ws/install/turtlebot3_fake_node:/home/james/turtlebot3_ws/install/turtlebot3_msgs:/home/james/turtlebot3_ws/install/turtlebot3_gazebo:/home/james/turtlebot3_ws/install/turtlebot3_description:/home/james/turtlebot3_ws/install/turtlebot3_cartographer:/home/james/turtlebot3_ws/install/dynamixel_sdk_examples:/home/james/turtlebot3_ws/install/dynamixel_sdk_custom_interfaces:/home/james/turtlebot3_ws/install/dynamixel_sdk:/home/james/turtlebot3_ws/install/turtlebot3_teleop:/home/james/turtlebot3_ws/install/turtlebot3_example:/home/james/turtlebot3_ws/install/follow_waypoints:/opt/ros/humble LD_LIBRARY_PATH=/home/james/drone_ws/install/octomap_msgs/lib:/home/james/turtlebot3_ws/install/turtlebot3_msgs/lib:/home/james/turtlebot3_ws/install/dynamixel_sdk_custom_interfaces/lib:/home/james/turtlebot3_ws/install/dynamixel_sdk/lib:/usr/lib/x86_64-linux-gnu/gazebo-11/plugins:/opt/ros/humble/opt/rviz_ogre_vendor/lib:/opt/ros/humble/lib/x86_64-linux-gnu:/opt/ros/humble/lib:/usr/lib/x86_64-linux-gnu/gazebo-11/plugins PYTHONPATH=/home/james/drone_ws/install/octomap_msgs/local/lib/python3.10/dist-packages:${PYTHONPATH} /usr/bin/cmake --build /home/james/drone_ws/build/octomap_ros -- -j20 -l20
[0.325s] Invoking command in '/home/james/drone_ws/build/octomap_ros': AMENT_PREFIX_PATH=/home/james/drone_ws/install/octomap_msgs:${AMENT_PREFIX_PATH} CMAKE_PREFIX_PATH=/home/james/drone_ws/install/octomap_msgs:/home/james/turtlebot3_ws/install/turtlebot3:/home/james/turtlebot3_ws/install/turtlebot3_simulations:/home/james/turtlebot3_ws/install/turtlebot3_bringup:/home/james/turtlebot3_ws/install/turtlebot3_node:/home/james/turtlebot3_ws/install/turtlebot3_navigation2:/home/james/turtlebot3_ws/install/turtlebot3_fake_node:/home/james/turtlebot3_ws/install/turtlebot3_msgs:/home/james/turtlebot3_ws/install/turtlebot3_gazebo:/home/james/turtlebot3_ws/install/turtlebot3_description:/home/james/turtlebot3_ws/install/turtlebot3_cartographer:/home/james/turtlebot3_ws/install/dynamixel_sdk_examples:/home/james/turtlebot3_ws/install/dynamixel_sdk_custom_interfaces:/home/james/turtlebot3_ws/install/dynamixel_sdk:/home/james/turtlebot3_ws/install/turtlebot3_teleop:/home/james/turtlebot3_ws/install/turtlebot3_example:/home/james/turtlebot3_ws/install/follow_waypoints:/opt/ros/humble LD_LIBRARY_PATH=/home/james/drone_ws/install/octomap_msgs/lib:/home/james/turtlebot3_ws/install/turtlebot3_msgs/lib:/home/james/turtlebot3_ws/install/dynamixel_sdk_custom_interfaces/lib:/home/james/turtlebot3_ws/install/dynamixel_sdk/lib:/usr/lib/x86_64-linux-gnu/gazebo-11/plugins:/opt/ros/humble/opt/rviz_ogre_vendor/lib:/opt/ros/humble/lib/x86_64-linux-gnu:/opt/ros/humble/lib:/usr/lib/x86_64-linux-gnu/gazebo-11/plugins PYTHONPATH=/home/james/drone_ws/install/octomap_msgs/local/lib/python3.10/dist-packages:${PYTHONPATH} /usr/bin/cmake --install /home/james/drone_ws/build/octomap_ros
[0.334s] -- Install configuration: ""
[0.335s] -- Execute custom install script
[0.335s] -- Up-to-date symlink: /home/james/drone_ws/install/octomap_ros/include/octomap_ros/conversions.hpp
[0.335s] -- Up-to-date symlink: /home/james/drone_ws/install/octomap_ros/share/octomap_ros/environment/library_path.sh
[0.335s] -- Up-to-date symlink: /home/james/drone_ws/install/octomap_ros/share/octomap_ros/environment/library_path.dsv
[0.335s] -- Up-to-date symlink: /home/james/drone_ws/install/octomap_ros/lib/liboctomap_ros.so
[0.337s] -- Up-to-date symlink: /home/james/drone_ws/install/octomap_ros/share/ament_index/resource_index/package_run_dependencies/octomap_ros
[0.337s] -- Up-to-date symlink: /home/james/drone_ws/install/octomap_ros/share/ament_index/resource_index/parent_prefix_path/octomap_ros
[0.337s] -- Up-to-date symlink: /home/james/drone_ws/install/octomap_ros/share/octomap_ros/environment/ament_prefix_path.sh
[0.337s] -- Up-to-date symlink: /home/james/drone_ws/install/octomap_ros/share/octomap_ros/environment/ament_prefix_path.dsv
[0.337s] -- Up-to-date symlink: /home/james/drone_ws/install/octomap_ros/share/octomap_ros/environment/path.sh
[0.337s] -- Up-to-date symlink: /home/james/drone_ws/install/octomap_ros/share/octomap_ros/environment/path.dsv
[0.338s] -- Up-to-date symlink: /home/james/drone_ws/install/octomap_ros/share/octomap_ros/local_setup.bash
[0.338s] -- Up-to-date symlink: /home/james/drone_ws/install/octomap_ros/share/octomap_ros/local_setup.sh
[0.338s] -- Up-to-date symlink: /home/james/drone_ws/install/octomap_ros/share/octomap_ros/local_setup.zsh
[0.338s] -- Up-to-date symlink: /home/james/drone_ws/install/octomap_ros/share/octomap_ros/local_setup.dsv
[0.338s] -- Symlinking: /home/james/drone_ws/install/octomap_ros/share/octomap_ros/package.dsv
[0.344s] -- Up-to-date symlink: /home/james/drone_ws/install/octomap_ros/share/ament_index/resource_index/packages/octomap_ros
[0.344s] -- Up-to-date symlink: /home/james/drone_ws/install/octomap_ros/share/octomap_ros/cmake/ament_cmake_export_dependencies-extras.cmake
[0.344s] -- Up-to-date symlink: /home/james/drone_ws/install/octomap_ros/share/octomap_ros/cmake/ament_cmake_export_include_directories-extras.cmake
[0.344s] -- Up-to-date symlink: /home/james/drone_ws/install/octomap_ros/share/octomap_ros/cmake/ament_cmake_export_libraries-extras.cmake
[0.345s] -- Up-to-date symlink: /home/james/drone_ws/install/octomap_ros/share/octomap_ros/cmake/octomap_rosConfig.cmake
[0.345s] -- Up-to-date symlink: /home/james/drone_ws/install/octomap_ros/share/octomap_ros/cmake/octomap_rosConfig-version.cmake
[0.345s] -- Up-to-date symlink: /home/james/drone_ws/install/octomap_ros/share/octomap_ros/package.xml
[0.408s] Invoked command in '/home/james/drone_ws/build/octomap_ros' returned '0': AMENT_PREFIX_PATH=/home/james/drone_ws/install/octomap_msgs:${AMENT_PREFIX_PATH} CMAKE_PREFIX_PATH=/home/james/drone_ws/install/octomap_msgs:/home/james/turtlebot3_ws/install/turtlebot3:/home/james/turtlebot3_ws/install/turtlebot3_simulations:/home/james/turtlebot3_ws/install/turtlebot3_bringup:/home/james/turtlebot3_ws/install/turtlebot3_node:/home/james/turtlebot3_ws/install/turtlebot3_navigation2:/home/james/turtlebot3_ws/install/turtlebot3_fake_node:/home/james/turtlebot3_ws/install/turtlebot3_msgs:/home/james/turtlebot3_ws/install/turtlebot3_gazebo:/home/james/turtlebot3_ws/install/turtlebot3_description:/home/james/turtlebot3_ws/install/turtlebot3_cartographer:/home/james/turtlebot3_ws/install/dynamixel_sdk_examples:/home/james/turtlebot3_ws/install/dynamixel_sdk_custom_interfaces:/home/james/turtlebot3_ws/install/dynamixel_sdk:/home/james/turtlebot3_ws/install/turtlebot3_teleop:/home/james/turtlebot3_ws/install/turtlebot3_example:/home/james/turtlebot3_ws/install/follow_waypoints:/opt/ros/humble LD_LIBRARY_PATH=/home/james/drone_ws/install/octomap_msgs/lib:/home/james/turtlebot3_ws/install/turtlebot3_msgs/lib:/home/james/turtlebot3_ws/install/dynamixel_sdk_custom_interfaces/lib:/home/james/turtlebot3_ws/install/dynamixel_sdk/lib:/usr/lib/x86_64-linux-gnu/gazebo-11/plugins:/opt/ros/humble/opt/rviz_ogre_vendor/lib:/opt/ros/humble/lib/x86_64-linux-gnu:/opt/ros/humble/lib:/usr/lib/x86_64-linux-gnu/gazebo-11/plugins PYTHONPATH=/home/james/drone_ws/install/octomap_msgs/local/lib/python3.10/dist-packages:${PYTHONPATH} /usr/bin/cmake --install /home/james/drone_ws/build/octomap_ros
