[0.014s] Invoking command in '/home/james/drone_ws/build/octomap_ros': AMENT_PREFIX_PATH=/home/james/drone_ws/install/octomap_msgs:${AMENT_PREFIX_PATH} CMAKE_PREFIX_PATH=/home/james/drone_ws/install/octomap_msgs:/home/james/turtlebot3_ws/install/turtlebot3:/home/james/turtlebot3_ws/install/turtlebot3_simulations:/home/james/turtlebot3_ws/install/turtlebot3_bringup:/home/james/turtlebot3_ws/install/turtlebot3_node:/home/james/turtlebot3_ws/install/turtlebot3_navigation2:/home/james/turtlebot3_ws/install/turtlebot3_fake_node:/home/james/turtlebot3_ws/install/turtlebot3_msgs:/home/james/turtlebot3_ws/install/turtlebot3_gazebo:/home/james/turtlebot3_ws/install/turtlebot3_description:/home/james/turtlebot3_ws/install/turtlebot3_cartographer:/home/james/turtlebot3_ws/install/dynamixel_sdk_examples:/home/james/turtlebot3_ws/install/dynamixel_sdk_custom_interfaces:/home/james/turtlebot3_ws/install/dynamixel_sdk:/home/james/turtlebot3_ws/install/turtlebot3_teleop:/home/james/turtlebot3_ws/install/turtlebot3_example:/home/james/turtlebot3_ws/install/follow_waypoints:/opt/ros/humble LD_LIBRARY_PATH=/home/james/drone_ws/install/octomap_msgs/lib:/home/james/turtlebot3_ws/install/turtlebot3_msgs/lib:/home/james/turtlebot3_ws/install/dynamixel_sdk_custom_interfaces/lib:/home/james/turtlebot3_ws/install/dynamixel_sdk/lib:/usr/lib/x86_64-linux-gnu/gazebo-11/plugins:/opt/ros/humble/opt/rviz_ogre_vendor/lib:/opt/ros/humble/lib/x86_64-linux-gnu:/opt/ros/humble/lib:/usr/lib/x86_64-linux-gnu/gazebo-11/plugins PYTHONPATH=/home/james/drone_ws/install/octomap_msgs/local/lib/python3.10/dist-packages:${PYTHONPATH} /usr/bin/cmake /home/james/drone_ws/src/drone_ros2/octomap_mapping/octomap_ros -DAMENT_CMAKE_SYMLINK_INSTALL=1 -DCMAKE_INSTALL_PREFIX=/home/james/drone_ws/install/octomap_ros
[0.078s] -- The C compiler identification is GNU 11.4.0
[0.136s] -- The CXX compiler identification is GNU 11.4.0
[0.145s] -- Detecting C compiler ABI info
[0.204s] -- Detecting C compiler ABI info - done
[0.210s] -- Check for working C compiler: /usr/lib/ccache/cc - skipped
[0.210s] -- Detecting C compile features
[0.210s] -- Detecting C compile features - done
[0.213s] -- Detecting CXX compiler ABI info
[0.278s] -- Detecting CXX compiler ABI info - done
[0.285s] -- Check for working CXX compiler: /usr/lib/ccache/c++ - skipped
[0.285s] -- Detecting CXX compile features
[0.286s] -- Detecting CXX compile features - done
[0.289s] -- Found ament_cmake_auto: 1.3.10 (/opt/ros/humble/share/ament_cmake_auto/cmake)
[0.615s] -- Found Python3: /usr/bin/python3 (found version "3.10.12") found components: Interpreter 
[0.670s] -- Override CMake install command with custom implementation using symlinks instead of copying resources
[0.815s] -- Found rosidl_generator_c: 3.1.5 (/opt/ros/humble/share/rosidl_generator_c/cmake)
[0.822s] -- Found rosidl_adapter: 3.1.5 (/opt/ros/humble/share/rosidl_adapter/cmake)
[0.831s] -- Found rosidl_generator_cpp: 3.1.5 (/opt/ros/humble/share/rosidl_generator_cpp/cmake)
[0.842s] -- Using all available rosidl_typesupport_c: rosidl_typesupport_fastrtps_c;rosidl_typesupport_introspection_c
[0.858s] -- Using all available rosidl_typesupport_cpp: rosidl_typesupport_fastrtps_cpp;rosidl_typesupport_introspection_cpp
[0.937s] -- Found ament_lint_auto: 0.12.11 (/opt/ros/humble/share/ament_lint_auto/cmake)
[0.963s] -- Found gtest sources under '/opt/ros/humble/src/gtest_vendor': C++ tests using 'Google Test' will be built
[0.965s] -- Looking for pthread.h
[1.023s] -- Looking for pthread.h - found
[1.024s] -- Performing Test CMAKE_HAVE_LIBC_PTHREAD
[1.083s] -- Performing Test CMAKE_HAVE_LIBC_PTHREAD - Success
[1.084s] -- Found Threads: TRUE  
[1.089s] -- Added test 'copyright' to check source files copyright and LICENSE
[1.090s] -- Added test 'cppcheck' to perform static code analysis on C / C++ code
[1.090s] -- Configured cppcheck include dirs: /home/james/drone_ws/src/drone_ros2/octomap_mapping/octomap_ros/include
[1.090s] -- Configured cppcheck exclude dirs and/or files: 
[1.091s] -- Added test 'cpplint' to check C / C++ code against the Google style
[1.091s] -- Configured cpplint exclude dirs and/or files: 
[1.092s] -- Added test 'lint_cmake' to check CMake code style
[1.093s] -- Added test 'uncrustify' to check C / C++ code style
[1.093s] -- Configured uncrustify additional arguments: 
[1.093s] -- Added test 'xmllint' to check XML markup files
[1.096s] -- Configuring done
[1.105s] -- Generating done
[1.106s] -- Build files have been written to: /home/james/drone_ws/build/octomap_ros
[1.116s] Invoked command in '/home/james/drone_ws/build/octomap_ros' returned '0': AMENT_PREFIX_PATH=/home/james/drone_ws/install/octomap_msgs:${AMENT_PREFIX_PATH} CMAKE_PREFIX_PATH=/home/james/drone_ws/install/octomap_msgs:/home/james/turtlebot3_ws/install/turtlebot3:/home/james/turtlebot3_ws/install/turtlebot3_simulations:/home/james/turtlebot3_ws/install/turtlebot3_bringup:/home/james/turtlebot3_ws/install/turtlebot3_node:/home/james/turtlebot3_ws/install/turtlebot3_navigation2:/home/james/turtlebot3_ws/install/turtlebot3_fake_node:/home/james/turtlebot3_ws/install/turtlebot3_msgs:/home/james/turtlebot3_ws/install/turtlebot3_gazebo:/home/james/turtlebot3_ws/install/turtlebot3_description:/home/james/turtlebot3_ws/install/turtlebot3_cartographer:/home/james/turtlebot3_ws/install/dynamixel_sdk_examples:/home/james/turtlebot3_ws/install/dynamixel_sdk_custom_interfaces:/home/james/turtlebot3_ws/install/dynamixel_sdk:/home/james/turtlebot3_ws/install/turtlebot3_teleop:/home/james/turtlebot3_ws/install/turtlebot3_example:/home/james/turtlebot3_ws/install/follow_waypoints:/opt/ros/humble LD_LIBRARY_PATH=/home/james/drone_ws/install/octomap_msgs/lib:/home/james/turtlebot3_ws/install/turtlebot3_msgs/lib:/home/james/turtlebot3_ws/install/dynamixel_sdk_custom_interfaces/lib:/home/james/turtlebot3_ws/install/dynamixel_sdk/lib:/usr/lib/x86_64-linux-gnu/gazebo-11/plugins:/opt/ros/humble/opt/rviz_ogre_vendor/lib:/opt/ros/humble/lib/x86_64-linux-gnu:/opt/ros/humble/lib:/usr/lib/x86_64-linux-gnu/gazebo-11/plugins PYTHONPATH=/home/james/drone_ws/install/octomap_msgs/local/lib/python3.10/dist-packages:${PYTHONPATH} /usr/bin/cmake /home/james/drone_ws/src/drone_ros2/octomap_mapping/octomap_ros -DAMENT_CMAKE_SYMLINK_INSTALL=1 -DCMAKE_INSTALL_PREFIX=/home/james/drone_ws/install/octomap_ros
[1.116s] Invoking command in '/home/james/drone_ws/build/octomap_ros': AMENT_PREFIX_PATH=/home/james/drone_ws/install/octomap_msgs:${AMENT_PREFIX_PATH} CMAKE_PREFIX_PATH=/home/james/drone_ws/install/octomap_msgs:/home/james/turtlebot3_ws/install/turtlebot3:/home/james/turtlebot3_ws/install/turtlebot3_simulations:/home/james/turtlebot3_ws/install/turtlebot3_bringup:/home/james/turtlebot3_ws/install/turtlebot3_node:/home/james/turtlebot3_ws/install/turtlebot3_navigation2:/home/james/turtlebot3_ws/install/turtlebot3_fake_node:/home/james/turtlebot3_ws/install/turtlebot3_msgs:/home/james/turtlebot3_ws/install/turtlebot3_gazebo:/home/james/turtlebot3_ws/install/turtlebot3_description:/home/james/turtlebot3_ws/install/turtlebot3_cartographer:/home/james/turtlebot3_ws/install/dynamixel_sdk_examples:/home/james/turtlebot3_ws/install/dynamixel_sdk_custom_interfaces:/home/james/turtlebot3_ws/install/dynamixel_sdk:/home/james/turtlebot3_ws/install/turtlebot3_teleop:/home/james/turtlebot3_ws/install/turtlebot3_example:/home/james/turtlebot3_ws/install/follow_waypoints:/opt/ros/humble LD_LIBRARY_PATH=/home/james/drone_ws/install/octomap_msgs/lib:/home/james/turtlebot3_ws/install/turtlebot3_msgs/lib:/home/james/turtlebot3_ws/install/dynamixel_sdk_custom_interfaces/lib:/home/james/turtlebot3_ws/install/dynamixel_sdk/lib:/usr/lib/x86_64-linux-gnu/gazebo-11/plugins:/opt/ros/humble/opt/rviz_ogre_vendor/lib:/opt/ros/humble/lib/x86_64-linux-gnu:/opt/ros/humble/lib:/usr/lib/x86_64-linux-gnu/gazebo-11/plugins PYTHONPATH=/home/james/drone_ws/install/octomap_msgs/local/lib/python3.10/dist-packages:${PYTHONPATH} /usr/bin/cmake --build /home/james/drone_ws/build/octomap_ros -- -j20 -l20
[1.164s] [ 12%] [32mBuilding CXX object CMakeFiles/octomap_ros.dir/src/conversions.cpp.o[0m
[1.166s] [ 25%] [32mBuilding CXX object gtest/CMakeFiles/gtest.dir/src/gtest-all.cc.o[0m
[1.167s] [ 37%] [32mBuilding CXX object gtest/CMakeFiles/gtest_main.dir/src/gtest_main.cc.o[0m
[1.189s] [ 50%] [32m[1mLinking CXX shared library liboctomap_ros.so[0m
[1.190s] [ 62%] [32m[1mLinking CXX static library libgtest_main.a[0m
[1.193s] [ 75%] [32m[1mLinking CXX static library libgtest.a[0m
[1.228s] [ 75%] Built target gtest_main
[1.250s] [ 75%] Built target gtest
[1.273s] [ 75%] Built target octomap_ros
[1.294s] [ 87%] [32mBuilding CXX object CMakeFiles/test_octomap_ros.dir/test/test_conversions.cpp.o[0m
[1.312s] [100%] [32m[1mLinking CXX executable test_octomap_ros[0m
[1.455s] [100%] Built target test_octomap_ros
[1.465s] Invoked command in '/home/james/drone_ws/build/octomap_ros' returned '0': AMENT_PREFIX_PATH=/home/james/drone_ws/install/octomap_msgs:${AMENT_PREFIX_PATH} CMAKE_PREFIX_PATH=/home/james/drone_ws/install/octomap_msgs:/home/james/turtlebot3_ws/install/turtlebot3:/home/james/turtlebot3_ws/install/turtlebot3_simulations:/home/james/turtlebot3_ws/install/turtlebot3_bringup:/home/james/turtlebot3_ws/install/turtlebot3_node:/home/james/turtlebot3_ws/install/turtlebot3_navigation2:/home/james/turtlebot3_ws/install/turtlebot3_fake_node:/home/james/turtlebot3_ws/install/turtlebot3_msgs:/home/james/turtlebot3_ws/install/turtlebot3_gazebo:/home/james/turtlebot3_ws/install/turtlebot3_description:/home/james/turtlebot3_ws/install/turtlebot3_cartographer:/home/james/turtlebot3_ws/install/dynamixel_sdk_examples:/home/james/turtlebot3_ws/install/dynamixel_sdk_custom_interfaces:/home/james/turtlebot3_ws/install/dynamixel_sdk:/home/james/turtlebot3_ws/install/turtlebot3_teleop:/home/james/turtlebot3_ws/install/turtlebot3_example:/home/james/turtlebot3_ws/install/follow_waypoints:/opt/ros/humble LD_LIBRARY_PATH=/home/james/drone_ws/install/octomap_msgs/lib:/home/james/turtlebot3_ws/install/turtlebot3_msgs/lib:/home/james/turtlebot3_ws/install/dynamixel_sdk_custom_interfaces/lib:/home/james/turtlebot3_ws/install/dynamixel_sdk/lib:/usr/lib/x86_64-linux-gnu/gazebo-11/plugins:/opt/ros/humble/opt/rviz_ogre_vendor/lib:/opt/ros/humble/lib/x86_64-linux-gnu:/opt/ros/humble/lib:/usr/lib/x86_64-linux-gnu/gazebo-11/plugins PYTHONPATH=/home/james/drone_ws/install/octomap_msgs/local/lib/python3.10/dist-packages:${PYTHONPATH} /usr/bin/cmake --build /home/james/drone_ws/build/octomap_ros -- -j20 -l20
[1.494s] Invoking command in '/home/james/drone_ws/build/octomap_ros': AMENT_PREFIX_PATH=/home/james/drone_ws/install/octomap_msgs:${AMENT_PREFIX_PATH} CMAKE_PREFIX_PATH=/home/james/drone_ws/install/octomap_msgs:/home/james/turtlebot3_ws/install/turtlebot3:/home/james/turtlebot3_ws/install/turtlebot3_simulations:/home/james/turtlebot3_ws/install/turtlebot3_bringup:/home/james/turtlebot3_ws/install/turtlebot3_node:/home/james/turtlebot3_ws/install/turtlebot3_navigation2:/home/james/turtlebot3_ws/install/turtlebot3_fake_node:/home/james/turtlebot3_ws/install/turtlebot3_msgs:/home/james/turtlebot3_ws/install/turtlebot3_gazebo:/home/james/turtlebot3_ws/install/turtlebot3_description:/home/james/turtlebot3_ws/install/turtlebot3_cartographer:/home/james/turtlebot3_ws/install/dynamixel_sdk_examples:/home/james/turtlebot3_ws/install/dynamixel_sdk_custom_interfaces:/home/james/turtlebot3_ws/install/dynamixel_sdk:/home/james/turtlebot3_ws/install/turtlebot3_teleop:/home/james/turtlebot3_ws/install/turtlebot3_example:/home/james/turtlebot3_ws/install/follow_waypoints:/opt/ros/humble LD_LIBRARY_PATH=/home/james/drone_ws/install/octomap_msgs/lib:/home/james/turtlebot3_ws/install/turtlebot3_msgs/lib:/home/james/turtlebot3_ws/install/dynamixel_sdk_custom_interfaces/lib:/home/james/turtlebot3_ws/install/dynamixel_sdk/lib:/usr/lib/x86_64-linux-gnu/gazebo-11/plugins:/opt/ros/humble/opt/rviz_ogre_vendor/lib:/opt/ros/humble/lib/x86_64-linux-gnu:/opt/ros/humble/lib:/usr/lib/x86_64-linux-gnu/gazebo-11/plugins PYTHONPATH=/home/james/drone_ws/install/octomap_msgs/local/lib/python3.10/dist-packages:${PYTHONPATH} /usr/bin/cmake --install /home/james/drone_ws/build/octomap_ros
[1.501s] -- Install configuration: ""
[1.502s] -- Execute custom install script
[1.502s] -- Symlinking: /home/james/drone_ws/install/octomap_ros/include/octomap_ros/conversions.hpp
[1.511s] -- Symlinking: /home/james/drone_ws/install/octomap_ros/share/octomap_ros/environment/library_path.sh
[1.519s] -- Symlinking: /home/james/drone_ws/install/octomap_ros/share/octomap_ros/environment/library_path.dsv
[1.526s] -- Symlinking: /home/james/drone_ws/install/octomap_ros/lib/liboctomap_ros.so
[1.533s] -- Symlinking: /home/james/drone_ws/install/octomap_ros/share/ament_index/resource_index/package_run_dependencies/octomap_ros
[1.540s] -- Symlinking: /home/james/drone_ws/install/octomap_ros/share/ament_index/resource_index/parent_prefix_path/octomap_ros
[1.548s] -- Symlinking: /home/james/drone_ws/install/octomap_ros/share/octomap_ros/environment/ament_prefix_path.sh
[1.555s] -- Symlinking: /home/james/drone_ws/install/octomap_ros/share/octomap_ros/environment/ament_prefix_path.dsv
[1.561s] -- Symlinking: /home/james/drone_ws/install/octomap_ros/share/octomap_ros/environment/path.sh
[1.568s] -- Symlinking: /home/james/drone_ws/install/octomap_ros/share/octomap_ros/environment/path.dsv
[1.574s] -- Symlinking: /home/james/drone_ws/install/octomap_ros/share/octomap_ros/local_setup.bash
[1.581s] -- Symlinking: /home/james/drone_ws/install/octomap_ros/share/octomap_ros/local_setup.sh
[1.587s] -- Symlinking: /home/james/drone_ws/install/octomap_ros/share/octomap_ros/local_setup.zsh
[1.595s] -- Symlinking: /home/james/drone_ws/install/octomap_ros/share/octomap_ros/local_setup.dsv
[1.601s] -- Symlinking: /home/james/drone_ws/install/octomap_ros/share/octomap_ros/package.dsv
[1.609s] -- Symlinking: /home/james/drone_ws/install/octomap_ros/share/ament_index/resource_index/packages/octomap_ros
[1.617s] -- Symlinking: /home/james/drone_ws/install/octomap_ros/share/octomap_ros/cmake/ament_cmake_export_dependencies-extras.cmake
[1.625s] -- Symlinking: /home/james/drone_ws/install/octomap_ros/share/octomap_ros/cmake/ament_cmake_export_include_directories-extras.cmake
[1.632s] -- Symlinking: /home/james/drone_ws/install/octomap_ros/share/octomap_ros/cmake/ament_cmake_export_libraries-extras.cmake
[1.640s] -- Symlinking: /home/james/drone_ws/install/octomap_ros/share/octomap_ros/cmake/octomap_rosConfig.cmake
[1.648s] -- Symlinking: /home/james/drone_ws/install/octomap_ros/share/octomap_ros/cmake/octomap_rosConfig-version.cmake
[1.655s] -- Symlinking: /home/james/drone_ws/install/octomap_ros/share/octomap_ros/package.xml
[1.666s] Invoked command in '/home/james/drone_ws/build/octomap_ros' returned '0': AMENT_PREFIX_PATH=/home/james/drone_ws/install/octomap_msgs:${AMENT_PREFIX_PATH} CMAKE_PREFIX_PATH=/home/james/drone_ws/install/octomap_msgs:/home/james/turtlebot3_ws/install/turtlebot3:/home/james/turtlebot3_ws/install/turtlebot3_simulations:/home/james/turtlebot3_ws/install/turtlebot3_bringup:/home/james/turtlebot3_ws/install/turtlebot3_node:/home/james/turtlebot3_ws/install/turtlebot3_navigation2:/home/james/turtlebot3_ws/install/turtlebot3_fake_node:/home/james/turtlebot3_ws/install/turtlebot3_msgs:/home/james/turtlebot3_ws/install/turtlebot3_gazebo:/home/james/turtlebot3_ws/install/turtlebot3_description:/home/james/turtlebot3_ws/install/turtlebot3_cartographer:/home/james/turtlebot3_ws/install/dynamixel_sdk_examples:/home/james/turtlebot3_ws/install/dynamixel_sdk_custom_interfaces:/home/james/turtlebot3_ws/install/dynamixel_sdk:/home/james/turtlebot3_ws/install/turtlebot3_teleop:/home/james/turtlebot3_ws/install/turtlebot3_example:/home/james/turtlebot3_ws/install/follow_waypoints:/opt/ros/humble LD_LIBRARY_PATH=/home/james/drone_ws/install/octomap_msgs/lib:/home/james/turtlebot3_ws/install/turtlebot3_msgs/lib:/home/james/turtlebot3_ws/install/dynamixel_sdk_custom_interfaces/lib:/home/james/turtlebot3_ws/install/dynamixel_sdk/lib:/usr/lib/x86_64-linux-gnu/gazebo-11/plugins:/opt/ros/humble/opt/rviz_ogre_vendor/lib:/opt/ros/humble/lib/x86_64-linux-gnu:/opt/ros/humble/lib:/usr/lib/x86_64-linux-gnu/gazebo-11/plugins PYTHONPATH=/home/james/drone_ws/install/octomap_msgs/local/lib/python3.10/dist-packages:${PYTHONPATH} /usr/bin/cmake --install /home/james/drone_ws/build/octomap_ros
