[0.680s] Invoking command in '/home/james/drone_ws/build/sjtu_drone_bringup': PYTHONPATH=/home/james/drone_ws/build/sjtu_drone_bringup/prefix_override:/usr/lib/python3/dist-packages/colcon_core/task/python/colcon_distutils_commands:/home/james/drone_ws/install/sjtu_drone_bringup/lib/python3.10/site-packages:${PYTHONPATH} /usr/bin/python3 -W ignore:setup.py install is deprecated setup.py develop --editable --build-directory /home/james/drone_ws/build/sjtu_drone_bringup/build --no-deps symlink_data
[0.790s] /home/james/.local/lib/python3.10/site-packages/setuptools/_distutils/dist.py:261: UserWarning: Unknown distribution option: 'tests_require'
[0.791s]   warnings.warn(msg)
[0.900s] running develop
[0.901s] /home/james/.local/lib/python3.10/site-packages/setuptools/command/develop.py:41: EasyInstallDeprecationWarning: easy_install command is deprecated.
[0.901s] !!
[0.901s] 
[0.901s]         ********************************************************************************
[0.901s]         Please avoid running ``setup.py`` and ``easy_install``.
[0.901s]         Instead, use pypa/build, pypa/installer or other
[0.901s]         standards-based tools.
[0.901s] 
[0.901s]         See https://github.com/pypa/setuptools/issues/917 for details.
[0.901s]         ********************************************************************************
[0.901s] 
[0.901s] !!
[0.901s]   easy_install.initialize_options(self)
[1.044s] running egg_info
[1.054s] writing sjtu_drone_bringup.egg-info/PKG-INFO
[1.054s] writing dependency_links to sjtu_drone_bringup.egg-info/dependency_links.txt
[1.055s] writing entry points to sjtu_drone_bringup.egg-info/entry_points.txt
[1.055s] writing requirements to sjtu_drone_bringup.egg-info/requires.txt
[1.055s] writing top-level names to sjtu_drone_bringup.egg-info/top_level.txt
[1.075s] reading manifest file 'sjtu_drone_bringup.egg-info/SOURCES.txt'
[1.076s] writing manifest file 'sjtu_drone_bringup.egg-info/SOURCES.txt'
[1.086s] running build_ext
[1.086s] Creating /home/james/drone_ws/install/sjtu_drone_bringup/lib/python3.10/site-packages/sjtu-drone-bringup.egg-link (link to .)
[1.087s] Installing spawn_drone script to /home/james/drone_ws/install/sjtu_drone_bringup/lib/sjtu_drone_bringup
[1.087s] 
[1.087s] Installed /home/james/drone_ws/build/sjtu_drone_bringup
[1.087s] running symlink_data
[1.113s] Invoked command in '/home/james/drone_ws/build/sjtu_drone_bringup' returned '0': PYTHONPATH=/home/james/drone_ws/build/sjtu_drone_bringup/prefix_override:/usr/lib/python3/dist-packages/colcon_core/task/python/colcon_distutils_commands:/home/james/drone_ws/install/sjtu_drone_bringup/lib/python3.10/site-packages:${PYTHONPATH} /usr/bin/python3 -W ignore:setup.py install is deprecated setup.py develop --editable --build-directory /home/james/drone_ws/build/sjtu_drone_bringup/build --no-deps symlink_data
