[0.032s] Invoking command in '/home/james/drone_ws/build/rtabmap_launch': CMAKE_PREFIX_PATH=${CMAKE_PREFIX_PATH}:/home/james/turtlebot3_ws/install/turtlebot3_teleop:/home/james/turtlebot3_ws/install/turtlebot3_example:/home/james/turtlebot3_ws/install/follow_waypoints:/opt/ros/humble /usr/bin/cmake /home/james/drone_ws/src/drone_ros2/rtabmap_launch -DAMENT_CMAKE_SYMLINK_INSTALL=1 -DCMAKE_INSTALL_PREFIX=/home/james/drone_ws/install/rtabmap_launch
[0.431s] -- The C compiler identification is GNU 11.4.0
[0.431s] -- The CXX compiler identification is GNU 11.4.0
[0.431s] -- Detecting C compiler ABI info
[0.431s] -- Detecting C compiler ABI info - done
[0.431s] -- Check for working C compiler: /usr/lib/ccache/cc - skipped
[0.431s] -- Detecting C compile features
[0.431s] -- Detecting C compile features - done
[0.431s] -- Detecting CXX compiler ABI info
[0.431s] -- Detecting CXX compiler ABI info - done
[0.431s] -- Check for working CXX compiler: /usr/lib/ccache/c++ - skipped
[0.431s] -- Detecting CXX compile features
[0.431s] -- Detecting CXX compile features - done
[0.432s] -- Found ament_cmake: 1.3.10 (/opt/ros/humble/share/ament_cmake/cmake)
[0.877s] -- Found Python3: /usr/bin/python3 (found version "3.10.12") found components: Interpreter 
[0.951s] -- Override CMake install command with custom implementation using symlinks instead of copying resources
[1.096s] -- Configuring done
[1.098s] -- Generating done
[1.099s] -- Build files have been written to: /home/james/drone_ws/build/rtabmap_launch
[1.104s] Invoked command in '/home/james/drone_ws/build/rtabmap_launch' returned '0': CMAKE_PREFIX_PATH=${CMAKE_PREFIX_PATH}:/home/james/turtlebot3_ws/install/turtlebot3_teleop:/home/james/turtlebot3_ws/install/turtlebot3_example:/home/james/turtlebot3_ws/install/follow_waypoints:/opt/ros/humble /usr/bin/cmake /home/james/drone_ws/src/drone_ros2/rtabmap_launch -DAMENT_CMAKE_SYMLINK_INSTALL=1 -DCMAKE_INSTALL_PREFIX=/home/james/drone_ws/install/rtabmap_launch
[1.106s] Invoking command in '/home/james/drone_ws/build/rtabmap_launch': CMAKE_PREFIX_PATH=${CMAKE_PREFIX_PATH}:/home/james/turtlebot3_ws/install/turtlebot3_teleop:/home/james/turtlebot3_ws/install/turtlebot3_example:/home/james/turtlebot3_ws/install/follow_waypoints:/opt/ros/humble /usr/bin/cmake --build /home/james/drone_ws/build/rtabmap_launch -- -j20 -l20
[1.165s] Invoked command in '/home/james/drone_ws/build/rtabmap_launch' returned '0': CMAKE_PREFIX_PATH=${CMAKE_PREFIX_PATH}:/home/james/turtlebot3_ws/install/turtlebot3_teleop:/home/james/turtlebot3_ws/install/turtlebot3_example:/home/james/turtlebot3_ws/install/follow_waypoints:/opt/ros/humble /usr/bin/cmake --build /home/james/drone_ws/build/rtabmap_launch -- -j20 -l20
[1.220s] Invoking command in '/home/james/drone_ws/build/rtabmap_launch': CMAKE_PREFIX_PATH=${CMAKE_PREFIX_PATH}:/home/james/turtlebot3_ws/install/turtlebot3_teleop:/home/james/turtlebot3_ws/install/turtlebot3_example:/home/james/turtlebot3_ws/install/follow_waypoints:/opt/ros/humble /usr/bin/cmake --install /home/james/drone_ws/build/rtabmap_launch
[1.227s] -- Install configuration: ""
[1.228s] -- Execute custom install script
[1.229s] -- Symlinking: /home/james/drone_ws/install/rtabmap_launch/share/rtabmap_launch/launch/config/rgbd.rviz
[1.240s] -- Symlinking: /home/james/drone_ws/install/rtabmap_launch/share/rtabmap_launch/launch/rtab_drone.launch.py
[1.256s] -- Symlinking: /home/james/drone_ws/install/rtabmap_launch/share/rtabmap_launch/launch/rtabmap.launch.py
[1.268s] -- Symlinking: /home/james/drone_ws/install/rtabmap_launch/share/ament_index/resource_index/package_run_dependencies/rtabmap_launch
[1.278s] -- Symlinking: /home/james/drone_ws/install/rtabmap_launch/share/ament_index/resource_index/parent_prefix_path/rtabmap_launch
[1.288s] -- Symlinking: /home/james/drone_ws/install/rtabmap_launch/share/rtabmap_launch/environment/ament_prefix_path.sh
[1.297s] -- Symlinking: /home/james/drone_ws/install/rtabmap_launch/share/rtabmap_launch/environment/ament_prefix_path.dsv
[1.307s] -- Symlinking: /home/james/drone_ws/install/rtabmap_launch/share/rtabmap_launch/environment/path.sh
[1.320s] -- Symlinking: /home/james/drone_ws/install/rtabmap_launch/share/rtabmap_launch/environment/path.dsv
[1.334s] -- Symlinking: /home/james/drone_ws/install/rtabmap_launch/share/rtabmap_launch/local_setup.bash
[1.345s] -- Symlinking: /home/james/drone_ws/install/rtabmap_launch/share/rtabmap_launch/local_setup.sh
[1.360s] -- Symlinking: /home/james/drone_ws/install/rtabmap_launch/share/rtabmap_launch/local_setup.zsh
[1.369s] -- Symlinking: /home/james/drone_ws/install/rtabmap_launch/share/rtabmap_launch/local_setup.dsv
[1.382s] -- Symlinking: /home/james/drone_ws/install/rtabmap_launch/share/rtabmap_launch/package.dsv
[1.393s] -- Symlinking: /home/james/drone_ws/install/rtabmap_launch/share/ament_index/resource_index/packages/rtabmap_launch
[1.405s] -- Symlinking: /home/james/drone_ws/install/rtabmap_launch/share/rtabmap_launch/cmake/rtabmap_launchConfig.cmake
[1.419s] -- Symlinking: /home/james/drone_ws/install/rtabmap_launch/share/rtabmap_launch/cmake/rtabmap_launchConfig-version.cmake
[1.433s] -- Symlinking: /home/james/drone_ws/install/rtabmap_launch/share/rtabmap_launch/package.xml
[1.449s] Invoked command in '/home/james/drone_ws/build/rtabmap_launch' returned '0': CMAKE_PREFIX_PATH=${CMAKE_PREFIX_PATH}:/home/james/turtlebot3_ws/install/turtlebot3_teleop:/home/james/turtlebot3_ws/install/turtlebot3_example:/home/james/turtlebot3_ws/install/follow_waypoints:/opt/ros/humble /usr/bin/cmake --install /home/james/drone_ws/build/rtabmap_launch
