[0.097s] DEBUG:colcon:Command line arguments: ['/usr/bin/colcon', 'build', '--symlink-install']
[0.097s] DEBUG:colcon:Parsed command line arguments: Namespace(log_base=None, log_level=None, verb_name='build', build_base='build', install_base='install', merge_install=False, symlink_install=True, test_result_base=None, continue_on_error=False, executor='parallel', parallel_workers=20, event_handlers=None, ignore_user_meta=False, metas=['./colcon.meta'], base_paths=['.'], packages_ignore=None, packages_ignore_regex=None, paths=None, packages_up_to=None, packages_up_to_regex=None, packages_above=None, packages_above_and_dependencies=None, packages_above_depth=None, packages_select_by_dep=None, packages_skip_by_dep=None, packages_skip_up_to=None, packages_select_build_failed=False, packages_skip_build_finished=False, packages_select_test_failures=False, packages_skip_test_passed=False, packages_select=None, packages_skip=None, packages_select_regex=None, packages_skip_regex=None, packages_start=None, packages_end=None, allow_overriding=[], cmake_args=None, cmake_target=None, cmake_target_skip_unavailable=False, cmake_clean_cache=False, cmake_clean_first=False, cmake_force_configure=False, ament_cmake_args=None, catkin_cmake_args=None, catkin_skip_building_tests=False, mixin_files=None, mixin=None, verb_parser=<colcon_mixin.mixin.mixin_argument.MixinArgumentDecorator object at 0x7064cad751b0>, verb_extension=<colcon_core.verb.build.BuildVerb object at 0x7064cae81f00>, main=<bound method BuildVerb.main of <colcon_core.verb.build.BuildVerb object at 0x7064cae81f00>>, mixin_verb=('build',))
[0.126s] Level 1:colcon.colcon_core.package_discovery:discover_packages(colcon_meta) check parameters
[0.126s] Level 1:colcon.colcon_core.package_discovery:discover_packages(recursive) check parameters
[0.126s] Level 1:colcon.colcon_core.package_discovery:discover_packages(ignore) check parameters
[0.126s] Level 1:colcon.colcon_core.package_discovery:discover_packages(path) check parameters
[0.126s] Level 1:colcon.colcon_core.package_discovery:discover_packages(colcon_meta) discover
[0.126s] Level 1:colcon.colcon_core.package_discovery:discover_packages(recursive) discover
[0.126s] INFO:colcon.colcon_core.package_discovery:Crawling recursively for packages in '/home/james/drone_ws'
[0.126s] Level 1:colcon.colcon_core.package_identification:_identify(.) by extensions ['ignore', 'ignore_ament_install']
[0.126s] Level 1:colcon.colcon_core.package_identification:_identify(.) by extension 'ignore'
[0.126s] Level 1:colcon.colcon_core.package_identification:_identify(.) by extension 'ignore_ament_install'
[0.126s] Level 1:colcon.colcon_core.package_identification:_identify(.) by extensions ['colcon_pkg']
[0.126s] Level 1:colcon.colcon_core.package_identification:_identify(.) by extension 'colcon_pkg'
[0.126s] Level 1:colcon.colcon_core.package_identification:_identify(.) by extensions ['colcon_meta']
[0.126s] Level 1:colcon.colcon_core.package_identification:_identify(.) by extension 'colcon_meta'
[0.126s] Level 1:colcon.colcon_core.package_identification:_identify(.) by extensions ['ros']
[0.126s] Level 1:colcon.colcon_core.package_identification:_identify(.) by extension 'ros'
[0.136s] Level 1:colcon.colcon_core.package_identification:_identify(.) by extensions ['cmake', 'python']
[0.136s] Level 1:colcon.colcon_core.package_identification:_identify(.) by extension 'cmake'
[0.136s] Level 1:colcon.colcon_core.package_identification:_identify(.) by extension 'python'
[0.136s] Level 1:colcon.colcon_core.package_identification:_identify(.) by extensions ['python_setup_py']
[0.137s] Level 1:colcon.colcon_core.package_identification:_identify(.) by extension 'python_setup_py'
[0.137s] Level 1:colcon.colcon_core.package_identification:_identify(build) by extensions ['ignore', 'ignore_ament_install']
[0.137s] Level 1:colcon.colcon_core.package_identification:_identify(build) by extension 'ignore'
[0.137s] Level 1:colcon.colcon_core.package_identification:_identify(build) ignored
[0.137s] Level 1:colcon.colcon_core.package_identification:_identify(install) by extensions ['ignore', 'ignore_ament_install']
[0.137s] Level 1:colcon.colcon_core.package_identification:_identify(install) by extension 'ignore'
[0.137s] Level 1:colcon.colcon_core.package_identification:_identify(install) ignored
[0.137s] Level 1:colcon.colcon_core.package_identification:_identify(log) by extensions ['ignore', 'ignore_ament_install']
[0.137s] Level 1:colcon.colcon_core.package_identification:_identify(log) by extension 'ignore'
[0.137s] Level 1:colcon.colcon_core.package_identification:_identify(log) ignored
[0.137s] Level 1:colcon.colcon_core.package_identification:_identify(src) by extensions ['ignore', 'ignore_ament_install']
[0.137s] Level 1:colcon.colcon_core.package_identification:_identify(src) by extension 'ignore'
[0.137s] Level 1:colcon.colcon_core.package_identification:_identify(src) by extension 'ignore_ament_install'
[0.137s] Level 1:colcon.colcon_core.package_identification:_identify(src) by extensions ['colcon_pkg']
[0.137s] Level 1:colcon.colcon_core.package_identification:_identify(src) by extension 'colcon_pkg'
[0.137s] Level 1:colcon.colcon_core.package_identification:_identify(src) by extensions ['colcon_meta']
[0.137s] Level 1:colcon.colcon_core.package_identification:_identify(src) by extension 'colcon_meta'
[0.137s] Level 1:colcon.colcon_core.package_identification:_identify(src) by extensions ['ros']
[0.137s] Level 1:colcon.colcon_core.package_identification:_identify(src) by extension 'ros'
[0.137s] Level 1:colcon.colcon_core.package_identification:_identify(src) by extensions ['cmake', 'python']
[0.137s] Level 1:colcon.colcon_core.package_identification:_identify(src) by extension 'cmake'
[0.137s] Level 1:colcon.colcon_core.package_identification:_identify(src) by extension 'python'
[0.137s] Level 1:colcon.colcon_core.package_identification:_identify(src) by extensions ['python_setup_py']
[0.137s] Level 1:colcon.colcon_core.package_identification:_identify(src) by extension 'python_setup_py'
[0.137s] Level 1:colcon.colcon_core.package_identification:_identify(src/drone_ros2) by extensions ['ignore', 'ignore_ament_install']
[0.137s] Level 1:colcon.colcon_core.package_identification:_identify(src/drone_ros2) by extension 'ignore'
[0.137s] Level 1:colcon.colcon_core.package_identification:_identify(src/drone_ros2) by extension 'ignore_ament_install'
[0.137s] Level 1:colcon.colcon_core.package_identification:_identify(src/drone_ros2) by extensions ['colcon_pkg']
[0.137s] Level 1:colcon.colcon_core.package_identification:_identify(src/drone_ros2) by extension 'colcon_pkg'
[0.138s] Level 1:colcon.colcon_core.package_identification:_identify(src/drone_ros2) by extensions ['colcon_meta']
[0.138s] Level 1:colcon.colcon_core.package_identification:_identify(src/drone_ros2) by extension 'colcon_meta'
[0.138s] Level 1:colcon.colcon_core.package_identification:_identify(src/drone_ros2) by extensions ['ros']
[0.138s] Level 1:colcon.colcon_core.package_identification:_identify(src/drone_ros2) by extension 'ros'
[0.138s] Level 1:colcon.colcon_core.package_identification:_identify(src/drone_ros2) by extensions ['cmake', 'python']
[0.138s] Level 1:colcon.colcon_core.package_identification:_identify(src/drone_ros2) by extension 'cmake'
[0.138s] Level 1:colcon.colcon_core.package_identification:_identify(src/drone_ros2) by extension 'python'
[0.138s] Level 1:colcon.colcon_core.package_identification:_identify(src/drone_ros2) by extensions ['python_setup_py']
[0.138s] Level 1:colcon.colcon_core.package_identification:_identify(src/drone_ros2) by extension 'python_setup_py'
[0.138s] Level 1:colcon.colcon_core.package_identification:_identify(src/drone_ros2/imgs) by extensions ['ignore', 'ignore_ament_install']
[0.138s] Level 1:colcon.colcon_core.package_identification:_identify(src/drone_ros2/imgs) by extension 'ignore'
[0.138s] Level 1:colcon.colcon_core.package_identification:_identify(src/drone_ros2/imgs) by extension 'ignore_ament_install'
[0.138s] Level 1:colcon.colcon_core.package_identification:_identify(src/drone_ros2/imgs) by extensions ['colcon_pkg']
[0.138s] Level 1:colcon.colcon_core.package_identification:_identify(src/drone_ros2/imgs) by extension 'colcon_pkg'
[0.138s] Level 1:colcon.colcon_core.package_identification:_identify(src/drone_ros2/imgs) by extensions ['colcon_meta']
[0.138s] Level 1:colcon.colcon_core.package_identification:_identify(src/drone_ros2/imgs) by extension 'colcon_meta'
[0.138s] Level 1:colcon.colcon_core.package_identification:_identify(src/drone_ros2/imgs) by extensions ['ros']
[0.138s] Level 1:colcon.colcon_core.package_identification:_identify(src/drone_ros2/imgs) by extension 'ros'
[0.138s] Level 1:colcon.colcon_core.package_identification:_identify(src/drone_ros2/imgs) by extensions ['cmake', 'python']
[0.138s] Level 1:colcon.colcon_core.package_identification:_identify(src/drone_ros2/imgs) by extension 'cmake'
[0.138s] Level 1:colcon.colcon_core.package_identification:_identify(src/drone_ros2/imgs) by extension 'python'
[0.138s] Level 1:colcon.colcon_core.package_identification:_identify(src/drone_ros2/imgs) by extensions ['python_setup_py']
[0.138s] Level 1:colcon.colcon_core.package_identification:_identify(src/drone_ros2/imgs) by extension 'python_setup_py'
[0.138s] Level 1:colcon.colcon_core.package_identification:_identify(src/drone_ros2/sjtu_drone_bringup) by extensions ['ignore', 'ignore_ament_install']
[0.138s] Level 1:colcon.colcon_core.package_identification:_identify(src/drone_ros2/sjtu_drone_bringup) by extension 'ignore'
[0.138s] Level 1:colcon.colcon_core.package_identification:_identify(src/drone_ros2/sjtu_drone_bringup) by extension 'ignore_ament_install'
[0.138s] Level 1:colcon.colcon_core.package_identification:_identify(src/drone_ros2/sjtu_drone_bringup) by extensions ['colcon_pkg']
[0.138s] Level 1:colcon.colcon_core.package_identification:_identify(src/drone_ros2/sjtu_drone_bringup) by extension 'colcon_pkg'
[0.138s] Level 1:colcon.colcon_core.package_identification:_identify(src/drone_ros2/sjtu_drone_bringup) by extensions ['colcon_meta']
[0.138s] Level 1:colcon.colcon_core.package_identification:_identify(src/drone_ros2/sjtu_drone_bringup) by extension 'colcon_meta'
[0.138s] Level 1:colcon.colcon_core.package_identification:_identify(src/drone_ros2/sjtu_drone_bringup) by extensions ['ros']
[0.138s] Level 1:colcon.colcon_core.package_identification:_identify(src/drone_ros2/sjtu_drone_bringup) by extension 'ros'
[0.140s] DEBUG:colcon.colcon_core.package_identification:Package 'src/drone_ros2/sjtu_drone_bringup' with type 'ros.ament_python' and name 'sjtu_drone_bringup'
[0.141s] Level 1:colcon.colcon_core.package_identification:_identify(src/drone_ros2/sjtu_drone_control) by extensions ['ignore', 'ignore_ament_install']
[0.141s] Level 1:colcon.colcon_core.package_identification:_identify(src/drone_ros2/sjtu_drone_control) by extension 'ignore'
[0.141s] Level 1:colcon.colcon_core.package_identification:_identify(src/drone_ros2/sjtu_drone_control) by extension 'ignore_ament_install'
[0.141s] Level 1:colcon.colcon_core.package_identification:_identify(src/drone_ros2/sjtu_drone_control) by extensions ['colcon_pkg']
[0.141s] Level 1:colcon.colcon_core.package_identification:_identify(src/drone_ros2/sjtu_drone_control) by extension 'colcon_pkg'
[0.141s] Level 1:colcon.colcon_core.package_identification:_identify(src/drone_ros2/sjtu_drone_control) by extensions ['colcon_meta']
[0.141s] Level 1:colcon.colcon_core.package_identification:_identify(src/drone_ros2/sjtu_drone_control) by extension 'colcon_meta'
[0.141s] Level 1:colcon.colcon_core.package_identification:_identify(src/drone_ros2/sjtu_drone_control) by extensions ['ros']
[0.141s] Level 1:colcon.colcon_core.package_identification:_identify(src/drone_ros2/sjtu_drone_control) by extension 'ros'
[0.141s] DEBUG:colcon.colcon_core.package_identification:Package 'src/drone_ros2/sjtu_drone_control' with type 'ros.ament_python' and name 'sjtu_drone_control'
[0.141s] Level 1:colcon.colcon_core.package_identification:_identify(src/drone_ros2/sjtu_drone_description) by extensions ['ignore', 'ignore_ament_install']
[0.141s] Level 1:colcon.colcon_core.package_identification:_identify(src/drone_ros2/sjtu_drone_description) by extension 'ignore'
[0.141s] Level 1:colcon.colcon_core.package_identification:_identify(src/drone_ros2/sjtu_drone_description) by extension 'ignore_ament_install'
[0.142s] Level 1:colcon.colcon_core.package_identification:_identify(src/drone_ros2/sjtu_drone_description) by extensions ['colcon_pkg']
[0.142s] Level 1:colcon.colcon_core.package_identification:_identify(src/drone_ros2/sjtu_drone_description) by extension 'colcon_pkg'
[0.142s] Level 1:colcon.colcon_core.package_identification:_identify(src/drone_ros2/sjtu_drone_description) by extensions ['colcon_meta']
[0.142s] Level 1:colcon.colcon_core.package_identification:_identify(src/drone_ros2/sjtu_drone_description) by extension 'colcon_meta'
[0.142s] Level 1:colcon.colcon_core.package_identification:_identify(src/drone_ros2/sjtu_drone_description) by extensions ['ros']
[0.142s] Level 1:colcon.colcon_core.package_identification:_identify(src/drone_ros2/sjtu_drone_description) by extension 'ros'
[0.142s] DEBUG:colcon.colcon_core.package_identification:Package 'src/drone_ros2/sjtu_drone_description' with type 'ros.ament_cmake' and name 'sjtu_drone_description'
[0.142s] Level 1:colcon.colcon_core.package_identification:_identify(src/drone_ros2/yolobot_recognition) by extensions ['ignore', 'ignore_ament_install']
[0.143s] Level 1:colcon.colcon_core.package_identification:_identify(src/drone_ros2/yolobot_recognition) by extension 'ignore'
[0.143s] Level 1:colcon.colcon_core.package_identification:_identify(src/drone_ros2/yolobot_recognition) by extension 'ignore_ament_install'
[0.143s] Level 1:colcon.colcon_core.package_identification:_identify(src/drone_ros2/yolobot_recognition) by extensions ['colcon_pkg']
[0.143s] Level 1:colcon.colcon_core.package_identification:_identify(src/drone_ros2/yolobot_recognition) by extension 'colcon_pkg'
[0.143s] Level 1:colcon.colcon_core.package_identification:_identify(src/drone_ros2/yolobot_recognition) by extensions ['colcon_meta']
[0.143s] Level 1:colcon.colcon_core.package_identification:_identify(src/drone_ros2/yolobot_recognition) by extension 'colcon_meta'
[0.143s] Level 1:colcon.colcon_core.package_identification:_identify(src/drone_ros2/yolobot_recognition) by extensions ['ros']
[0.143s] Level 1:colcon.colcon_core.package_identification:_identify(src/drone_ros2/yolobot_recognition) by extension 'ros'
[0.143s] DEBUG:colcon.colcon_core.package_identification:Package 'src/drone_ros2/yolobot_recognition' with type 'ros.ament_cmake' and name 'yolobot_recognition'
[0.143s] Level 1:colcon.colcon_core.package_identification:_identify(src/drone_ros2/yolov8_msgs) by extensions ['ignore', 'ignore_ament_install']
[0.143s] Level 1:colcon.colcon_core.package_identification:_identify(src/drone_ros2/yolov8_msgs) by extension 'ignore'
[0.143s] Level 1:colcon.colcon_core.package_identification:_identify(src/drone_ros2/yolov8_msgs) by extension 'ignore_ament_install'
[0.143s] Level 1:colcon.colcon_core.package_identification:_identify(src/drone_ros2/yolov8_msgs) by extensions ['colcon_pkg']
[0.143s] Level 1:colcon.colcon_core.package_identification:_identify(src/drone_ros2/yolov8_msgs) by extension 'colcon_pkg'
[0.143s] Level 1:colcon.colcon_core.package_identification:_identify(src/drone_ros2/yolov8_msgs) by extensions ['colcon_meta']
[0.143s] Level 1:colcon.colcon_core.package_identification:_identify(src/drone_ros2/yolov8_msgs) by extension 'colcon_meta'
[0.143s] Level 1:colcon.colcon_core.package_identification:_identify(src/drone_ros2/yolov8_msgs) by extensions ['ros']
[0.143s] Level 1:colcon.colcon_core.package_identification:_identify(src/drone_ros2/yolov8_msgs) by extension 'ros'
[0.144s] DEBUG:colcon.colcon_core.package_identification:Package 'src/drone_ros2/yolov8_msgs' with type 'ros.ament_cmake' and name 'yolov8_msgs'
[0.144s] Level 1:colcon.colcon_core.package_identification:_identify(~) by extensions ['ignore', 'ignore_ament_install']
[0.144s] Level 1:colcon.colcon_core.package_identification:_identify(~) by extension 'ignore'
[0.144s] Level 1:colcon.colcon_core.package_identification:_identify(~) by extension 'ignore_ament_install'
[0.144s] Level 1:colcon.colcon_core.package_identification:_identify(~) by extensions ['colcon_pkg']
[0.144s] Level 1:colcon.colcon_core.package_identification:_identify(~) by extension 'colcon_pkg'
[0.144s] Level 1:colcon.colcon_core.package_identification:_identify(~) by extensions ['colcon_meta']
[0.144s] Level 1:colcon.colcon_core.package_identification:_identify(~) by extension 'colcon_meta'
[0.144s] Level 1:colcon.colcon_core.package_identification:_identify(~) by extensions ['ros']
[0.144s] Level 1:colcon.colcon_core.package_identification:_identify(~) by extension 'ros'
[0.144s] Level 1:colcon.colcon_core.package_identification:_identify(~) by extensions ['cmake', 'python']
[0.144s] Level 1:colcon.colcon_core.package_identification:_identify(~) by extension 'cmake'
[0.144s] Level 1:colcon.colcon_core.package_identification:_identify(~) by extension 'python'
[0.144s] Level 1:colcon.colcon_core.package_identification:_identify(~) by extensions ['python_setup_py']
[0.144s] Level 1:colcon.colcon_core.package_identification:_identify(~) by extension 'python_setup_py'
[0.144s] Level 1:colcon.colcon_core.package_identification:_identify(~/yolobot) by extensions ['ignore', 'ignore_ament_install']
[0.145s] Level 1:colcon.colcon_core.package_identification:_identify(~/yolobot) by extension 'ignore'
[0.145s] Level 1:colcon.colcon_core.package_identification:_identify(~/yolobot) by extension 'ignore_ament_install'
[0.145s] Level 1:colcon.colcon_core.package_identification:_identify(~/yolobot) by extensions ['colcon_pkg']
[0.145s] Level 1:colcon.colcon_core.package_identification:_identify(~/yolobot) by extension 'colcon_pkg'
[0.145s] Level 1:colcon.colcon_core.package_identification:_identify(~/yolobot) by extensions ['colcon_meta']
[0.145s] Level 1:colcon.colcon_core.package_identification:_identify(~/yolobot) by extension 'colcon_meta'
[0.145s] Level 1:colcon.colcon_core.package_identification:_identify(~/yolobot) by extensions ['ros']
[0.145s] Level 1:colcon.colcon_core.package_identification:_identify(~/yolobot) by extension 'ros'
[0.145s] Level 1:colcon.colcon_core.package_identification:_identify(~/yolobot) by extensions ['cmake', 'python']
[0.145s] Level 1:colcon.colcon_core.package_identification:_identify(~/yolobot) by extension 'cmake'
[0.145s] Level 1:colcon.colcon_core.package_identification:_identify(~/yolobot) by extension 'python'
[0.145s] Level 1:colcon.colcon_core.package_identification:_identify(~/yolobot) by extensions ['python_setup_py']
[0.145s] Level 1:colcon.colcon_core.package_identification:_identify(~/yolobot) by extension 'python_setup_py'
[0.145s] Level 1:colcon.colcon_core.package_identification:_identify(~/yolobot/src) by extensions ['ignore', 'ignore_ament_install']
[0.145s] Level 1:colcon.colcon_core.package_identification:_identify(~/yolobot/src) by extension 'ignore'
[0.145s] Level 1:colcon.colcon_core.package_identification:_identify(~/yolobot/src) by extension 'ignore_ament_install'
[0.145s] Level 1:colcon.colcon_core.package_identification:_identify(~/yolobot/src) by extensions ['colcon_pkg']
[0.145s] Level 1:colcon.colcon_core.package_identification:_identify(~/yolobot/src) by extension 'colcon_pkg'
[0.145s] Level 1:colcon.colcon_core.package_identification:_identify(~/yolobot/src) by extensions ['colcon_meta']
[0.145s] Level 1:colcon.colcon_core.package_identification:_identify(~/yolobot/src) by extension 'colcon_meta'
[0.145s] Level 1:colcon.colcon_core.package_identification:_identify(~/yolobot/src) by extensions ['ros']
[0.145s] Level 1:colcon.colcon_core.package_identification:_identify(~/yolobot/src) by extension 'ros'
[0.145s] Level 1:colcon.colcon_core.package_identification:_identify(~/yolobot/src) by extensions ['cmake', 'python']
[0.145s] Level 1:colcon.colcon_core.package_identification:_identify(~/yolobot/src) by extension 'cmake'
[0.145s] Level 1:colcon.colcon_core.package_identification:_identify(~/yolobot/src) by extension 'python'
[0.145s] Level 1:colcon.colcon_core.package_identification:_identify(~/yolobot/src) by extensions ['python_setup_py']
[0.145s] Level 1:colcon.colcon_core.package_identification:_identify(~/yolobot/src) by extension 'python_setup_py'
[0.145s] Level 1:colcon.colcon_core.package_identification:_identify(~/yolobot/src/yolobot_recognition) by extensions ['ignore', 'ignore_ament_install']
[0.145s] Level 1:colcon.colcon_core.package_identification:_identify(~/yolobot/src/yolobot_recognition) by extension 'ignore'
[0.145s] Level 1:colcon.colcon_core.package_identification:_identify(~/yolobot/src/yolobot_recognition) by extension 'ignore_ament_install'
[0.146s] Level 1:colcon.colcon_core.package_identification:_identify(~/yolobot/src/yolobot_recognition) by extensions ['colcon_pkg']
[0.146s] Level 1:colcon.colcon_core.package_identification:_identify(~/yolobot/src/yolobot_recognition) by extension 'colcon_pkg'
[0.146s] Level 1:colcon.colcon_core.package_identification:_identify(~/yolobot/src/yolobot_recognition) by extensions ['colcon_meta']
[0.146s] Level 1:colcon.colcon_core.package_identification:_identify(~/yolobot/src/yolobot_recognition) by extension 'colcon_meta'
[0.146s] Level 1:colcon.colcon_core.package_identification:_identify(~/yolobot/src/yolobot_recognition) by extensions ['ros']
[0.146s] Level 1:colcon.colcon_core.package_identification:_identify(~/yolobot/src/yolobot_recognition) by extension 'ros'
[0.146s] Level 1:colcon.colcon_core.package_identification:_identify(~/yolobot/src/yolobot_recognition) by extensions ['cmake', 'python']
[0.146s] Level 1:colcon.colcon_core.package_identification:_identify(~/yolobot/src/yolobot_recognition) by extension 'cmake'
[0.146s] Level 1:colcon.colcon_core.package_identification:_identify(~/yolobot/src/yolobot_recognition) by extension 'python'
[0.146s] Level 1:colcon.colcon_core.package_identification:_identify(~/yolobot/src/yolobot_recognition) by extensions ['python_setup_py']
[0.146s] Level 1:colcon.colcon_core.package_identification:_identify(~/yolobot/src/yolobot_recognition) by extension 'python_setup_py'
[0.146s] Level 1:colcon.colcon_core.package_identification:_identify(~/yolobot/src/yolobot_recognition/scripts) by extensions ['ignore', 'ignore_ament_install']
[0.146s] Level 1:colcon.colcon_core.package_identification:_identify(~/yolobot/src/yolobot_recognition/scripts) by extension 'ignore'
[0.146s] Level 1:colcon.colcon_core.package_identification:_identify(~/yolobot/src/yolobot_recognition/scripts) by extension 'ignore_ament_install'
[0.146s] Level 1:colcon.colcon_core.package_identification:_identify(~/yolobot/src/yolobot_recognition/scripts) by extensions ['colcon_pkg']
[0.146s] Level 1:colcon.colcon_core.package_identification:_identify(~/yolobot/src/yolobot_recognition/scripts) by extension 'colcon_pkg'
[0.146s] Level 1:colcon.colcon_core.package_identification:_identify(~/yolobot/src/yolobot_recognition/scripts) by extensions ['colcon_meta']
[0.146s] Level 1:colcon.colcon_core.package_identification:_identify(~/yolobot/src/yolobot_recognition/scripts) by extension 'colcon_meta'
[0.146s] Level 1:colcon.colcon_core.package_identification:_identify(~/yolobot/src/yolobot_recognition/scripts) by extensions ['ros']
[0.146s] Level 1:colcon.colcon_core.package_identification:_identify(~/yolobot/src/yolobot_recognition/scripts) by extension 'ros'
[0.146s] Level 1:colcon.colcon_core.package_identification:_identify(~/yolobot/src/yolobot_recognition/scripts) by extensions ['cmake', 'python']
[0.146s] Level 1:colcon.colcon_core.package_identification:_identify(~/yolobot/src/yolobot_recognition/scripts) by extension 'cmake'
[0.146s] Level 1:colcon.colcon_core.package_identification:_identify(~/yolobot/src/yolobot_recognition/scripts) by extension 'python'
[0.146s] Level 1:colcon.colcon_core.package_identification:_identify(~/yolobot/src/yolobot_recognition/scripts) by extensions ['python_setup_py']
[0.146s] Level 1:colcon.colcon_core.package_identification:_identify(~/yolobot/src/yolobot_recognition/scripts) by extension 'python_setup_py'
[0.146s] Level 1:colcon.colcon_core.package_discovery:discover_packages(recursive) using defaults
[0.146s] Level 1:colcon.colcon_core.package_discovery:discover_packages(ignore) discover
[0.146s] Level 1:colcon.colcon_core.package_discovery:discover_packages(ignore) using defaults
[0.146s] Level 1:colcon.colcon_core.package_discovery:discover_packages(path) discover
[0.146s] Level 1:colcon.colcon_core.package_discovery:discover_packages(path) using defaults
[0.163s] Level 1:colcon.colcon_core.package_discovery:discover_packages(prefix_path) check parameters
[0.163s] Level 1:colcon.colcon_core.package_discovery:discover_packages(prefix_path) discover
[0.165s] DEBUG:colcon.colcon_installed_package_information.package_discovery:Found 5 installed packages in /home/james/drone_ws/install
[0.166s] DEBUG:colcon.colcon_installed_package_information.package_discovery:Found 16 installed packages in /home/james/turtlebot3_ws/install
[0.167s] DEBUG:colcon.colcon_installed_package_information.package_discovery:Found 507 installed packages in /opt/ros/humble
[0.169s] Level 1:colcon.colcon_core.package_discovery:discover_packages(prefix_path) using defaults
[0.220s] Level 5:colcon.colcon_core.verb:set package 'sjtu_drone_bringup' build argument 'cmake_args' from command line to 'None'
[0.220s] Level 5:colcon.colcon_core.verb:set package 'sjtu_drone_bringup' build argument 'cmake_target' from command line to 'None'
[0.220s] Level 5:colcon.colcon_core.verb:set package 'sjtu_drone_bringup' build argument 'cmake_target_skip_unavailable' from command line to 'False'
[0.220s] Level 5:colcon.colcon_core.verb:set package 'sjtu_drone_bringup' build argument 'cmake_clean_cache' from command line to 'False'
[0.220s] Level 5:colcon.colcon_core.verb:set package 'sjtu_drone_bringup' build argument 'cmake_clean_first' from command line to 'False'
[0.220s] Level 5:colcon.colcon_core.verb:set package 'sjtu_drone_bringup' build argument 'cmake_force_configure' from command line to 'False'
[0.220s] Level 5:colcon.colcon_core.verb:set package 'sjtu_drone_bringup' build argument 'ament_cmake_args' from command line to 'None'
[0.220s] Level 5:colcon.colcon_core.verb:set package 'sjtu_drone_bringup' build argument 'catkin_cmake_args' from command line to 'None'
[0.220s] Level 5:colcon.colcon_core.verb:set package 'sjtu_drone_bringup' build argument 'catkin_skip_building_tests' from command line to 'False'
[0.221s] DEBUG:colcon.colcon_core.verb:Building package 'sjtu_drone_bringup' with the following arguments: {'ament_cmake_args': None, 'build_base': '/home/james/drone_ws/build/sjtu_drone_bringup', 'catkin_cmake_args': None, 'catkin_skip_building_tests': False, 'cmake_args': None, 'cmake_clean_cache': False, 'cmake_clean_first': False, 'cmake_force_configure': False, 'cmake_target': None, 'cmake_target_skip_unavailable': False, 'install_base': '/home/james/drone_ws/install/sjtu_drone_bringup', 'merge_install': False, 'path': '/home/james/drone_ws/src/drone_ros2/sjtu_drone_bringup', 'symlink_install': True, 'test_result_base': None}
[0.221s] Level 5:colcon.colcon_core.verb:set package 'sjtu_drone_control' build argument 'cmake_args' from command line to 'None'
[0.221s] Level 5:colcon.colcon_core.verb:set package 'sjtu_drone_control' build argument 'cmake_target' from command line to 'None'
[0.221s] Level 5:colcon.colcon_core.verb:set package 'sjtu_drone_control' build argument 'cmake_target_skip_unavailable' from command line to 'False'
[0.221s] Level 5:colcon.colcon_core.verb:set package 'sjtu_drone_control' build argument 'cmake_clean_cache' from command line to 'False'
[0.221s] Level 5:colcon.colcon_core.verb:set package 'sjtu_drone_control' build argument 'cmake_clean_first' from command line to 'False'
[0.221s] Level 5:colcon.colcon_core.verb:set package 'sjtu_drone_control' build argument 'cmake_force_configure' from command line to 'False'
[0.221s] Level 5:colcon.colcon_core.verb:set package 'sjtu_drone_control' build argument 'ament_cmake_args' from command line to 'None'
[0.221s] Level 5:colcon.colcon_core.verb:set package 'sjtu_drone_control' build argument 'catkin_cmake_args' from command line to 'None'
[0.221s] Level 5:colcon.colcon_core.verb:set package 'sjtu_drone_control' build argument 'catkin_skip_building_tests' from command line to 'False'
[0.221s] DEBUG:colcon.colcon_core.verb:Building package 'sjtu_drone_control' with the following arguments: {'ament_cmake_args': None, 'build_base': '/home/james/drone_ws/build/sjtu_drone_control', 'catkin_cmake_args': None, 'catkin_skip_building_tests': False, 'cmake_args': None, 'cmake_clean_cache': False, 'cmake_clean_first': False, 'cmake_force_configure': False, 'cmake_target': None, 'cmake_target_skip_unavailable': False, 'install_base': '/home/james/drone_ws/install/sjtu_drone_control', 'merge_install': False, 'path': '/home/james/drone_ws/src/drone_ros2/sjtu_drone_control', 'symlink_install': True, 'test_result_base': None}
[0.221s] Level 5:colcon.colcon_core.verb:set package 'sjtu_drone_description' build argument 'cmake_args' from command line to 'None'
[0.221s] Level 5:colcon.colcon_core.verb:set package 'sjtu_drone_description' build argument 'cmake_target' from command line to 'None'
[0.221s] Level 5:colcon.colcon_core.verb:set package 'sjtu_drone_description' build argument 'cmake_target_skip_unavailable' from command line to 'False'
[0.221s] Level 5:colcon.colcon_core.verb:set package 'sjtu_drone_description' build argument 'cmake_clean_cache' from command line to 'False'
[0.221s] Level 5:colcon.colcon_core.verb:set package 'sjtu_drone_description' build argument 'cmake_clean_first' from command line to 'False'
[0.221s] Level 5:colcon.colcon_core.verb:set package 'sjtu_drone_description' build argument 'cmake_force_configure' from command line to 'False'
[0.221s] Level 5:colcon.colcon_core.verb:set package 'sjtu_drone_description' build argument 'ament_cmake_args' from command line to 'None'
[0.221s] Level 5:colcon.colcon_core.verb:set package 'sjtu_drone_description' build argument 'catkin_cmake_args' from command line to 'None'
[0.221s] Level 5:colcon.colcon_core.verb:set package 'sjtu_drone_description' build argument 'catkin_skip_building_tests' from command line to 'False'
[0.221s] DEBUG:colcon.colcon_core.verb:Building package 'sjtu_drone_description' with the following arguments: {'ament_cmake_args': None, 'build_base': '/home/james/drone_ws/build/sjtu_drone_description', 'catkin_cmake_args': None, 'catkin_skip_building_tests': False, 'cmake_args': None, 'cmake_clean_cache': False, 'cmake_clean_first': False, 'cmake_force_configure': False, 'cmake_target': None, 'cmake_target_skip_unavailable': False, 'install_base': '/home/james/drone_ws/install/sjtu_drone_description', 'merge_install': False, 'path': '/home/james/drone_ws/src/drone_ros2/sjtu_drone_description', 'symlink_install': True, 'test_result_base': None}
[0.221s] Level 5:colcon.colcon_core.verb:set package 'yolobot_recognition' build argument 'cmake_args' from command line to 'None'
[0.221s] Level 5:colcon.colcon_core.verb:set package 'yolobot_recognition' build argument 'cmake_target' from command line to 'None'
[0.221s] Level 5:colcon.colcon_core.verb:set package 'yolobot_recognition' build argument 'cmake_target_skip_unavailable' from command line to 'False'
[0.221s] Level 5:colcon.colcon_core.verb:set package 'yolobot_recognition' build argument 'cmake_clean_cache' from command line to 'False'
[0.222s] Level 5:colcon.colcon_core.verb:set package 'yolobot_recognition' build argument 'cmake_clean_first' from command line to 'False'
[0.222s] Level 5:colcon.colcon_core.verb:set package 'yolobot_recognition' build argument 'cmake_force_configure' from command line to 'False'
[0.222s] Level 5:colcon.colcon_core.verb:set package 'yolobot_recognition' build argument 'ament_cmake_args' from command line to 'None'
[0.222s] Level 5:colcon.colcon_core.verb:set package 'yolobot_recognition' build argument 'catkin_cmake_args' from command line to 'None'
[0.222s] Level 5:colcon.colcon_core.verb:set package 'yolobot_recognition' build argument 'catkin_skip_building_tests' from command line to 'False'
[0.222s] DEBUG:colcon.colcon_core.verb:Building package 'yolobot_recognition' with the following arguments: {'ament_cmake_args': None, 'build_base': '/home/james/drone_ws/build/yolobot_recognition', 'catkin_cmake_args': None, 'catkin_skip_building_tests': False, 'cmake_args': None, 'cmake_clean_cache': False, 'cmake_clean_first': False, 'cmake_force_configure': False, 'cmake_target': None, 'cmake_target_skip_unavailable': False, 'install_base': '/home/james/drone_ws/install/yolobot_recognition', 'merge_install': False, 'path': '/home/james/drone_ws/src/drone_ros2/yolobot_recognition', 'symlink_install': True, 'test_result_base': None}
[0.222s] Level 5:colcon.colcon_core.verb:set package 'yolov8_msgs' build argument 'cmake_args' from command line to 'None'
[0.222s] Level 5:colcon.colcon_core.verb:set package 'yolov8_msgs' build argument 'cmake_target' from command line to 'None'
[0.222s] Level 5:colcon.colcon_core.verb:set package 'yolov8_msgs' build argument 'cmake_target_skip_unavailable' from command line to 'False'
[0.222s] Level 5:colcon.colcon_core.verb:set package 'yolov8_msgs' build argument 'cmake_clean_cache' from command line to 'False'
[0.222s] Level 5:colcon.colcon_core.verb:set package 'yolov8_msgs' build argument 'cmake_clean_first' from command line to 'False'
[0.222s] Level 5:colcon.colcon_core.verb:set package 'yolov8_msgs' build argument 'cmake_force_configure' from command line to 'False'
[0.222s] Level 5:colcon.colcon_core.verb:set package 'yolov8_msgs' build argument 'ament_cmake_args' from command line to 'None'
[0.222s] Level 5:colcon.colcon_core.verb:set package 'yolov8_msgs' build argument 'catkin_cmake_args' from command line to 'None'
[0.222s] Level 5:colcon.colcon_core.verb:set package 'yolov8_msgs' build argument 'catkin_skip_building_tests' from command line to 'False'
[0.222s] DEBUG:colcon.colcon_core.verb:Building package 'yolov8_msgs' with the following arguments: {'ament_cmake_args': None, 'build_base': '/home/james/drone_ws/build/yolov8_msgs', 'catkin_cmake_args': None, 'catkin_skip_building_tests': False, 'cmake_args': None, 'cmake_clean_cache': False, 'cmake_clean_first': False, 'cmake_force_configure': False, 'cmake_target': None, 'cmake_target_skip_unavailable': False, 'install_base': '/home/james/drone_ws/install/yolov8_msgs', 'merge_install': False, 'path': '/home/james/drone_ws/src/drone_ros2/yolov8_msgs', 'symlink_install': True, 'test_result_base': None}
[0.222s] INFO:colcon.colcon_core.executor:Executing jobs using 'parallel' executor
[0.223s] DEBUG:colcon.colcon_parallel_executor.executor.parallel:run_until_complete
[0.223s] INFO:colcon.colcon_ros.task.ament_python.build:Building ROS package in '/home/james/drone_ws/src/drone_ros2/sjtu_drone_bringup' with build type 'ament_python'
[0.223s] Level 1:colcon.colcon_core.shell:create_environment_hook('sjtu_drone_bringup', 'ament_prefix_path')
[0.225s] INFO:colcon.colcon_core.plugin_system:Skipping extension 'colcon_core.shell.bat': Not used on non-Windows systems
[0.226s] INFO:colcon.colcon_core.shell:Creating environment hook '/home/james/drone_ws/install/sjtu_drone_bringup/share/sjtu_drone_bringup/hook/ament_prefix_path.ps1'
[0.226s] INFO:colcon.colcon_core.shell:Creating environment descriptor '/home/james/drone_ws/install/sjtu_drone_bringup/share/sjtu_drone_bringup/hook/ament_prefix_path.dsv'
[0.227s] INFO:colcon.colcon_core.shell:Creating environment hook '/home/james/drone_ws/install/sjtu_drone_bringup/share/sjtu_drone_bringup/hook/ament_prefix_path.sh'
[0.227s] INFO:colcon.colcon_core.shell:Skip shell extension 'powershell' for command environment: Not usable outside of PowerShell
[0.228s] DEBUG:colcon.colcon_core.shell:Skip shell extension 'dsv' for command environment
[0.231s] INFO:colcon.colcon_ros.task.ament_python.build:Building ROS package in '/home/james/drone_ws/src/drone_ros2/sjtu_drone_control' with build type 'ament_python'
[0.231s] Level 1:colcon.colcon_core.shell:create_environment_hook('sjtu_drone_control', 'ament_prefix_path')
[0.231s] INFO:colcon.colcon_core.shell:Creating environment hook '/home/james/drone_ws/install/sjtu_drone_control/share/sjtu_drone_control/hook/ament_prefix_path.ps1'
[0.232s] INFO:colcon.colcon_core.shell:Creating environment descriptor '/home/james/drone_ws/install/sjtu_drone_control/share/sjtu_drone_control/hook/ament_prefix_path.dsv'
[0.232s] INFO:colcon.colcon_core.shell:Creating environment hook '/home/james/drone_ws/install/sjtu_drone_control/share/sjtu_drone_control/hook/ament_prefix_path.sh'
[0.232s] INFO:colcon.colcon_core.shell:Skip shell extension 'powershell' for command environment: Not usable outside of PowerShell
[0.233s] DEBUG:colcon.colcon_core.shell:Skip shell extension 'dsv' for command environment
[0.236s] INFO:colcon.colcon_ros.task.ament_cmake.build:Building ROS package in '/home/james/drone_ws/src/drone_ros2/sjtu_drone_description' with build type 'ament_cmake'
[0.236s] INFO:colcon.colcon_cmake.task.cmake.build:Building CMake package in '/home/james/drone_ws/src/drone_ros2/sjtu_drone_description'
[0.236s] INFO:colcon.colcon_core.shell:Skip shell extension 'powershell' for command environment: Not usable outside of PowerShell
[0.236s] DEBUG:colcon.colcon_core.shell:Skip shell extension 'dsv' for command environment
[0.241s] INFO:colcon.colcon_ros.task.ament_cmake.build:Building ROS package in '/home/james/drone_ws/src/drone_ros2/yolobot_recognition' with build type 'ament_cmake'
[0.241s] INFO:colcon.colcon_cmake.task.cmake.build:Building CMake package in '/home/james/drone_ws/src/drone_ros2/yolobot_recognition'
[0.241s] INFO:colcon.colcon_core.shell:Skip shell extension 'powershell' for command environment: Not usable outside of PowerShell
[0.241s] DEBUG:colcon.colcon_core.shell:Skip shell extension 'dsv' for command environment
[0.245s] INFO:colcon.colcon_ros.task.ament_cmake.build:Building ROS package in '/home/james/drone_ws/src/drone_ros2/yolov8_msgs' with build type 'ament_cmake'
[0.245s] INFO:colcon.colcon_cmake.task.cmake.build:Building CMake package in '/home/james/drone_ws/src/drone_ros2/yolov8_msgs'
[0.246s] INFO:colcon.colcon_core.shell:Skip shell extension 'powershell' for command environment: Not usable outside of PowerShell
[0.246s] DEBUG:colcon.colcon_core.shell:Skip shell extension 'dsv' for command environment
[0.411s] INFO:colcon.colcon_core.task.python.build:Building Python package in '/home/james/drone_ws/src/drone_ros2/sjtu_drone_bringup'
[0.411s] INFO:colcon.colcon_core.shell:Skip shell extension 'powershell' for command environment: Not usable outside of PowerShell
[0.411s] DEBUG:colcon.colcon_core.shell:Skip shell extension 'dsv' for command environment
[0.566s] INFO:colcon.colcon_core.task.python.build:Building Python package in '/home/james/drone_ws/src/drone_ros2/sjtu_drone_control'
[0.566s] INFO:colcon.colcon_core.shell:Skip shell extension 'powershell' for command environment: Not usable outside of PowerShell
[0.566s] DEBUG:colcon.colcon_core.shell:Skip shell extension 'dsv' for command environment
[0.575s] DEBUG:colcon.colcon_core.event_handler.log_command:Invoking command in '/home/james/drone_ws/build/sjtu_drone_description': CMAKE_PREFIX_PATH=${CMAKE_PREFIX_PATH}:/home/james/drone_ws/install/sjtu_drone_control:/home/james/drone_ws/install/sjtu_drone_bringup:/home/james/turtlebot3_ws/install/turtlebot3_teleop:/home/james/turtlebot3_ws/install/turtlebot3_example:/home/james/turtlebot3_ws/install/follow_waypoints:/opt/ros/humble /usr/bin/cmake --build /home/james/drone_ws/build/sjtu_drone_description -- -j20 -l20
[0.577s] DEBUG:colcon.colcon_core.event_handler.log_command:Invoking command in '/home/james/drone_ws/build/yolobot_recognition': CMAKE_PREFIX_PATH=${CMAKE_PREFIX_PATH}:/home/james/drone_ws/install/sjtu_drone_control:/home/james/drone_ws/install/sjtu_drone_bringup:/home/james/turtlebot3_ws/install/turtlebot3_teleop:/home/james/turtlebot3_ws/install/turtlebot3_example:/home/james/turtlebot3_ws/install/follow_waypoints:/opt/ros/humble /usr/bin/cmake --build /home/james/drone_ws/build/yolobot_recognition -- -j20 -l20
[0.583s] DEBUG:colcon.colcon_core.event_handler.log_command:Invoking command in '/home/james/drone_ws/build/yolov8_msgs': CMAKE_PREFIX_PATH=${CMAKE_PREFIX_PATH}:/home/james/drone_ws/install/sjtu_drone_control:/home/james/drone_ws/install/sjtu_drone_bringup:/home/james/turtlebot3_ws/install/turtlebot3_teleop:/home/james/turtlebot3_ws/install/turtlebot3_example:/home/james/turtlebot3_ws/install/follow_waypoints:/opt/ros/humble /usr/bin/cmake --build /home/james/drone_ws/build/yolov8_msgs -- -j20 -l20
[0.624s] DEBUG:colcon.colcon_core.event_handler.log_command:Invoked command in '/home/james/drone_ws/build/yolobot_recognition' returned '0': CMAKE_PREFIX_PATH=${CMAKE_PREFIX_PATH}:/home/james/drone_ws/install/sjtu_drone_control:/home/james/drone_ws/install/sjtu_drone_bringup:/home/james/turtlebot3_ws/install/turtlebot3_teleop:/home/james/turtlebot3_ws/install/turtlebot3_example:/home/james/turtlebot3_ws/install/follow_waypoints:/opt/ros/humble /usr/bin/cmake --build /home/james/drone_ws/build/yolobot_recognition -- -j20 -l20
[0.676s] DEBUG:colcon.colcon_core.event_handler.log_command:Invoking command in '/home/james/drone_ws/build/yolobot_recognition': CMAKE_PREFIX_PATH=${CMAKE_PREFIX_PATH}:/home/james/drone_ws/install/sjtu_drone_control:/home/james/drone_ws/install/sjtu_drone_bringup:/home/james/turtlebot3_ws/install/turtlebot3_teleop:/home/james/turtlebot3_ws/install/turtlebot3_example:/home/james/turtlebot3_ws/install/follow_waypoints:/opt/ros/humble /usr/bin/cmake --install /home/james/drone_ws/build/yolobot_recognition
[0.768s] DEBUG:colcon.colcon_core.event_handler.log_command:Invoked command in '/home/james/drone_ws/build/sjtu_drone_description' returned '0': CMAKE_PREFIX_PATH=${CMAKE_PREFIX_PATH}:/home/james/drone_ws/install/sjtu_drone_control:/home/james/drone_ws/install/sjtu_drone_bringup:/home/james/turtlebot3_ws/install/turtlebot3_teleop:/home/james/turtlebot3_ws/install/turtlebot3_example:/home/james/turtlebot3_ws/install/follow_waypoints:/opt/ros/humble /usr/bin/cmake --build /home/james/drone_ws/build/sjtu_drone_description -- -j20 -l20
[0.812s] DEBUG:colcon.colcon_core.event_handler.log_command:Invoking command in '/home/james/drone_ws/build/sjtu_drone_description': CMAKE_PREFIX_PATH=${CMAKE_PREFIX_PATH}:/home/james/drone_ws/install/sjtu_drone_control:/home/james/drone_ws/install/sjtu_drone_bringup:/home/james/turtlebot3_ws/install/turtlebot3_teleop:/home/james/turtlebot3_ws/install/turtlebot3_example:/home/james/turtlebot3_ws/install/follow_waypoints:/opt/ros/humble /usr/bin/cmake --install /home/james/drone_ws/build/sjtu_drone_description
[0.844s] Level 1:colcon.colcon_core.environment:create_environment_scripts_only(sjtu_drone_description)
[0.845s] DEBUG:colcon.colcon_core.event_handler.log_command:Invoked command in '/home/james/drone_ws/build/sjtu_drone_description' returned '0': CMAKE_PREFIX_PATH=${CMAKE_PREFIX_PATH}:/home/james/drone_ws/install/sjtu_drone_control:/home/james/drone_ws/install/sjtu_drone_bringup:/home/james/turtlebot3_ws/install/turtlebot3_teleop:/home/james/turtlebot3_ws/install/turtlebot3_example:/home/james/turtlebot3_ws/install/follow_waypoints:/opt/ros/humble /usr/bin/cmake --install /home/james/drone_ws/build/sjtu_drone_description
[0.848s] Level 1:colcon.colcon_core.environment:checking '/home/james/drone_ws/install/sjtu_drone_description' for CMake module files
[0.849s] Level 1:colcon.colcon_core.environment:checking '/home/james/drone_ws/install/sjtu_drone_description' for CMake config files
[0.849s] Level 1:colcon.colcon_core.shell:create_environment_hook('sjtu_drone_description', 'cmake_prefix_path')
[0.849s] INFO:colcon.colcon_core.shell:Creating environment hook '/home/james/drone_ws/install/sjtu_drone_description/share/sjtu_drone_description/hook/cmake_prefix_path.ps1'
[0.850s] INFO:colcon.colcon_core.shell:Creating environment descriptor '/home/james/drone_ws/install/sjtu_drone_description/share/sjtu_drone_description/hook/cmake_prefix_path.dsv'
[0.850s] INFO:colcon.colcon_core.shell:Creating environment hook '/home/james/drone_ws/install/sjtu_drone_description/share/sjtu_drone_description/hook/cmake_prefix_path.sh'
[0.851s] Level 1:colcon.colcon_core.environment:checking '/home/james/drone_ws/install/sjtu_drone_description/lib'
[0.851s] Level 1:colcon.colcon_core.shell:create_environment_hook('sjtu_drone_description', 'ld_library_path_lib')
[0.851s] INFO:colcon.colcon_core.shell:Creating environment hook '/home/james/drone_ws/install/sjtu_drone_description/share/sjtu_drone_description/hook/ld_library_path_lib.ps1'
[0.852s] INFO:colcon.colcon_core.shell:Creating environment descriptor '/home/james/drone_ws/install/sjtu_drone_description/share/sjtu_drone_description/hook/ld_library_path_lib.dsv'
[0.852s] INFO:colcon.colcon_core.shell:Creating environment hook '/home/james/drone_ws/install/sjtu_drone_description/share/sjtu_drone_description/hook/ld_library_path_lib.sh'
[0.853s] Level 1:colcon.colcon_core.environment:checking '/home/james/drone_ws/install/sjtu_drone_description/bin'
[0.853s] Level 1:colcon.colcon_core.environment:checking '/home/james/drone_ws/install/sjtu_drone_description/lib/pkgconfig/sjtu_drone_description.pc'
[0.853s] Level 1:colcon.colcon_core.environment:checking '/home/james/drone_ws/install/sjtu_drone_description/lib/python3.10/site-packages'
[0.853s] Level 1:colcon.colcon_core.environment:checking '/home/james/drone_ws/install/sjtu_drone_description/bin'
[0.854s] INFO:colcon.colcon_core.shell:Creating package script '/home/james/drone_ws/install/sjtu_drone_description/share/sjtu_drone_description/package.ps1'
[0.855s] INFO:colcon.colcon_core.shell:Creating package descriptor '/home/james/drone_ws/install/sjtu_drone_description/share/sjtu_drone_description/package.dsv'
[0.856s] INFO:colcon.colcon_core.shell:Creating package script '/home/james/drone_ws/install/sjtu_drone_description/share/sjtu_drone_description/package.sh'
[0.857s] INFO:colcon.colcon_core.shell:Creating package script '/home/james/drone_ws/install/sjtu_drone_description/share/sjtu_drone_description/package.bash'
[0.858s] INFO:colcon.colcon_core.shell:Creating package script '/home/james/drone_ws/install/sjtu_drone_description/share/sjtu_drone_description/package.zsh'
[0.859s] Level 1:colcon.colcon_core.environment:create_file_with_runtime_dependencies(/home/james/drone_ws/install/sjtu_drone_description/share/colcon-core/packages/sjtu_drone_description)
[0.903s] Level 1:colcon.colcon_core.environment:create_environment_scripts_only(sjtu_drone_description)
[0.903s] Level 1:colcon.colcon_core.environment:checking '/home/james/drone_ws/install/sjtu_drone_description' for CMake module files
[0.905s] Level 1:colcon.colcon_core.environment:checking '/home/james/drone_ws/install/sjtu_drone_description' for CMake config files
[0.909s] Level 1:colcon.colcon_core.shell:create_environment_hook('sjtu_drone_description', 'cmake_prefix_path')
[0.909s] INFO:colcon.colcon_core.shell:Creating environment hook '/home/james/drone_ws/install/sjtu_drone_description/share/sjtu_drone_description/hook/cmake_prefix_path.ps1'
[0.910s] INFO:colcon.colcon_core.shell:Creating environment descriptor '/home/james/drone_ws/install/sjtu_drone_description/share/sjtu_drone_description/hook/cmake_prefix_path.dsv'
[0.911s] INFO:colcon.colcon_core.shell:Creating environment hook '/home/james/drone_ws/install/sjtu_drone_description/share/sjtu_drone_description/hook/cmake_prefix_path.sh'
[0.912s] Level 1:colcon.colcon_core.environment:checking '/home/james/drone_ws/install/sjtu_drone_description/lib'
[0.912s] Level 1:colcon.colcon_core.shell:create_environment_hook('sjtu_drone_description', 'ld_library_path_lib')
[0.912s] INFO:colcon.colcon_core.shell:Creating environment hook '/home/james/drone_ws/install/sjtu_drone_description/share/sjtu_drone_description/hook/ld_library_path_lib.ps1'
[0.913s] INFO:colcon.colcon_core.shell:Creating environment descriptor '/home/james/drone_ws/install/sjtu_drone_description/share/sjtu_drone_description/hook/ld_library_path_lib.dsv'
[0.914s] INFO:colcon.colcon_core.shell:Creating environment hook '/home/james/drone_ws/install/sjtu_drone_description/share/sjtu_drone_description/hook/ld_library_path_lib.sh'
[0.914s] Level 1:colcon.colcon_core.environment:checking '/home/james/drone_ws/install/sjtu_drone_description/bin'
[0.914s] Level 1:colcon.colcon_core.environment:checking '/home/james/drone_ws/install/sjtu_drone_description/lib/pkgconfig/sjtu_drone_description.pc'
[0.915s] Level 1:colcon.colcon_core.environment:checking '/home/james/drone_ws/install/sjtu_drone_description/lib/python3.10/site-packages'
[0.915s] Level 1:colcon.colcon_core.environment:checking '/home/james/drone_ws/install/sjtu_drone_description/bin'
[0.915s] INFO:colcon.colcon_core.shell:Creating package script '/home/james/drone_ws/install/sjtu_drone_description/share/sjtu_drone_description/package.ps1'
[0.916s] INFO:colcon.colcon_core.shell:Creating package descriptor '/home/james/drone_ws/install/sjtu_drone_description/share/sjtu_drone_description/package.dsv'
[0.917s] INFO:colcon.colcon_core.shell:Creating package script '/home/james/drone_ws/install/sjtu_drone_description/share/sjtu_drone_description/package.sh'
[0.918s] INFO:colcon.colcon_core.shell:Creating package script '/home/james/drone_ws/install/sjtu_drone_description/share/sjtu_drone_description/package.bash'
[0.919s] INFO:colcon.colcon_core.shell:Creating package script '/home/james/drone_ws/install/sjtu_drone_description/share/sjtu_drone_description/package.zsh'
[0.920s] Level 1:colcon.colcon_core.environment:create_file_with_runtime_dependencies(/home/james/drone_ws/install/sjtu_drone_description/share/colcon-core/packages/sjtu_drone_description)
[1.046s] DEBUG:colcon.colcon_core.event_handler.log_command:Invoked command in '/home/james/drone_ws/build/yolov8_msgs' returned '0': CMAKE_PREFIX_PATH=${CMAKE_PREFIX_PATH}:/home/james/drone_ws/install/sjtu_drone_control:/home/james/drone_ws/install/sjtu_drone_bringup:/home/james/turtlebot3_ws/install/turtlebot3_teleop:/home/james/turtlebot3_ws/install/turtlebot3_example:/home/james/turtlebot3_ws/install/follow_waypoints:/opt/ros/humble /usr/bin/cmake --build /home/james/drone_ws/build/yolov8_msgs -- -j20 -l20
[1.188s] DEBUG:colcon.colcon_core.event_handler.log_command:Invoking command in '/home/james/drone_ws/build/yolov8_msgs': CMAKE_PREFIX_PATH=${CMAKE_PREFIX_PATH}:/home/james/drone_ws/install/sjtu_drone_control:/home/james/drone_ws/install/sjtu_drone_bringup:/home/james/turtlebot3_ws/install/turtlebot3_teleop:/home/james/turtlebot3_ws/install/turtlebot3_example:/home/james/turtlebot3_ws/install/follow_waypoints:/opt/ros/humble /usr/bin/cmake --install /home/james/drone_ws/build/yolov8_msgs
[1.308s] DEBUG:colcon.colcon_core.event_handler.log_command:Invoking command in '/home/james/drone_ws/build/sjtu_drone_bringup': PYTHONPATH=/home/james/drone_ws/build/sjtu_drone_bringup/prefix_override:/usr/lib/python3/dist-packages/colcon_core/task/python/colcon_distutils_commands:/home/james/drone_ws/install/sjtu_drone_bringup/lib/python3.10/site-packages:${PYTHONPATH} /usr/bin/python3 -W ignore:setup.py install is deprecated setup.py develop --editable --build-directory /home/james/drone_ws/build/sjtu_drone_bringup/build --no-deps symlink_data
[1.326s] DEBUG:colcon.colcon_core.event_handler.log_command:Invoking command in '/home/james/drone_ws/build/sjtu_drone_control': PYTHONPATH=/home/james/drone_ws/build/sjtu_drone_control/prefix_override:/usr/lib/python3/dist-packages/colcon_core/task/python/colcon_distutils_commands:/home/james/drone_ws/install/sjtu_drone_control/lib/python3.10/site-packages:${PYTHONPATH} /usr/bin/python3 -W ignore:setup.py install is deprecated setup.py develop --editable --build-directory /home/james/drone_ws/build/sjtu_drone_control/build --no-deps symlink_data
[1.326s] Level 1:colcon.colcon_core.environment:create_environment_scripts_only(yolov8_msgs)
[1.327s] Level 1:colcon.colcon_core.environment:checking '/home/james/drone_ws/install/yolov8_msgs' for CMake module files
[1.330s] DEBUG:colcon.colcon_core.event_handler.log_command:Invoked command in '/home/james/drone_ws/build/yolov8_msgs' returned '0': CMAKE_PREFIX_PATH=${CMAKE_PREFIX_PATH}:/home/james/drone_ws/install/sjtu_drone_control:/home/james/drone_ws/install/sjtu_drone_bringup:/home/james/turtlebot3_ws/install/turtlebot3_teleop:/home/james/turtlebot3_ws/install/turtlebot3_example:/home/james/turtlebot3_ws/install/follow_waypoints:/opt/ros/humble /usr/bin/cmake --install /home/james/drone_ws/build/yolov8_msgs
[1.349s] Level 1:colcon.colcon_core.environment:checking '/home/james/drone_ws/install/yolov8_msgs' for CMake config files
[1.362s] Level 1:colcon.colcon_core.shell:create_environment_hook('yolov8_msgs', 'cmake_prefix_path')
[1.363s] INFO:colcon.colcon_core.shell:Creating environment hook '/home/james/drone_ws/install/yolov8_msgs/share/yolov8_msgs/hook/cmake_prefix_path.ps1'
[1.369s] INFO:colcon.colcon_core.shell:Creating environment descriptor '/home/james/drone_ws/install/yolov8_msgs/share/yolov8_msgs/hook/cmake_prefix_path.dsv'
[1.373s] INFO:colcon.colcon_core.shell:Creating environment hook '/home/james/drone_ws/install/yolov8_msgs/share/yolov8_msgs/hook/cmake_prefix_path.sh'
[1.381s] Level 1:colcon.colcon_core.environment:checking '/home/james/drone_ws/install/yolov8_msgs/lib'
[1.383s] Level 1:colcon.colcon_core.shell:create_environment_hook('yolov8_msgs', 'ld_library_path_lib')
[1.384s] INFO:colcon.colcon_core.shell:Creating environment hook '/home/james/drone_ws/install/yolov8_msgs/share/yolov8_msgs/hook/ld_library_path_lib.ps1'
[1.388s] INFO:colcon.colcon_core.shell:Creating environment descriptor '/home/james/drone_ws/install/yolov8_msgs/share/yolov8_msgs/hook/ld_library_path_lib.dsv'
[1.393s] INFO:colcon.colcon_core.shell:Creating environment hook '/home/james/drone_ws/install/yolov8_msgs/share/yolov8_msgs/hook/ld_library_path_lib.sh'
[1.397s] Level 1:colcon.colcon_core.environment:checking '/home/james/drone_ws/install/yolov8_msgs/bin'
[1.397s] Level 1:colcon.colcon_core.environment:checking '/home/james/drone_ws/install/yolov8_msgs/lib/pkgconfig/yolov8_msgs.pc'
[1.398s] Level 1:colcon.colcon_core.environment:checking '/home/james/drone_ws/install/yolov8_msgs/lib/python3.10/site-packages'
[1.400s] Level 1:colcon.colcon_core.environment:checking '/home/james/drone_ws/install/yolov8_msgs/bin'
[1.402s] INFO:colcon.colcon_core.shell:Creating package script '/home/james/drone_ws/install/yolov8_msgs/share/yolov8_msgs/package.ps1'
[1.410s] INFO:colcon.colcon_core.shell:Creating package descriptor '/home/james/drone_ws/install/yolov8_msgs/share/yolov8_msgs/package.dsv'
[1.416s] INFO:colcon.colcon_core.shell:Creating package script '/home/james/drone_ws/install/yolov8_msgs/share/yolov8_msgs/package.sh'
[1.422s] INFO:colcon.colcon_core.shell:Creating package script '/home/james/drone_ws/install/yolov8_msgs/share/yolov8_msgs/package.bash'
[1.427s] INFO:colcon.colcon_core.shell:Creating package script '/home/james/drone_ws/install/yolov8_msgs/share/yolov8_msgs/package.zsh'
[1.432s] Level 1:colcon.colcon_core.environment:create_file_with_runtime_dependencies(/home/james/drone_ws/install/yolov8_msgs/share/colcon-core/packages/yolov8_msgs)
[1.566s] Level 1:colcon.colcon_core.environment:create_environment_scripts_only(yolov8_msgs)
[1.566s] Level 1:colcon.colcon_core.environment:checking '/home/james/drone_ws/install/yolov8_msgs' for CMake module files
[1.568s] Level 1:colcon.colcon_core.environment:checking '/home/james/drone_ws/install/yolov8_msgs' for CMake config files
[1.571s] Level 1:colcon.colcon_core.shell:create_environment_hook('yolov8_msgs', 'cmake_prefix_path')
[1.571s] INFO:colcon.colcon_core.shell:Creating environment hook '/home/james/drone_ws/install/yolov8_msgs/share/yolov8_msgs/hook/cmake_prefix_path.ps1'
[1.572s] INFO:colcon.colcon_core.shell:Creating environment descriptor '/home/james/drone_ws/install/yolov8_msgs/share/yolov8_msgs/hook/cmake_prefix_path.dsv'
[1.573s] INFO:colcon.colcon_core.shell:Creating environment hook '/home/james/drone_ws/install/yolov8_msgs/share/yolov8_msgs/hook/cmake_prefix_path.sh'
[1.574s] Level 1:colcon.colcon_core.environment:checking '/home/james/drone_ws/install/yolov8_msgs/lib'
[1.574s] Level 1:colcon.colcon_core.shell:create_environment_hook('yolov8_msgs', 'ld_library_path_lib')
[1.574s] INFO:colcon.colcon_core.shell:Creating environment hook '/home/james/drone_ws/install/yolov8_msgs/share/yolov8_msgs/hook/ld_library_path_lib.ps1'
[1.576s] INFO:colcon.colcon_core.shell:Creating environment descriptor '/home/james/drone_ws/install/yolov8_msgs/share/yolov8_msgs/hook/ld_library_path_lib.dsv'
[1.579s] INFO:colcon.colcon_core.shell:Creating environment hook '/home/james/drone_ws/install/yolov8_msgs/share/yolov8_msgs/hook/ld_library_path_lib.sh'
[1.581s] Level 1:colcon.colcon_core.environment:checking '/home/james/drone_ws/install/yolov8_msgs/bin'
[1.582s] Level 1:colcon.colcon_core.environment:checking '/home/james/drone_ws/install/yolov8_msgs/lib/pkgconfig/yolov8_msgs.pc'
[1.583s] Level 1:colcon.colcon_core.environment:checking '/home/james/drone_ws/install/yolov8_msgs/lib/python3.10/site-packages'
[1.584s] Level 1:colcon.colcon_core.environment:checking '/home/james/drone_ws/install/yolov8_msgs/bin'
[1.584s] INFO:colcon.colcon_core.shell:Creating package script '/home/james/drone_ws/install/yolov8_msgs/share/yolov8_msgs/package.ps1'
[1.586s] INFO:colcon.colcon_core.shell:Creating package descriptor '/home/james/drone_ws/install/yolov8_msgs/share/yolov8_msgs/package.dsv'
[1.589s] INFO:colcon.colcon_core.shell:Creating package script '/home/james/drone_ws/install/yolov8_msgs/share/yolov8_msgs/package.sh'
[1.591s] INFO:colcon.colcon_core.shell:Creating package script '/home/james/drone_ws/install/yolov8_msgs/share/yolov8_msgs/package.bash'
[1.596s] INFO:colcon.colcon_core.shell:Creating package script '/home/james/drone_ws/install/yolov8_msgs/share/yolov8_msgs/package.zsh'
[1.606s] Level 1:colcon.colcon_core.environment:create_file_with_runtime_dependencies(/home/james/drone_ws/install/yolov8_msgs/share/colcon-core/packages/yolov8_msgs)
[2.146s] Level 1:colcon.colcon_core.shell:create_environment_hook('sjtu_drone_control', 'pythonpath_develop')
[2.146s] INFO:colcon.colcon_core.shell:Creating environment hook '/home/james/drone_ws/build/sjtu_drone_control/share/sjtu_drone_control/hook/pythonpath_develop.ps1'
[2.147s] INFO:colcon.colcon_core.shell:Creating environment descriptor '/home/james/drone_ws/build/sjtu_drone_control/share/sjtu_drone_control/hook/pythonpath_develop.dsv'
[2.148s] INFO:colcon.colcon_core.shell:Creating environment hook '/home/james/drone_ws/build/sjtu_drone_control/share/sjtu_drone_control/hook/pythonpath_develop.sh'
[2.149s] Level 1:colcon.colcon_core.environment:checking '/home/james/drone_ws/install/sjtu_drone_control' for CMake module files
[2.151s] Level 1:colcon.colcon_core.environment:checking '/home/james/drone_ws/install/sjtu_drone_control' for CMake config files
[2.153s] Level 1:colcon.colcon_core.environment:checking '/home/james/drone_ws/install/sjtu_drone_control/lib'
[2.153s] Level 1:colcon.colcon_core.environment:checking '/home/james/drone_ws/install/sjtu_drone_control/bin'
[2.153s] Level 1:colcon.colcon_core.environment:checking '/home/james/drone_ws/install/sjtu_drone_control/lib/pkgconfig/sjtu_drone_control.pc'
[2.154s] Level 1:colcon.colcon_core.environment:checking '/home/james/drone_ws/install/sjtu_drone_control/lib/python3.10/site-packages'
[2.154s] Level 1:colcon.colcon_core.shell:create_environment_hook('sjtu_drone_control', 'pythonpath')
[2.154s] INFO:colcon.colcon_core.shell:Creating environment hook '/home/james/drone_ws/install/sjtu_drone_control/share/sjtu_drone_control/hook/pythonpath.ps1'
[2.156s] INFO:colcon.colcon_core.shell:Creating environment descriptor '/home/james/drone_ws/install/sjtu_drone_control/share/sjtu_drone_control/hook/pythonpath.dsv'
[2.156s] INFO:colcon.colcon_core.shell:Creating environment hook '/home/james/drone_ws/install/sjtu_drone_control/share/sjtu_drone_control/hook/pythonpath.sh'
[2.157s] Level 1:colcon.colcon_core.environment:checking '/home/james/drone_ws/install/sjtu_drone_control/bin'
[2.157s] Level 1:colcon.colcon_core.environment:create_environment_scripts_only(sjtu_drone_control)
[2.158s] INFO:colcon.colcon_core.shell:Creating package script '/home/james/drone_ws/install/sjtu_drone_control/share/sjtu_drone_control/package.ps1'
[2.159s] INFO:colcon.colcon_core.shell:Creating package descriptor '/home/james/drone_ws/install/sjtu_drone_control/share/sjtu_drone_control/package.dsv'
[2.160s] INFO:colcon.colcon_core.shell:Creating package script '/home/james/drone_ws/install/sjtu_drone_control/share/sjtu_drone_control/package.sh'
[2.161s] INFO:colcon.colcon_core.shell:Creating package script '/home/james/drone_ws/install/sjtu_drone_control/share/sjtu_drone_control/package.bash'
[2.162s] INFO:colcon.colcon_core.shell:Creating package script '/home/james/drone_ws/install/sjtu_drone_control/share/sjtu_drone_control/package.zsh'
[2.163s] Level 1:colcon.colcon_core.environment:create_file_with_runtime_dependencies(/home/james/drone_ws/install/sjtu_drone_control/share/colcon-core/packages/sjtu_drone_control)
[2.182s] DEBUG:colcon.colcon_core.event_handler.log_command:Invoked command in '/home/james/drone_ws/build/sjtu_drone_control' returned '0': PYTHONPATH=/home/james/drone_ws/build/sjtu_drone_control/prefix_override:/usr/lib/python3/dist-packages/colcon_core/task/python/colcon_distutils_commands:/home/james/drone_ws/install/sjtu_drone_control/lib/python3.10/site-packages:${PYTHONPATH} /usr/bin/python3 -W ignore:setup.py install is deprecated setup.py develop --editable --build-directory /home/james/drone_ws/build/sjtu_drone_control/build --no-deps symlink_data
[2.213s] Level 1:colcon.colcon_core.shell:create_environment_hook('sjtu_drone_bringup', 'pythonpath_develop')
[2.213s] INFO:colcon.colcon_core.shell:Creating environment hook '/home/james/drone_ws/build/sjtu_drone_bringup/share/sjtu_drone_bringup/hook/pythonpath_develop.ps1'
[2.215s] INFO:colcon.colcon_core.shell:Creating environment descriptor '/home/james/drone_ws/build/sjtu_drone_bringup/share/sjtu_drone_bringup/hook/pythonpath_develop.dsv'
[2.220s] INFO:colcon.colcon_core.shell:Creating environment hook '/home/james/drone_ws/build/sjtu_drone_bringup/share/sjtu_drone_bringup/hook/pythonpath_develop.sh'
[2.223s] Level 1:colcon.colcon_core.environment:checking '/home/james/drone_ws/install/sjtu_drone_bringup' for CMake module files
[2.226s] Level 1:colcon.colcon_core.environment:checking '/home/james/drone_ws/install/sjtu_drone_bringup' for CMake config files
[2.232s] DEBUG:colcon.colcon_core.event_handler.log_command:Invoked command in '/home/james/drone_ws/build/sjtu_drone_bringup' returned '0': PYTHONPATH=/home/james/drone_ws/build/sjtu_drone_bringup/prefix_override:/usr/lib/python3/dist-packages/colcon_core/task/python/colcon_distutils_commands:/home/james/drone_ws/install/sjtu_drone_bringup/lib/python3.10/site-packages:${PYTHONPATH} /usr/bin/python3 -W ignore:setup.py install is deprecated setup.py develop --editable --build-directory /home/james/drone_ws/build/sjtu_drone_bringup/build --no-deps symlink_data
[2.239s] Level 1:colcon.colcon_core.environment:checking '/home/james/drone_ws/install/sjtu_drone_bringup/lib'
[2.241s] Level 1:colcon.colcon_core.environment:checking '/home/james/drone_ws/install/sjtu_drone_bringup/bin'
[2.241s] Level 1:colcon.colcon_core.environment:checking '/home/james/drone_ws/install/sjtu_drone_bringup/lib/pkgconfig/sjtu_drone_bringup.pc'
[2.242s] Level 1:colcon.colcon_core.environment:checking '/home/james/drone_ws/install/sjtu_drone_bringup/lib/python3.10/site-packages'
[2.243s] Level 1:colcon.colcon_core.shell:create_environment_hook('sjtu_drone_bringup', 'pythonpath')
[2.243s] INFO:colcon.colcon_core.shell:Creating environment hook '/home/james/drone_ws/install/sjtu_drone_bringup/share/sjtu_drone_bringup/hook/pythonpath.ps1'
[2.246s] INFO:colcon.colcon_core.shell:Creating environment descriptor '/home/james/drone_ws/install/sjtu_drone_bringup/share/sjtu_drone_bringup/hook/pythonpath.dsv'
[2.249s] INFO:colcon.colcon_core.shell:Creating environment hook '/home/james/drone_ws/install/sjtu_drone_bringup/share/sjtu_drone_bringup/hook/pythonpath.sh'
[2.254s] Level 1:colcon.colcon_core.environment:checking '/home/james/drone_ws/install/sjtu_drone_bringup/bin'
[2.254s] Level 1:colcon.colcon_core.environment:create_environment_scripts_only(sjtu_drone_bringup)
[2.255s] INFO:colcon.colcon_core.shell:Creating package script '/home/james/drone_ws/install/sjtu_drone_bringup/share/sjtu_drone_bringup/package.ps1'
[2.259s] INFO:colcon.colcon_core.shell:Creating package descriptor '/home/james/drone_ws/install/sjtu_drone_bringup/share/sjtu_drone_bringup/package.dsv'
[2.275s] INFO:colcon.colcon_core.shell:Creating package script '/home/james/drone_ws/install/sjtu_drone_bringup/share/sjtu_drone_bringup/package.sh'
[2.279s] INFO:colcon.colcon_core.shell:Creating package script '/home/james/drone_ws/install/sjtu_drone_bringup/share/sjtu_drone_bringup/package.bash'
[2.283s] INFO:colcon.colcon_core.shell:Creating package script '/home/james/drone_ws/install/sjtu_drone_bringup/share/sjtu_drone_bringup/package.zsh'
[2.295s] Level 1:colcon.colcon_core.environment:create_file_with_runtime_dependencies(/home/james/drone_ws/install/sjtu_drone_bringup/share/colcon-core/packages/sjtu_drone_bringup)
[2.527s] Level 1:colcon.colcon_core.environment:create_environment_scripts_only(yolobot_recognition)
[2.528s] Level 1:colcon.colcon_core.environment:checking '/home/james/drone_ws/install/yolobot_recognition' for CMake module files
[2.528s] DEBUG:colcon.colcon_core.event_handler.log_command:Invoked command in '/home/james/drone_ws/build/yolobot_recognition' returned '0': CMAKE_PREFIX_PATH=${CMAKE_PREFIX_PATH}:/home/james/drone_ws/install/sjtu_drone_control:/home/james/drone_ws/install/sjtu_drone_bringup:/home/james/turtlebot3_ws/install/turtlebot3_teleop:/home/james/turtlebot3_ws/install/turtlebot3_example:/home/james/turtlebot3_ws/install/follow_waypoints:/opt/ros/humble /usr/bin/cmake --install /home/james/drone_ws/build/yolobot_recognition
[2.529s] Level 1:colcon.colcon_core.environment:checking '/home/james/drone_ws/install/yolobot_recognition' for CMake config files
[2.530s] Level 1:colcon.colcon_core.shell:create_environment_hook('yolobot_recognition', 'cmake_prefix_path')
[2.530s] INFO:colcon.colcon_core.shell:Creating environment hook '/home/james/drone_ws/install/yolobot_recognition/share/yolobot_recognition/hook/cmake_prefix_path.ps1'
[2.531s] INFO:colcon.colcon_core.shell:Creating environment descriptor '/home/james/drone_ws/install/yolobot_recognition/share/yolobot_recognition/hook/cmake_prefix_path.dsv'
[2.531s] INFO:colcon.colcon_core.shell:Creating environment hook '/home/james/drone_ws/install/yolobot_recognition/share/yolobot_recognition/hook/cmake_prefix_path.sh'
[2.532s] Level 1:colcon.colcon_core.environment:checking '/home/james/drone_ws/install/yolobot_recognition/lib'
[2.532s] Level 1:colcon.colcon_core.environment:checking '/home/james/drone_ws/install/yolobot_recognition/bin'
[2.532s] Level 1:colcon.colcon_core.environment:checking '/home/james/drone_ws/install/yolobot_recognition/lib/pkgconfig/yolobot_recognition.pc'
[2.533s] Level 1:colcon.colcon_core.environment:checking '/home/james/drone_ws/install/yolobot_recognition/lib/python3.10/site-packages'
[2.533s] Level 1:colcon.colcon_core.environment:checking '/home/james/drone_ws/install/yolobot_recognition/bin'
[2.533s] INFO:colcon.colcon_core.shell:Creating package script '/home/james/drone_ws/install/yolobot_recognition/share/yolobot_recognition/package.ps1'
[2.534s] INFO:colcon.colcon_core.shell:Creating package descriptor '/home/james/drone_ws/install/yolobot_recognition/share/yolobot_recognition/package.dsv'
[2.534s] INFO:colcon.colcon_core.shell:Creating package script '/home/james/drone_ws/install/yolobot_recognition/share/yolobot_recognition/package.sh'
[2.535s] INFO:colcon.colcon_core.shell:Creating package script '/home/james/drone_ws/install/yolobot_recognition/share/yolobot_recognition/package.bash'
[2.535s] INFO:colcon.colcon_core.shell:Creating package script '/home/james/drone_ws/install/yolobot_recognition/share/yolobot_recognition/package.zsh'
[2.535s] Level 1:colcon.colcon_core.environment:create_file_with_runtime_dependencies(/home/james/drone_ws/install/yolobot_recognition/share/colcon-core/packages/yolobot_recognition)
[2.564s] Level 1:colcon.colcon_core.environment:create_environment_scripts_only(yolobot_recognition)
[2.564s] Level 1:colcon.colcon_core.environment:checking '/home/james/drone_ws/install/yolobot_recognition' for CMake module files
[2.564s] Level 1:colcon.colcon_core.environment:checking '/home/james/drone_ws/install/yolobot_recognition' for CMake config files
[2.564s] Level 1:colcon.colcon_core.shell:create_environment_hook('yolobot_recognition', 'cmake_prefix_path')
[2.565s] INFO:colcon.colcon_core.shell:Creating environment hook '/home/james/drone_ws/install/yolobot_recognition/share/yolobot_recognition/hook/cmake_prefix_path.ps1'
[2.565s] INFO:colcon.colcon_core.shell:Creating environment descriptor '/home/james/drone_ws/install/yolobot_recognition/share/yolobot_recognition/hook/cmake_prefix_path.dsv'
[2.566s] INFO:colcon.colcon_core.shell:Creating environment hook '/home/james/drone_ws/install/yolobot_recognition/share/yolobot_recognition/hook/cmake_prefix_path.sh'
[2.566s] Level 1:colcon.colcon_core.environment:checking '/home/james/drone_ws/install/yolobot_recognition/lib'
[2.566s] Level 1:colcon.colcon_core.environment:checking '/home/james/drone_ws/install/yolobot_recognition/bin'
[2.566s] Level 1:colcon.colcon_core.environment:checking '/home/james/drone_ws/install/yolobot_recognition/lib/pkgconfig/yolobot_recognition.pc'
[2.567s] Level 1:colcon.colcon_core.environment:checking '/home/james/drone_ws/install/yolobot_recognition/lib/python3.10/site-packages'
[2.567s] Level 1:colcon.colcon_core.environment:checking '/home/james/drone_ws/install/yolobot_recognition/bin'
[2.567s] INFO:colcon.colcon_core.shell:Creating package script '/home/james/drone_ws/install/yolobot_recognition/share/yolobot_recognition/package.ps1'
[2.567s] INFO:colcon.colcon_core.shell:Creating package descriptor '/home/james/drone_ws/install/yolobot_recognition/share/yolobot_recognition/package.dsv'
[2.568s] INFO:colcon.colcon_core.shell:Creating package script '/home/james/drone_ws/install/yolobot_recognition/share/yolobot_recognition/package.sh'
[2.568s] INFO:colcon.colcon_core.shell:Creating package script '/home/james/drone_ws/install/yolobot_recognition/share/yolobot_recognition/package.bash'
[2.569s] INFO:colcon.colcon_core.shell:Creating package script '/home/james/drone_ws/install/yolobot_recognition/share/yolobot_recognition/package.zsh'
[2.569s] Level 1:colcon.colcon_core.environment:create_file_with_runtime_dependencies(/home/james/drone_ws/install/yolobot_recognition/share/colcon-core/packages/yolobot_recognition)
[2.569s] DEBUG:colcon.colcon_parallel_executor.executor.parallel:closing loop
[2.569s] DEBUG:colcon.colcon_parallel_executor.executor.parallel:loop closed
[2.569s] DEBUG:colcon.colcon_parallel_executor.executor.parallel:run_until_complete finished with '0'
[2.569s] DEBUG:colcon.colcon_core.event_reactor:joining thread
[2.577s] INFO:colcon.colcon_core.plugin_system:Skipping extension 'colcon_notification.desktop_notification.terminal_notifier': Not used on non-Darwin systems
[2.578s] INFO:colcon.colcon_core.plugin_system:Skipping extension 'colcon_notification.desktop_notification.win32': Not used on non-Windows systems
[2.578s] INFO:colcon.colcon_notification.desktop_notification:Sending desktop notification using 'notify2'
[2.593s] DEBUG:colcon.colcon_core.event_reactor:joined thread
[2.593s] INFO:colcon.colcon_core.shell:Creating prefix script '/home/james/drone_ws/install/local_setup.ps1'
[2.594s] INFO:colcon.colcon_core.shell:Creating prefix util module '/home/james/drone_ws/install/_local_setup_util_ps1.py'
[2.596s] INFO:colcon.colcon_core.shell:Creating prefix chain script '/home/james/drone_ws/install/setup.ps1'
[2.598s] INFO:colcon.colcon_core.shell:Creating prefix script '/home/james/drone_ws/install/local_setup.sh'
[2.599s] INFO:colcon.colcon_core.shell:Creating prefix util module '/home/james/drone_ws/install/_local_setup_util_sh.py'
[2.599s] INFO:colcon.colcon_core.shell:Creating prefix chain script '/home/james/drone_ws/install/setup.sh'
[2.601s] INFO:colcon.colcon_core.shell:Creating prefix script '/home/james/drone_ws/install/local_setup.bash'
[2.602s] INFO:colcon.colcon_core.shell:Creating prefix chain script '/home/james/drone_ws/install/setup.bash'
[2.603s] INFO:colcon.colcon_core.shell:Creating prefix script '/home/james/drone_ws/install/local_setup.zsh'
[2.605s] INFO:colcon.colcon_core.shell:Creating prefix chain script '/home/james/drone_ws/install/setup.zsh'
