[0.297s] Invoking command in '/home/james/drone_ws/build/yolov8_msgs': CMAKE_PREFIX_PATH=${CMAKE_PREFIX_PATH}:/home/james/drone_ws/install/sjtu_drone_control:/home/james/drone_ws/install/sjtu_drone_bringup:/home/james/turtlebot3_ws/install/turtlebot3_teleop:/home/james/turtlebot3_ws/install/turtlebot3_example:/home/james/turtlebot3_ws/install/follow_waypoints:/opt/ros/humble /usr/bin/cmake --build /home/james/drone_ws/build/yolov8_msgs -- -j20 -l20
[0.321s] -- Found ament_cmake: 1.3.10 (/opt/ros/humble/share/ament_cmake/cmake)
[0.419s] -- Override CMake install command with custom implementation using symlinks instead of copying resources
[0.423s] -- Found std_msgs: 4.2.4 (/opt/ros/humble/share/std_msgs/cmake)
[0.443s] -- Found rosidl_generator_c: 3.1.5 (/opt/ros/humble/share/rosidl_generator_c/cmake)
[0.444s] -- Found rosidl_adapter: 3.1.5 (/opt/ros/humble/share/rosidl_adapter/cmake)
[0.448s] -- Found rosidl_generator_cpp: 3.1.5 (/opt/ros/humble/share/rosidl_generator_cpp/cmake)
[0.456s] -- Using all available rosidl_typesupport_c: rosidl_typesupport_fastrtps_c;rosidl_typesupport_introspection_c
[0.466s] -- Using all available rosidl_typesupport_cpp: rosidl_typesupport_fastrtps_cpp;rosidl_typesupport_introspection_cpp
[0.484s] -- Found rosidl_default_generators: 1.2.0 (/opt/ros/humble/share/rosidl_default_generators/cmake)
[0.717s] -- Found ament_cmake_ros: 0.10.0 (/opt/ros/humble/share/ament_cmake_ros/cmake)
[1.023s] -- Using all available rosidl_typesupport_c: rosidl_typesupport_fastrtps_c;rosidl_typesupport_introspection_c
[1.134s] -- Using all available rosidl_typesupport_cpp: rosidl_typesupport_fastrtps_cpp;rosidl_typesupport_introspection_cpp
[1.152s] -- Found python_cmake_module: 0.10.0 (/opt/ros/humble/share/python_cmake_module/cmake)
[1.170s] -- Using PYTHON_EXECUTABLE: /usr/bin/python3
[1.171s] -- Using PYTHON_INCLUDE_DIRS: /usr/include/python3.10
[1.171s] -- Using PYTHON_LIBRARIES: /usr/lib/x86_64-linux-gnu/libpython3.10.so
[1.194s] -- Found ament_lint_auto: 0.12.11 (/opt/ros/humble/share/ament_lint_auto/cmake)
[1.199s] -- Added test 'copyright' to check source files copyright and LICENSE
[1.200s] -- Added test 'lint_cmake' to check CMake code style
[1.200s] -- Added test 'xmllint' to check XML markup files
[1.202s] -- Configuring done
[1.221s] -- Generating done
[1.223s] -- Build files have been written to: /home/james/drone_ws/build/yolov8_msgs
[1.246s] [35m[1mConsolidate compiler generated dependencies of target yolov8_msgs__rosidl_generator_c[0m
[1.257s] [  2%] Built target yolov8_msgs__cpp
[1.257s] [ 12%] Built target yolov8_msgs__rosidl_generator_c
[1.264s] [ 12%] Built target ament_cmake_python_symlink_yolov8_msgs
[1.269s] [35m[1mConsolidate compiler generated dependencies of target yolov8_msgs__rosidl_typesupport_introspection_c[0m
[1.269s] [35m[1mConsolidate compiler generated dependencies of target yolov8_msgs__rosidl_typesupport_introspection_cpp[0m
[1.269s] [35m[1mConsolidate compiler generated dependencies of target yolov8_msgs__rosidl_typesupport_cpp[0m
[1.275s] [35m[1mConsolidate compiler generated dependencies of target yolov8_msgs__rosidl_typesupport_fastrtps_cpp[0m
[1.275s] [35m[1mConsolidate compiler generated dependencies of target yolov8_msgs__rosidl_typesupport_c[0m
[1.281s] [35m[1mConsolidate compiler generated dependencies of target yolov8_msgs__rosidl_typesupport_fastrtps_c[0m
[1.288s] [ 23%] Built target yolov8_msgs__rosidl_typesupport_introspection_cpp
[1.288s] [ 33%] Built target yolov8_msgs__rosidl_typesupport_introspection_c
[1.293s] [ 43%] Built target yolov8_msgs__rosidl_typesupport_fastrtps_cpp
[1.294s] [ 53%] Built target yolov8_msgs__rosidl_typesupport_cpp
[1.296s] [ 64%] Built target yolov8_msgs__rosidl_typesupport_c
[1.297s] [ 74%] Built target yolov8_msgs__rosidl_typesupport_fastrtps_c
[1.312s] [ 74%] Built target yolov8_msgs
[1.328s] [ 76%] Built target yolov8_msgs__py
[1.338s] [35m[1mConsolidate compiler generated dependencies of target yolov8_msgs__rosidl_generator_py[0m
[1.349s] [ 84%] Built target yolov8_msgs__rosidl_generator_py
[1.360s] [35m[1mConsolidate compiler generated dependencies of target yolov8_msgs__rosidl_typesupport_introspection_c__pyext[0m
[1.360s] [35m[1mConsolidate compiler generated dependencies of target yolov8_msgs__rosidl_typesupport_c__pyext[0m
[1.360s] [35m[1mConsolidate compiler generated dependencies of target yolov8_msgs__rosidl_typesupport_fastrtps_c__pyext[0m
[1.370s] [ 89%] Built target yolov8_msgs__rosidl_typesupport_introspection_c__pyext
[1.372s] [ 94%] Built target yolov8_msgs__rosidl_typesupport_fastrtps_c__pyext
[1.372s] [100%] Built target yolov8_msgs__rosidl_typesupport_c__pyext
[1.426s] running egg_info
[1.436s] writing yolov8_msgs.egg-info/PKG-INFO
[1.436s] writing dependency_links to yolov8_msgs.egg-info/dependency_links.txt
[1.437s] writing top-level names to yolov8_msgs.egg-info/top_level.txt
[1.466s] reading manifest file 'yolov8_msgs.egg-info/SOURCES.txt'
[1.467s] writing manifest file 'yolov8_msgs.egg-info/SOURCES.txt'
[1.486s] [100%] Built target ament_cmake_python_build_yolov8_msgs_egg
[1.496s] Invoked command in '/home/james/drone_ws/build/yolov8_msgs' returned '0': CMAKE_PREFIX_PATH=${CMAKE_PREFIX_PATH}:/home/james/drone_ws/install/sjtu_drone_control:/home/james/drone_ws/install/sjtu_drone_bringup:/home/james/turtlebot3_ws/install/turtlebot3_teleop:/home/james/turtlebot3_ws/install/turtlebot3_example:/home/james/turtlebot3_ws/install/follow_waypoints:/opt/ros/humble /usr/bin/cmake --build /home/james/drone_ws/build/yolov8_msgs -- -j20 -l20
[1.571s] Invoking command in '/home/james/drone_ws/build/yolov8_msgs': CMAKE_PREFIX_PATH=${CMAKE_PREFIX_PATH}:/home/james/drone_ws/install/sjtu_drone_control:/home/james/drone_ws/install/sjtu_drone_bringup:/home/james/turtlebot3_ws/install/turtlebot3_teleop:/home/james/turtlebot3_ws/install/turtlebot3_example:/home/james/turtlebot3_ws/install/follow_waypoints:/opt/ros/humble /usr/bin/cmake --install /home/james/drone_ws/build/yolov8_msgs
[1.577s] -- Install configuration: ""
[1.577s] -- Execute custom install script
[1.578s] -- Up-to-date symlink: /home/james/drone_ws/install/yolov8_msgs/share/ament_index/resource_index/rosidl_interfaces/yolov8_msgs
[1.578s] -- Up-to-date symlink: /home/james/drone_ws/install/yolov8_msgs/include/yolov8_msgs/yolov8_msgs/msg/detail/inference_result__functions.h
[1.578s] -- Up-to-date symlink: /home/james/drone_ws/install/yolov8_msgs/include/yolov8_msgs/yolov8_msgs/msg/detail/inference_result__struct.h
[1.578s] -- Up-to-date symlink: /home/james/drone_ws/install/yolov8_msgs/include/yolov8_msgs/yolov8_msgs/msg/detail/inference_result__type_support.h
[1.578s] -- Up-to-date symlink: /home/james/drone_ws/install/yolov8_msgs/include/yolov8_msgs/yolov8_msgs/msg/detail/yolov8_inference__functions.h
[1.578s] -- Up-to-date symlink: /home/james/drone_ws/install/yolov8_msgs/include/yolov8_msgs/yolov8_msgs/msg/detail/yolov8_inference__struct.h
[1.578s] -- Up-to-date symlink: /home/james/drone_ws/install/yolov8_msgs/include/yolov8_msgs/yolov8_msgs/msg/detail/yolov8_inference__type_support.h
[1.578s] -- Up-to-date symlink: /home/james/drone_ws/install/yolov8_msgs/include/yolov8_msgs/yolov8_msgs/msg/inference_result.h
[1.578s] -- Up-to-date symlink: /home/james/drone_ws/install/yolov8_msgs/include/yolov8_msgs/yolov8_msgs/msg/rosidl_generator_c__visibility_control.h
[1.579s] -- Up-to-date symlink: /home/james/drone_ws/install/yolov8_msgs/include/yolov8_msgs/yolov8_msgs/msg/yolov8_inference.h
[1.579s] -- Up-to-date symlink: /home/james/drone_ws/install/yolov8_msgs/share/yolov8_msgs/environment/library_path.sh
[1.579s] -- Up-to-date symlink: /home/james/drone_ws/install/yolov8_msgs/share/yolov8_msgs/environment/library_path.dsv
[1.579s] -- Up-to-date symlink: /home/james/drone_ws/install/yolov8_msgs/include/yolov8_msgs/yolov8_msgs/msg/detail/inference_result__rosidl_typesupport_fastrtps_c.h
[1.579s] -- Up-to-date symlink: /home/james/drone_ws/install/yolov8_msgs/include/yolov8_msgs/yolov8_msgs/msg/detail/yolov8_inference__rosidl_typesupport_fastrtps_c.h
[1.579s] -- Up-to-date symlink: /home/james/drone_ws/install/yolov8_msgs/include/yolov8_msgs/yolov8_msgs/msg/rosidl_typesupport_fastrtps_c__visibility_control.h
[1.579s] -- Up-to-date symlink: /home/james/drone_ws/install/yolov8_msgs/include/yolov8_msgs/yolov8_msgs/msg/detail/inference_result__builder.hpp
[1.579s] -- Up-to-date symlink: /home/james/drone_ws/install/yolov8_msgs/include/yolov8_msgs/yolov8_msgs/msg/detail/inference_result__struct.hpp
[1.579s] -- Up-to-date symlink: /home/james/drone_ws/install/yolov8_msgs/include/yolov8_msgs/yolov8_msgs/msg/detail/inference_result__traits.hpp
[1.579s] -- Up-to-date symlink: /home/james/drone_ws/install/yolov8_msgs/include/yolov8_msgs/yolov8_msgs/msg/detail/yolov8_inference__builder.hpp
[1.579s] -- Up-to-date symlink: /home/james/drone_ws/install/yolov8_msgs/include/yolov8_msgs/yolov8_msgs/msg/detail/yolov8_inference__struct.hpp
[1.579s] -- Up-to-date symlink: /home/james/drone_ws/install/yolov8_msgs/include/yolov8_msgs/yolov8_msgs/msg/detail/yolov8_inference__traits.hpp
[1.580s] -- Up-to-date symlink: /home/james/drone_ws/install/yolov8_msgs/include/yolov8_msgs/yolov8_msgs/msg/inference_result.hpp
[1.580s] -- Up-to-date symlink: /home/james/drone_ws/install/yolov8_msgs/include/yolov8_msgs/yolov8_msgs/msg/yolov8_inference.hpp
[1.580s] -- Up-to-date symlink: /home/james/drone_ws/install/yolov8_msgs/include/yolov8_msgs/yolov8_msgs/msg/detail/inference_result__rosidl_typesupport_fastrtps_cpp.hpp
[1.580s] -- Up-to-date symlink: /home/james/drone_ws/install/yolov8_msgs/include/yolov8_msgs/yolov8_msgs/msg/detail/yolov8_inference__rosidl_typesupport_fastrtps_cpp.hpp
[1.580s] -- Up-to-date symlink: /home/james/drone_ws/install/yolov8_msgs/include/yolov8_msgs/yolov8_msgs/msg/rosidl_typesupport_fastrtps_cpp__visibility_control.h
[1.580s] -- Up-to-date symlink: /home/james/drone_ws/install/yolov8_msgs/include/yolov8_msgs/yolov8_msgs/msg/detail/inference_result__rosidl_typesupport_introspection_c.h
[1.580s] -- Up-to-date symlink: /home/james/drone_ws/install/yolov8_msgs/include/yolov8_msgs/yolov8_msgs/msg/detail/yolov8_inference__rosidl_typesupport_introspection_c.h
[1.580s] -- Up-to-date symlink: /home/james/drone_ws/install/yolov8_msgs/include/yolov8_msgs/yolov8_msgs/msg/rosidl_typesupport_introspection_c__visibility_control.h
[1.580s] -- Up-to-date symlink: /home/james/drone_ws/install/yolov8_msgs/include/yolov8_msgs/yolov8_msgs/msg/detail/inference_result__rosidl_typesupport_introspection_cpp.hpp
[1.580s] -- Up-to-date symlink: /home/james/drone_ws/install/yolov8_msgs/include/yolov8_msgs/yolov8_msgs/msg/detail/yolov8_inference__rosidl_typesupport_introspection_cpp.hpp
[1.580s] -- Up-to-date symlink: /home/james/drone_ws/install/yolov8_msgs/share/yolov8_msgs/environment/pythonpath.sh
[1.580s] -- Up-to-date symlink: /home/james/drone_ws/install/yolov8_msgs/share/yolov8_msgs/environment/pythonpath.dsv
[1.580s] -- Up-to-date symlink: /home/james/drone_ws/install/yolov8_msgs/local/lib/python3.10/dist-packages/yolov8_msgs-0.0.0-py3.10.egg-info/PKG-INFO
[1.581s] -- Up-to-date symlink: /home/james/drone_ws/install/yolov8_msgs/local/lib/python3.10/dist-packages/yolov8_msgs-0.0.0-py3.10.egg-info/SOURCES.txt
[1.581s] -- Up-to-date symlink: /home/james/drone_ws/install/yolov8_msgs/local/lib/python3.10/dist-packages/yolov8_msgs-0.0.0-py3.10.egg-info/dependency_links.txt
[1.581s] -- Up-to-date symlink: /home/james/drone_ws/install/yolov8_msgs/local/lib/python3.10/dist-packages/yolov8_msgs-0.0.0-py3.10.egg-info/top_level.txt
[1.581s] -- Up-to-date symlink: /home/james/drone_ws/install/yolov8_msgs/local/lib/python3.10/dist-packages/yolov8_msgs/__init__.py
[1.581s] -- Up-to-date symlink: /home/james/drone_ws/install/yolov8_msgs/local/lib/python3.10/dist-packages/yolov8_msgs/_yolov8_msgs_s.ep.rosidl_typesupport_c.c
[1.581s] -- Up-to-date symlink: /home/james/drone_ws/install/yolov8_msgs/local/lib/python3.10/dist-packages/yolov8_msgs/_yolov8_msgs_s.ep.rosidl_typesupport_fastrtps_c.c
[1.581s] -- Up-to-date symlink: /home/james/drone_ws/install/yolov8_msgs/local/lib/python3.10/dist-packages/yolov8_msgs/_yolov8_msgs_s.ep.rosidl_typesupport_introspection_c.c
[1.581s] -- Up-to-date symlink: /home/james/drone_ws/install/yolov8_msgs/local/lib/python3.10/dist-packages/yolov8_msgs/libyolov8_msgs__rosidl_generator_py.so
[1.581s] -- Up-to-date symlink: /home/james/drone_ws/install/yolov8_msgs/local/lib/python3.10/dist-packages/yolov8_msgs/msg/__init__.py
[1.581s] -- Up-to-date symlink: /home/james/drone_ws/install/yolov8_msgs/local/lib/python3.10/dist-packages/yolov8_msgs/msg/_inference_result.py
[1.581s] -- Up-to-date symlink: /home/james/drone_ws/install/yolov8_msgs/local/lib/python3.10/dist-packages/yolov8_msgs/msg/_inference_result_s.c
[1.581s] -- Up-to-date symlink: /home/james/drone_ws/install/yolov8_msgs/local/lib/python3.10/dist-packages/yolov8_msgs/msg/_yolov8_inference.py
[1.581s] -- Up-to-date symlink: /home/james/drone_ws/install/yolov8_msgs/local/lib/python3.10/dist-packages/yolov8_msgs/msg/_yolov8_inference_s.c
[1.581s] -- Up-to-date symlink: /home/james/drone_ws/install/yolov8_msgs/local/lib/python3.10/dist-packages/yolov8_msgs/yolov8_msgs_s__rosidl_typesupport_c.cpython-310-x86_64-linux-gnu.so
[1.581s] -- Up-to-date symlink: /home/james/drone_ws/install/yolov8_msgs/local/lib/python3.10/dist-packages/yolov8_msgs/yolov8_msgs_s__rosidl_typesupport_fastrtps_c.cpython-310-x86_64-linux-gnu.so
[1.581s] -- Up-to-date symlink: /home/james/drone_ws/install/yolov8_msgs/local/lib/python3.10/dist-packages/yolov8_msgs/yolov8_msgs_s__rosidl_typesupport_introspection_c.cpython-310-x86_64-linux-gnu.so
[1.582s] -- Up-to-date symlink: /home/james/drone_ws/install/yolov8_msgs/local/lib/python3.10/dist-packages/yolov8_msgs/yolov8_msgs_s__rosidl_typesupport_fastrtps_c.cpython-310-x86_64-linux-gnu.so
[1.582s] -- Up-to-date symlink: /home/james/drone_ws/install/yolov8_msgs/local/lib/python3.10/dist-packages/yolov8_msgs/yolov8_msgs_s__rosidl_typesupport_introspection_c.cpython-310-x86_64-linux-gnu.so
[1.582s] -- Up-to-date symlink: /home/james/drone_ws/install/yolov8_msgs/local/lib/python3.10/dist-packages/yolov8_msgs/yolov8_msgs_s__rosidl_typesupport_c.cpython-310-x86_64-linux-gnu.so
[1.582s] -- Up-to-date symlink: /home/james/drone_ws/install/yolov8_msgs/share/yolov8_msgs/msg/InferenceResult.idl
[1.582s] -- Up-to-date symlink: /home/james/drone_ws/install/yolov8_msgs/share/yolov8_msgs/msg/Yolov8Inference.idl
[1.582s] -- Up-to-date symlink: /home/james/drone_ws/install/yolov8_msgs/share/yolov8_msgs/msg/InferenceResult.msg
[1.582s] -- Up-to-date symlink: /home/james/drone_ws/install/yolov8_msgs/share/yolov8_msgs/msg/Yolov8Inference.msg
[1.582s] -- Up-to-date symlink: /home/james/drone_ws/install/yolov8_msgs/share/ament_index/resource_index/package_run_dependencies/yolov8_msgs
[1.582s] -- Up-to-date symlink: /home/james/drone_ws/install/yolov8_msgs/share/ament_index/resource_index/parent_prefix_path/yolov8_msgs
[1.582s] -- Up-to-date symlink: /home/james/drone_ws/install/yolov8_msgs/share/yolov8_msgs/environment/ament_prefix_path.sh
[1.582s] -- Up-to-date symlink: /home/james/drone_ws/install/yolov8_msgs/share/yolov8_msgs/environment/ament_prefix_path.dsv
[1.582s] -- Up-to-date symlink: /home/james/drone_ws/install/yolov8_msgs/share/yolov8_msgs/environment/path.sh
[1.582s] -- Up-to-date symlink: /home/james/drone_ws/install/yolov8_msgs/share/yolov8_msgs/environment/path.dsv
[1.582s] -- Up-to-date symlink: /home/james/drone_ws/install/yolov8_msgs/share/yolov8_msgs/local_setup.bash
[1.583s] -- Up-to-date symlink: /home/james/drone_ws/install/yolov8_msgs/share/yolov8_msgs/local_setup.sh
[1.583s] -- Up-to-date symlink: /home/james/drone_ws/install/yolov8_msgs/share/yolov8_msgs/local_setup.zsh
[1.583s] -- Up-to-date symlink: /home/james/drone_ws/install/yolov8_msgs/share/yolov8_msgs/local_setup.dsv
[1.583s] -- Symlinking: /home/james/drone_ws/install/yolov8_msgs/share/yolov8_msgs/package.dsv
[1.589s] -- Up-to-date symlink: /home/james/drone_ws/install/yolov8_msgs/share/ament_index/resource_index/packages/yolov8_msgs
[1.589s] -- Up-to-date symlink: /home/james/drone_ws/install/yolov8_msgs/share/yolov8_msgs/cmake/rosidl_cmake-extras.cmake
[1.589s] -- Up-to-date symlink: /home/james/drone_ws/install/yolov8_msgs/share/yolov8_msgs/cmake/ament_cmake_export_dependencies-extras.cmake
[1.589s] -- Up-to-date symlink: /home/james/drone_ws/install/yolov8_msgs/share/yolov8_msgs/cmake/ament_cmake_export_include_directories-extras.cmake
[1.589s] -- Up-to-date symlink: /home/james/drone_ws/install/yolov8_msgs/share/yolov8_msgs/cmake/ament_cmake_export_libraries-extras.cmake
[1.589s] -- Up-to-date symlink: /home/james/drone_ws/install/yolov8_msgs/share/yolov8_msgs/cmake/ament_cmake_export_targets-extras.cmake
[1.590s] -- Up-to-date symlink: /home/james/drone_ws/install/yolov8_msgs/share/yolov8_msgs/cmake/rosidl_cmake_export_typesupport_targets-extras.cmake
[1.590s] -- Up-to-date symlink: /home/james/drone_ws/install/yolov8_msgs/share/yolov8_msgs/cmake/rosidl_cmake_export_typesupport_libraries-extras.cmake
[1.590s] -- Up-to-date symlink: /home/james/drone_ws/install/yolov8_msgs/share/yolov8_msgs/cmake/yolov8_msgsConfig.cmake
[1.590s] -- Up-to-date symlink: /home/james/drone_ws/install/yolov8_msgs/share/yolov8_msgs/cmake/yolov8_msgsConfig-version.cmake
[1.590s] -- Up-to-date symlink: /home/james/drone_ws/install/yolov8_msgs/share/yolov8_msgs/package.xml
[1.590s] -- Up-to-date: /home/james/drone_ws/install/yolov8_msgs/lib/libyolov8_msgs__rosidl_generator_c.so
[1.590s] -- Up-to-date: /home/james/drone_ws/install/yolov8_msgs/lib/libyolov8_msgs__rosidl_typesupport_fastrtps_c.so
[1.590s] -- Up-to-date: /home/james/drone_ws/install/yolov8_msgs/lib/libyolov8_msgs__rosidl_typesupport_fastrtps_cpp.so
[1.590s] -- Up-to-date: /home/james/drone_ws/install/yolov8_msgs/lib/libyolov8_msgs__rosidl_typesupport_introspection_c.so
[1.591s] -- Up-to-date: /home/james/drone_ws/install/yolov8_msgs/lib/libyolov8_msgs__rosidl_typesupport_c.so
[1.591s] -- Up-to-date: /home/james/drone_ws/install/yolov8_msgs/lib/libyolov8_msgs__rosidl_typesupport_introspection_cpp.so
[1.591s] -- Up-to-date: /home/james/drone_ws/install/yolov8_msgs/lib/libyolov8_msgs__rosidl_typesupport_cpp.so
[1.617s] Listing '/home/james/drone_ws/install/yolov8_msgs/local/lib/python3.10/dist-packages/yolov8_msgs'...
[1.617s] Compiling '/home/james/drone_ws/install/yolov8_msgs/local/lib/python3.10/dist-packages/yolov8_msgs/__init__.py'...
[1.617s] Listing '/home/james/drone_ws/install/yolov8_msgs/local/lib/python3.10/dist-packages/yolov8_msgs/msg'...
[1.620s] -- Up-to-date: /home/james/drone_ws/install/yolov8_msgs/lib/libyolov8_msgs__rosidl_generator_py.so
[1.620s] -- Up-to-date: /home/james/drone_ws/install/yolov8_msgs/share/yolov8_msgs/cmake/export_yolov8_msgs__rosidl_generator_cExport.cmake
[1.620s] -- Up-to-date: /home/james/drone_ws/install/yolov8_msgs/share/yolov8_msgs/cmake/export_yolov8_msgs__rosidl_generator_cExport-noconfig.cmake
[1.621s] -- Up-to-date: /home/james/drone_ws/install/yolov8_msgs/share/yolov8_msgs/cmake/export_yolov8_msgs__rosidl_typesupport_fastrtps_cExport.cmake
[1.621s] -- Up-to-date: /home/james/drone_ws/install/yolov8_msgs/share/yolov8_msgs/cmake/export_yolov8_msgs__rosidl_typesupport_fastrtps_cExport-noconfig.cmake
[1.621s] -- Up-to-date: /home/james/drone_ws/install/yolov8_msgs/share/yolov8_msgs/cmake/export_yolov8_msgs__rosidl_generator_cppExport.cmake
[1.621s] -- Up-to-date: /home/james/drone_ws/install/yolov8_msgs/share/yolov8_msgs/cmake/export_yolov8_msgs__rosidl_typesupport_fastrtps_cppExport.cmake
[1.621s] -- Up-to-date: /home/james/drone_ws/install/yolov8_msgs/share/yolov8_msgs/cmake/export_yolov8_msgs__rosidl_typesupport_fastrtps_cppExport-noconfig.cmake
[1.621s] -- Up-to-date: /home/james/drone_ws/install/yolov8_msgs/share/yolov8_msgs/cmake/yolov8_msgs__rosidl_typesupport_introspection_cExport.cmake
[1.621s] -- Up-to-date: /home/james/drone_ws/install/yolov8_msgs/share/yolov8_msgs/cmake/yolov8_msgs__rosidl_typesupport_introspection_cExport-noconfig.cmake
[1.621s] -- Up-to-date: /home/james/drone_ws/install/yolov8_msgs/share/yolov8_msgs/cmake/yolov8_msgs__rosidl_typesupport_cExport.cmake
[1.621s] -- Up-to-date: /home/james/drone_ws/install/yolov8_msgs/share/yolov8_msgs/cmake/yolov8_msgs__rosidl_typesupport_cExport-noconfig.cmake
[1.621s] -- Up-to-date: /home/james/drone_ws/install/yolov8_msgs/share/yolov8_msgs/cmake/yolov8_msgs__rosidl_typesupport_introspection_cppExport.cmake
[1.621s] -- Up-to-date: /home/james/drone_ws/install/yolov8_msgs/share/yolov8_msgs/cmake/yolov8_msgs__rosidl_typesupport_introspection_cppExport-noconfig.cmake
[1.621s] -- Up-to-date: /home/james/drone_ws/install/yolov8_msgs/share/yolov8_msgs/cmake/yolov8_msgs__rosidl_typesupport_cppExport.cmake
[1.621s] -- Up-to-date: /home/james/drone_ws/install/yolov8_msgs/share/yolov8_msgs/cmake/yolov8_msgs__rosidl_typesupport_cppExport-noconfig.cmake
[1.621s] -- Up-to-date: /home/james/drone_ws/install/yolov8_msgs/share/yolov8_msgs/cmake/export_yolov8_msgs__rosidl_generator_pyExport.cmake
[1.621s] -- Up-to-date: /home/james/drone_ws/install/yolov8_msgs/share/yolov8_msgs/cmake/export_yolov8_msgs__rosidl_generator_pyExport-noconfig.cmake
[1.623s] Invoked command in '/home/james/drone_ws/build/yolov8_msgs' returned '0': CMAKE_PREFIX_PATH=${CMAKE_PREFIX_PATH}:/home/james/drone_ws/install/sjtu_drone_control:/home/james/drone_ws/install/sjtu_drone_bringup:/home/james/turtlebot3_ws/install/turtlebot3_teleop:/home/james/turtlebot3_ws/install/turtlebot3_example:/home/james/turtlebot3_ws/install/follow_waypoints:/opt/ros/humble /usr/bin/cmake --install /home/james/drone_ws/build/yolov8_msgs
