[0.041s] Invoking command in '/home/james/drone_ws/build/rtabmap_launch': CMAKE_PREFIX_PATH=${CMAKE_PREFIX_PATH}:/home/james/drone_ws/install/sjtu_drone_control:/home/james/drone_ws/install/sjtu_drone_bringup:/home/james/turtlebot3_ws/install/turtlebot3_teleop:/home/james/turtlebot3_ws/install/turtlebot3_example:/home/james/turtlebot3_ws/install/follow_waypoints:/opt/ros/humble /usr/bin/cmake --build /home/james/drone_ws/build/rtabmap_launch -- -j20 -l20
[0.394s] Invoked command in '/home/james/drone_ws/build/rtabmap_launch' returned '0': CMAKE_PREFIX_PATH=${CMAKE_PREFIX_PATH}:/home/james/drone_ws/install/sjtu_drone_control:/home/james/drone_ws/install/sjtu_drone_bringup:/home/james/turtlebot3_ws/install/turtlebot3_teleop:/home/james/turtlebot3_ws/install/turtlebot3_example:/home/james/turtlebot3_ws/install/follow_waypoints:/opt/ros/humble /usr/bin/cmake --build /home/james/drone_ws/build/rtabmap_launch -- -j20 -l20
[0.435s] Invoking command in '/home/james/drone_ws/build/rtabmap_launch': CMAKE_PREFIX_PATH=${CMAKE_PREFIX_PATH}:/home/james/drone_ws/install/sjtu_drone_control:/home/james/drone_ws/install/sjtu_drone_bringup:/home/james/turtlebot3_ws/install/turtlebot3_teleop:/home/james/turtlebot3_ws/install/turtlebot3_example:/home/james/turtlebot3_ws/install/follow_waypoints:/opt/ros/humble /usr/bin/cmake --install /home/james/drone_ws/build/rtabmap_launch
[0.450s] -- Install configuration: ""
[0.451s] -- Execute custom install script
[0.452s] -- Up-to-date symlink: /home/james/drone_ws/install/rtabmap_launch/share/rtabmap_launch/launch/config/rgbd.rviz
[0.452s] -- Up-to-date symlink: /home/james/drone_ws/install/rtabmap_launch/share/rtabmap_launch/launch/rtab_drone.launch.py
[0.452s] -- Up-to-date symlink: /home/james/drone_ws/install/rtabmap_launch/share/rtabmap_launch/launch/rtabmap.launch.py
[0.453s] -- Up-to-date symlink: /home/james/drone_ws/install/rtabmap_launch/share/ament_index/resource_index/package_run_dependencies/rtabmap_launch
[0.453s] -- Up-to-date symlink: /home/james/drone_ws/install/rtabmap_launch/share/ament_index/resource_index/parent_prefix_path/rtabmap_launch
[0.453s] -- Up-to-date symlink: /home/james/drone_ws/install/rtabmap_launch/share/rtabmap_launch/environment/ament_prefix_path.sh
[0.453s] -- Up-to-date symlink: /home/james/drone_ws/install/rtabmap_launch/share/rtabmap_launch/environment/ament_prefix_path.dsv
[0.454s] -- Up-to-date symlink: /home/james/drone_ws/install/rtabmap_launch/share/rtabmap_launch/environment/path.sh
[0.454s] -- Up-to-date symlink: /home/james/drone_ws/install/rtabmap_launch/share/rtabmap_launch/environment/path.dsv
[0.454s] -- Up-to-date symlink: /home/james/drone_ws/install/rtabmap_launch/share/rtabmap_launch/local_setup.bash
[0.455s] -- Up-to-date symlink: /home/james/drone_ws/install/rtabmap_launch/share/rtabmap_launch/local_setup.sh
[0.455s] -- Up-to-date symlink: /home/james/drone_ws/install/rtabmap_launch/share/rtabmap_launch/local_setup.zsh
[0.455s] -- Up-to-date symlink: /home/james/drone_ws/install/rtabmap_launch/share/rtabmap_launch/local_setup.dsv
[0.455s] -- Symlinking: /home/james/drone_ws/install/rtabmap_launch/share/rtabmap_launch/package.dsv
[0.468s] -- Up-to-date symlink: /home/james/drone_ws/install/rtabmap_launch/share/ament_index/resource_index/packages/rtabmap_launch
[0.468s] -- Up-to-date symlink: /home/james/drone_ws/install/rtabmap_launch/share/rtabmap_launch/cmake/rtabmap_launchConfig.cmake
[0.468s] -- Up-to-date symlink: /home/james/drone_ws/install/rtabmap_launch/share/rtabmap_launch/cmake/rtabmap_launchConfig-version.cmake
[0.469s] -- Up-to-date symlink: /home/james/drone_ws/install/rtabmap_launch/share/rtabmap_launch/package.xml
[0.475s] Invoked command in '/home/james/drone_ws/build/rtabmap_launch' returned '0': CMAKE_PREFIX_PATH=${CMAKE_PREFIX_PATH}:/home/james/drone_ws/install/sjtu_drone_control:/home/james/drone_ws/install/sjtu_drone_bringup:/home/james/turtlebot3_ws/install/turtlebot3_teleop:/home/james/turtlebot3_ws/install/turtlebot3_example:/home/james/turtlebot3_ws/install/follow_waypoints:/opt/ros/humble /usr/bin/cmake --install /home/james/drone_ws/build/rtabmap_launch
