[0.285s] Invoking command in '/home/james/drone_ws/build/sjtu_drone_description': CMAKE_PREFIX_PATH=${CMAKE_PREFIX_PATH}:/home/james/turtlebot3_ws/install/turtlebot3_teleop:/home/james/turtlebot3_ws/install/turtlebot3_example:/home/james/turtlebot3_ws/install/follow_waypoints:/opt/ros/humble /usr/bin/cmake /home/james/drone_ws/src/drone_ros2/sjtu_drone_description -DCMAKE_INSTALL_PREFIX=/home/james/drone_ws/install/sjtu_drone_description
[0.331s] -- The C compiler identification is GNU 11.4.0
[0.379s] -- The CXX compiler identification is GNU 11.4.0
[0.387s] -- Detecting C compiler ABI info
[0.437s] -- Detecting C compiler ABI info - done
[0.442s] -- Check for working C compiler: /usr/lib/ccache/cc - skipped
[0.442s] -- Detecting C compile features
[0.442s] -- Detecting C compile features - done
[0.444s] -- Detecting CXX compiler ABI info
[0.503s] -- Detecting CXX compiler ABI info - done
[0.509s] -- Check for working CXX compiler: /usr/lib/ccache/c++ - skipped
[0.509s] -- Detecting CXX compile features
[0.509s] -- Detecting CXX compile features - done
[0.515s] -- Found PkgConfig: /usr/bin/pkg-config (found version "0.29.2") 
[0.515s] -- Checking for module 'OGRE'
[0.527s] --   Found OGRE, version 1.9.0
[0.562s] -- Checking for module 'OGRE-Terrain'
[0.573s] --   Found OGRE-Terrain, version 1.9.0
[0.604s] -- Found ament_cmake: 1.3.10 (/opt/ros/humble/share/ament_cmake/cmake)
[0.868s] -- Found Python3: /usr/bin/python3 (found version "3.10.12") found components: Interpreter 
[0.942s] -- Found ament_cmake_ros: 0.10.0 (/opt/ros/humble/share/ament_cmake_ros/cmake)
[0.950s] -- Found rclcpp: 16.0.10 (/opt/ros/humble/share/rclcpp/cmake)
[0.993s] -- Found rosidl_generator_c: 3.1.5 (/opt/ros/humble/share/rosidl_generator_c/cmake)
[0.998s] -- Found rosidl_adapter: 3.1.5 (/opt/ros/humble/share/rosidl_adapter/cmake)
[1.005s] -- Found rosidl_generator_cpp: 3.1.5 (/opt/ros/humble/share/rosidl_generator_cpp/cmake)
[1.015s] -- Using all available rosidl_typesupport_c: rosidl_typesupport_fastrtps_c;rosidl_typesupport_introspection_c
[1.027s] -- Using all available rosidl_typesupport_cpp: rosidl_typesupport_fastrtps_cpp;rosidl_typesupport_introspection_cpp
[1.071s] -- Found rmw_implementation_cmake: 6.1.2 (/opt/ros/humble/share/rmw_implementation_cmake/cmake)
[1.075s] -- Found rmw_fastrtps_cpp: 6.2.7 (/opt/ros/humble/share/rmw_fastrtps_cpp/cmake)
[1.183s] -- Found OpenSSL: /usr/lib/x86_64-linux-gnu/libcrypto.so (found version "3.0.2")  
[1.215s] -- Found FastRTPS: /opt/ros/humble/include  
[1.255s] -- Using RMW implementation 'rmw_fastrtps_cpp' as default
[1.269s] -- Looking for pthread.h
[1.367s] -- Looking for pthread.h - found
[1.367s] -- Performing Test CMAKE_HAVE_LIBC_PTHREAD
[1.477s] -- Performing Test CMAKE_HAVE_LIBC_PTHREAD - Success
[1.478s] -- Found Threads: TRUE  
[1.534s] -- Found gazebo_ros: 3.7.0 (/opt/ros/humble/share/gazebo_ros/cmake)
[1.549s] -- Checking for module 'bullet>=2.82'
[1.565s] --   Found bullet, version 3.05
[1.707s] -- Found fcl: /usr/include (found suitable version "0.7.0", minimum required is "0.5.0") 
[1.787s] -- Found assimp: /usr/include (found version "5.2.0") 
[1.816s] -- Found DART: /usr/include (Required is at least version "6.6") found components: dart 
[1.843s] -- Found Boost: /usr/lib/x86_64-linux-gnu/cmake/Boost-1.74.0/BoostConfig.cmake (found suitable version "1.74.0", minimum required is "1.40.0") found components: thread system filesystem program_options regex iostreams date_time 
[1.860s] -- Found Protobuf: /usr/lib/x86_64-linux-gnu/libprotobuf.so (found version "3.12.4") 
[1.869s] -- Looking for ignition-math6 -- found version 6.15.1
[1.881s] -- Searching for dependencies of ignition-math6
[1.884s] -- Looking for OGRE...
[1.884s] -- OGRE_PREFIX_WATCH changed.
[1.890s] -- Checking for module 'OGRE'
[1.911s] --   Found OGRE, version 1.9.0
[1.965s] -- Found Ogre Ghadamon (1.9.0)
[1.984s] -- Looking for OGRE_Paging...
[1.988s] -- Found OGRE_Paging: optimized;/usr/lib/x86_64-linux-gnu/libOgrePaging.so;debug;/usr/lib/x86_64-linux-gnu/libOgrePaging.so
[1.988s] -- Looking for OGRE_Terrain...
[1.993s] -- Found OGRE_Terrain: optimized;/usr/lib/x86_64-linux-gnu/libOgreTerrain.so;debug;/usr/lib/x86_64-linux-gnu/libOgreTerrain.so
[1.994s] -- Looking for OGRE_Property...
[1.998s] -- Found OGRE_Property: optimized;/usr/lib/x86_64-linux-gnu/libOgreProperty.so;debug;/usr/lib/x86_64-linux-gnu/libOgreProperty.so
[1.998s] -- Looking for OGRE_RTShaderSystem...
[2.003s] -- Found OGRE_RTShaderSystem: optimized;/usr/lib/x86_64-linux-gnu/libOgreRTShaderSystem.so;debug;/usr/lib/x86_64-linux-gnu/libOgreRTShaderSystem.so
[2.003s] -- Looking for OGRE_Volume...
[2.008s] -- Found OGRE_Volume: optimized;/usr/lib/x86_64-linux-gnu/libOgreVolume.so;debug;/usr/lib/x86_64-linux-gnu/libOgreVolume.so
[2.008s] -- Looking for OGRE_Overlay...
[2.012s] -- Found OGRE_Overlay: optimized;/usr/lib/x86_64-linux-gnu/libOgreOverlay.so;debug;/usr/lib/x86_64-linux-gnu/libOgreOverlay.so
[2.108s] -- Looking for ignition-math6 -- found version 6.15.1
[2.111s] -- Looking for ignition-transport8 -- found version 8.2.1
[2.111s] -- Searching for dependencies of ignition-transport8
[2.125s] -- Found Protobuf: /usr/lib/x86_64-linux-gnu/libprotobuf.so (found suitable version "3.12.4", minimum required is "3") 
[2.134s] -- Config-file not installed for ZeroMQ -- checking for pkg-config
[2.137s] -- Checking for module 'libzmq >= 4'
[2.156s] --   Found libzmq , version 4.3.4
[2.214s] -- Found ZeroMQ: TRUE (Required is at least version "4") 
[2.224s] -- Checking for module 'uuid'
[2.246s] --   Found uuid, version 2.37.2
[2.299s] -- Found UUID: TRUE  
[2.305s] -- Looking for ignition-msgs5 -- found version 5.8.1
[2.305s] -- Searching for dependencies of ignition-msgs5
[2.324s] -- Looking for ignition-math6 -- found version 6.15.1
[2.333s] -- Checking for module 'tinyxml2'
[2.353s] --   Found tinyxml2, version 9.0.0
[2.409s] -- Looking for ignition-msgs5 -- found version 5.8.1
[2.418s] -- Looking for ignition-common3 -- found version 3.14.0
[2.418s] -- Searching for dependencies of ignition-common3
[2.419s] -- Looking for dlfcn.h - found
[2.421s] -- Looking for libdl - found
[2.423s] -- Found DL: TRUE  
[2.444s] -- Found tinyobjloader: /usr/lib/x86_64-linux-gnu/cmake/tinyobjloader/tinyobjloader-config.cmake (found version "2.0.0") 
[2.446s] -- Searching for <ignition-common3> component [graphics]
[2.449s] -- Looking for ignition-common3-graphics -- found version 3.14.0
[2.449s] -- Searching for dependencies of ignition-common3-graphics
[2.450s] -- Looking for ignition-math6 -- found version 6.15.1
[2.453s] -- Looking for ignition-fuel_tools4 -- found version 4.4.0
[2.453s] -- Searching for dependencies of ignition-fuel_tools4
[2.565s] -- Found CURL: /usr/lib/x86_64-linux-gnu/libcurl.so (found version "7.81.0")  
[2.577s] -- Checking for module 'jsoncpp'
[2.599s] --   Found jsoncpp, version 1.9.5
[2.654s] -- Found JSONCPP: TRUE  
[2.663s] -- Checking for module 'libzip'
[2.685s] --   Found libzip, version 1.7.3
[2.739s] -- Found ZIP: TRUE  
[2.740s] -- Looking for ignition-common3 -- found version 3.14.0
[2.740s] -- Looking for ignition-math6 -- found version 6.15.1
[2.741s] -- Looking for ignition-msgs5 -- found version 5.8.1
[2.750s] -- Gazebo version: 11.10
[2.750s] -- Checking for module 'tbb'
[2.772s] --   Found tbb, version 2021.5.0
[2.829s] -- Found gazebo_plugins: 3.7.0 (/opt/ros/humble/share/gazebo_plugins/cmake)
[2.885s] -- Found sensor_msgs: 4.2.4 (/opt/ros/humble/share/sensor_msgs/cmake)
[2.900s] -- Found nav_msgs: 4.2.4 (/opt/ros/humble/share/nav_msgs/cmake)
[2.917s] -- Found tf2: 0.25.8 (/opt/ros/humble/share/tf2/cmake)
[2.928s] -- Found tf2_ros: 0.25.8 (/opt/ros/humble/share/tf2_ros/cmake)
[3.010s] -- Found tf2_geometry_msgs: 0.25.8 (/opt/ros/humble/share/tf2_geometry_msgs/cmake)
[3.020s] -- Found eigen3_cmake_module: 0.1.1 (/opt/ros/humble/share/eigen3_cmake_module/cmake)
[3.021s] -- Found Eigen3: TRUE (found version "3.4.0") 
[3.021s] -- Ensuring Eigen3 include directory is part of orocos-kdl CMake target
[3.034s] -- Found ament_lint_auto: 0.12.11 (/opt/ros/humble/share/ament_lint_auto/cmake)
[3.094s] -- Added test 'cppcheck' to perform static code analysis on C / C++ code
[3.095s] -- Configured cppcheck include dirs: /home/james/drone_ws/src/drone_ros2/sjtu_drone_description/include;$<BUILD_INTERFACE:/home/james/drone_ws/src/drone_ros2/sjtu_drone_description/include>
[3.095s] -- Configured cppcheck exclude dirs and/or files: 
[3.096s] -- Added test 'lint_cmake' to check CMake code style
[3.097s] -- Added test 'uncrustify' to check C / C++ code style
[3.097s] -- Configured uncrustify additional arguments: 
[3.097s] -- Added test 'xmllint' to check XML markup files
[3.099s] -- Configuring done
[3.127s] -- Generating done
[3.128s] -- Build files have been written to: /home/james/drone_ws/build/sjtu_drone_description
[3.138s] Invoked command in '/home/james/drone_ws/build/sjtu_drone_description' returned '0': CMAKE_PREFIX_PATH=${CMAKE_PREFIX_PATH}:/home/james/turtlebot3_ws/install/turtlebot3_teleop:/home/james/turtlebot3_ws/install/turtlebot3_example:/home/james/turtlebot3_ws/install/follow_waypoints:/opt/ros/humble /usr/bin/cmake /home/james/drone_ws/src/drone_ros2/sjtu_drone_description -DCMAKE_INSTALL_PREFIX=/home/james/drone_ws/install/sjtu_drone_description
[3.139s] Invoking command in '/home/james/drone_ws/build/sjtu_drone_description': CMAKE_PREFIX_PATH=${CMAKE_PREFIX_PATH}:/home/james/turtlebot3_ws/install/turtlebot3_teleop:/home/james/turtlebot3_ws/install/turtlebot3_example:/home/james/turtlebot3_ws/install/follow_waypoints:/opt/ros/humble /usr/bin/cmake --build /home/james/drone_ws/build/sjtu_drone_description -- -j20 -l20
[3.198s] [ 25%] [32mBuilding CXX object CMakeFiles/plugin_drone.dir/src/plugin_drone.cpp.o[0m
[3.199s] [ 50%] [32mBuilding CXX object CMakeFiles/plugin_drone.dir/src/pid_controller.cpp.o[0m
[3.200s] [ 75%] [32mBuilding CXX object CMakeFiles/plugin_drone.dir/src/plugin_drone_private.cpp.o[0m
[23.134s] [100%] [32m[1mLinking CXX shared library /home/james/drone_ws/src/drone_ros2/sjtu_drone_description/plugins/libplugin_drone.so[0m
[24.370s] [100%] Built target plugin_drone
[24.379s] Invoked command in '/home/james/drone_ws/build/sjtu_drone_description' returned '0': CMAKE_PREFIX_PATH=${CMAKE_PREFIX_PATH}:/home/james/turtlebot3_ws/install/turtlebot3_teleop:/home/james/turtlebot3_ws/install/turtlebot3_example:/home/james/turtlebot3_ws/install/follow_waypoints:/opt/ros/humble /usr/bin/cmake --build /home/james/drone_ws/build/sjtu_drone_description -- -j20 -l20
[24.434s] Invoking command in '/home/james/drone_ws/build/sjtu_drone_description': CMAKE_PREFIX_PATH=${CMAKE_PREFIX_PATH}:/home/james/turtlebot3_ws/install/turtlebot3_teleop:/home/james/turtlebot3_ws/install/turtlebot3_example:/home/james/turtlebot3_ws/install/follow_waypoints:/opt/ros/humble /usr/bin/cmake --install /home/james/drone_ws/build/sjtu_drone_description
[24.444s] -- Install configuration: ""
[24.444s] -- Installing: /home/james/drone_ws/install/sjtu_drone_description/include
[24.444s] -- Installing: /home/james/drone_ws/install/sjtu_drone_description/include/sjtu_drone_description
[24.444s] -- Installing: /home/james/drone_ws/install/sjtu_drone_description/include/sjtu_drone_description/plugin_drone_private.h
[24.444s] -- Installing: /home/james/drone_ws/install/sjtu_drone_description/include/sjtu_drone_description/plugin_drone.h
[24.444s] -- Installing: /home/james/drone_ws/install/sjtu_drone_description/include/sjtu_drone_description/pid_controller.h
[24.444s] -- Installing: /home/james/drone_ws/install/sjtu_drone_description/lib/libplugin_drone.so
[24.460s] -- Set runtime path of "/home/james/drone_ws/install/sjtu_drone_description/lib/libplugin_drone.so" to ""
[24.460s] -- Installing: /home/james/drone_ws/install/sjtu_drone_description/share/sjtu_drone_description/environment/library_path.sh
[24.460s] -- Installing: /home/james/drone_ws/install/sjtu_drone_description/share/sjtu_drone_description/environment/library_path.dsv
[24.460s] -- Installing: /home/james/drone_ws/install/sjtu_drone_description/share/sjtu_drone_description/models
[24.460s] -- Installing: /home/james/drone_ws/install/sjtu_drone_description/share/sjtu_drone_description/models/database.config
[24.460s] -- Installing: /home/james/drone_ws/install/sjtu_drone_description/share/sjtu_drone_description/models/sjtu_drone
[24.460s] -- Installing: /home/james/drone_ws/install/sjtu_drone_description/share/sjtu_drone_description/models/sjtu_drone/quadrotor_4.stl
[24.461s] -- Installing: /home/james/drone_ws/install/sjtu_drone_description/share/sjtu_drone_description/models/sjtu_drone/sjtu_drone.sdf
[24.461s] -- Installing: /home/james/drone_ws/install/sjtu_drone_description/share/sjtu_drone_description/models/sjtu_drone/model.config
[24.461s] -- Installing: /home/james/drone_ws/install/sjtu_drone_description/share/sjtu_drone_description/models/sjtu_drone/quadrotor_4.dae
[24.461s] -- Installing: /home/james/drone_ws/install/sjtu_drone_description/share/sjtu_drone_description/urdf
[24.461s] -- Installing: /home/james/drone_ws/install/sjtu_drone_description/share/sjtu_drone_description/urdf/sjtu_drone.urdf.xacro
[24.461s] -- Installing: /home/james/drone_ws/install/sjtu_drone_description/share/sjtu_drone_description/urdf/sjtu_drone.urdf
[24.461s] -- Installing: /home/james/drone_ws/install/sjtu_drone_description/share/sjtu_drone_description/worlds
[24.461s] -- Installing: /home/james/drone_ws/install/sjtu_drone_description/share/sjtu_drone_description/worlds/playground.world
[24.461s] -- Installing: /home/james/drone_ws/install/sjtu_drone_description/share/ament_index/resource_index/package_run_dependencies/sjtu_drone_description
[24.461s] -- Installing: /home/james/drone_ws/install/sjtu_drone_description/share/ament_index/resource_index/parent_prefix_path/sjtu_drone_description
[24.461s] -- Installing: /home/james/drone_ws/install/sjtu_drone_description/share/sjtu_drone_description/environment/ament_prefix_path.sh
[24.461s] -- Installing: /home/james/drone_ws/install/sjtu_drone_description/share/sjtu_drone_description/environment/ament_prefix_path.dsv
[24.461s] -- Installing: /home/james/drone_ws/install/sjtu_drone_description/share/sjtu_drone_description/environment/path.sh
[24.461s] -- Installing: /home/james/drone_ws/install/sjtu_drone_description/share/sjtu_drone_description/environment/path.dsv
[24.461s] -- Installing: /home/james/drone_ws/install/sjtu_drone_description/share/sjtu_drone_description/local_setup.bash
[24.461s] -- Installing: /home/james/drone_ws/install/sjtu_drone_description/share/sjtu_drone_description/local_setup.sh
[24.461s] -- Installing: /home/james/drone_ws/install/sjtu_drone_description/share/sjtu_drone_description/local_setup.zsh
[24.461s] -- Installing: /home/james/drone_ws/install/sjtu_drone_description/share/sjtu_drone_description/local_setup.dsv
[24.461s] -- Installing: /home/james/drone_ws/install/sjtu_drone_description/share/sjtu_drone_description/package.dsv
[24.461s] -- Installing: /home/james/drone_ws/install/sjtu_drone_description/share/ament_index/resource_index/packages/sjtu_drone_description
[24.461s] -- Installing: /home/james/drone_ws/install/sjtu_drone_description/share/sjtu_drone_description/cmake/export_sjtu_drone_descriptionExport.cmake
[24.461s] -- Installing: /home/james/drone_ws/install/sjtu_drone_description/share/sjtu_drone_description/cmake/export_sjtu_drone_descriptionExport-noconfig.cmake
[24.461s] -- Installing: /home/james/drone_ws/install/sjtu_drone_description/share/sjtu_drone_description/cmake/ament_cmake_export_include_directories-extras.cmake
[24.461s] -- Installing: /home/james/drone_ws/install/sjtu_drone_description/share/sjtu_drone_description/cmake/ament_cmake_export_libraries-extras.cmake
[24.462s] -- Installing: /home/james/drone_ws/install/sjtu_drone_description/share/sjtu_drone_description/cmake/ament_cmake_export_targets-extras.cmake
[24.462s] -- Installing: /home/james/drone_ws/install/sjtu_drone_description/share/sjtu_drone_description/cmake/sjtu_drone_descriptionConfig.cmake
[24.462s] -- Installing: /home/james/drone_ws/install/sjtu_drone_description/share/sjtu_drone_description/cmake/sjtu_drone_descriptionConfig-version.cmake
[24.462s] -- Installing: /home/james/drone_ws/install/sjtu_drone_description/share/sjtu_drone_description/package.xml
[24.463s] Invoked command in '/home/james/drone_ws/build/sjtu_drone_description' returned '0': CMAKE_PREFIX_PATH=${CMAKE_PREFIX_PATH}:/home/james/turtlebot3_ws/install/turtlebot3_teleop:/home/james/turtlebot3_ws/install/turtlebot3_example:/home/james/turtlebot3_ws/install/follow_waypoints:/opt/ros/humble /usr/bin/cmake --install /home/james/drone_ws/build/sjtu_drone_description
