[0.032s] Invoking command in '/home/james/drone_ws/build/rtabmap_launch': CMAKE_PREFIX_PATH=${CMAKE_PREFIX_PATH}:/home/james/turtlebot3_ws/install/turtlebot3_teleop:/home/james/turtlebot3_ws/install/turtlebot3_example:/home/james/turtlebot3_ws/install/follow_waypoints:/opt/ros/humble /usr/bin/cmake --build /home/james/drone_ws/build/rtabmap_launch -- -j20 -l20
[0.373s] Invoked command in '/home/james/drone_ws/build/rtabmap_launch' returned '0': CMAKE_PREFIX_PATH=${CMAKE_PREFIX_PATH}:/home/james/turtlebot3_ws/install/turtlebot3_teleop:/home/james/turtlebot3_ws/install/turtlebot3_example:/home/james/turtlebot3_ws/install/follow_waypoints:/opt/ros/humble /usr/bin/cmake --build /home/james/drone_ws/build/rtabmap_launch -- -j20 -l20
[0.418s] Invoking command in '/home/james/drone_ws/build/rtabmap_launch': CMAKE_PREFIX_PATH=${CMAKE_PREFIX_PATH}:/home/james/turtlebot3_ws/install/turtlebot3_teleop:/home/james/turtlebot3_ws/install/turtlebot3_example:/home/james/turtlebot3_ws/install/follow_waypoints:/opt/ros/humble /usr/bin/cmake --install /home/james/drone_ws/build/rtabmap_launch
[0.425s] -- Install configuration: ""
[0.426s] -- Execute custom install script
[0.426s] -- Up-to-date symlink: /home/james/drone_ws/install/rtabmap_launch/share/rtabmap_launch/launch/config/rgbd.rviz
[0.427s] -- Up-to-date symlink: /home/james/drone_ws/install/rtabmap_launch/share/rtabmap_launch/launch/rtab_drone.launch.py
[0.427s] -- Up-to-date symlink: /home/james/drone_ws/install/rtabmap_launch/share/rtabmap_launch/launch/rtabmap.launch.py
[0.427s] -- Up-to-date symlink: /home/james/drone_ws/install/rtabmap_launch/share/ament_index/resource_index/package_run_dependencies/rtabmap_launch
[0.427s] -- Up-to-date symlink: /home/james/drone_ws/install/rtabmap_launch/share/ament_index/resource_index/parent_prefix_path/rtabmap_launch
[0.427s] -- Up-to-date symlink: /home/james/drone_ws/install/rtabmap_launch/share/rtabmap_launch/environment/ament_prefix_path.sh
[0.428s] -- Up-to-date symlink: /home/james/drone_ws/install/rtabmap_launch/share/rtabmap_launch/environment/ament_prefix_path.dsv
[0.428s] -- Up-to-date symlink: /home/james/drone_ws/install/rtabmap_launch/share/rtabmap_launch/environment/path.sh
[0.428s] -- Up-to-date symlink: /home/james/drone_ws/install/rtabmap_launch/share/rtabmap_launch/environment/path.dsv
[0.428s] -- Up-to-date symlink: /home/james/drone_ws/install/rtabmap_launch/share/rtabmap_launch/local_setup.bash
[0.428s] -- Up-to-date symlink: /home/james/drone_ws/install/rtabmap_launch/share/rtabmap_launch/local_setup.sh
[0.429s] -- Up-to-date symlink: /home/james/drone_ws/install/rtabmap_launch/share/rtabmap_launch/local_setup.zsh
[0.429s] -- Up-to-date symlink: /home/james/drone_ws/install/rtabmap_launch/share/rtabmap_launch/local_setup.dsv
[0.429s] -- Symlinking: /home/james/drone_ws/install/rtabmap_launch/share/rtabmap_launch/package.dsv
[0.440s] -- Up-to-date symlink: /home/james/drone_ws/install/rtabmap_launch/share/ament_index/resource_index/packages/rtabmap_launch
[0.440s] -- Up-to-date symlink: /home/james/drone_ws/install/rtabmap_launch/share/rtabmap_launch/cmake/rtabmap_launchConfig.cmake
[0.440s] -- Up-to-date symlink: /home/james/drone_ws/install/rtabmap_launch/share/rtabmap_launch/cmake/rtabmap_launchConfig-version.cmake
[0.440s] -- Up-to-date symlink: /home/james/drone_ws/install/rtabmap_launch/share/rtabmap_launch/package.xml
[0.444s] Invoked command in '/home/james/drone_ws/build/rtabmap_launch' returned '0': CMAKE_PREFIX_PATH=${CMAKE_PREFIX_PATH}:/home/james/turtlebot3_ws/install/turtlebot3_teleop:/home/james/turtlebot3_ws/install/turtlebot3_example:/home/james/turtlebot3_ws/install/follow_waypoints:/opt/ros/humble /usr/bin/cmake --install /home/james/drone_ws/build/rtabmap_launch
