[0.070s] DEBUG:colcon:Command line arguments: ['/usr/bin/colcon', 'build', '--packages-select-regex', 'sjtu*']
[0.070s] DEBUG:colcon:Parsed command line arguments: Namespace(log_base=None, log_level=None, verb_name='build', build_base='build', install_base='install', merge_install=False, symlink_install=False, test_result_base=None, continue_on_error=False, executor='parallel', parallel_workers=20, event_handlers=None, ignore_user_meta=False, metas=['./colcon.meta'], base_paths=['.'], packages_ignore=None, packages_ignore_regex=None, paths=None, packages_up_to=None, packages_up_to_regex=None, packages_above=None, packages_above_and_dependencies=None, packages_above_depth=None, packages_select_by_dep=None, packages_skip_by_dep=None, packages_skip_up_to=None, packages_select_build_failed=False, packages_skip_build_finished=False, packages_select_test_failures=False, packages_skip_test_passed=False, packages_select=None, packages_skip=None, packages_select_regex=[re.compile('sjtu*')], packages_skip_regex=None, packages_start=None, packages_end=None, allow_overriding=[], cmake_args=None, cmake_target=None, cmake_target_skip_unavailable=False, cmake_clean_cache=False, cmake_clean_first=False, cmake_force_configure=False, ament_cmake_args=None, catkin_cmake_args=None, catkin_skip_building_tests=False, mixin_files=None, mixin=None, verb_parser=<colcon_mixin.mixin.mixin_argument.MixinArgumentDecorator object at 0x7cb5ec878820>, verb_extension=<colcon_core.verb.build.BuildVerb object at 0x7cb5ec9814e0>, main=<bound method BuildVerb.main of <colcon_core.verb.build.BuildVerb object at 0x7cb5ec9814e0>>, mixin_verb=('build',))
[0.095s] Level 1:colcon.colcon_core.package_discovery:discover_packages(colcon_meta) check parameters
[0.095s] Level 1:colcon.colcon_core.package_discovery:discover_packages(recursive) check parameters
[0.095s] Level 1:colcon.colcon_core.package_discovery:discover_packages(ignore) check parameters
[0.095s] Level 1:colcon.colcon_core.package_discovery:discover_packages(path) check parameters
[0.095s] Level 1:colcon.colcon_core.package_discovery:discover_packages(colcon_meta) discover
[0.095s] Level 1:colcon.colcon_core.package_discovery:discover_packages(recursive) discover
[0.095s] INFO:colcon.colcon_core.package_discovery:Crawling recursively for packages in '/home/james/drone_ws'
[0.095s] Level 1:colcon.colcon_core.package_identification:_identify(.) by extensions ['ignore', 'ignore_ament_install']
[0.095s] Level 1:colcon.colcon_core.package_identification:_identify(.) by extension 'ignore'
[0.095s] Level 1:colcon.colcon_core.package_identification:_identify(.) by extension 'ignore_ament_install'
[0.095s] Level 1:colcon.colcon_core.package_identification:_identify(.) by extensions ['colcon_pkg']
[0.095s] Level 1:colcon.colcon_core.package_identification:_identify(.) by extension 'colcon_pkg'
[0.095s] Level 1:colcon.colcon_core.package_identification:_identify(.) by extensions ['colcon_meta']
[0.095s] Level 1:colcon.colcon_core.package_identification:_identify(.) by extension 'colcon_meta'
[0.095s] Level 1:colcon.colcon_core.package_identification:_identify(.) by extensions ['ros']
[0.095s] Level 1:colcon.colcon_core.package_identification:_identify(.) by extension 'ros'
[0.105s] Level 1:colcon.colcon_core.package_identification:_identify(.) by extensions ['cmake', 'python']
[0.105s] Level 1:colcon.colcon_core.package_identification:_identify(.) by extension 'cmake'
[0.105s] Level 1:colcon.colcon_core.package_identification:_identify(.) by extension 'python'
[0.105s] Level 1:colcon.colcon_core.package_identification:_identify(.) by extensions ['python_setup_py']
[0.105s] Level 1:colcon.colcon_core.package_identification:_identify(.) by extension 'python_setup_py'
[0.105s] Level 1:colcon.colcon_core.package_identification:_identify(build) by extensions ['ignore', 'ignore_ament_install']
[0.105s] Level 1:colcon.colcon_core.package_identification:_identify(build) by extension 'ignore'
[0.105s] Level 1:colcon.colcon_core.package_identification:_identify(build) ignored
[0.105s] Level 1:colcon.colcon_core.package_identification:_identify(install) by extensions ['ignore', 'ignore_ament_install']
[0.106s] Level 1:colcon.colcon_core.package_identification:_identify(install) by extension 'ignore'
[0.106s] Level 1:colcon.colcon_core.package_identification:_identify(install) ignored
[0.106s] Level 1:colcon.colcon_core.package_identification:_identify(log) by extensions ['ignore', 'ignore_ament_install']
[0.106s] Level 1:colcon.colcon_core.package_identification:_identify(log) by extension 'ignore'
[0.106s] Level 1:colcon.colcon_core.package_identification:_identify(log) ignored
[0.106s] Level 1:colcon.colcon_core.package_identification:_identify(src) by extensions ['ignore', 'ignore_ament_install']
[0.106s] Level 1:colcon.colcon_core.package_identification:_identify(src) by extension 'ignore'
[0.106s] Level 1:colcon.colcon_core.package_identification:_identify(src) by extension 'ignore_ament_install'
[0.106s] Level 1:colcon.colcon_core.package_identification:_identify(src) by extensions ['colcon_pkg']
[0.106s] Level 1:colcon.colcon_core.package_identification:_identify(src) by extension 'colcon_pkg'
[0.106s] Level 1:colcon.colcon_core.package_identification:_identify(src) by extensions ['colcon_meta']
[0.106s] Level 1:colcon.colcon_core.package_identification:_identify(src) by extension 'colcon_meta'
[0.106s] Level 1:colcon.colcon_core.package_identification:_identify(src) by extensions ['ros']
[0.106s] Level 1:colcon.colcon_core.package_identification:_identify(src) by extension 'ros'
[0.106s] Level 1:colcon.colcon_core.package_identification:_identify(src) by extensions ['cmake', 'python']
[0.106s] Level 1:colcon.colcon_core.package_identification:_identify(src) by extension 'cmake'
[0.106s] Level 1:colcon.colcon_core.package_identification:_identify(src) by extension 'python'
[0.106s] Level 1:colcon.colcon_core.package_identification:_identify(src) by extensions ['python_setup_py']
[0.106s] Level 1:colcon.colcon_core.package_identification:_identify(src) by extension 'python_setup_py'
[0.106s] Level 1:colcon.colcon_core.package_identification:_identify(src/drone_ros2) by extensions ['ignore', 'ignore_ament_install']
[0.106s] Level 1:colcon.colcon_core.package_identification:_identify(src/drone_ros2) by extension 'ignore'
[0.106s] Level 1:colcon.colcon_core.package_identification:_identify(src/drone_ros2) by extension 'ignore_ament_install'
[0.106s] Level 1:colcon.colcon_core.package_identification:_identify(src/drone_ros2) by extensions ['colcon_pkg']
[0.106s] Level 1:colcon.colcon_core.package_identification:_identify(src/drone_ros2) by extension 'colcon_pkg'
[0.106s] Level 1:colcon.colcon_core.package_identification:_identify(src/drone_ros2) by extensions ['colcon_meta']
[0.106s] Level 1:colcon.colcon_core.package_identification:_identify(src/drone_ros2) by extension 'colcon_meta'
[0.106s] Level 1:colcon.colcon_core.package_identification:_identify(src/drone_ros2) by extensions ['ros']
[0.106s] Level 1:colcon.colcon_core.package_identification:_identify(src/drone_ros2) by extension 'ros'
[0.106s] Level 1:colcon.colcon_core.package_identification:_identify(src/drone_ros2) by extensions ['cmake', 'python']
[0.106s] Level 1:colcon.colcon_core.package_identification:_identify(src/drone_ros2) by extension 'cmake'
[0.106s] Level 1:colcon.colcon_core.package_identification:_identify(src/drone_ros2) by extension 'python'
[0.106s] Level 1:colcon.colcon_core.package_identification:_identify(src/drone_ros2) by extensions ['python_setup_py']
[0.106s] Level 1:colcon.colcon_core.package_identification:_identify(src/drone_ros2) by extension 'python_setup_py'
[0.106s] Level 1:colcon.colcon_core.package_identification:_identify(src/drone_ros2/imgs) by extensions ['ignore', 'ignore_ament_install']
[0.106s] Level 1:colcon.colcon_core.package_identification:_identify(src/drone_ros2/imgs) by extension 'ignore'
[0.106s] Level 1:colcon.colcon_core.package_identification:_identify(src/drone_ros2/imgs) by extension 'ignore_ament_install'
[0.107s] Level 1:colcon.colcon_core.package_identification:_identify(src/drone_ros2/imgs) by extensions ['colcon_pkg']
[0.107s] Level 1:colcon.colcon_core.package_identification:_identify(src/drone_ros2/imgs) by extension 'colcon_pkg'
[0.107s] Level 1:colcon.colcon_core.package_identification:_identify(src/drone_ros2/imgs) by extensions ['colcon_meta']
[0.107s] Level 1:colcon.colcon_core.package_identification:_identify(src/drone_ros2/imgs) by extension 'colcon_meta'
[0.107s] Level 1:colcon.colcon_core.package_identification:_identify(src/drone_ros2/imgs) by extensions ['ros']
[0.107s] Level 1:colcon.colcon_core.package_identification:_identify(src/drone_ros2/imgs) by extension 'ros'
[0.107s] Level 1:colcon.colcon_core.package_identification:_identify(src/drone_ros2/imgs) by extensions ['cmake', 'python']
[0.107s] Level 1:colcon.colcon_core.package_identification:_identify(src/drone_ros2/imgs) by extension 'cmake'
[0.107s] Level 1:colcon.colcon_core.package_identification:_identify(src/drone_ros2/imgs) by extension 'python'
[0.107s] Level 1:colcon.colcon_core.package_identification:_identify(src/drone_ros2/imgs) by extensions ['python_setup_py']
[0.107s] Level 1:colcon.colcon_core.package_identification:_identify(src/drone_ros2/imgs) by extension 'python_setup_py'
[0.107s] Level 1:colcon.colcon_core.package_identification:_identify(src/drone_ros2/sjtu_drone_bringup) by extensions ['ignore', 'ignore_ament_install']
[0.107s] Level 1:colcon.colcon_core.package_identification:_identify(src/drone_ros2/sjtu_drone_bringup) by extension 'ignore'
[0.107s] Level 1:colcon.colcon_core.package_identification:_identify(src/drone_ros2/sjtu_drone_bringup) by extension 'ignore_ament_install'
[0.107s] Level 1:colcon.colcon_core.package_identification:_identify(src/drone_ros2/sjtu_drone_bringup) by extensions ['colcon_pkg']
[0.107s] Level 1:colcon.colcon_core.package_identification:_identify(src/drone_ros2/sjtu_drone_bringup) by extension 'colcon_pkg'
[0.107s] Level 1:colcon.colcon_core.package_identification:_identify(src/drone_ros2/sjtu_drone_bringup) by extensions ['colcon_meta']
[0.107s] Level 1:colcon.colcon_core.package_identification:_identify(src/drone_ros2/sjtu_drone_bringup) by extension 'colcon_meta'
[0.107s] Level 1:colcon.colcon_core.package_identification:_identify(src/drone_ros2/sjtu_drone_bringup) by extensions ['ros']
[0.107s] Level 1:colcon.colcon_core.package_identification:_identify(src/drone_ros2/sjtu_drone_bringup) by extension 'ros'
[0.109s] DEBUG:colcon.colcon_core.package_identification:Package 'src/drone_ros2/sjtu_drone_bringup' with type 'ros.ament_python' and name 'sjtu_drone_bringup'
[0.109s] Level 1:colcon.colcon_core.package_identification:_identify(src/drone_ros2/sjtu_drone_control) by extensions ['ignore', 'ignore_ament_install']
[0.109s] Level 1:colcon.colcon_core.package_identification:_identify(src/drone_ros2/sjtu_drone_control) by extension 'ignore'
[0.109s] Level 1:colcon.colcon_core.package_identification:_identify(src/drone_ros2/sjtu_drone_control) by extension 'ignore_ament_install'
[0.109s] Level 1:colcon.colcon_core.package_identification:_identify(src/drone_ros2/sjtu_drone_control) by extensions ['colcon_pkg']
[0.109s] Level 1:colcon.colcon_core.package_identification:_identify(src/drone_ros2/sjtu_drone_control) by extension 'colcon_pkg'
[0.109s] Level 1:colcon.colcon_core.package_identification:_identify(src/drone_ros2/sjtu_drone_control) by extensions ['colcon_meta']
[0.109s] Level 1:colcon.colcon_core.package_identification:_identify(src/drone_ros2/sjtu_drone_control) by extension 'colcon_meta'
[0.109s] Level 1:colcon.colcon_core.package_identification:_identify(src/drone_ros2/sjtu_drone_control) by extensions ['ros']
[0.109s] Level 1:colcon.colcon_core.package_identification:_identify(src/drone_ros2/sjtu_drone_control) by extension 'ros'
[0.110s] DEBUG:colcon.colcon_core.package_identification:Package 'src/drone_ros2/sjtu_drone_control' with type 'ros.ament_python' and name 'sjtu_drone_control'
[0.110s] Level 1:colcon.colcon_core.package_identification:_identify(src/drone_ros2/sjtu_drone_description) by extensions ['ignore', 'ignore_ament_install']
[0.110s] Level 1:colcon.colcon_core.package_identification:_identify(src/drone_ros2/sjtu_drone_description) by extension 'ignore'
[0.110s] Level 1:colcon.colcon_core.package_identification:_identify(src/drone_ros2/sjtu_drone_description) by extension 'ignore_ament_install'
[0.110s] Level 1:colcon.colcon_core.package_identification:_identify(src/drone_ros2/sjtu_drone_description) by extensions ['colcon_pkg']
[0.110s] Level 1:colcon.colcon_core.package_identification:_identify(src/drone_ros2/sjtu_drone_description) by extension 'colcon_pkg'
[0.110s] Level 1:colcon.colcon_core.package_identification:_identify(src/drone_ros2/sjtu_drone_description) by extensions ['colcon_meta']
[0.110s] Level 1:colcon.colcon_core.package_identification:_identify(src/drone_ros2/sjtu_drone_description) by extension 'colcon_meta'
[0.110s] Level 1:colcon.colcon_core.package_identification:_identify(src/drone_ros2/sjtu_drone_description) by extensions ['ros']
[0.110s] Level 1:colcon.colcon_core.package_identification:_identify(src/drone_ros2/sjtu_drone_description) by extension 'ros'
[0.111s] DEBUG:colcon.colcon_core.package_identification:Package 'src/drone_ros2/sjtu_drone_description' with type 'ros.ament_cmake' and name 'sjtu_drone_description'
[0.111s] Level 1:colcon.colcon_core.package_discovery:discover_packages(recursive) using defaults
[0.111s] Level 1:colcon.colcon_core.package_discovery:discover_packages(ignore) discover
[0.111s] Level 1:colcon.colcon_core.package_discovery:discover_packages(ignore) using defaults
[0.111s] Level 1:colcon.colcon_core.package_discovery:discover_packages(path) discover
[0.111s] Level 1:colcon.colcon_core.package_discovery:discover_packages(path) using defaults
[0.124s] Level 1:colcon.colcon_core.package_discovery:discover_packages(prefix_path) check parameters
[0.124s] Level 1:colcon.colcon_core.package_discovery:discover_packages(prefix_path) discover
[0.126s] DEBUG:colcon.colcon_installed_package_information.package_discovery:Found 16 installed packages in /home/james/turtlebot3_ws/install
[0.127s] DEBUG:colcon.colcon_installed_package_information.package_discovery:Found 507 installed packages in /opt/ros/humble
[0.129s] Level 1:colcon.colcon_core.package_discovery:discover_packages(prefix_path) using defaults
[0.169s] Level 5:colcon.colcon_core.verb:set package 'sjtu_drone_bringup' build argument 'cmake_args' from command line to 'None'
[0.169s] Level 5:colcon.colcon_core.verb:set package 'sjtu_drone_bringup' build argument 'cmake_target' from command line to 'None'
[0.169s] Level 5:colcon.colcon_core.verb:set package 'sjtu_drone_bringup' build argument 'cmake_target_skip_unavailable' from command line to 'False'
[0.169s] Level 5:colcon.colcon_core.verb:set package 'sjtu_drone_bringup' build argument 'cmake_clean_cache' from command line to 'False'
[0.169s] Level 5:colcon.colcon_core.verb:set package 'sjtu_drone_bringup' build argument 'cmake_clean_first' from command line to 'False'
[0.169s] Level 5:colcon.colcon_core.verb:set package 'sjtu_drone_bringup' build argument 'cmake_force_configure' from command line to 'False'
[0.169s] Level 5:colcon.colcon_core.verb:set package 'sjtu_drone_bringup' build argument 'ament_cmake_args' from command line to 'None'
[0.169s] Level 5:colcon.colcon_core.verb:set package 'sjtu_drone_bringup' build argument 'catkin_cmake_args' from command line to 'None'
[0.169s] Level 5:colcon.colcon_core.verb:set package 'sjtu_drone_bringup' build argument 'catkin_skip_building_tests' from command line to 'False'
[0.169s] DEBUG:colcon.colcon_core.verb:Building package 'sjtu_drone_bringup' with the following arguments: {'ament_cmake_args': None, 'build_base': '/home/james/drone_ws/build/sjtu_drone_bringup', 'catkin_cmake_args': None, 'catkin_skip_building_tests': False, 'cmake_args': None, 'cmake_clean_cache': False, 'cmake_clean_first': False, 'cmake_force_configure': False, 'cmake_target': None, 'cmake_target_skip_unavailable': False, 'install_base': '/home/james/drone_ws/install/sjtu_drone_bringup', 'merge_install': False, 'path': '/home/james/drone_ws/src/drone_ros2/sjtu_drone_bringup', 'symlink_install': False, 'test_result_base': None}
[0.169s] Level 5:colcon.colcon_core.verb:set package 'sjtu_drone_control' build argument 'cmake_args' from command line to 'None'
[0.169s] Level 5:colcon.colcon_core.verb:set package 'sjtu_drone_control' build argument 'cmake_target' from command line to 'None'
[0.169s] Level 5:colcon.colcon_core.verb:set package 'sjtu_drone_control' build argument 'cmake_target_skip_unavailable' from command line to 'False'
[0.169s] Level 5:colcon.colcon_core.verb:set package 'sjtu_drone_control' build argument 'cmake_clean_cache' from command line to 'False'
[0.169s] Level 5:colcon.colcon_core.verb:set package 'sjtu_drone_control' build argument 'cmake_clean_first' from command line to 'False'
[0.169s] Level 5:colcon.colcon_core.verb:set package 'sjtu_drone_control' build argument 'cmake_force_configure' from command line to 'False'
[0.169s] Level 5:colcon.colcon_core.verb:set package 'sjtu_drone_control' build argument 'ament_cmake_args' from command line to 'None'
[0.169s] Level 5:colcon.colcon_core.verb:set package 'sjtu_drone_control' build argument 'catkin_cmake_args' from command line to 'None'
[0.169s] Level 5:colcon.colcon_core.verb:set package 'sjtu_drone_control' build argument 'catkin_skip_building_tests' from command line to 'False'
[0.169s] DEBUG:colcon.colcon_core.verb:Building package 'sjtu_drone_control' with the following arguments: {'ament_cmake_args': None, 'build_base': '/home/james/drone_ws/build/sjtu_drone_control', 'catkin_cmake_args': None, 'catkin_skip_building_tests': False, 'cmake_args': None, 'cmake_clean_cache': False, 'cmake_clean_first': False, 'cmake_force_configure': False, 'cmake_target': None, 'cmake_target_skip_unavailable': False, 'install_base': '/home/james/drone_ws/install/sjtu_drone_control', 'merge_install': False, 'path': '/home/james/drone_ws/src/drone_ros2/sjtu_drone_control', 'symlink_install': False, 'test_result_base': None}
[0.170s] Level 5:colcon.colcon_core.verb:set package 'sjtu_drone_description' build argument 'cmake_args' from command line to 'None'
[0.170s] Level 5:colcon.colcon_core.verb:set package 'sjtu_drone_description' build argument 'cmake_target' from command line to 'None'
[0.170s] Level 5:colcon.colcon_core.verb:set package 'sjtu_drone_description' build argument 'cmake_target_skip_unavailable' from command line to 'False'
[0.170s] Level 5:colcon.colcon_core.verb:set package 'sjtu_drone_description' build argument 'cmake_clean_cache' from command line to 'False'
[0.170s] Level 5:colcon.colcon_core.verb:set package 'sjtu_drone_description' build argument 'cmake_clean_first' from command line to 'False'
[0.170s] Level 5:colcon.colcon_core.verb:set package 'sjtu_drone_description' build argument 'cmake_force_configure' from command line to 'False'
[0.170s] Level 5:colcon.colcon_core.verb:set package 'sjtu_drone_description' build argument 'ament_cmake_args' from command line to 'None'
[0.170s] Level 5:colcon.colcon_core.verb:set package 'sjtu_drone_description' build argument 'catkin_cmake_args' from command line to 'None'
[0.170s] Level 5:colcon.colcon_core.verb:set package 'sjtu_drone_description' build argument 'catkin_skip_building_tests' from command line to 'False'
[0.170s] DEBUG:colcon.colcon_core.verb:Building package 'sjtu_drone_description' with the following arguments: {'ament_cmake_args': None, 'build_base': '/home/james/drone_ws/build/sjtu_drone_description', 'catkin_cmake_args': None, 'catkin_skip_building_tests': False, 'cmake_args': None, 'cmake_clean_cache': False, 'cmake_clean_first': False, 'cmake_force_configure': False, 'cmake_target': None, 'cmake_target_skip_unavailable': False, 'install_base': '/home/james/drone_ws/install/sjtu_drone_description', 'merge_install': False, 'path': '/home/james/drone_ws/src/drone_ros2/sjtu_drone_description', 'symlink_install': False, 'test_result_base': None}
[0.170s] INFO:colcon.colcon_core.executor:Executing jobs using 'parallel' executor
[0.170s] DEBUG:colcon.colcon_parallel_executor.executor.parallel:run_until_complete
[0.171s] INFO:colcon.colcon_ros.task.ament_python.build:Building ROS package in '/home/james/drone_ws/src/drone_ros2/sjtu_drone_bringup' with build type 'ament_python'
[0.171s] Level 1:colcon.colcon_core.shell:create_environment_hook('sjtu_drone_bringup', 'ament_prefix_path')
[0.172s] INFO:colcon.colcon_core.plugin_system:Skipping extension 'colcon_core.shell.bat': Not used on non-Windows systems
[0.172s] INFO:colcon.colcon_core.shell:Creating environment hook '/home/james/drone_ws/install/sjtu_drone_bringup/share/sjtu_drone_bringup/hook/ament_prefix_path.ps1'
[0.173s] INFO:colcon.colcon_core.shell:Creating environment descriptor '/home/james/drone_ws/install/sjtu_drone_bringup/share/sjtu_drone_bringup/hook/ament_prefix_path.dsv'
[0.173s] INFO:colcon.colcon_core.shell:Creating environment hook '/home/james/drone_ws/install/sjtu_drone_bringup/share/sjtu_drone_bringup/hook/ament_prefix_path.sh'
[0.173s] INFO:colcon.colcon_core.shell:Skip shell extension 'powershell' for command environment: Not usable outside of PowerShell
[0.173s] DEBUG:colcon.colcon_core.shell:Skip shell extension 'dsv' for command environment
[0.176s] INFO:colcon.colcon_ros.task.ament_python.build:Building ROS package in '/home/james/drone_ws/src/drone_ros2/sjtu_drone_control' with build type 'ament_python'
[0.176s] Level 1:colcon.colcon_core.shell:create_environment_hook('sjtu_drone_control', 'ament_prefix_path')
[0.177s] INFO:colcon.colcon_core.shell:Creating environment hook '/home/james/drone_ws/install/sjtu_drone_control/share/sjtu_drone_control/hook/ament_prefix_path.ps1'
[0.177s] INFO:colcon.colcon_core.shell:Creating environment descriptor '/home/james/drone_ws/install/sjtu_drone_control/share/sjtu_drone_control/hook/ament_prefix_path.dsv'
[0.177s] INFO:colcon.colcon_core.shell:Creating environment hook '/home/james/drone_ws/install/sjtu_drone_control/share/sjtu_drone_control/hook/ament_prefix_path.sh'
[0.177s] INFO:colcon.colcon_core.shell:Skip shell extension 'powershell' for command environment: Not usable outside of PowerShell
[0.177s] DEBUG:colcon.colcon_core.shell:Skip shell extension 'dsv' for command environment
[0.180s] INFO:colcon.colcon_ros.task.ament_cmake.build:Building ROS package in '/home/james/drone_ws/src/drone_ros2/sjtu_drone_description' with build type 'ament_cmake'
[0.180s] INFO:colcon.colcon_cmake.task.cmake.build:Building CMake package in '/home/james/drone_ws/src/drone_ros2/sjtu_drone_description'
[0.180s] INFO:colcon.colcon_core.shell:Skip shell extension 'powershell' for command environment: Not usable outside of PowerShell
[0.180s] DEBUG:colcon.colcon_core.shell:Skip shell extension 'dsv' for command environment
[0.319s] INFO:colcon.colcon_core.task.python.build:Building Python package in '/home/james/drone_ws/src/drone_ros2/sjtu_drone_bringup'
[0.319s] INFO:colcon.colcon_core.shell:Skip shell extension 'powershell' for command environment: Not usable outside of PowerShell
[0.319s] DEBUG:colcon.colcon_core.shell:Skip shell extension 'dsv' for command environment
[0.458s] INFO:colcon.colcon_core.task.python.build:Building Python package in '/home/james/drone_ws/src/drone_ros2/sjtu_drone_control'
[0.459s] INFO:colcon.colcon_core.shell:Skip shell extension 'powershell' for command environment: Not usable outside of PowerShell
[0.459s] DEBUG:colcon.colcon_core.shell:Skip shell extension 'dsv' for command environment
[0.465s] DEBUG:colcon.colcon_core.event_handler.log_command:Invoking command in '/home/james/drone_ws/build/sjtu_drone_description': CMAKE_PREFIX_PATH=${CMAKE_PREFIX_PATH}:/home/james/turtlebot3_ws/install/turtlebot3_teleop:/home/james/turtlebot3_ws/install/turtlebot3_example:/home/james/turtlebot3_ws/install/follow_waypoints:/opt/ros/humble /usr/bin/cmake /home/james/drone_ws/src/drone_ros2/sjtu_drone_description -DCMAKE_INSTALL_PREFIX=/home/james/drone_ws/install/sjtu_drone_description
[0.817s] DEBUG:colcon.colcon_core.event_handler.log_command:Invoking command in '/home/james/drone_ws/src/drone_ros2/sjtu_drone_bringup': PYTHONPATH=/home/james/drone_ws/build/sjtu_drone_bringup/prefix_override:/usr/lib/python3/dist-packages/colcon_core/task/python/colcon_distutils_commands:/home/james/drone_ws/install/sjtu_drone_bringup/lib/python3.10/site-packages:${PYTHONPATH} /usr/bin/python3 -W ignore:setup.py install is deprecated setup.py egg_info --egg-base ../../../build/sjtu_drone_bringup build --build-base /home/james/drone_ws/build/sjtu_drone_bringup/build install --record /home/james/drone_ws/build/sjtu_drone_bringup/install.log --single-version-externally-managed install_data
[0.824s] DEBUG:colcon.colcon_core.event_handler.log_command:Invoking command in '/home/james/drone_ws/src/drone_ros2/sjtu_drone_control': PYTHONPATH=/home/james/drone_ws/build/sjtu_drone_control/prefix_override:/usr/lib/python3/dist-packages/colcon_core/task/python/colcon_distutils_commands:/home/james/drone_ws/install/sjtu_drone_control/lib/python3.10/site-packages:${PYTHONPATH} /usr/bin/python3 -W ignore:setup.py install is deprecated setup.py egg_info --egg-base ../../../build/sjtu_drone_control build --build-base /home/james/drone_ws/build/sjtu_drone_control/build install --record /home/james/drone_ws/build/sjtu_drone_control/install.log --single-version-externally-managed install_data
[1.142s] DEBUG:colcon.colcon_core.event_handler.log_command:Invoked command in '/home/james/drone_ws/src/drone_ros2/sjtu_drone_bringup' returned '0': PYTHONPATH=/home/james/drone_ws/build/sjtu_drone_bringup/prefix_override:/usr/lib/python3/dist-packages/colcon_core/task/python/colcon_distutils_commands:/home/james/drone_ws/install/sjtu_drone_bringup/lib/python3.10/site-packages:${PYTHONPATH} /usr/bin/python3 -W ignore:setup.py install is deprecated setup.py egg_info --egg-base ../../../build/sjtu_drone_bringup build --build-base /home/james/drone_ws/build/sjtu_drone_bringup/build install --record /home/james/drone_ws/build/sjtu_drone_bringup/install.log --single-version-externally-managed install_data
[1.143s] Level 1:colcon.colcon_core.environment:checking '/home/james/drone_ws/install/sjtu_drone_bringup' for CMake module files
[1.144s] Level 1:colcon.colcon_core.environment:checking '/home/james/drone_ws/install/sjtu_drone_bringup' for CMake config files
[1.144s] Level 1:colcon.colcon_core.environment:checking '/home/james/drone_ws/install/sjtu_drone_bringup/lib'
[1.144s] Level 1:colcon.colcon_core.environment:checking '/home/james/drone_ws/install/sjtu_drone_bringup/bin'
[1.144s] Level 1:colcon.colcon_core.environment:checking '/home/james/drone_ws/install/sjtu_drone_bringup/lib/pkgconfig/sjtu_drone_bringup.pc'
[1.144s] Level 1:colcon.colcon_core.environment:checking '/home/james/drone_ws/install/sjtu_drone_bringup/lib/python3.10/site-packages'
[1.144s] Level 1:colcon.colcon_core.shell:create_environment_hook('sjtu_drone_bringup', 'pythonpath')
[1.145s] INFO:colcon.colcon_core.shell:Creating environment hook '/home/james/drone_ws/install/sjtu_drone_bringup/share/sjtu_drone_bringup/hook/pythonpath.ps1'
[1.145s] INFO:colcon.colcon_core.shell:Creating environment descriptor '/home/james/drone_ws/install/sjtu_drone_bringup/share/sjtu_drone_bringup/hook/pythonpath.dsv'
[1.145s] INFO:colcon.colcon_core.shell:Creating environment hook '/home/james/drone_ws/install/sjtu_drone_bringup/share/sjtu_drone_bringup/hook/pythonpath.sh'
[1.145s] Level 1:colcon.colcon_core.environment:checking '/home/james/drone_ws/install/sjtu_drone_bringup/bin'
[1.145s] Level 1:colcon.colcon_core.environment:create_environment_scripts_only(sjtu_drone_bringup)
[1.146s] INFO:colcon.colcon_core.shell:Creating package script '/home/james/drone_ws/install/sjtu_drone_bringup/share/sjtu_drone_bringup/package.ps1'
[1.146s] INFO:colcon.colcon_core.shell:Creating package descriptor '/home/james/drone_ws/install/sjtu_drone_bringup/share/sjtu_drone_bringup/package.dsv'
[1.146s] INFO:colcon.colcon_core.shell:Creating package script '/home/james/drone_ws/install/sjtu_drone_bringup/share/sjtu_drone_bringup/package.sh'
[1.147s] INFO:colcon.colcon_core.shell:Creating package script '/home/james/drone_ws/install/sjtu_drone_bringup/share/sjtu_drone_bringup/package.bash'
[1.147s] INFO:colcon.colcon_core.shell:Creating package script '/home/james/drone_ws/install/sjtu_drone_bringup/share/sjtu_drone_bringup/package.zsh'
[1.148s] Level 1:colcon.colcon_core.environment:create_file_with_runtime_dependencies(/home/james/drone_ws/install/sjtu_drone_bringup/share/colcon-core/packages/sjtu_drone_bringup)
[1.153s] Level 1:colcon.colcon_core.environment:checking '/home/james/drone_ws/install/sjtu_drone_control' for CMake module files
[1.154s] DEBUG:colcon.colcon_core.event_handler.log_command:Invoked command in '/home/james/drone_ws/src/drone_ros2/sjtu_drone_control' returned '0': PYTHONPATH=/home/james/drone_ws/build/sjtu_drone_control/prefix_override:/usr/lib/python3/dist-packages/colcon_core/task/python/colcon_distutils_commands:/home/james/drone_ws/install/sjtu_drone_control/lib/python3.10/site-packages:${PYTHONPATH} /usr/bin/python3 -W ignore:setup.py install is deprecated setup.py egg_info --egg-base ../../../build/sjtu_drone_control build --build-base /home/james/drone_ws/build/sjtu_drone_control/build install --record /home/james/drone_ws/build/sjtu_drone_control/install.log --single-version-externally-managed install_data
[1.154s] Level 1:colcon.colcon_core.environment:checking '/home/james/drone_ws/install/sjtu_drone_control' for CMake config files
[1.154s] Level 1:colcon.colcon_core.environment:checking '/home/james/drone_ws/install/sjtu_drone_control/lib'
[1.154s] Level 1:colcon.colcon_core.environment:checking '/home/james/drone_ws/install/sjtu_drone_control/bin'
[1.154s] Level 1:colcon.colcon_core.environment:checking '/home/james/drone_ws/install/sjtu_drone_control/lib/pkgconfig/sjtu_drone_control.pc'
[1.154s] Level 1:colcon.colcon_core.environment:checking '/home/james/drone_ws/install/sjtu_drone_control/lib/python3.10/site-packages'
[1.154s] Level 1:colcon.colcon_core.shell:create_environment_hook('sjtu_drone_control', 'pythonpath')
[1.155s] INFO:colcon.colcon_core.shell:Creating environment hook '/home/james/drone_ws/install/sjtu_drone_control/share/sjtu_drone_control/hook/pythonpath.ps1'
[1.155s] INFO:colcon.colcon_core.shell:Creating environment descriptor '/home/james/drone_ws/install/sjtu_drone_control/share/sjtu_drone_control/hook/pythonpath.dsv'
[1.155s] INFO:colcon.colcon_core.shell:Creating environment hook '/home/james/drone_ws/install/sjtu_drone_control/share/sjtu_drone_control/hook/pythonpath.sh'
[1.155s] Level 1:colcon.colcon_core.environment:checking '/home/james/drone_ws/install/sjtu_drone_control/bin'
[1.155s] Level 1:colcon.colcon_core.environment:create_environment_scripts_only(sjtu_drone_control)
[1.156s] INFO:colcon.colcon_core.shell:Creating package script '/home/james/drone_ws/install/sjtu_drone_control/share/sjtu_drone_control/package.ps1'
[1.156s] INFO:colcon.colcon_core.shell:Creating package descriptor '/home/james/drone_ws/install/sjtu_drone_control/share/sjtu_drone_control/package.dsv'
[1.156s] INFO:colcon.colcon_core.shell:Creating package script '/home/james/drone_ws/install/sjtu_drone_control/share/sjtu_drone_control/package.sh'
[1.156s] INFO:colcon.colcon_core.shell:Creating package script '/home/james/drone_ws/install/sjtu_drone_control/share/sjtu_drone_control/package.bash'
[1.156s] INFO:colcon.colcon_core.shell:Creating package script '/home/james/drone_ws/install/sjtu_drone_control/share/sjtu_drone_control/package.zsh'
[1.157s] Level 1:colcon.colcon_core.environment:create_file_with_runtime_dependencies(/home/james/drone_ws/install/sjtu_drone_control/share/colcon-core/packages/sjtu_drone_control)
[3.318s] DEBUG:colcon.colcon_core.event_handler.log_command:Invoked command in '/home/james/drone_ws/build/sjtu_drone_description' returned '0': CMAKE_PREFIX_PATH=${CMAKE_PREFIX_PATH}:/home/james/turtlebot3_ws/install/turtlebot3_teleop:/home/james/turtlebot3_ws/install/turtlebot3_example:/home/james/turtlebot3_ws/install/follow_waypoints:/opt/ros/humble /usr/bin/cmake /home/james/drone_ws/src/drone_ros2/sjtu_drone_description -DCMAKE_INSTALL_PREFIX=/home/james/drone_ws/install/sjtu_drone_description
[3.320s] DEBUG:colcon.colcon_core.event_handler.log_command:Invoking command in '/home/james/drone_ws/build/sjtu_drone_description': CMAKE_PREFIX_PATH=${CMAKE_PREFIX_PATH}:/home/james/turtlebot3_ws/install/turtlebot3_teleop:/home/james/turtlebot3_ws/install/turtlebot3_example:/home/james/turtlebot3_ws/install/follow_waypoints:/opt/ros/humble /usr/bin/cmake --build /home/james/drone_ws/build/sjtu_drone_description -- -j20 -l20
[24.559s] DEBUG:colcon.colcon_core.event_handler.log_command:Invoked command in '/home/james/drone_ws/build/sjtu_drone_description' returned '0': CMAKE_PREFIX_PATH=${CMAKE_PREFIX_PATH}:/home/james/turtlebot3_ws/install/turtlebot3_teleop:/home/james/turtlebot3_ws/install/turtlebot3_example:/home/james/turtlebot3_ws/install/follow_waypoints:/opt/ros/humble /usr/bin/cmake --build /home/james/drone_ws/build/sjtu_drone_description -- -j20 -l20
[24.614s] DEBUG:colcon.colcon_core.event_handler.log_command:Invoking command in '/home/james/drone_ws/build/sjtu_drone_description': CMAKE_PREFIX_PATH=${CMAKE_PREFIX_PATH}:/home/james/turtlebot3_ws/install/turtlebot3_teleop:/home/james/turtlebot3_ws/install/turtlebot3_example:/home/james/turtlebot3_ws/install/follow_waypoints:/opt/ros/humble /usr/bin/cmake --install /home/james/drone_ws/build/sjtu_drone_description
[24.643s] Level 1:colcon.colcon_core.environment:create_environment_scripts_only(sjtu_drone_description)
[24.643s] Level 1:colcon.colcon_core.environment:checking '/home/james/drone_ws/install/sjtu_drone_description' for CMake module files
[24.643s] DEBUG:colcon.colcon_core.event_handler.log_command:Invoked command in '/home/james/drone_ws/build/sjtu_drone_description' returned '0': CMAKE_PREFIX_PATH=${CMAKE_PREFIX_PATH}:/home/james/turtlebot3_ws/install/turtlebot3_teleop:/home/james/turtlebot3_ws/install/turtlebot3_example:/home/james/turtlebot3_ws/install/follow_waypoints:/opt/ros/humble /usr/bin/cmake --install /home/james/drone_ws/build/sjtu_drone_description
[24.644s] Level 1:colcon.colcon_core.environment:checking '/home/james/drone_ws/install/sjtu_drone_description' for CMake config files
[24.644s] Level 1:colcon.colcon_core.shell:create_environment_hook('sjtu_drone_description', 'cmake_prefix_path')
[24.644s] INFO:colcon.colcon_core.shell:Creating environment hook '/home/james/drone_ws/install/sjtu_drone_description/share/sjtu_drone_description/hook/cmake_prefix_path.ps1'
[24.644s] INFO:colcon.colcon_core.shell:Creating environment descriptor '/home/james/drone_ws/install/sjtu_drone_description/share/sjtu_drone_description/hook/cmake_prefix_path.dsv'
[24.644s] INFO:colcon.colcon_core.shell:Creating environment hook '/home/james/drone_ws/install/sjtu_drone_description/share/sjtu_drone_description/hook/cmake_prefix_path.sh'
[24.645s] Level 1:colcon.colcon_core.environment:checking '/home/james/drone_ws/install/sjtu_drone_description/lib'
[24.645s] Level 1:colcon.colcon_core.shell:create_environment_hook('sjtu_drone_description', 'ld_library_path_lib')
[24.645s] INFO:colcon.colcon_core.shell:Creating environment hook '/home/james/drone_ws/install/sjtu_drone_description/share/sjtu_drone_description/hook/ld_library_path_lib.ps1'
[24.645s] INFO:colcon.colcon_core.shell:Creating environment descriptor '/home/james/drone_ws/install/sjtu_drone_description/share/sjtu_drone_description/hook/ld_library_path_lib.dsv'
[24.645s] INFO:colcon.colcon_core.shell:Creating environment hook '/home/james/drone_ws/install/sjtu_drone_description/share/sjtu_drone_description/hook/ld_library_path_lib.sh'
[24.645s] Level 1:colcon.colcon_core.environment:checking '/home/james/drone_ws/install/sjtu_drone_description/bin'
[24.645s] Level 1:colcon.colcon_core.environment:checking '/home/james/drone_ws/install/sjtu_drone_description/lib/pkgconfig/sjtu_drone_description.pc'
[24.645s] Level 1:colcon.colcon_core.environment:checking '/home/james/drone_ws/install/sjtu_drone_description/lib/python3.10/site-packages'
[24.645s] Level 1:colcon.colcon_core.environment:checking '/home/james/drone_ws/install/sjtu_drone_description/bin'
[24.646s] INFO:colcon.colcon_core.shell:Creating package script '/home/james/drone_ws/install/sjtu_drone_description/share/sjtu_drone_description/package.ps1'
[24.646s] INFO:colcon.colcon_core.shell:Creating package descriptor '/home/james/drone_ws/install/sjtu_drone_description/share/sjtu_drone_description/package.dsv'
[24.646s] INFO:colcon.colcon_core.shell:Creating package script '/home/james/drone_ws/install/sjtu_drone_description/share/sjtu_drone_description/package.sh'
[24.646s] INFO:colcon.colcon_core.shell:Creating package script '/home/james/drone_ws/install/sjtu_drone_description/share/sjtu_drone_description/package.bash'
[24.646s] INFO:colcon.colcon_core.shell:Creating package script '/home/james/drone_ws/install/sjtu_drone_description/share/sjtu_drone_description/package.zsh'
[24.647s] Level 1:colcon.colcon_core.environment:create_file_with_runtime_dependencies(/home/james/drone_ws/install/sjtu_drone_description/share/colcon-core/packages/sjtu_drone_description)
[24.675s] Level 1:colcon.colcon_core.environment:create_environment_scripts_only(sjtu_drone_description)
[24.675s] Level 1:colcon.colcon_core.environment:checking '/home/james/drone_ws/install/sjtu_drone_description' for CMake module files
[24.675s] Level 1:colcon.colcon_core.environment:checking '/home/james/drone_ws/install/sjtu_drone_description' for CMake config files
[24.675s] Level 1:colcon.colcon_core.shell:create_environment_hook('sjtu_drone_description', 'cmake_prefix_path')
[24.676s] INFO:colcon.colcon_core.shell:Creating environment hook '/home/james/drone_ws/install/sjtu_drone_description/share/sjtu_drone_description/hook/cmake_prefix_path.ps1'
[24.676s] INFO:colcon.colcon_core.shell:Creating environment descriptor '/home/james/drone_ws/install/sjtu_drone_description/share/sjtu_drone_description/hook/cmake_prefix_path.dsv'
[24.676s] INFO:colcon.colcon_core.shell:Creating environment hook '/home/james/drone_ws/install/sjtu_drone_description/share/sjtu_drone_description/hook/cmake_prefix_path.sh'
[24.676s] Level 1:colcon.colcon_core.environment:checking '/home/james/drone_ws/install/sjtu_drone_description/lib'
[24.676s] Level 1:colcon.colcon_core.shell:create_environment_hook('sjtu_drone_description', 'ld_library_path_lib')
[24.677s] INFO:colcon.colcon_core.shell:Creating environment hook '/home/james/drone_ws/install/sjtu_drone_description/share/sjtu_drone_description/hook/ld_library_path_lib.ps1'
[24.677s] INFO:colcon.colcon_core.shell:Creating environment descriptor '/home/james/drone_ws/install/sjtu_drone_description/share/sjtu_drone_description/hook/ld_library_path_lib.dsv'
[24.677s] INFO:colcon.colcon_core.shell:Creating environment hook '/home/james/drone_ws/install/sjtu_drone_description/share/sjtu_drone_description/hook/ld_library_path_lib.sh'
[24.677s] Level 1:colcon.colcon_core.environment:checking '/home/james/drone_ws/install/sjtu_drone_description/bin'
[24.677s] Level 1:colcon.colcon_core.environment:checking '/home/james/drone_ws/install/sjtu_drone_description/lib/pkgconfig/sjtu_drone_description.pc'
[24.677s] Level 1:colcon.colcon_core.environment:checking '/home/james/drone_ws/install/sjtu_drone_description/lib/python3.10/site-packages'
[24.677s] Level 1:colcon.colcon_core.environment:checking '/home/james/drone_ws/install/sjtu_drone_description/bin'
[24.678s] INFO:colcon.colcon_core.shell:Creating package script '/home/james/drone_ws/install/sjtu_drone_description/share/sjtu_drone_description/package.ps1'
[24.678s] INFO:colcon.colcon_core.shell:Creating package descriptor '/home/james/drone_ws/install/sjtu_drone_description/share/sjtu_drone_description/package.dsv'
[24.678s] INFO:colcon.colcon_core.shell:Creating package script '/home/james/drone_ws/install/sjtu_drone_description/share/sjtu_drone_description/package.sh'
[24.679s] INFO:colcon.colcon_core.shell:Creating package script '/home/james/drone_ws/install/sjtu_drone_description/share/sjtu_drone_description/package.bash'
[24.679s] INFO:colcon.colcon_core.shell:Creating package script '/home/james/drone_ws/install/sjtu_drone_description/share/sjtu_drone_description/package.zsh'
[24.679s] Level 1:colcon.colcon_core.environment:create_file_with_runtime_dependencies(/home/james/drone_ws/install/sjtu_drone_description/share/colcon-core/packages/sjtu_drone_description)
[24.679s] DEBUG:colcon.colcon_parallel_executor.executor.parallel:closing loop
[24.679s] DEBUG:colcon.colcon_parallel_executor.executor.parallel:loop closed
[24.680s] DEBUG:colcon.colcon_parallel_executor.executor.parallel:run_until_complete finished with '0'
[24.680s] DEBUG:colcon.colcon_core.event_reactor:joining thread
[24.685s] INFO:colcon.colcon_core.plugin_system:Skipping extension 'colcon_notification.desktop_notification.terminal_notifier': Not used on non-Darwin systems
[24.685s] INFO:colcon.colcon_core.plugin_system:Skipping extension 'colcon_notification.desktop_notification.win32': Not used on non-Windows systems
[24.685s] INFO:colcon.colcon_notification.desktop_notification:Sending desktop notification using 'notify2'
[24.695s] DEBUG:colcon.colcon_core.event_reactor:joined thread
[24.695s] INFO:colcon.colcon_core.shell:Creating prefix script '/home/james/drone_ws/install/local_setup.ps1'
[24.696s] INFO:colcon.colcon_core.shell:Creating prefix util module '/home/james/drone_ws/install/_local_setup_util_ps1.py'
[24.697s] INFO:colcon.colcon_core.shell:Creating prefix chain script '/home/james/drone_ws/install/setup.ps1'
[24.698s] INFO:colcon.colcon_core.shell:Creating prefix script '/home/james/drone_ws/install/local_setup.sh'
[24.699s] INFO:colcon.colcon_core.shell:Creating prefix util module '/home/james/drone_ws/install/_local_setup_util_sh.py'
[24.699s] INFO:colcon.colcon_core.shell:Creating prefix chain script '/home/james/drone_ws/install/setup.sh'
[24.700s] INFO:colcon.colcon_core.shell:Creating prefix script '/home/james/drone_ws/install/local_setup.bash'
[24.701s] INFO:colcon.colcon_core.shell:Creating prefix chain script '/home/james/drone_ws/install/setup.bash'
[24.702s] INFO:colcon.colcon_core.shell:Creating prefix script '/home/james/drone_ws/install/local_setup.zsh'
[24.702s] INFO:colcon.colcon_core.shell:Creating prefix chain script '/home/james/drone_ws/install/setup.zsh'
