[0.317s] Invoking command in '/home/james/drone_ws/build/sjtu_drone_description': CMAKE_PREFIX_PATH=${CMAKE_PREFIX_PATH}:/home/james/drone_ws/install/sjtu_drone_control:/home/james/drone_ws/install/sjtu_drone_bringup:/home/james/turtlebot3_ws/install/turtlebot3_teleop:/home/james/turtlebot3_ws/install/turtlebot3_example:/home/james/turtlebot3_ws/install/follow_waypoints:/opt/ros/humble /usr/bin/cmake --build /home/james/drone_ws/build/sjtu_drone_description -- -j20 -l20
[0.485s] [100%] Built target plugin_drone
[0.498s] Invoked command in '/home/james/drone_ws/build/sjtu_drone_description' returned '0': CMAKE_PREFIX_PATH=${CMAKE_PREFIX_PATH}:/home/james/drone_ws/install/sjtu_drone_control:/home/james/drone_ws/install/sjtu_drone_bringup:/home/james/turtlebot3_ws/install/turtlebot3_teleop:/home/james/turtlebot3_ws/install/turtlebot3_example:/home/james/turtlebot3_ws/install/follow_waypoints:/opt/ros/humble /usr/bin/cmake --build /home/james/drone_ws/build/sjtu_drone_description -- -j20 -l20
[0.546s] Invoking command in '/home/james/drone_ws/build/sjtu_drone_description': CMAKE_PREFIX_PATH=${CMAKE_PREFIX_PATH}:/home/james/drone_ws/install/sjtu_drone_control:/home/james/drone_ws/install/sjtu_drone_bringup:/home/james/turtlebot3_ws/install/turtlebot3_teleop:/home/james/turtlebot3_ws/install/turtlebot3_example:/home/james/turtlebot3_ws/install/follow_waypoints:/opt/ros/humble /usr/bin/cmake --install /home/james/drone_ws/build/sjtu_drone_description
[0.559s] -- Install configuration: ""
[0.560s] -- Execute custom install script
[0.560s] -- Up-to-date symlink: /home/james/drone_ws/install/sjtu_drone_description/include/sjtu_drone_description/pid_controller.h
[0.561s] -- Up-to-date symlink: /home/james/drone_ws/install/sjtu_drone_description/include/sjtu_drone_description/plugin_drone.h
[0.561s] -- Up-to-date symlink: /home/james/drone_ws/install/sjtu_drone_description/include/sjtu_drone_description/plugin_drone_private.h
[0.561s] -- Up-to-date symlink: /home/james/drone_ws/install/sjtu_drone_description/share/sjtu_drone_description/environment/library_path.sh
[0.562s] -- Up-to-date symlink: /home/james/drone_ws/install/sjtu_drone_description/share/sjtu_drone_description/environment/library_path.dsv
[0.562s] -- Up-to-date symlink: /home/james/drone_ws/install/sjtu_drone_description/share/sjtu_drone_description/models/database.config
[0.563s] -- Up-to-date symlink: /home/james/drone_ws/install/sjtu_drone_description/share/sjtu_drone_description/models/sjtu_drone/model.config
[0.563s] -- Up-to-date symlink: /home/james/drone_ws/install/sjtu_drone_description/share/sjtu_drone_description/models/sjtu_drone/quadrotor_4.dae
[0.563s] -- Up-to-date symlink: /home/james/drone_ws/install/sjtu_drone_description/share/sjtu_drone_description/models/sjtu_drone/quadrotor_4.stl
[0.563s] -- Up-to-date symlink: /home/james/drone_ws/install/sjtu_drone_description/share/sjtu_drone_description/models/sjtu_drone/sjtu_drone.sdf
[0.563s] -- Up-to-date symlink: /home/james/drone_ws/install/sjtu_drone_description/share/sjtu_drone_description/urdf/sjtu_drone.urdf
[0.564s] -- Up-to-date symlink: /home/james/drone_ws/install/sjtu_drone_description/share/sjtu_drone_description/urdf/sjtu_drone.urdf.xacro
[0.564s] -- Up-to-date symlink: /home/james/drone_ws/install/sjtu_drone_description/share/sjtu_drone_description/worlds/building_with_solar_panel.world
[0.564s] -- Up-to-date symlink: /home/james/drone_ws/install/sjtu_drone_description/share/sjtu_drone_description/worlds/playground.world
[0.564s] -- Up-to-date symlink: /home/james/drone_ws/install/sjtu_drone_description/share/ament_index/resource_index/package_run_dependencies/sjtu_drone_description
[0.564s] -- Up-to-date symlink: /home/james/drone_ws/install/sjtu_drone_description/share/ament_index/resource_index/parent_prefix_path/sjtu_drone_description
[0.564s] -- Up-to-date symlink: /home/james/drone_ws/install/sjtu_drone_description/share/sjtu_drone_description/environment/ament_prefix_path.sh
[0.564s] -- Up-to-date symlink: /home/james/drone_ws/install/sjtu_drone_description/share/sjtu_drone_description/environment/ament_prefix_path.dsv
[0.565s] -- Up-to-date symlink: /home/james/drone_ws/install/sjtu_drone_description/share/sjtu_drone_description/environment/path.sh
[0.565s] -- Up-to-date symlink: /home/james/drone_ws/install/sjtu_drone_description/share/sjtu_drone_description/environment/path.dsv
[0.565s] -- Up-to-date symlink: /home/james/drone_ws/install/sjtu_drone_description/share/sjtu_drone_description/local_setup.bash
[0.565s] -- Up-to-date symlink: /home/james/drone_ws/install/sjtu_drone_description/share/sjtu_drone_description/local_setup.sh
[0.565s] -- Up-to-date symlink: /home/james/drone_ws/install/sjtu_drone_description/share/sjtu_drone_description/local_setup.zsh
[0.565s] -- Up-to-date symlink: /home/james/drone_ws/install/sjtu_drone_description/share/sjtu_drone_description/local_setup.dsv
[0.566s] -- Symlinking: /home/james/drone_ws/install/sjtu_drone_description/share/sjtu_drone_description/package.dsv
[0.576s] -- Up-to-date symlink: /home/james/drone_ws/install/sjtu_drone_description/share/ament_index/resource_index/packages/sjtu_drone_description
[0.576s] -- Up-to-date symlink: /home/james/drone_ws/install/sjtu_drone_description/share/sjtu_drone_description/cmake/ament_cmake_export_include_directories-extras.cmake
[0.576s] -- Up-to-date symlink: /home/james/drone_ws/install/sjtu_drone_description/share/sjtu_drone_description/cmake/ament_cmake_export_libraries-extras.cmake
[0.576s] -- Up-to-date symlink: /home/james/drone_ws/install/sjtu_drone_description/share/sjtu_drone_description/cmake/ament_cmake_export_targets-extras.cmake
[0.576s] -- Up-to-date symlink: /home/james/drone_ws/install/sjtu_drone_description/share/sjtu_drone_description/cmake/sjtu_drone_descriptionConfig.cmake
[0.577s] -- Up-to-date symlink: /home/james/drone_ws/install/sjtu_drone_description/share/sjtu_drone_description/cmake/sjtu_drone_descriptionConfig-version.cmake
[0.577s] -- Up-to-date symlink: /home/james/drone_ws/install/sjtu_drone_description/share/sjtu_drone_description/package.xml
[0.577s] -- Up-to-date: /home/james/drone_ws/install/sjtu_drone_description/lib/libplugin_drone.so
[0.578s] -- Up-to-date: /home/james/drone_ws/install/sjtu_drone_description/share/sjtu_drone_description/cmake/export_sjtu_drone_descriptionExport.cmake
[0.578s] -- Up-to-date: /home/james/drone_ws/install/sjtu_drone_description/share/sjtu_drone_description/cmake/export_sjtu_drone_descriptionExport-noconfig.cmake
[0.581s] Invoked command in '/home/james/drone_ws/build/sjtu_drone_description' returned '0': CMAKE_PREFIX_PATH=${CMAKE_PREFIX_PATH}:/home/james/drone_ws/install/sjtu_drone_control:/home/james/drone_ws/install/sjtu_drone_bringup:/home/james/turtlebot3_ws/install/turtlebot3_teleop:/home/james/turtlebot3_ws/install/turtlebot3_example:/home/james/turtlebot3_ws/install/follow_waypoints:/opt/ros/humble /usr/bin/cmake --install /home/james/drone_ws/build/sjtu_drone_description
