[0.309s] Invoking command in '/home/james/drone_ws/build/sjtu_drone_description': CMAKE_PREFIX_PATH=${CMAKE_PREFIX_PATH}:/home/james/turtlebot3_ws/install/turtlebot3_teleop:/home/james/turtlebot3_ws/install/turtlebot3_example:/home/james/turtlebot3_ws/install/follow_waypoints:/opt/ros/humble /usr/bin/cmake /home/james/drone_ws/src/drone_ros2/sjtu_drone_description -DAMENT_CMAKE_SYMLINK_INSTALL=1 -DCMAKE_INSTALL_PREFIX=/home/james/drone_ws/install/sjtu_drone_description
[0.326s] -- Found ament_cmake: 1.3.10 (/opt/ros/humble/share/ament_cmake/cmake)
[0.429s] -- Override CMake install command with custom implementation using symlinks instead of copying resources
[0.433s] -- Found ament_cmake_ros: 0.10.0 (/opt/ros/humble/share/ament_cmake_ros/cmake)
[0.435s] -- Found rclcpp: 16.0.10 (/opt/ros/humble/share/rclcpp/cmake)
[0.455s] -- Found rosidl_generator_c: 3.1.5 (/opt/ros/humble/share/rosidl_generator_c/cmake)
[0.457s] -- Found rosidl_adapter: 3.1.5 (/opt/ros/humble/share/rosidl_adapter/cmake)
[0.460s] -- Found rosidl_generator_cpp: 3.1.5 (/opt/ros/humble/share/rosidl_generator_cpp/cmake)
[0.467s] -- Using all available rosidl_typesupport_c: rosidl_typesupport_fastrtps_c;rosidl_typesupport_introspection_c
[0.476s] -- Using all available rosidl_typesupport_cpp: rosidl_typesupport_fastrtps_cpp;rosidl_typesupport_introspection_cpp
[0.498s] -- Found rmw_implementation_cmake: 6.1.2 (/opt/ros/humble/share/rmw_implementation_cmake/cmake)
[0.499s] -- Found rmw_fastrtps_cpp: 6.2.7 (/opt/ros/humble/share/rmw_fastrtps_cpp/cmake)
[0.586s] -- Using RMW implementation 'rmw_fastrtps_cpp' as default
[0.619s] -- Found gazebo_ros: 3.7.0 (/opt/ros/humble/share/gazebo_ros/cmake)
[0.648s] -- Found DART: /usr/include (Required is at least version "6.6") found components: dart 
[0.672s] -- Found Protobuf: /usr/lib/x86_64-linux-gnu/libprotobuf.so (found version "3.12.4") 
[0.674s] -- Looking for ignition-math6 -- found version 6.15.1
[0.678s] -- Searching for dependencies of ignition-math6
[0.679s] -- Looking for OGRE...
[0.684s] -- Found Ogre Ghadamon (1.9.0)
[0.692s] -- Looking for OGRE_Paging...
[0.692s] -- Found OGRE_Paging: optimized;/usr/lib/x86_64-linux-gnu/libOgrePaging.so;debug;/usr/lib/x86_64-linux-gnu/libOgrePaging.so
[0.692s] -- Looking for OGRE_Terrain...
[0.692s] -- Found OGRE_Terrain: optimized;/usr/lib/x86_64-linux-gnu/libOgreTerrain.so;debug;/usr/lib/x86_64-linux-gnu/libOgreTerrain.so
[0.692s] -- Looking for OGRE_Property...
[0.693s] -- Found OGRE_Property: optimized;/usr/lib/x86_64-linux-gnu/libOgreProperty.so;debug;/usr/lib/x86_64-linux-gnu/libOgreProperty.so
[0.693s] -- Looking for OGRE_RTShaderSystem...
[0.693s] -- Found OGRE_RTShaderSystem: optimized;/usr/lib/x86_64-linux-gnu/libOgreRTShaderSystem.so;debug;/usr/lib/x86_64-linux-gnu/libOgreRTShaderSystem.so
[0.693s] -- Looking for OGRE_Volume...
[0.693s] -- Found OGRE_Volume: optimized;/usr/lib/x86_64-linux-gnu/libOgreVolume.so;debug;/usr/lib/x86_64-linux-gnu/libOgreVolume.so
[0.693s] -- Looking for OGRE_Overlay...
[0.693s] -- Found OGRE_Overlay: optimized;/usr/lib/x86_64-linux-gnu/libOgreOverlay.so;debug;/usr/lib/x86_64-linux-gnu/libOgreOverlay.so
[0.784s] -- Looking for ignition-math6 -- found version 6.15.1
[0.784s] -- Looking for ignition-transport8 -- found version 8.2.1
[0.784s] -- Searching for dependencies of ignition-transport8
[0.798s] -- Found Protobuf: /usr/lib/x86_64-linux-gnu/libprotobuf.so (found suitable version "3.12.4", minimum required is "3") 
[0.806s] -- Config-file not installed for ZeroMQ -- checking for pkg-config
[0.810s] -- Checking for module 'libzmq >= 4'
[0.823s] --   Found libzmq , version 4.3.4
[0.861s] -- Checking for module 'uuid'
[0.873s] --   Found uuid, version 2.37.2
[0.902s] -- Looking for ignition-msgs5 -- found version 5.8.1
[0.902s] -- Searching for dependencies of ignition-msgs5
[0.918s] -- Looking for ignition-math6 -- found version 6.15.1
[0.922s] -- Checking for module 'tinyxml2'
[0.934s] --   Found tinyxml2, version 9.0.0
[0.964s] -- Looking for ignition-msgs5 -- found version 5.8.1
[0.964s] -- Looking for ignition-common3 -- found version 3.14.0
[0.964s] -- Searching for dependencies of ignition-common3
[0.965s] -- Looking for dlfcn.h - found
[0.965s] -- Looking for libdl - found
[0.974s] -- Searching for <ignition-common3> component [graphics]
[0.974s] -- Looking for ignition-common3-graphics -- found version 3.14.0
[0.974s] -- Searching for dependencies of ignition-common3-graphics
[0.974s] -- Looking for ignition-math6 -- found version 6.15.1
[0.975s] -- Looking for ignition-fuel_tools4 -- found version 4.4.0
[0.975s] -- Searching for dependencies of ignition-fuel_tools4
[1.007s] -- Checking for module 'jsoncpp'
[1.019s] --   Found jsoncpp, version 1.9.5
[1.054s] -- Checking for module 'libzip'
[1.067s] --   Found libzip, version 1.7.3
[1.100s] -- Looking for ignition-common3 -- found version 3.14.0
[1.100s] -- Looking for ignition-math6 -- found version 6.15.1
[1.101s] -- Looking for ignition-msgs5 -- found version 5.8.1
[1.102s] -- Gazebo version: 11.10
[1.102s] -- Found gazebo_plugins: 3.7.0 (/opt/ros/humble/share/gazebo_plugins/cmake)
[1.140s] -- Found sensor_msgs: 4.2.4 (/opt/ros/humble/share/sensor_msgs/cmake)
[1.150s] -- Found nav_msgs: 4.2.4 (/opt/ros/humble/share/nav_msgs/cmake)
[1.161s] -- Found tf2: 0.25.8 (/opt/ros/humble/share/tf2/cmake)
[1.163s] -- Found tf2_ros: 0.25.8 (/opt/ros/humble/share/tf2_ros/cmake)
[1.216s] -- Found tf2_geometry_msgs: 0.25.8 (/opt/ros/humble/share/tf2_geometry_msgs/cmake)
[1.218s] -- Found eigen3_cmake_module: 0.1.1 (/opt/ros/humble/share/eigen3_cmake_module/cmake)
[1.219s] -- Ensuring Eigen3 include directory is part of orocos-kdl CMake target
[1.231s] -- Found ament_lint_auto: 0.12.11 (/opt/ros/humble/share/ament_lint_auto/cmake)
[1.284s] -- Added test 'cppcheck' to perform static code analysis on C / C++ code
[1.285s] -- Configured cppcheck include dirs: /home/james/drone_ws/src/drone_ros2/sjtu_drone_description/include;$<BUILD_INTERFACE:/home/james/drone_ws/src/drone_ros2/sjtu_drone_description/include>
[1.285s] -- Configured cppcheck exclude dirs and/or files: 
[1.285s] -- Added test 'lint_cmake' to check CMake code style
[1.286s] -- Added test 'uncrustify' to check C / C++ code style
[1.286s] -- Configured uncrustify additional arguments: 
[1.286s] -- Added test 'xmllint' to check XML markup files
[1.288s] -- Configuring done
[1.309s] -- Generating done
[1.311s] -- Build files have been written to: /home/james/drone_ws/build/sjtu_drone_description
[1.320s] Invoked command in '/home/james/drone_ws/build/sjtu_drone_description' returned '0': CMAKE_PREFIX_PATH=${CMAKE_PREFIX_PATH}:/home/james/turtlebot3_ws/install/turtlebot3_teleop:/home/james/turtlebot3_ws/install/turtlebot3_example:/home/james/turtlebot3_ws/install/follow_waypoints:/opt/ros/humble /usr/bin/cmake /home/james/drone_ws/src/drone_ros2/sjtu_drone_description -DAMENT_CMAKE_SYMLINK_INSTALL=1 -DCMAKE_INSTALL_PREFIX=/home/james/drone_ws/install/sjtu_drone_description
[1.322s] Invoking command in '/home/james/drone_ws/build/sjtu_drone_description': CMAKE_PREFIX_PATH=${CMAKE_PREFIX_PATH}:/home/james/turtlebot3_ws/install/turtlebot3_teleop:/home/james/turtlebot3_ws/install/turtlebot3_example:/home/james/turtlebot3_ws/install/follow_waypoints:/opt/ros/humble /usr/bin/cmake --build /home/james/drone_ws/build/sjtu_drone_description -- -j20 -l20
[1.367s] [35m[1mConsolidate compiler generated dependencies of target plugin_drone[0m
[1.405s] [100%] Built target plugin_drone
[1.414s] Invoked command in '/home/james/drone_ws/build/sjtu_drone_description' returned '0': CMAKE_PREFIX_PATH=${CMAKE_PREFIX_PATH}:/home/james/turtlebot3_ws/install/turtlebot3_teleop:/home/james/turtlebot3_ws/install/turtlebot3_example:/home/james/turtlebot3_ws/install/follow_waypoints:/opt/ros/humble /usr/bin/cmake --build /home/james/drone_ws/build/sjtu_drone_description -- -j20 -l20
[1.465s] Invoking command in '/home/james/drone_ws/build/sjtu_drone_description': CMAKE_PREFIX_PATH=${CMAKE_PREFIX_PATH}:/home/james/turtlebot3_ws/install/turtlebot3_teleop:/home/james/turtlebot3_ws/install/turtlebot3_example:/home/james/turtlebot3_ws/install/follow_waypoints:/opt/ros/humble /usr/bin/cmake --install /home/james/drone_ws/build/sjtu_drone_description
[1.473s] -- Install configuration: ""
[1.474s] -- Execute custom install script
[1.474s] -- Symlinking: /home/james/drone_ws/install/sjtu_drone_description/include/sjtu_drone_description/pid_controller.h
[1.487s] -- Symlinking: /home/james/drone_ws/install/sjtu_drone_description/include/sjtu_drone_description/plugin_drone.h
[1.499s] -- Symlinking: /home/james/drone_ws/install/sjtu_drone_description/include/sjtu_drone_description/plugin_drone_private.h
[1.511s] -- Symlinking: /home/james/drone_ws/install/sjtu_drone_description/share/sjtu_drone_description/environment/library_path.sh
[1.523s] -- Symlinking: /home/james/drone_ws/install/sjtu_drone_description/share/sjtu_drone_description/environment/library_path.dsv
[1.535s] -- Symlinking: /home/james/drone_ws/install/sjtu_drone_description/share/sjtu_drone_description/models/database.config
[1.547s] -- Symlinking: /home/james/drone_ws/install/sjtu_drone_description/share/sjtu_drone_description/models/sjtu_drone/model.config
[1.559s] -- Symlinking: /home/james/drone_ws/install/sjtu_drone_description/share/sjtu_drone_description/models/sjtu_drone/quadrotor_4.dae
[1.571s] -- Symlinking: /home/james/drone_ws/install/sjtu_drone_description/share/sjtu_drone_description/models/sjtu_drone/quadrotor_4.stl
[1.581s] -- Symlinking: /home/james/drone_ws/install/sjtu_drone_description/share/sjtu_drone_description/models/sjtu_drone/sjtu_drone.sdf
[1.592s] -- Symlinking: /home/james/drone_ws/install/sjtu_drone_description/share/sjtu_drone_description/urdf/sjtu_drone.urdf
[1.602s] -- Symlinking: /home/james/drone_ws/install/sjtu_drone_description/share/sjtu_drone_description/urdf/sjtu_drone.urdf.xacro
[1.610s] -- Symlinking: /home/james/drone_ws/install/sjtu_drone_description/share/sjtu_drone_description/worlds/playground.world
[1.620s] -- Symlinking: /home/james/drone_ws/install/sjtu_drone_description/share/ament_index/resource_index/package_run_dependencies/sjtu_drone_description
[1.630s] -- Symlinking: /home/james/drone_ws/install/sjtu_drone_description/share/ament_index/resource_index/parent_prefix_path/sjtu_drone_description
[1.643s] -- Symlinking: /home/james/drone_ws/install/sjtu_drone_description/share/sjtu_drone_description/environment/ament_prefix_path.sh
[1.650s] -- Symlinking: /home/james/drone_ws/install/sjtu_drone_description/share/sjtu_drone_description/environment/ament_prefix_path.dsv
[1.657s] -- Symlinking: /home/james/drone_ws/install/sjtu_drone_description/share/sjtu_drone_description/environment/path.sh
[1.666s] -- Symlinking: /home/james/drone_ws/install/sjtu_drone_description/share/sjtu_drone_description/environment/path.dsv
[1.673s] -- Symlinking: /home/james/drone_ws/install/sjtu_drone_description/share/sjtu_drone_description/local_setup.bash
[1.684s] -- Symlinking: /home/james/drone_ws/install/sjtu_drone_description/share/sjtu_drone_description/local_setup.sh
[1.691s] -- Symlinking: /home/james/drone_ws/install/sjtu_drone_description/share/sjtu_drone_description/local_setup.zsh
[1.699s] -- Symlinking: /home/james/drone_ws/install/sjtu_drone_description/share/sjtu_drone_description/local_setup.dsv
[1.708s] -- Symlinking: /home/james/drone_ws/install/sjtu_drone_description/share/sjtu_drone_description/package.dsv
[1.719s] -- Symlinking: /home/james/drone_ws/install/sjtu_drone_description/share/ament_index/resource_index/packages/sjtu_drone_description
[1.732s] -- Symlinking: /home/james/drone_ws/install/sjtu_drone_description/share/sjtu_drone_description/cmake/ament_cmake_export_include_directories-extras.cmake
[1.744s] -- Symlinking: /home/james/drone_ws/install/sjtu_drone_description/share/sjtu_drone_description/cmake/ament_cmake_export_libraries-extras.cmake
[1.755s] -- Symlinking: /home/james/drone_ws/install/sjtu_drone_description/share/sjtu_drone_description/cmake/ament_cmake_export_targets-extras.cmake
[1.768s] -- Symlinking: /home/james/drone_ws/install/sjtu_drone_description/share/sjtu_drone_description/cmake/sjtu_drone_descriptionConfig.cmake
[1.777s] -- Symlinking: /home/james/drone_ws/install/sjtu_drone_description/share/sjtu_drone_description/cmake/sjtu_drone_descriptionConfig-version.cmake
[1.784s] -- Symlinking: /home/james/drone_ws/install/sjtu_drone_description/share/sjtu_drone_description/package.xml
[1.792s] -- Up-to-date: /home/james/drone_ws/install/sjtu_drone_description/lib/libplugin_drone.so
[1.792s] -- Up-to-date: /home/james/drone_ws/install/sjtu_drone_description/share/sjtu_drone_description/cmake/export_sjtu_drone_descriptionExport.cmake
[1.792s] -- Up-to-date: /home/james/drone_ws/install/sjtu_drone_description/share/sjtu_drone_description/cmake/export_sjtu_drone_descriptionExport-noconfig.cmake
[1.795s] Invoked command in '/home/james/drone_ws/build/sjtu_drone_description' returned '0': CMAKE_PREFIX_PATH=${CMAKE_PREFIX_PATH}:/home/james/turtlebot3_ws/install/turtlebot3_teleop:/home/james/turtlebot3_ws/install/turtlebot3_example:/home/james/turtlebot3_ws/install/follow_waypoints:/opt/ros/humble /usr/bin/cmake --install /home/james/drone_ws/build/sjtu_drone_description
