/home/james/.local/lib/python3.10/site-packages/setuptools/_distutils/dist.py:261: UserWarning: Unknown distribution option: 'tests_require'
  warnings.warn(msg)
running develop
/home/james/.local/lib/python3.10/site-packages/setuptools/command/develop.py:41: EasyInstallDeprecationWarning: easy_install command is deprecated.
!!

        ********************************************************************************
        Please avoid running ``setup.py`` and ``easy_install``.
        Instead, use pypa/build, pypa/installer or other
        standards-based tools.

        See https://github.com/pypa/setuptools/issues/917 for details.
        ********************************************************************************

!!
  easy_install.initialize_options(self)
running egg_info
writing sjtu_drone_bringup.egg-info/PKG-INFO
writing dependency_links to sjtu_drone_bringup.egg-info/dependency_links.txt
writing entry points to sjtu_drone_bringup.egg-info/entry_points.txt
writing requirements to sjtu_drone_bringup.egg-info/requires.txt
writing top-level names to sjtu_drone_bringup.egg-info/top_level.txt
reading manifest file 'sjtu_drone_bringup.egg-info/SOURCES.txt'
writing manifest file 'sjtu_drone_bringup.egg-info/SOURCES.txt'
running build_ext
Creating /home/james/drone_ws/install/sjtu_drone_bringup/lib/python3.10/site-packages/sjtu-drone-bringup.egg-link (link to .)
Installing spawn_drone script to /home/james/drone_ws/install/sjtu_drone_bringup/lib/sjtu_drone_bringup

Installed /home/james/drone_ws/build/sjtu_drone_bringup
running symlink_data
symbolically linking /home/james/drone_ws/build/sjtu_drone_bringup/resource/sjtu_drone_bringup -> /home/james/drone_ws/install/sjtu_drone_bringup/share/ament_index/resource_index/packages
symbolically linking /home/james/drone_ws/build/sjtu_drone_bringup/package.xml -> /home/james/drone_ws/install/sjtu_drone_bringup/share/sjtu_drone_bringup
symbolically linking /home/james/drone_ws/build/sjtu_drone_bringup/launch/sjtu_drone_bringup.launch.py -> /home/james/drone_ws/install/sjtu_drone_bringup/share/sjtu_drone_bringup/launch
symbolically linking /home/james/drone_ws/build/sjtu_drone_bringup/launch/sjtu_drone_gazebo.launch.py -> /home/james/drone_ws/install/sjtu_drone_bringup/share/sjtu_drone_bringup/launch
symbolically linking /home/james/drone_ws/build/sjtu_drone_bringup/rviz/rviz.rviz -> /home/james/drone_ws/install/sjtu_drone_bringup/share/sjtu_drone_bringup/rviz
symbolically linking /home/james/drone_ws/build/sjtu_drone_bringup/config/drone.yaml -> /home/james/drone_ws/install/sjtu_drone_bringup/share/sjtu_drone_bringup/config
