[0.294s] Invoking command in '/home/james/drone_ws/build/yolobot_recognition': CMAKE_PREFIX_PATH=${CMAKE_PREFIX_PATH}:/home/james/turtlebot3_ws/install/turtlebot3_teleop:/home/james/turtlebot3_ws/install/turtlebot3_example:/home/james/turtlebot3_ws/install/follow_waypoints:/opt/ros/humble /usr/bin/cmake /home/james/drone_ws/src/drone_ros2/yolobot_recognition -DAMENT_CMAKE_SYMLINK_INSTALL=1 -DCMAKE_INSTALL_PREFIX=/home/james/drone_ws/install/yolobot_recognition
[0.346s] -- The C compiler identification is GNU 11.4.0
[0.402s] -- The CXX compiler identification is GNU 11.4.0
[0.412s] -- Detecting C compiler ABI info
[0.466s] -- Detecting C compiler ABI info - done
[0.471s] -- Check for working C compiler: /usr/lib/ccache/cc - skipped
[0.472s] -- Detecting C compile features
[0.472s] -- Detecting C compile features - done
[0.474s] -- Detecting CXX compiler ABI info
[0.535s] -- Detecting CXX compiler ABI info - done
[0.540s] -- Check for working CXX compiler: /usr/lib/ccache/c++ - skipped
[0.540s] -- Detecting CXX compile features
[0.540s] -- Detecting CXX compile features - done
[0.543s] -- Found ament_cmake: 1.3.10 (/opt/ros/humble/share/ament_cmake/cmake)
[0.816s] -- Found Python3: /usr/bin/python3 (found version "3.10.12") found components: Interpreter 
[0.862s] -- Override CMake install command with custom implementation using symlinks instead of copying resources
[0.894s] -- Found ament_lint_auto: 0.12.11 (/opt/ros/humble/share/ament_lint_auto/cmake)
[0.962s] -- Added test 'copyright' to check source files copyright and LICENSE
[0.964s] -- Added test 'flake8' to check Python code syntax and style conventions
[0.964s] -- Added test 'lint_cmake' to check CMake code style
[0.964s] -- Added test 'pep257' to check Python code against some of the docstring style conventions in PEP 257
[0.965s] -- Added test 'xmllint' to check XML markup files
[0.966s] -- Configuring done
[0.967s] -- Generating done
[0.968s] -- Build files have been written to: /home/james/drone_ws/build/yolobot_recognition
[0.972s] Invoked command in '/home/james/drone_ws/build/yolobot_recognition' returned '0': CMAKE_PREFIX_PATH=${CMAKE_PREFIX_PATH}:/home/james/turtlebot3_ws/install/turtlebot3_teleop:/home/james/turtlebot3_ws/install/turtlebot3_example:/home/james/turtlebot3_ws/install/follow_waypoints:/opt/ros/humble /usr/bin/cmake /home/james/drone_ws/src/drone_ros2/yolobot_recognition -DAMENT_CMAKE_SYMLINK_INSTALL=1 -DCMAKE_INSTALL_PREFIX=/home/james/drone_ws/install/yolobot_recognition
[0.973s] Invoking command in '/home/james/drone_ws/build/yolobot_recognition': CMAKE_PREFIX_PATH=${CMAKE_PREFIX_PATH}:/home/james/turtlebot3_ws/install/turtlebot3_teleop:/home/james/turtlebot3_ws/install/turtlebot3_example:/home/james/turtlebot3_ws/install/follow_waypoints:/opt/ros/humble /usr/bin/cmake --build /home/james/drone_ws/build/yolobot_recognition -- -j20 -l20
[1.006s] Invoked command in '/home/james/drone_ws/build/yolobot_recognition' returned '0': CMAKE_PREFIX_PATH=${CMAKE_PREFIX_PATH}:/home/james/turtlebot3_ws/install/turtlebot3_teleop:/home/james/turtlebot3_ws/install/turtlebot3_example:/home/james/turtlebot3_ws/install/follow_waypoints:/opt/ros/humble /usr/bin/cmake --build /home/james/drone_ws/build/yolobot_recognition -- -j20 -l20
[1.026s] Invoking command in '/home/james/drone_ws/build/yolobot_recognition': CMAKE_PREFIX_PATH=${CMAKE_PREFIX_PATH}:/home/james/turtlebot3_ws/install/turtlebot3_teleop:/home/james/turtlebot3_ws/install/turtlebot3_example:/home/james/turtlebot3_ws/install/follow_waypoints:/opt/ros/humble /usr/bin/cmake --install /home/james/drone_ws/build/yolobot_recognition
[1.032s] -- Install configuration: ""
[1.032s] -- Execute custom install script
[1.032s] -- Symlinking: /home/james/drone_ws/install/yolobot_recognition/share/yolobot_recognition//scripts/.dockerignore
[1.041s] -- Symlinking: /home/james/drone_ws/install/yolobot_recognition/share/yolobot_recognition//scripts/.gitattributes
[1.049s] -- Symlinking: /home/james/drone_ws/install/yolobot_recognition/share/yolobot_recognition//scripts/.gitignore
[1.057s] -- Symlinking: /home/james/drone_ws/install/yolobot_recognition/share/yolobot_recognition//scripts/yolov8_ros2_pt.py
[1.065s] -- Symlinking: /home/james/drone_ws/install/yolobot_recognition/share/yolobot_recognition//scripts/yolov8_ros2_subscriber.py
[1.073s] -- Symlinking: /home/james/drone_ws/install/yolobot_recognition/share/yolobot_recognition//scripts/yolov8n.pt
[1.081s] -- Symlinking: /home/james/drone_ws/install/yolobot_recognition/share/yolobot_recognition//launch/launch_yolov8.launch.py
[1.088s] -- Symlinking: /home/james/drone_ws/install/yolobot_recognition/lib/yolobot_recognition/yolov8_ros2_pt.py
[1.096s] -- Symlinking: /home/james/drone_ws/install/yolobot_recognition/lib/yolobot_recognition/yolov8_ros2_subscriber.py
[1.103s] -- Symlinking: /home/james/drone_ws/install/yolobot_recognition/lib/yolobot_recognition/launch_yolov8.launch.py
[1.110s] -- Symlinking: /home/james/drone_ws/install/yolobot_recognition/share/ament_index/resource_index/package_run_dependencies/yolobot_recognition
[1.119s] -- Symlinking: /home/james/drone_ws/install/yolobot_recognition/share/ament_index/resource_index/parent_prefix_path/yolobot_recognition
[1.127s] -- Symlinking: /home/james/drone_ws/install/yolobot_recognition/share/yolobot_recognition/environment/ament_prefix_path.sh
[1.133s] -- Symlinking: /home/james/drone_ws/install/yolobot_recognition/share/yolobot_recognition/environment/ament_prefix_path.dsv
[1.139s] -- Symlinking: /home/james/drone_ws/install/yolobot_recognition/share/yolobot_recognition/environment/path.sh
[1.145s] -- Symlinking: /home/james/drone_ws/install/yolobot_recognition/share/yolobot_recognition/environment/path.dsv
[1.152s] -- Symlinking: /home/james/drone_ws/install/yolobot_recognition/share/yolobot_recognition/local_setup.bash
[1.158s] -- Symlinking: /home/james/drone_ws/install/yolobot_recognition/share/yolobot_recognition/local_setup.sh
[1.165s] -- Symlinking: /home/james/drone_ws/install/yolobot_recognition/share/yolobot_recognition/local_setup.zsh
[1.171s] -- Symlinking: /home/james/drone_ws/install/yolobot_recognition/share/yolobot_recognition/local_setup.dsv
[1.176s] -- Symlinking: /home/james/drone_ws/install/yolobot_recognition/share/yolobot_recognition/package.dsv
[1.183s] -- Symlinking: /home/james/drone_ws/install/yolobot_recognition/share/ament_index/resource_index/packages/yolobot_recognition
[1.190s] -- Symlinking: /home/james/drone_ws/install/yolobot_recognition/share/yolobot_recognition/cmake/yolobot_recognitionConfig.cmake
[1.197s] -- Symlinking: /home/james/drone_ws/install/yolobot_recognition/share/yolobot_recognition/cmake/yolobot_recognitionConfig-version.cmake
[1.203s] -- Symlinking: /home/james/drone_ws/install/yolobot_recognition/share/yolobot_recognition/package.xml
[1.210s] Invoked command in '/home/james/drone_ws/build/yolobot_recognition' returned '0': CMAKE_PREFIX_PATH=${CMAKE_PREFIX_PATH}:/home/james/turtlebot3_ws/install/turtlebot3_teleop:/home/james/turtlebot3_ws/install/turtlebot3_example:/home/james/turtlebot3_ws/install/follow_waypoints:/opt/ros/humble /usr/bin/cmake --install /home/james/drone_ws/build/yolobot_recognition
