[1.149s] Invoking command in '/home/james/drone_ws/build/sjtu_drone_bringup': PYTHONPATH=/home/james/drone_ws/build/sjtu_drone_bringup/prefix_override:/usr/lib/python3/dist-packages/colcon_core/task/python/colcon_distutils_commands:/home/james/drone_ws/install/sjtu_drone_bringup/lib/python3.10/site-packages:${PYTHONPATH} /usr/bin/python3 -W ignore:setup.py install is deprecated setup.py develop --editable --build-directory /home/james/drone_ws/build/sjtu_drone_bringup/build --no-deps symlink_data
[1.449s] /home/james/.local/lib/python3.10/site-packages/setuptools/_distutils/dist.py:261: UserWarning: Unknown distribution option: 'tests_require'
[1.449s]   warnings.warn(msg)
[1.594s] /home/james/.local/lib/python3.10/site-packages/setuptools/command/develop.py:41: EasyInstallDeprecationWarning: easy_install command is deprecated.
[1.594s] !!
[1.594s] 
[1.594s]         ********************************************************************************
[1.594s]         Please avoid running ``setup.py`` and ``easy_install``.
[1.594s]         Instead, use pypa/build, pypa/installer or other
[1.594s]         standards-based tools.
[1.594s] 
[1.594s]         See https://github.com/pypa/setuptools/issues/917 for details.
[1.594s]         ********************************************************************************
[1.595s] 
[1.595s] !!
[1.595s]   easy_install.initialize_options(self)
[1.596s] running develop
[1.781s] running egg_info
[1.793s] writing sjtu_drone_bringup.egg-info/PKG-INFO
[1.795s] writing dependency_links to sjtu_drone_bringup.egg-info/dependency_links.txt
[1.796s] writing entry points to sjtu_drone_bringup.egg-info/entry_points.txt
[1.796s] writing requirements to sjtu_drone_bringup.egg-info/requires.txt
[1.796s] writing top-level names to sjtu_drone_bringup.egg-info/top_level.txt
[1.821s] reading manifest file 'sjtu_drone_bringup.egg-info/SOURCES.txt'
[1.824s] writing manifest file 'sjtu_drone_bringup.egg-info/SOURCES.txt'
[1.838s] running build_ext
[1.839s] Creating /home/james/drone_ws/install/sjtu_drone_bringup/lib/python3.10/site-packages/sjtu-drone-bringup.egg-link (link to .)
[1.839s] Installing spawn_drone script to /home/james/drone_ws/install/sjtu_drone_bringup/lib/sjtu_drone_bringup
[1.840s] 
[1.840s] Installed /home/james/drone_ws/build/sjtu_drone_bringup
[1.840s] running symlink_data
[1.901s] Invoked command in '/home/james/drone_ws/build/sjtu_drone_bringup' returned '0': PYTHONPATH=/home/james/drone_ws/build/sjtu_drone_bringup/prefix_override:/usr/lib/python3/dist-packages/colcon_core/task/python/colcon_distutils_commands:/home/james/drone_ws/install/sjtu_drone_bringup/lib/python3.10/site-packages:${PYTHONPATH} /usr/bin/python3 -W ignore:setup.py install is deprecated setup.py develop --editable --build-directory /home/james/drone_ws/build/sjtu_drone_bringup/build --no-deps symlink_data
