[1.180s] Invoking command in '/home/james/drone_ws/build/sjtu_drone_control': PYTHONPATH=/home/james/drone_ws/build/sjtu_drone_control/prefix_override:/usr/lib/python3/dist-packages/colcon_core/task/python/colcon_distutils_commands:/home/james/drone_ws/install/sjtu_drone_control/lib/python3.10/site-packages:${PYTHONPATH} /usr/bin/python3 -W ignore:setup.py install is deprecated setup.py develop --editable --build-directory /home/james/drone_ws/build/sjtu_drone_control/build --no-deps symlink_data
[1.392s] /home/james/.local/lib/python3.10/site-packages/setuptools/_distutils/dist.py:261: UserWarning: Unknown distribution option: 'tests_require'
[1.392s]   warnings.warn(msg)
[1.599s] running develop
[1.599s] /home/james/.local/lib/python3.10/site-packages/setuptools/command/develop.py:41: EasyInstallDeprecationWarning: easy_install command is deprecated.
[1.600s] !!
[1.600s] 
[1.600s]         ********************************************************************************
[1.600s]         Please avoid running ``setup.py`` and ``easy_install``.
[1.600s]         Instead, use pypa/build, pypa/installer or other
[1.600s]         standards-based tools.
[1.600s] 
[1.600s]         See https://github.com/pypa/setuptools/issues/917 for details.
[1.600s]         ********************************************************************************
[1.600s] 
[1.600s] !!
[1.600s]   easy_install.initialize_options(self)
[1.855s] running egg_info
[1.872s] writing sjtu_drone_control.egg-info/PKG-INFO
[1.873s] writing dependency_links to sjtu_drone_control.egg-info/dependency_links.txt
[1.873s] writing entry points to sjtu_drone_control.egg-info/entry_points.txt
[1.873s] writing requirements to sjtu_drone_control.egg-info/requires.txt
[1.873s] writing top-level names to sjtu_drone_control.egg-info/top_level.txt
[1.911s] reading manifest file 'sjtu_drone_control.egg-info/SOURCES.txt'
[1.912s] writing manifest file 'sjtu_drone_control.egg-info/SOURCES.txt'
[1.935s] running build_ext
[1.935s] Creating /home/james/drone_ws/install/sjtu_drone_control/lib/python3.10/site-packages/sjtu-drone-control.egg-link (link to .)
[1.936s] Installing drone_position_control script to /home/james/drone_ws/install/sjtu_drone_control/lib/sjtu_drone_control
[1.936s] Installing open_loop_control script to /home/james/drone_ws/install/sjtu_drone_control/lib/sjtu_drone_control
[1.936s] Installing teleop script to /home/james/drone_ws/install/sjtu_drone_control/lib/sjtu_drone_control
[1.936s] Installing teleop_joystick script to /home/james/drone_ws/install/sjtu_drone_control/lib/sjtu_drone_control
[1.936s] 
[1.936s] Installed /home/james/drone_ws/build/sjtu_drone_control
[1.936s] running symlink_data
[1.977s] Invoked command in '/home/james/drone_ws/build/sjtu_drone_control' returned '0': PYTHONPATH=/home/james/drone_ws/build/sjtu_drone_control/prefix_override:/usr/lib/python3/dist-packages/colcon_core/task/python/colcon_distutils_commands:/home/james/drone_ws/install/sjtu_drone_control/lib/python3.10/site-packages:${PYTHONPATH} /usr/bin/python3 -W ignore:setup.py install is deprecated setup.py develop --editable --build-directory /home/james/drone_ws/build/sjtu_drone_control/build --no-deps symlink_data
